==============================================================
Vitis HLS - High-Level Synthesis from C, C++ and OpenCL v2023.2 (64-bit)
Tool Version Limit: 2023.10
Copyright 1986-2022 Xilinx, Inc. All Rights Reserved.
Copyright 2022-2023 Advanced Micro Devices, Inc. All Rights Reserved.

==============================================================
INFO: [HLS 200-1505] Using default flow_target 'vivado'
INFO: [HLS 200-1510] Running: config_array_partition -maximum_size 8192 
INFO: [XFORM 203-101] Allowed max sub elements number after partition is 8192.
ERROR: [HLS 200-642] The 'config_array_partition -maximum_size' command is not supported.
INFO: [HLS 200-1510] Running: config_compile -name_max_length 80 
INFO: [XFORM 203-1161] The maximum of name length is set to 80.
INFO: [HLS 200-1510] Running: set_part xcvu13p-flga2577-2-e 
INFO: [HLS 200-1611] Setting target device to 'xcvu13p-flga2577-2-e'
INFO: [XFORM 203-1161] The maximum of name length is set to 80.
INFO: [HLS 200-1510] Running: create_clock -period 2.0 -name default 
INFO: [SYN 201-201] Setting up clock 'default' with a period of 2ns.
INFO: [HLS 200-1510] Running: csynth_design 
INFO: [HLS 200-111] Finished File checks and directory preparation: CPU user time: 0.14 seconds. CPU system time: 0.02 seconds. Elapsed time: 0.16 seconds; current allocated memory: 253.672 MB.
INFO: [HLS 200-10] Analyzing design file 'JetTaggerNN/firmware/JetTaggerNN.cpp' ... 
WARNING: [HLS 207-5292] unused parameter 'keep' (JetTaggerNN/firmware/nnet_utils/nnet_helpers.h:285:99)
WARNING: [HLS 207-5292] unused parameter 'data' (JetTaggerNN/firmware/nnet_utils/nnet_code_gen.h:11:36)
WARNING: [HLS 207-5292] unused parameter 'buffer' (JetTaggerNN/firmware/nnet_utils/nnet_code_gen.h:12:36)
WARNING: [HLS 207-5292] unused parameter 'partition' (JetTaggerNN/firmware/nnet_utils/nnet_code_gen.h:13:44)
WARNING: [HLS 207-5292] unused parameter 'data' (JetTaggerNN/firmware/nnet_utils/nnet_code_gen.h:21:24)
WARNING: [HLS 207-5292] unused parameter 'buffer' (JetTaggerNN/firmware/nnet_utils/nnet_code_gen.h:22:24)
WARNING: [HLS 207-5292] unused parameter 'partition' (JetTaggerNN/firmware/nnet_utils/nnet_code_gen.h:23:32)
INFO: [HLS 200-10] Analyzing design file 'top/JetTagger.cpp' ... 
WARNING: [HLS 207-5538] 'region' in '#pragma HLS Inline' is deprecated, use 'Inline Pragma' instead (CMSSW_14_0_0_pre3/src/DataFormats/L1TParticleFlow/interface/bit_encoding.h:35:36)
WARNING: [HLS 207-5538] 'region' in '#pragma HLS Inline' is deprecated, use 'Inline Pragma' instead (CMSSW_14_0_0_pre3/src/DataFormats/L1TParticleFlow/interface/bit_encoding.h:50:36)
WARNING: [HLS 207-5538] 'region' in '#pragma HLS Inline' is deprecated, use 'Inline Pragma' instead (CMSSW_14_0_0_pre3/src/DataFormats/L1TParticleFlow/interface/bit_encoding.h:65:36)
WARNING: [HLS 207-5538] 'region' in '#pragma HLS Inline' is deprecated, use 'Inline Pragma' instead (CMSSW_14_0_0_pre3/src/DataFormats/L1TParticleFlow/interface/bit_encoding.h:80:36)
INFO: [HLS 200-111] Finished Source Code Analysis and Preprocessing: CPU user time: 80.3 seconds. CPU system time: 4.2 seconds. Elapsed time: 86.11 seconds; current allocated memory: 265.000 MB.
INFO: [HLS 200-777] Using interface defaults for 'Vivado' flow target.
INFO: [HLS 200-1995] There were 32,854 instructions in the design after the 'Compile/Link' phase of compilation. See the Design Size Report for more details: /data/hlssynt-users/duhoang/CL2TaggerFirmware/JetTagger/solution1/syn/report/csynth_design_size.rpt
WARNING: [HLS 200-1995] There were 2,064,905 instructions in the design after the 'Unroll/Inline' phase of compilation. See the Design Size Report for more details: /data/hlssynt-users/duhoang/CL2TaggerFirmware/JetTagger/solution1/syn/report/csynth_design_size.rpt
WARNING: [HLS 200-1995] There were 649,120 instructions in the design after the 'Unroll/Inline (step 2)' phase of compilation. See the Design Size Report for more details: /data/hlssynt-users/duhoang/CL2TaggerFirmware/JetTagger/solution1/syn/report/csynth_design_size.rpt
WARNING: [HLS 200-1995] There were 648,020 instructions in the design after the 'Unroll/Inline (step 3)' phase of compilation. See the Design Size Report for more details: /data/hlssynt-users/duhoang/CL2TaggerFirmware/JetTagger/solution1/syn/report/csynth_design_size.rpt
WARNING: [HLS 200-1995] There were 643,711 instructions in the design after the 'Unroll/Inline (step 4)' phase of compilation. See the Design Size Report for more details: /data/hlssynt-users/duhoang/CL2TaggerFirmware/JetTagger/solution1/syn/report/csynth_design_size.rpt
WARNING: [HLS 200-1995] There were 473,536 instructions in the design after the 'Array/Struct' phase of compilation. See the Design Size Report for more details: /data/hlssynt-users/duhoang/CL2TaggerFirmware/JetTagger/solution1/syn/report/csynth_design_size.rpt
WARNING: [HLS 200-1995] There were 303,559 instructions in the design after the 'Array/Struct (step 2)' phase of compilation. See the Design Size Report for more details: /data/hlssynt-users/duhoang/CL2TaggerFirmware/JetTagger/solution1/syn/report/csynth_design_size.rpt
WARNING: [HLS 200-1995] There were 303,982 instructions in the design after the 'Array/Struct (step 3)' phase of compilation. See the Design Size Report for more details: /data/hlssynt-users/duhoang/CL2TaggerFirmware/JetTagger/solution1/syn/report/csynth_design_size.rpt
WARNING: [HLS 200-1995] There were 303,838 instructions in the design after the 'Array/Struct (step 4)' phase of compilation. See the Design Size Report for more details: /data/hlssynt-users/duhoang/CL2TaggerFirmware/JetTagger/solution1/syn/report/csynth_design_size.rpt
WARNING: [HLS 200-1995] There were 303,801 instructions in the design after the 'Array/Struct (step 5)' phase of compilation. See the Design Size Report for more details: /data/hlssynt-users/duhoang/CL2TaggerFirmware/JetTagger/solution1/syn/report/csynth_design_size.rpt
WARNING: [HLS 200-1995] There were 287,415 instructions in the design after the 'Performance' phase of compilation. See the Design Size Report for more details: /data/hlssynt-users/duhoang/CL2TaggerFirmware/JetTagger/solution1/syn/report/csynth_design_size.rpt
WARNING: [HLS 200-1995] There were 250,565 instructions in the design after the 'Performance (step 2)' phase of compilation. See the Design Size Report for more details: /data/hlssynt-users/duhoang/CL2TaggerFirmware/JetTagger/solution1/syn/report/csynth_design_size.rpt
WARNING: [HLS 200-1995] There were 245,654 instructions in the design after the 'Performance (step 3)' phase of compilation. See the Design Size Report for more details: /data/hlssynt-users/duhoang/CL2TaggerFirmware/JetTagger/solution1/syn/report/csynth_design_size.rpt
WARNING: [HLS 200-1995] There were 231,644 instructions in the design after the 'Performance (step 4)' phase of compilation. See the Design Size Report for more details: /data/hlssynt-users/duhoang/CL2TaggerFirmware/JetTagger/solution1/syn/report/csynth_design_size.rpt
WARNING: [HLS 200-1995] There were 231,680 instructions in the design after the 'HW Transforms' phase of compilation. See the Design Size Report for more details: /data/hlssynt-users/duhoang/CL2TaggerFirmware/JetTagger/solution1/syn/report/csynth_design_size.rpt
WARNING: [HLS 200-1995] There were 231,682 instructions in the design after the 'HW Transforms (step 2)' phase of compilation. See the Design Size Report for more details: /data/hlssynt-users/duhoang/CL2TaggerFirmware/JetTagger/solution1/syn/report/csynth_design_size.rpt
INFO: [HLS 214-131] Inlining function 'candidate_mass(l1ct::PuppiObj)' into 'void prepare_inputs<16u, 21u>(l1ct::PuppiObj const*, ap_fixed<16, 6, (ap_q_mode)5, (ap_o_mode)3, 0> (&) [(16u) * (21u)])' (top/JetTagger.cpp:62:52)
INFO: [HLS 214-131] Inlining function 'nnet::product::mult<ap_fixed<16, 6, (ap_q_mode)5, (ap_o_mode)3, 0>, ap_fixed<16, 6, (ap_q_mode)5, (ap_o_mode)3, 0> >::product(ap_fixed<16, 6, (ap_q_mode)5, (ap_o_mode)3, 0>, ap_fixed<16, 6, (ap_q_mode)5, (ap_o_mode)3, 0>)' into 'void nnet::normalize<ap_fixed<16, 6, (ap_q_mode)5, (ap_o_mode)3, 0>, ap_fixed<16, 6, (ap_q_mode)5, (ap_o_mode)3, 0>, config2>(ap_fixed<16, 6, (ap_q_mode)5, (ap_o_mode)3, 0>*, ap_fixed<16, 6, (ap_q_mode)5, (ap_o_mode)3, 0>*, config2::scale_t*, config2::bias_t*)' (JetTaggerNN/firmware/nnet_utils/nnet_batchnorm.h:59:17)
INFO: [HLS 214-131] Inlining function 'nnet::product::mult<ap_fixed<16, 6, (ap_q_mode)5, (ap_o_mode)3, 0>, ap_fixed<9, 3, (ap_q_mode)5, (ap_o_mode)3, 0> >::product(ap_fixed<16, 6, (ap_q_mode)5, (ap_o_mode)3, 0>, ap_fixed<9, 3, (ap_q_mode)5, (ap_o_mode)3, 0>)' into 'void nnet::conv_1d_latency_cl<ap_fixed<16, 6, (ap_q_mode)5, (ap_o_mode)3, 0>, ap_fixed<16, 6, (ap_q_mode)5, (ap_o_mode)3, 0>, config26>(ap_fixed<16, 6, (ap_q_mode)5, (ap_o_mode)3, 0>*, ap_fixed<16, 6, (ap_q_mode)5, (ap_o_mode)3, 0>*, config26::weight_t*, config26::bias_t*)' (JetTaggerNN/firmware/nnet_utils/nnet_conv1d_latency.h:54:25)
INFO: [HLS 214-131] Inlining function 'nnet::product::mult<ap_ufixed<9, 0, (ap_q_mode)4, (ap_o_mode)0, 0>, ap_fixed<9, 3, (ap_q_mode)5, (ap_o_mode)3, 0> >::product(ap_ufixed<9, 0, (ap_q_mode)4, (ap_o_mode)0, 0>, ap_fixed<9, 3, (ap_q_mode)5, (ap_o_mode)3, 0>)' into 'void nnet::conv_1d_latency_cl<ap_ufixed<9, 0, (ap_q_mode)4, (ap_o_mode)0, 0>, ap_fixed<16, 6, (ap_q_mode)5, (ap_o_mode)3, 0>, config27>(ap_ufixed<9, 0, (ap_q_mode)4, (ap_o_mode)0, 0>*, ap_fixed<16, 6, (ap_q_mode)5, (ap_o_mode)3, 0>*, config27::weight_t*, config27::bias_t*)' (JetTaggerNN/firmware/nnet_utils/nnet_conv1d_latency.h:54:25)
INFO: [HLS 214-131] Inlining function 'nnet::product::mult<ap_fixed<16, 6, (ap_q_mode)5, (ap_o_mode)3, 0>, ap_fixed<9, 3, (ap_q_mode)5, (ap_o_mode)3, 0> >::product(ap_fixed<16, 6, (ap_q_mode)5, (ap_o_mode)3, 0>, ap_fixed<9, 3, (ap_q_mode)5, (ap_o_mode)3, 0>)' into 'void nnet::dense_latency<ap_fixed<16, 6, (ap_q_mode)5, (ap_o_mode)3, 0>, ap_fixed<16, 6, (ap_q_mode)5, (ap_o_mode)3, 0>, config11>(ap_fixed<16, 6, (ap_q_mode)5, (ap_o_mode)3, 0>*, ap_fixed<16, 6, (ap_q_mode)5, (ap_o_mode)3, 0>*, config11::weight_t*, config11::bias_t*)' (JetTaggerNN/firmware/nnet_utils/nnet_dense_latency.h:42:27)
INFO: [HLS 214-131] Inlining function 'nnet::product::mult<ap_ufixed<9, 0, (ap_q_mode)4, (ap_o_mode)0, 0>, ap_fixed<9, 3, (ap_q_mode)5, (ap_o_mode)3, 0> >::product(ap_ufixed<9, 0, (ap_q_mode)4, (ap_o_mode)0, 0>, ap_fixed<9, 3, (ap_q_mode)5, (ap_o_mode)3, 0>)' into 'void nnet::dense_latency<ap_ufixed<9, 0, (ap_q_mode)4, (ap_o_mode)0, 0>, ap_fixed<16, 6, (ap_q_mode)5, (ap_o_mode)3, 0>, config14>(ap_ufixed<9, 0, (ap_q_mode)4, (ap_o_mode)0, 0>*, ap_fixed<16, 6, (ap_q_mode)5, (ap_o_mode)3, 0>*, config14::weight_t*, config14::bias_t*)' (JetTaggerNN/firmware/nnet_utils/nnet_dense_latency.h:42:27)
INFO: [HLS 214-131] Inlining function 'nnet::product::mult<ap_ufixed<9, 0, (ap_q_mode)4, (ap_o_mode)0, 0>, ap_fixed<9, 3, (ap_q_mode)5, (ap_o_mode)3, 0> >::product(ap_ufixed<9, 0, (ap_q_mode)4, (ap_o_mode)0, 0>, ap_fixed<9, 3, (ap_q_mode)5, (ap_o_mode)3, 0>)' into 'void nnet::dense_latency<ap_ufixed<9, 0, (ap_q_mode)4, (ap_o_mode)0, 0>, ap_fixed<16, 6, (ap_q_mode)5, (ap_o_mode)3, 0>, config16>(ap_ufixed<9, 0, (ap_q_mode)4, (ap_o_mode)0, 0>*, ap_fixed<16, 6, (ap_q_mode)5, (ap_o_mode)3, 0>*, config16::weight_t*, config16::bias_t*)' (JetTaggerNN/firmware/nnet_utils/nnet_dense_latency.h:42:27)
INFO: [HLS 214-131] Inlining function 'nnet::product::mult<ap_ufixed<9, 0, (ap_q_mode)4, (ap_o_mode)0, 0>, ap_fixed<16, 7, (ap_q_mode)5, (ap_o_mode)3, 0> >::product(ap_ufixed<9, 0, (ap_q_mode)4, (ap_o_mode)0, 0>, ap_fixed<16, 7, (ap_q_mode)5, (ap_o_mode)3, 0>)' into 'void nnet::dense_latency<ap_ufixed<9, 0, (ap_q_mode)4, (ap_o_mode)0, 0>, ap_fixed<16, 6, (ap_q_mode)5, (ap_o_mode)3, 0>, config20>(ap_ufixed<9, 0, (ap_q_mode)4, (ap_o_mode)0, 0>*, ap_fixed<16, 6, (ap_q_mode)5, (ap_o_mode)3, 0>*, config20::weight_t*, config20::bias_t*)' (JetTaggerNN/firmware/nnet_utils/nnet_dense_latency.h:42:27)
INFO: [HLS 214-131] Inlining function 'nnet::product::mult<ap_ufixed<9, 0, (ap_q_mode)4, (ap_o_mode)0, 0>, ap_fixed<16, 7, (ap_q_mode)5, (ap_o_mode)3, 0> >::product(ap_ufixed<9, 0, (ap_q_mode)4, (ap_o_mode)0, 0>, ap_fixed<16, 7, (ap_q_mode)5, (ap_o_mode)3, 0>)' into 'void nnet::dense_latency<ap_ufixed<9, 0, (ap_q_mode)4, (ap_o_mode)0, 0>, ap_fixed<16, 6, (ap_q_mode)5, (ap_o_mode)3, 0>, config22>(ap_ufixed<9, 0, (ap_q_mode)4, (ap_o_mode)0, 0>*, ap_fixed<16, 6, (ap_q_mode)5, (ap_o_mode)3, 0>*, config22::weight_t*, config22::bias_t*)' (JetTaggerNN/firmware/nnet_utils/nnet_dense_latency.h:42:27)
INFO: [HLS 214-131] Inlining function 'void nnet::dense<ap_fixed<16, 6, (ap_q_mode)5, (ap_o_mode)3, 0>, ap_fixed<16, 6, (ap_q_mode)5, (ap_o_mode)3, 0>, config11>(ap_fixed<16, 6, (ap_q_mode)5, (ap_o_mode)3, 0>*, ap_fixed<16, 6, (ap_q_mode)5, (ap_o_mode)3, 0>*, config11::weight_t*, config11::bias_t*)' into 'JetTaggerNN(ap_fixed<16, 6, (ap_q_mode)5, (ap_o_mode)3, 0>*, ap_fixed<16, 6, (ap_q_mode)5, (ap_o_mode)3, 0>*, ap_fixed<16, 6, (ap_q_mode)5, (ap_o_mode)3, 0>*)' (JetTaggerNN/firmware/JetTaggerNN.cpp:74:2)
INFO: [HLS 214-131] Inlining function 'void nnet::dense<ap_ufixed<9, 0, (ap_q_mode)4, (ap_o_mode)0, 0>, ap_fixed<16, 6, (ap_q_mode)5, (ap_o_mode)3, 0>, config14>(ap_ufixed<9, 0, (ap_q_mode)4, (ap_o_mode)0, 0>*, ap_fixed<16, 6, (ap_q_mode)5, (ap_o_mode)3, 0>*, config14::weight_t*, config14::bias_t*)' into 'JetTaggerNN(ap_fixed<16, 6, (ap_q_mode)5, (ap_o_mode)3, 0>*, ap_fixed<16, 6, (ap_q_mode)5, (ap_o_mode)3, 0>*, ap_fixed<16, 6, (ap_q_mode)5, (ap_o_mode)3, 0>*)' (JetTaggerNN/firmware/JetTaggerNN.cpp:82:2)
INFO: [HLS 214-131] Inlining function 'void nnet::dense<ap_ufixed<9, 0, (ap_q_mode)4, (ap_o_mode)0, 0>, ap_fixed<16, 6, (ap_q_mode)5, (ap_o_mode)3, 0>, config16>(ap_ufixed<9, 0, (ap_q_mode)4, (ap_o_mode)0, 0>*, ap_fixed<16, 6, (ap_q_mode)5, (ap_o_mode)3, 0>*, config16::weight_t*, config16::bias_t*)' into 'JetTaggerNN(ap_fixed<16, 6, (ap_q_mode)5, (ap_o_mode)3, 0>*, ap_fixed<16, 6, (ap_q_mode)5, (ap_o_mode)3, 0>*, ap_fixed<16, 6, (ap_q_mode)5, (ap_o_mode)3, 0>*)' (JetTaggerNN/firmware/JetTaggerNN.cpp:86:2)
INFO: [HLS 214-131] Inlining function 'void nnet::dense<ap_ufixed<9, 0, (ap_q_mode)4, (ap_o_mode)0, 0>, ap_fixed<16, 6, (ap_q_mode)5, (ap_o_mode)3, 0>, config20>(ap_ufixed<9, 0, (ap_q_mode)4, (ap_o_mode)0, 0>*, ap_fixed<16, 6, (ap_q_mode)5, (ap_o_mode)3, 0>*, config20::weight_t*, config20::bias_t*)' into 'JetTaggerNN(ap_fixed<16, 6, (ap_q_mode)5, (ap_o_mode)3, 0>*, ap_fixed<16, 6, (ap_q_mode)5, (ap_o_mode)3, 0>*, ap_fixed<16, 6, (ap_q_mode)5, (ap_o_mode)3, 0>*)' (JetTaggerNN/firmware/JetTaggerNN.cpp:98:2)
INFO: [HLS 214-131] Inlining function 'void nnet::dense<ap_ufixed<9, 0, (ap_q_mode)4, (ap_o_mode)0, 0>, ap_fixed<16, 6, (ap_q_mode)5, (ap_o_mode)3, 0>, config22>(ap_ufixed<9, 0, (ap_q_mode)4, (ap_o_mode)0, 0>*, ap_fixed<16, 6, (ap_q_mode)5, (ap_o_mode)3, 0>*, config22::weight_t*, config22::bias_t*)' into 'JetTaggerNN(ap_fixed<16, 6, (ap_q_mode)5, (ap_o_mode)3, 0>*, ap_fixed<16, 6, (ap_q_mode)5, (ap_o_mode)3, 0>*, ap_fixed<16, 6, (ap_q_mode)5, (ap_o_mode)3, 0>*)' (JetTaggerNN/firmware/JetTaggerNN.cpp:100:5)
INFO: [HLS 214-131] Inlining function 'void nnet::softmax<ap_fixed<16, 6, (ap_q_mode)5, (ap_o_mode)3, 0>, ap_fixed<16, 6, (ap_q_mode)5, (ap_o_mode)3, 0>, softmax_config24>(ap_fixed<16, 6, (ap_q_mode)5, (ap_o_mode)3, 0>*, ap_fixed<16, 6, (ap_q_mode)5, (ap_o_mode)3, 0>*)' into 'JetTaggerNN(ap_fixed<16, 6, (ap_q_mode)5, (ap_o_mode)3, 0>*, ap_fixed<16, 6, (ap_q_mode)5, (ap_o_mode)3, 0>*, ap_fixed<16, 6, (ap_q_mode)5, (ap_o_mode)3, 0>*)' (JetTaggerNN/firmware/JetTaggerNN.cpp:102:5)
INFO: [HLS 214-131] Inlining function 'void prepare_inputs<16u, 21u>(l1ct::PuppiObj const*, ap_fixed<16, 6, (ap_q_mode)5, (ap_o_mode)3, 0> (&) [(16u) * (21u)])' into 'JetTagger(l1ct::PuppiObj const*, l1ct::Jet*, ap_fixed<16, 6, (ap_q_mode)5, (ap_o_mode)3, 0>*, JetCtrlToken const&, JetCtrlToken&)' (top/JetTagger.cpp:109:2)
INFO: [HLS 214-131] Inlining function 'JetTaggerNN(ap_fixed<16, 6, (ap_q_mode)5, (ap_o_mode)3, 0>*, ap_fixed<16, 6, (ap_q_mode)5, (ap_o_mode)3, 0>*, ap_fixed<16, 6, (ap_q_mode)5, (ap_o_mode)3, 0>*)' into 'JetTagger(l1ct::PuppiObj const*, l1ct::Jet*, ap_fixed<16, 6, (ap_q_mode)5, (ap_o_mode)3, 0>*, JetCtrlToken const&, JetCtrlToken&)' (top/JetTagger.cpp:110:3)
INFO: [HLS 214-291] Loop 'VITIS_LOOP_37_1' is marked as complete unroll implied by the pipeline pragma (top/JetTagger.cpp:37:19)
INFO: [HLS 214-291] Loop 'VITIS_LOOP_45_2' is marked as complete unroll implied by the pipeline pragma (top/JetTagger.cpp:45:26)
INFO: [HLS 214-291] Loop 'VITIS_LOOP_266_3' is marked as complete unroll implied by the pipeline pragma (JetTaggerNN/firmware/nnet_utils/nnet_activation.h:266:23)
INFO: [HLS 214-291] Loop 'VITIS_LOOP_252_2' is marked as complete unroll implied by the pipeline pragma (JetTaggerNN/firmware/nnet_utils/nnet_activation.h:252:23)
INFO: [HLS 214-291] Loop 'VITIS_LOOP_243_1' is marked as complete unroll implied by the pipeline pragma (JetTaggerNN/firmware/nnet_utils/nnet_activation.h:243:23)
INFO: [HLS 214-291] Loop 'Result' is marked as complete unroll implied by the pipeline pragma (JetTaggerNN/firmware/nnet_utils/nnet_dense_latency.h:64:5)
INFO: [HLS 214-291] Loop 'Accum1' is marked as complete unroll implied by the pipeline pragma (JetTaggerNN/firmware/nnet_utils/nnet_dense_latency.h:54:5)
INFO: [HLS 214-291] Loop 'Accum2' is marked as complete unroll implied by the pipeline pragma (JetTaggerNN/firmware/nnet_utils/nnet_dense_latency.h:56:9)
INFO: [HLS 214-291] Loop 'ResetAccum' is marked as complete unroll implied by the pipeline pragma (JetTaggerNN/firmware/nnet_utils/nnet_dense_latency.h:48:5)
INFO: [HLS 214-291] Loop 'Product1' is marked as complete unroll implied by the pipeline pragma (JetTaggerNN/firmware/nnet_utils/nnet_dense_latency.h:37:5)
INFO: [HLS 214-291] Loop 'Product2' is marked as complete unroll implied by the pipeline pragma (JetTaggerNN/firmware/nnet_utils/nnet_dense_latency.h:40:9)
INFO: [HLS 214-291] Loop 'VITIS_LOOP_43_1' is marked as complete unroll implied by the pipeline pragma (JetTaggerNN/firmware/nnet_utils/nnet_activation.h:43:22)
INFO: [HLS 214-291] Loop 'VITIS_LOOP_155_1' is marked as complete unroll implied by the pipeline pragma (JetTaggerNN/firmware/nnet_utils/nnet_pooling.h:155:20)
INFO: [HLS 214-291] Loop 'VITIS_LOOP_157_2' is marked as complete unroll implied by the pipeline pragma (JetTaggerNN/firmware/nnet_utils/nnet_pooling.h:157:27)
INFO: [HLS 214-291] Loop 'VITIS_LOOP_46_1' is marked as complete unroll implied by the pipeline pragma (JetTaggerNN/firmware/nnet_utils/nnet_pooling.h:46:22)
INFO: [HLS 214-291] Loop 'VITIS_LOOP_31_1' is marked as complete unroll implied by the pipeline pragma (JetTaggerNN/firmware/nnet_utils/nnet_activation.h:31:19)
INFO: [HLS 214-291] Loop 'PartitionLoop' is marked as complete unroll implied by the pipeline pragma (JetTaggerNN/firmware/nnet_utils/nnet_conv1d_latency.h:34:5)
INFO: [HLS 214-291] Loop 'PixelLoop' is marked as complete unroll implied by the pipeline pragma (JetTaggerNN/firmware/nnet_utils/nnet_conv1d_latency.h:40:9)
INFO: [HLS 214-291] Loop 'Product1' is marked as complete unroll implied by the pipeline pragma (JetTaggerNN/firmware/nnet_utils/nnet_conv1d_latency.h:47:13)
INFO: [HLS 214-291] Loop 'Product2' is marked as complete unroll implied by the pipeline pragma (JetTaggerNN/firmware/nnet_utils/nnet_conv1d_latency.h:51:17)
INFO: [HLS 214-291] Loop 'ResetAccum' is marked as complete unroll implied by the pipeline pragma (JetTaggerNN/firmware/nnet_utils/nnet_conv1d_latency.h:61:13)
INFO: [HLS 214-291] Loop 'Accum1' is marked as complete unroll implied by the pipeline pragma (JetTaggerNN/firmware/nnet_utils/nnet_conv1d_latency.h:68:13)
INFO: [HLS 214-291] Loop 'Accum2' is marked as complete unroll implied by the pipeline pragma (JetTaggerNN/firmware/nnet_utils/nnet_conv1d_latency.h:71:17)
INFO: [HLS 214-291] Loop 'Result' is marked as complete unroll implied by the pipeline pragma (JetTaggerNN/firmware/nnet_utils/nnet_conv1d_latency.h:79:13)
INFO: [HLS 214-291] Loop 'Result' is marked as complete unroll implied by the pipeline pragma (JetTaggerNN/firmware/nnet_utils/nnet_batchnorm.h:52:5)
INFO: [HLS 214-186] Unrolling loop 'VITIS_LOOP_37_1' (top/JetTagger.cpp:37:19) in function 'JetTagger' completely with a factor of 16 (top/JetTagger.cpp:89:0)
INFO: [HLS 214-186] Unrolling loop 'VITIS_LOOP_45_2' (top/JetTagger.cpp:45:26) in function 'JetTagger' completely with a factor of 21 (top/JetTagger.cpp:89:0)
INFO: [HLS 214-186] Unrolling loop 'VITIS_LOOP_266_3' (JetTaggerNN/firmware/nnet_utils/nnet_activation.h:266:23) in function 'nnet::softmax_stable<ap_fixed<16, 6, (ap_q_mode)5, (ap_o_mode)3, 0>, ap_fixed<16, 6, (ap_q_mode)5, (ap_o_mode)3, 0>, softmax_config24>' completely with a factor of 8 (JetTaggerNN/firmware/nnet_utils/nnet_activation.h:216:0)
INFO: [HLS 214-186] Unrolling loop 'VITIS_LOOP_252_2' (JetTaggerNN/firmware/nnet_utils/nnet_activation.h:252:23) in function 'nnet::softmax_stable<ap_fixed<16, 6, (ap_q_mode)5, (ap_o_mode)3, 0>, ap_fixed<16, 6, (ap_q_mode)5, (ap_o_mode)3, 0>, softmax_config24>' completely with a factor of 8 (JetTaggerNN/firmware/nnet_utils/nnet_activation.h:216:0)
INFO: [HLS 214-186] Unrolling loop 'VITIS_LOOP_243_1' (JetTaggerNN/firmware/nnet_utils/nnet_activation.h:243:23) in function 'nnet::softmax_stable<ap_fixed<16, 6, (ap_q_mode)5, (ap_o_mode)3, 0>, ap_fixed<16, 6, (ap_q_mode)5, (ap_o_mode)3, 0>, softmax_config24>' completely with a factor of 8 (JetTaggerNN/firmware/nnet_utils/nnet_activation.h:216:0)
INFO: [HLS 214-186] Unrolling loop 'Result' (JetTaggerNN/firmware/nnet_utils/nnet_dense_latency.h:64:5) in function 'nnet::dense_latency<ap_ufixed<9, 0, (ap_q_mode)4, (ap_o_mode)0, 0>, ap_fixed<16, 6, (ap_q_mode)5, (ap_o_mode)3, 0>, config22>' completely with a factor of 1 (JetTaggerNN/firmware/nnet_utils/nnet_dense_latency.h:15:0)
INFO: [HLS 214-186] Unrolling loop 'Accum1' (JetTaggerNN/firmware/nnet_utils/nnet_dense_latency.h:54:5) in function 'nnet::dense_latency<ap_ufixed<9, 0, (ap_q_mode)4, (ap_o_mode)0, 0>, ap_fixed<16, 6, (ap_q_mode)5, (ap_o_mode)3, 0>, config22>' completely with a factor of 32 (JetTaggerNN/firmware/nnet_utils/nnet_dense_latency.h:15:0)
INFO: [HLS 214-186] Unrolling loop 'Accum2' (JetTaggerNN/firmware/nnet_utils/nnet_dense_latency.h:56:9) in function 'nnet::dense_latency<ap_ufixed<9, 0, (ap_q_mode)4, (ap_o_mode)0, 0>, ap_fixed<16, 6, (ap_q_mode)5, (ap_o_mode)3, 0>, config22>' completely with a factor of 1 (JetTaggerNN/firmware/nnet_utils/nnet_dense_latency.h:15:0)
INFO: [HLS 214-186] Unrolling loop 'ResetAccum' (JetTaggerNN/firmware/nnet_utils/nnet_dense_latency.h:48:5) in function 'nnet::dense_latency<ap_ufixed<9, 0, (ap_q_mode)4, (ap_o_mode)0, 0>, ap_fixed<16, 6, (ap_q_mode)5, (ap_o_mode)3, 0>, config22>' completely with a factor of 1 (JetTaggerNN/firmware/nnet_utils/nnet_dense_latency.h:15:0)
INFO: [HLS 214-186] Unrolling loop 'Product1' (JetTaggerNN/firmware/nnet_utils/nnet_dense_latency.h:37:5) in function 'nnet::dense_latency<ap_ufixed<9, 0, (ap_q_mode)4, (ap_o_mode)0, 0>, ap_fixed<16, 6, (ap_q_mode)5, (ap_o_mode)3, 0>, config22>' completely with a factor of 32 (JetTaggerNN/firmware/nnet_utils/nnet_dense_latency.h:15:0)
INFO: [HLS 214-186] Unrolling loop 'Product2' (JetTaggerNN/firmware/nnet_utils/nnet_dense_latency.h:40:9) in function 'nnet::dense_latency<ap_ufixed<9, 0, (ap_q_mode)4, (ap_o_mode)0, 0>, ap_fixed<16, 6, (ap_q_mode)5, (ap_o_mode)3, 0>, config22>' completely with a factor of 1 (JetTaggerNN/firmware/nnet_utils/nnet_dense_latency.h:15:0)
INFO: [HLS 214-186] Unrolling loop 'Result' (JetTaggerNN/firmware/nnet_utils/nnet_dense_latency.h:64:5) in function 'nnet::dense_latency<ap_ufixed<9, 0, (ap_q_mode)4, (ap_o_mode)0, 0>, ap_fixed<16, 6, (ap_q_mode)5, (ap_o_mode)3, 0>, config20>' completely with a factor of 8 (JetTaggerNN/firmware/nnet_utils/nnet_dense_latency.h:15:0)
INFO: [HLS 214-186] Unrolling loop 'Accum1' (JetTaggerNN/firmware/nnet_utils/nnet_dense_latency.h:54:5) in function 'nnet::dense_latency<ap_ufixed<9, 0, (ap_q_mode)4, (ap_o_mode)0, 0>, ap_fixed<16, 6, (ap_q_mode)5, (ap_o_mode)3, 0>, config20>' completely with a factor of 32 (JetTaggerNN/firmware/nnet_utils/nnet_dense_latency.h:15:0)
INFO: [HLS 214-186] Unrolling loop 'Accum2' (JetTaggerNN/firmware/nnet_utils/nnet_dense_latency.h:56:9) in function 'nnet::dense_latency<ap_ufixed<9, 0, (ap_q_mode)4, (ap_o_mode)0, 0>, ap_fixed<16, 6, (ap_q_mode)5, (ap_o_mode)3, 0>, config20>' completely with a factor of 8 (JetTaggerNN/firmware/nnet_utils/nnet_dense_latency.h:15:0)
INFO: [HLS 214-186] Unrolling loop 'ResetAccum' (JetTaggerNN/firmware/nnet_utils/nnet_dense_latency.h:48:5) in function 'nnet::dense_latency<ap_ufixed<9, 0, (ap_q_mode)4, (ap_o_mode)0, 0>, ap_fixed<16, 6, (ap_q_mode)5, (ap_o_mode)3, 0>, config20>' completely with a factor of 8 (JetTaggerNN/firmware/nnet_utils/nnet_dense_latency.h:15:0)
INFO: [HLS 214-186] Unrolling loop 'Product1' (JetTaggerNN/firmware/nnet_utils/nnet_dense_latency.h:37:5) in function 'nnet::dense_latency<ap_ufixed<9, 0, (ap_q_mode)4, (ap_o_mode)0, 0>, ap_fixed<16, 6, (ap_q_mode)5, (ap_o_mode)3, 0>, config20>' completely with a factor of 32 (JetTaggerNN/firmware/nnet_utils/nnet_dense_latency.h:15:0)
INFO: [HLS 214-186] Unrolling loop 'Product2' (JetTaggerNN/firmware/nnet_utils/nnet_dense_latency.h:40:9) in function 'nnet::dense_latency<ap_ufixed<9, 0, (ap_q_mode)4, (ap_o_mode)0, 0>, ap_fixed<16, 6, (ap_q_mode)5, (ap_o_mode)3, 0>, config20>' completely with a factor of 8 (JetTaggerNN/firmware/nnet_utils/nnet_dense_latency.h:15:0)
INFO: [HLS 214-186] Unrolling loop 'VITIS_LOOP_43_1' (JetTaggerNN/firmware/nnet_utils/nnet_activation.h:43:22) in function 'nnet::relu<ap_fixed<16, 6, (ap_q_mode)5, (ap_o_mode)3, 0>, ap_ufixed<9, 0, (ap_q_mode)4, (ap_o_mode)0, 0>, relu_config19>' completely with a factor of 32 (JetTaggerNN/firmware/nnet_utils/nnet_activation.h:39:0)
INFO: [HLS 214-186] Unrolling loop 'VITIS_LOOP_43_1' (JetTaggerNN/firmware/nnet_utils/nnet_activation.h:43:22) in function 'nnet::relu<ap_fixed<16, 6, (ap_q_mode)5, (ap_o_mode)3, 0>, ap_ufixed<9, 0, (ap_q_mode)4, (ap_o_mode)0, 0>, relu_config18>' completely with a factor of 32 (JetTaggerNN/firmware/nnet_utils/nnet_activation.h:39:0)
INFO: [HLS 214-186] Unrolling loop 'Result' (JetTaggerNN/firmware/nnet_utils/nnet_dense_latency.h:64:5) in function 'nnet::dense_latency<ap_ufixed<9, 0, (ap_q_mode)4, (ap_o_mode)0, 0>, ap_fixed<16, 6, (ap_q_mode)5, (ap_o_mode)3, 0>, config16>' completely with a factor of 32 (JetTaggerNN/firmware/nnet_utils/nnet_dense_latency.h:15:0)
INFO: [HLS 214-186] Unrolling loop 'Accum1' (JetTaggerNN/firmware/nnet_utils/nnet_dense_latency.h:54:5) in function 'nnet::dense_latency<ap_ufixed<9, 0, (ap_q_mode)4, (ap_o_mode)0, 0>, ap_fixed<16, 6, (ap_q_mode)5, (ap_o_mode)3, 0>, config16>' completely with a factor of 32 (JetTaggerNN/firmware/nnet_utils/nnet_dense_latency.h:15:0)
INFO: [HLS 214-186] Unrolling loop 'Accum2' (JetTaggerNN/firmware/nnet_utils/nnet_dense_latency.h:56:9) in function 'nnet::dense_latency<ap_ufixed<9, 0, (ap_q_mode)4, (ap_o_mode)0, 0>, ap_fixed<16, 6, (ap_q_mode)5, (ap_o_mode)3, 0>, config16>' completely with a factor of 32 (JetTaggerNN/firmware/nnet_utils/nnet_dense_latency.h:15:0)
INFO: [HLS 214-186] Unrolling loop 'ResetAccum' (JetTaggerNN/firmware/nnet_utils/nnet_dense_latency.h:48:5) in function 'nnet::dense_latency<ap_ufixed<9, 0, (ap_q_mode)4, (ap_o_mode)0, 0>, ap_fixed<16, 6, (ap_q_mode)5, (ap_o_mode)3, 0>, config16>' completely with a factor of 32 (JetTaggerNN/firmware/nnet_utils/nnet_dense_latency.h:15:0)
INFO: [HLS 214-186] Unrolling loop 'Product1' (JetTaggerNN/firmware/nnet_utils/nnet_dense_latency.h:37:5) in function 'nnet::dense_latency<ap_ufixed<9, 0, (ap_q_mode)4, (ap_o_mode)0, 0>, ap_fixed<16, 6, (ap_q_mode)5, (ap_o_mode)3, 0>, config16>' completely with a factor of 32 (JetTaggerNN/firmware/nnet_utils/nnet_dense_latency.h:15:0)
INFO: [HLS 214-186] Unrolling loop 'Product2' (JetTaggerNN/firmware/nnet_utils/nnet_dense_latency.h:40:9) in function 'nnet::dense_latency<ap_ufixed<9, 0, (ap_q_mode)4, (ap_o_mode)0, 0>, ap_fixed<16, 6, (ap_q_mode)5, (ap_o_mode)3, 0>, config16>' completely with a factor of 32 (JetTaggerNN/firmware/nnet_utils/nnet_dense_latency.h:15:0)
INFO: [HLS 214-186] Unrolling loop 'Result' (JetTaggerNN/firmware/nnet_utils/nnet_dense_latency.h:64:5) in function 'nnet::dense_latency<ap_ufixed<9, 0, (ap_q_mode)4, (ap_o_mode)0, 0>, ap_fixed<16, 6, (ap_q_mode)5, (ap_o_mode)3, 0>, config14>' completely with a factor of 32 (JetTaggerNN/firmware/nnet_utils/nnet_dense_latency.h:15:0)
INFO: [HLS 214-186] Unrolling loop 'Accum1' (JetTaggerNN/firmware/nnet_utils/nnet_dense_latency.h:54:5) in function 'nnet::dense_latency<ap_ufixed<9, 0, (ap_q_mode)4, (ap_o_mode)0, 0>, ap_fixed<16, 6, (ap_q_mode)5, (ap_o_mode)3, 0>, config14>' completely with a factor of 32 (JetTaggerNN/firmware/nnet_utils/nnet_dense_latency.h:15:0)
INFO: [HLS 214-186] Unrolling loop 'Accum2' (JetTaggerNN/firmware/nnet_utils/nnet_dense_latency.h:56:9) in function 'nnet::dense_latency<ap_ufixed<9, 0, (ap_q_mode)4, (ap_o_mode)0, 0>, ap_fixed<16, 6, (ap_q_mode)5, (ap_o_mode)3, 0>, config14>' completely with a factor of 32 (JetTaggerNN/firmware/nnet_utils/nnet_dense_latency.h:15:0)
INFO: [HLS 214-186] Unrolling loop 'ResetAccum' (JetTaggerNN/firmware/nnet_utils/nnet_dense_latency.h:48:5) in function 'nnet::dense_latency<ap_ufixed<9, 0, (ap_q_mode)4, (ap_o_mode)0, 0>, ap_fixed<16, 6, (ap_q_mode)5, (ap_o_mode)3, 0>, config14>' completely with a factor of 32 (JetTaggerNN/firmware/nnet_utils/nnet_dense_latency.h:15:0)
INFO: [HLS 214-186] Unrolling loop 'Product1' (JetTaggerNN/firmware/nnet_utils/nnet_dense_latency.h:37:5) in function 'nnet::dense_latency<ap_ufixed<9, 0, (ap_q_mode)4, (ap_o_mode)0, 0>, ap_fixed<16, 6, (ap_q_mode)5, (ap_o_mode)3, 0>, config14>' completely with a factor of 32 (JetTaggerNN/firmware/nnet_utils/nnet_dense_latency.h:15:0)
INFO: [HLS 214-186] Unrolling loop 'Product2' (JetTaggerNN/firmware/nnet_utils/nnet_dense_latency.h:40:9) in function 'nnet::dense_latency<ap_ufixed<9, 0, (ap_q_mode)4, (ap_o_mode)0, 0>, ap_fixed<16, 6, (ap_q_mode)5, (ap_o_mode)3, 0>, config14>' completely with a factor of 32 (JetTaggerNN/firmware/nnet_utils/nnet_dense_latency.h:15:0)
INFO: [HLS 214-186] Unrolling loop 'VITIS_LOOP_43_1' (JetTaggerNN/firmware/nnet_utils/nnet_activation.h:43:22) in function 'nnet::relu<ap_fixed<16, 6, (ap_q_mode)5, (ap_o_mode)3, 0>, ap_ufixed<9, 0, (ap_q_mode)4, (ap_o_mode)0, 0>, relu_config13>' completely with a factor of 32 (JetTaggerNN/firmware/nnet_utils/nnet_activation.h:39:0)
INFO: [HLS 214-186] Unrolling loop 'Result' (JetTaggerNN/firmware/nnet_utils/nnet_dense_latency.h:64:5) in function 'nnet::dense_latency<ap_fixed<16, 6, (ap_q_mode)5, (ap_o_mode)3, 0>, ap_fixed<16, 6, (ap_q_mode)5, (ap_o_mode)3, 0>, config11>' completely with a factor of 32 (JetTaggerNN/firmware/nnet_utils/nnet_dense_latency.h:15:0)
INFO: [HLS 214-186] Unrolling loop 'Accum1' (JetTaggerNN/firmware/nnet_utils/nnet_dense_latency.h:54:5) in function 'nnet::dense_latency<ap_fixed<16, 6, (ap_q_mode)5, (ap_o_mode)3, 0>, ap_fixed<16, 6, (ap_q_mode)5, (ap_o_mode)3, 0>, config11>' completely with a factor of 32 (JetTaggerNN/firmware/nnet_utils/nnet_dense_latency.h:15:0)
INFO: [HLS 214-186] Unrolling loop 'Accum2' (JetTaggerNN/firmware/nnet_utils/nnet_dense_latency.h:56:9) in function 'nnet::dense_latency<ap_fixed<16, 6, (ap_q_mode)5, (ap_o_mode)3, 0>, ap_fixed<16, 6, (ap_q_mode)5, (ap_o_mode)3, 0>, config11>' completely with a factor of 32 (JetTaggerNN/firmware/nnet_utils/nnet_dense_latency.h:15:0)
INFO: [HLS 214-186] Unrolling loop 'ResetAccum' (JetTaggerNN/firmware/nnet_utils/nnet_dense_latency.h:48:5) in function 'nnet::dense_latency<ap_fixed<16, 6, (ap_q_mode)5, (ap_o_mode)3, 0>, ap_fixed<16, 6, (ap_q_mode)5, (ap_o_mode)3, 0>, config11>' completely with a factor of 32 (JetTaggerNN/firmware/nnet_utils/nnet_dense_latency.h:15:0)
INFO: [HLS 214-186] Unrolling loop 'Product1' (JetTaggerNN/firmware/nnet_utils/nnet_dense_latency.h:37:5) in function 'nnet::dense_latency<ap_fixed<16, 6, (ap_q_mode)5, (ap_o_mode)3, 0>, ap_fixed<16, 6, (ap_q_mode)5, (ap_o_mode)3, 0>, config11>' completely with a factor of 32 (JetTaggerNN/firmware/nnet_utils/nnet_dense_latency.h:15:0)
INFO: [HLS 214-186] Unrolling loop 'Product2' (JetTaggerNN/firmware/nnet_utils/nnet_dense_latency.h:40:9) in function 'nnet::dense_latency<ap_fixed<16, 6, (ap_q_mode)5, (ap_o_mode)3, 0>, ap_fixed<16, 6, (ap_q_mode)5, (ap_o_mode)3, 0>, config11>' completely with a factor of 32 (JetTaggerNN/firmware/nnet_utils/nnet_dense_latency.h:15:0)
INFO: [HLS 214-186] Unrolling loop 'VITIS_LOOP_155_1' (JetTaggerNN/firmware/nnet_utils/nnet_pooling.h:155:20) in function 'nnet::global_pooling1d_cl<ap_fixed<18, 9, (ap_q_mode)4, (ap_o_mode)0, 0>, ap_fixed<16, 6, (ap_q_mode)5, (ap_o_mode)3, 0>, config10>' completely with a factor of 32 (JetTaggerNN/firmware/nnet_utils/nnet_pooling.h:145:0)
INFO: [HLS 214-186] Unrolling loop 'VITIS_LOOP_157_2' (JetTaggerNN/firmware/nnet_utils/nnet_pooling.h:157:27) in function 'nnet::global_pooling1d_cl<ap_fixed<18, 9, (ap_q_mode)4, (ap_o_mode)0, 0>, ap_fixed<16, 6, (ap_q_mode)5, (ap_o_mode)3, 0>, config10>' completely with a factor of 16 (JetTaggerNN/firmware/nnet_utils/nnet_pooling.h:145:0)
INFO: [HLS 214-186] Unrolling loop 'VITIS_LOOP_46_1' (JetTaggerNN/firmware/nnet_utils/nnet_pooling.h:46:22) in function 'nnet::avg<ap_fixed<18, 9, (ap_q_mode)4, (ap_o_mode)0, 0>, 16>' completely with a factor of 16 (JetTaggerNN/firmware/nnet_utils/nnet_pooling.h:44:0)
INFO: [HLS 214-186] Unrolling loop 'VITIS_LOOP_31_1' (JetTaggerNN/firmware/nnet_utils/nnet_activation.h:31:19) in function 'nnet::linear<ap_ufixed<9, 0, (ap_q_mode)4, (ap_o_mode)0, 0>, ap_fixed<18, 9, (ap_q_mode)4, (ap_o_mode)0, 0>, linear_config9>' completely with a factor of 512 (JetTaggerNN/firmware/nnet_utils/nnet_activation.h:28:0)
INFO: [HLS 214-186] Unrolling loop 'VITIS_LOOP_43_1' (JetTaggerNN/firmware/nnet_utils/nnet_activation.h:43:22) in function 'nnet::relu<ap_fixed<16, 6, (ap_q_mode)5, (ap_o_mode)3, 0>, ap_ufixed<9, 0, (ap_q_mode)4, (ap_o_mode)0, 0>, relu_config8>' completely with a factor of 512 (JetTaggerNN/firmware/nnet_utils/nnet_activation.h:39:0)
INFO: [HLS 214-186] Unrolling loop 'PartitionLoop' (JetTaggerNN/firmware/nnet_utils/nnet_conv1d_latency.h:34:5) in function 'nnet::conv_1d_latency_cl<ap_ufixed<9, 0, (ap_q_mode)4, (ap_o_mode)0, 0>, ap_fixed<16, 6, (ap_q_mode)5, (ap_o_mode)3, 0>, config27>' completely with a factor of 16 (JetTaggerNN/firmware/nnet_utils/nnet_conv1d_latency.h:14:0)
WARNING: [HLS 214-189] Pipeline directive for loop 'PartitionLoop' (JetTaggerNN/firmware/nnet_utils/nnet_conv1d_latency.h:34:5) in function 'nnet::conv_1d_latency_cl<ap_ufixed<9, 0, (ap_q_mode)4, (ap_o_mode)0, 0>, ap_fixed<16, 6, (ap_q_mode)5, (ap_o_mode)3, 0>, config27>' has been removed because the loop is unrolled completely (JetTaggerNN/firmware/nnet_utils/nnet_conv1d_latency.h:14:0)
INFO: [HLS 214-186] Unrolling loop 'PixelLoop' (JetTaggerNN/firmware/nnet_utils/nnet_conv1d_latency.h:40:9) in function 'nnet::conv_1d_latency_cl<ap_ufixed<9, 0, (ap_q_mode)4, (ap_o_mode)0, 0>, ap_fixed<16, 6, (ap_q_mode)5, (ap_o_mode)3, 0>, config27>' completely with a factor of 1 (JetTaggerNN/firmware/nnet_utils/nnet_conv1d_latency.h:14:0)
INFO: [HLS 214-186] Unrolling loop 'Result' (JetTaggerNN/firmware/nnet_utils/nnet_conv1d_latency.h:79:13) in function 'nnet::conv_1d_latency_cl<ap_ufixed<9, 0, (ap_q_mode)4, (ap_o_mode)0, 0>, ap_fixed<16, 6, (ap_q_mode)5, (ap_o_mode)3, 0>, config27>' completely with a factor of 32 (JetTaggerNN/firmware/nnet_utils/nnet_conv1d_latency.h:14:0)
INFO: [HLS 214-186] Unrolling loop 'Accum1' (JetTaggerNN/firmware/nnet_utils/nnet_conv1d_latency.h:68:13) in function 'nnet::conv_1d_latency_cl<ap_ufixed<9, 0, (ap_q_mode)4, (ap_o_mode)0, 0>, ap_fixed<16, 6, (ap_q_mode)5, (ap_o_mode)3, 0>, config27>' completely with a factor of 32 (JetTaggerNN/firmware/nnet_utils/nnet_conv1d_latency.h:14:0)
INFO: [HLS 214-186] Unrolling loop 'Accum2' (JetTaggerNN/firmware/nnet_utils/nnet_conv1d_latency.h:71:17) in function 'nnet::conv_1d_latency_cl<ap_ufixed<9, 0, (ap_q_mode)4, (ap_o_mode)0, 0>, ap_fixed<16, 6, (ap_q_mode)5, (ap_o_mode)3, 0>, config27>' completely with a factor of 32 (JetTaggerNN/firmware/nnet_utils/nnet_conv1d_latency.h:14:0)
INFO: [HLS 214-186] Unrolling loop 'ResetAccum' (JetTaggerNN/firmware/nnet_utils/nnet_conv1d_latency.h:61:13) in function 'nnet::conv_1d_latency_cl<ap_ufixed<9, 0, (ap_q_mode)4, (ap_o_mode)0, 0>, ap_fixed<16, 6, (ap_q_mode)5, (ap_o_mode)3, 0>, config27>' completely with a factor of 32 (JetTaggerNN/firmware/nnet_utils/nnet_conv1d_latency.h:14:0)
INFO: [HLS 214-186] Unrolling loop 'Product1' (JetTaggerNN/firmware/nnet_utils/nnet_conv1d_latency.h:47:13) in function 'nnet::conv_1d_latency_cl<ap_ufixed<9, 0, (ap_q_mode)4, (ap_o_mode)0, 0>, ap_fixed<16, 6, (ap_q_mode)5, (ap_o_mode)3, 0>, config27>' completely with a factor of 32 (JetTaggerNN/firmware/nnet_utils/nnet_conv1d_latency.h:14:0)
INFO: [HLS 214-186] Unrolling loop 'Product2' (JetTaggerNN/firmware/nnet_utils/nnet_conv1d_latency.h:51:17) in function 'nnet::conv_1d_latency_cl<ap_ufixed<9, 0, (ap_q_mode)4, (ap_o_mode)0, 0>, ap_fixed<16, 6, (ap_q_mode)5, (ap_o_mode)3, 0>, config27>' completely with a factor of 32 (JetTaggerNN/firmware/nnet_utils/nnet_conv1d_latency.h:14:0)
INFO: [HLS 214-186] Unrolling loop 'VITIS_LOOP_43_1' (JetTaggerNN/firmware/nnet_utils/nnet_activation.h:43:22) in function 'nnet::relu<ap_fixed<16, 6, (ap_q_mode)5, (ap_o_mode)3, 0>, ap_ufixed<9, 0, (ap_q_mode)4, (ap_o_mode)0, 0>, relu_config5>' completely with a factor of 512 (JetTaggerNN/firmware/nnet_utils/nnet_activation.h:39:0)
INFO: [HLS 214-186] Unrolling loop 'PartitionLoop' (JetTaggerNN/firmware/nnet_utils/nnet_conv1d_latency.h:34:5) in function 'nnet::conv_1d_latency_cl<ap_fixed<16, 6, (ap_q_mode)5, (ap_o_mode)3, 0>, ap_fixed<16, 6, (ap_q_mode)5, (ap_o_mode)3, 0>, config26>' completely with a factor of 16 (JetTaggerNN/firmware/nnet_utils/nnet_conv1d_latency.h:14:0)
WARNING: [HLS 214-189] Pipeline directive for loop 'PartitionLoop' (JetTaggerNN/firmware/nnet_utils/nnet_conv1d_latency.h:34:5) in function 'nnet::conv_1d_latency_cl<ap_fixed<16, 6, (ap_q_mode)5, (ap_o_mode)3, 0>, ap_fixed<16, 6, (ap_q_mode)5, (ap_o_mode)3, 0>, config26>' has been removed because the loop is unrolled completely (JetTaggerNN/firmware/nnet_utils/nnet_conv1d_latency.h:14:0)
INFO: [HLS 214-186] Unrolling loop 'PixelLoop' (JetTaggerNN/firmware/nnet_utils/nnet_conv1d_latency.h:40:9) in function 'nnet::conv_1d_latency_cl<ap_fixed<16, 6, (ap_q_mode)5, (ap_o_mode)3, 0>, ap_fixed<16, 6, (ap_q_mode)5, (ap_o_mode)3, 0>, config26>' completely with a factor of 1 (JetTaggerNN/firmware/nnet_utils/nnet_conv1d_latency.h:14:0)
INFO: [HLS 214-186] Unrolling loop 'Result' (JetTaggerNN/firmware/nnet_utils/nnet_conv1d_latency.h:79:13) in function 'nnet::conv_1d_latency_cl<ap_fixed<16, 6, (ap_q_mode)5, (ap_o_mode)3, 0>, ap_fixed<16, 6, (ap_q_mode)5, (ap_o_mode)3, 0>, config26>' completely with a factor of 32 (JetTaggerNN/firmware/nnet_utils/nnet_conv1d_latency.h:14:0)
INFO: [HLS 214-186] Unrolling loop 'Accum1' (JetTaggerNN/firmware/nnet_utils/nnet_conv1d_latency.h:68:13) in function 'nnet::conv_1d_latency_cl<ap_fixed<16, 6, (ap_q_mode)5, (ap_o_mode)3, 0>, ap_fixed<16, 6, (ap_q_mode)5, (ap_o_mode)3, 0>, config26>' completely with a factor of 21 (JetTaggerNN/firmware/nnet_utils/nnet_conv1d_latency.h:14:0)
INFO: [HLS 214-186] Unrolling loop 'Accum2' (JetTaggerNN/firmware/nnet_utils/nnet_conv1d_latency.h:71:17) in function 'nnet::conv_1d_latency_cl<ap_fixed<16, 6, (ap_q_mode)5, (ap_o_mode)3, 0>, ap_fixed<16, 6, (ap_q_mode)5, (ap_o_mode)3, 0>, config26>' completely with a factor of 32 (JetTaggerNN/firmware/nnet_utils/nnet_conv1d_latency.h:14:0)
INFO: [HLS 214-186] Unrolling loop 'ResetAccum' (JetTaggerNN/firmware/nnet_utils/nnet_conv1d_latency.h:61:13) in function 'nnet::conv_1d_latency_cl<ap_fixed<16, 6, (ap_q_mode)5, (ap_o_mode)3, 0>, ap_fixed<16, 6, (ap_q_mode)5, (ap_o_mode)3, 0>, config26>' completely with a factor of 32 (JetTaggerNN/firmware/nnet_utils/nnet_conv1d_latency.h:14:0)
INFO: [HLS 214-186] Unrolling loop 'Product1' (JetTaggerNN/firmware/nnet_utils/nnet_conv1d_latency.h:47:13) in function 'nnet::conv_1d_latency_cl<ap_fixed<16, 6, (ap_q_mode)5, (ap_o_mode)3, 0>, ap_fixed<16, 6, (ap_q_mode)5, (ap_o_mode)3, 0>, config26>' completely with a factor of 21 (JetTaggerNN/firmware/nnet_utils/nnet_conv1d_latency.h:14:0)
INFO: [HLS 214-186] Unrolling loop 'Product2' (JetTaggerNN/firmware/nnet_utils/nnet_conv1d_latency.h:51:17) in function 'nnet::conv_1d_latency_cl<ap_fixed<16, 6, (ap_q_mode)5, (ap_o_mode)3, 0>, ap_fixed<16, 6, (ap_q_mode)5, (ap_o_mode)3, 0>, config26>' completely with a factor of 32 (JetTaggerNN/firmware/nnet_utils/nnet_conv1d_latency.h:14:0)
INFO: [HLS 214-186] Unrolling loop 'Result' (JetTaggerNN/firmware/nnet_utils/nnet_batchnorm.h:52:5) in function 'nnet::normalize<ap_fixed<16, 6, (ap_q_mode)5, (ap_o_mode)3, 0>, ap_fixed<16, 6, (ap_q_mode)5, (ap_o_mode)3, 0>, config2>' completely with a factor of 336 (JetTaggerNN/firmware/nnet_utils/nnet_batchnorm.h:33:0)
INFO: [HLS 214-178] Inlining function 'ap_fixed<18, 9, (ap_q_mode)4, (ap_o_mode)0, 0> nnet::pool_op<ap_fixed<18, 9, (ap_q_mode)4, (ap_o_mode)0, 0>, 16, (nnet::Pool_Op)1>(ap_fixed<18, 9, (ap_q_mode)4, (ap_o_mode)0, 0> (&) [16])' into 'void nnet::global_pooling1d_cl<ap_fixed<18, 9, (ap_q_mode)4, (ap_o_mode)0, 0>, ap_fixed<16, 6, (ap_q_mode)5, (ap_o_mode)3, 0>, config10>(ap_fixed<18, 9, (ap_q_mode)4, (ap_o_mode)0, 0>*, ap_fixed<16, 6, (ap_q_mode)5, (ap_o_mode)3, 0>*)' (JetTaggerNN/firmware/nnet_utils/nnet_pooling.h:145:0)
INFO: [HLS 214-178] Inlining function 'std::enable_if<!(std::is_same<ap_fixed<16, 6, (ap_q_mode)5, (ap_o_mode)3, 0>, ap_uint<1> >::value), ap_fixed<16, 6, (ap_q_mode)5, (ap_o_mode)3, 0> >::type nnet::cast<ap_fixed<16, 6, (ap_q_mode)5, (ap_o_mode)3, 0>, ap_fixed<16, 6, (ap_q_mode)5, (ap_o_mode)3, 0>, config11>(config11::accum_t)' into 'void nnet::dense_latency<ap_fixed<16, 6, (ap_q_mode)5, (ap_o_mode)3, 0>, ap_fixed<16, 6, (ap_q_mode)5, (ap_o_mode)3, 0>, config11>(ap_fixed<16, 6, (ap_q_mode)5, (ap_o_mode)3, 0>*, ap_fixed<16, 6, (ap_q_mode)5, (ap_o_mode)3, 0>*, config11::weight_t*, config11::bias_t*)' (JetTaggerNN/firmware/nnet_utils/nnet_dense_latency.h:15:0)
INFO: [HLS 214-178] Inlining function 'std::enable_if<!(std::is_same<ap_ufixed<9, 0, (ap_q_mode)4, (ap_o_mode)0, 0>, ap_uint<1> >::value), ap_fixed<16, 6, (ap_q_mode)5, (ap_o_mode)3, 0> >::type nnet::cast<ap_ufixed<9, 0, (ap_q_mode)4, (ap_o_mode)0, 0>, ap_fixed<16, 6, (ap_q_mode)5, (ap_o_mode)3, 0>, config14>(config14::accum_t)' into 'void nnet::dense_latency<ap_ufixed<9, 0, (ap_q_mode)4, (ap_o_mode)0, 0>, ap_fixed<16, 6, (ap_q_mode)5, (ap_o_mode)3, 0>, config14>(ap_ufixed<9, 0, (ap_q_mode)4, (ap_o_mode)0, 0>*, ap_fixed<16, 6, (ap_q_mode)5, (ap_o_mode)3, 0>*, config14::weight_t*, config14::bias_t*)' (JetTaggerNN/firmware/nnet_utils/nnet_dense_latency.h:15:0)
INFO: [HLS 214-178] Inlining function 'std::enable_if<!(std::is_same<ap_ufixed<9, 0, (ap_q_mode)4, (ap_o_mode)0, 0>, ap_uint<1> >::value), ap_fixed<16, 6, (ap_q_mode)5, (ap_o_mode)3, 0> >::type nnet::cast<ap_ufixed<9, 0, (ap_q_mode)4, (ap_o_mode)0, 0>, ap_fixed<16, 6, (ap_q_mode)5, (ap_o_mode)3, 0>, config16>(config16::accum_t)' into 'void nnet::dense_latency<ap_ufixed<9, 0, (ap_q_mode)4, (ap_o_mode)0, 0>, ap_fixed<16, 6, (ap_q_mode)5, (ap_o_mode)3, 0>, config16>(ap_ufixed<9, 0, (ap_q_mode)4, (ap_o_mode)0, 0>*, ap_fixed<16, 6, (ap_q_mode)5, (ap_o_mode)3, 0>*, config16::weight_t*, config16::bias_t*)' (JetTaggerNN/firmware/nnet_utils/nnet_dense_latency.h:15:0)
INFO: [HLS 214-178] Inlining function 'std::enable_if<!(std::is_same<ap_ufixed<9, 0, (ap_q_mode)4, (ap_o_mode)0, 0>, ap_uint<1> >::value), ap_fixed<16, 6, (ap_q_mode)5, (ap_o_mode)3, 0> >::type nnet::cast<ap_ufixed<9, 0, (ap_q_mode)4, (ap_o_mode)0, 0>, ap_fixed<16, 6, (ap_q_mode)5, (ap_o_mode)3, 0>, config20>(config20::accum_t)' into 'void nnet::dense_latency<ap_ufixed<9, 0, (ap_q_mode)4, (ap_o_mode)0, 0>, ap_fixed<16, 6, (ap_q_mode)5, (ap_o_mode)3, 0>, config20>(ap_ufixed<9, 0, (ap_q_mode)4, (ap_o_mode)0, 0>*, ap_fixed<16, 6, (ap_q_mode)5, (ap_o_mode)3, 0>*, config20::weight_t*, config20::bias_t*)' (JetTaggerNN/firmware/nnet_utils/nnet_dense_latency.h:15:0)
INFO: [HLS 214-178] Inlining function 'std::enable_if<!(std::is_same<ap_ufixed<9, 0, (ap_q_mode)4, (ap_o_mode)0, 0>, ap_uint<1> >::value), ap_fixed<16, 6, (ap_q_mode)5, (ap_o_mode)3, 0> >::type nnet::cast<ap_ufixed<9, 0, (ap_q_mode)4, (ap_o_mode)0, 0>, ap_fixed<16, 6, (ap_q_mode)5, (ap_o_mode)3, 0>, config22>(config22::accum_t)' into 'void nnet::dense_latency<ap_ufixed<9, 0, (ap_q_mode)4, (ap_o_mode)0, 0>, ap_fixed<16, 6, (ap_q_mode)5, (ap_o_mode)3, 0>, config22>(ap_ufixed<9, 0, (ap_q_mode)4, (ap_o_mode)0, 0>*, ap_fixed<16, 6, (ap_q_mode)5, (ap_o_mode)3, 0>*, config22::weight_t*, config22::bias_t*)' (JetTaggerNN/firmware/nnet_utils/nnet_dense_latency.h:15:0)
INFO: [HLS 214-178] Inlining function 'nnet::Op_max<ap_fixed<16, 6, (ap_q_mode)5, (ap_o_mode)3, 0> >::operator()(ap_fixed<16, 6, (ap_q_mode)5, (ap_o_mode)3, 0>, ap_fixed<16, 6, (ap_q_mode)5, (ap_o_mode)3, 0>)' into 'ap_fixed<16, 6, (ap_q_mode)5, (ap_o_mode)3, 0> nnet::reduce<ap_fixed<16, 6, (ap_q_mode)5, (ap_o_mode)3, 0>, 2, nnet::Op_max<ap_fixed<16, 6, (ap_q_mode)5, (ap_o_mode)3, 0> > >(ap_fixed<16, 6, (ap_q_mode)5, (ap_o_mode)3, 0> const*, nnet::Op_max<ap_fixed<16, 6, (ap_q_mode)5, (ap_o_mode)3, 0> >) (.188)' (JetTaggerNN/firmware/nnet_utils/nnet_common.h:36:0)
INFO: [HLS 214-178] Inlining function 'ap_fixed<16, 6, (ap_q_mode)5, (ap_o_mode)3, 0> nnet::reduce<ap_fixed<16, 6, (ap_q_mode)5, (ap_o_mode)3, 0>, 2, nnet::Op_max<ap_fixed<16, 6, (ap_q_mode)5, (ap_o_mode)3, 0> > >(ap_fixed<16, 6, (ap_q_mode)5, (ap_o_mode)3, 0> const*, nnet::Op_max<ap_fixed<16, 6, (ap_q_mode)5, (ap_o_mode)3, 0> >) (.188)' into 'ap_fixed<16, 6, (ap_q_mode)5, (ap_o_mode)3, 0> nnet::reduce<ap_fixed<16, 6, (ap_q_mode)5, (ap_o_mode)3, 0>, 4, nnet::Op_max<ap_fixed<16, 6, (ap_q_mode)5, (ap_o_mode)3, 0> > >(ap_fixed<16, 6, (ap_q_mode)5, (ap_o_mode)3, 0> const*, nnet::Op_max<ap_fixed<16, 6, (ap_q_mode)5, (ap_o_mode)3, 0> >)' (JetTaggerNN/firmware/nnet_utils/nnet_common.h:36:0)
INFO: [HLS 214-178] Inlining function 'nnet::Op_max<ap_fixed<16, 6, (ap_q_mode)5, (ap_o_mode)3, 0> >::operator()(ap_fixed<16, 6, (ap_q_mode)5, (ap_o_mode)3, 0>, ap_fixed<16, 6, (ap_q_mode)5, (ap_o_mode)3, 0>)' into 'ap_fixed<16, 6, (ap_q_mode)5, (ap_o_mode)3, 0> nnet::reduce<ap_fixed<16, 6, (ap_q_mode)5, (ap_o_mode)3, 0>, 4, nnet::Op_max<ap_fixed<16, 6, (ap_q_mode)5, (ap_o_mode)3, 0> > >(ap_fixed<16, 6, (ap_q_mode)5, (ap_o_mode)3, 0> const*, nnet::Op_max<ap_fixed<16, 6, (ap_q_mode)5, (ap_o_mode)3, 0> >)' (JetTaggerNN/firmware/nnet_utils/nnet_common.h:36:0)
INFO: [HLS 214-178] Inlining function 'ap_fixed<16, 6, (ap_q_mode)5, (ap_o_mode)3, 0> nnet::reduce<ap_fixed<16, 6, (ap_q_mode)5, (ap_o_mode)3, 0>, 4, nnet::Op_max<ap_fixed<16, 6, (ap_q_mode)5, (ap_o_mode)3, 0> > >(ap_fixed<16, 6, (ap_q_mode)5, (ap_o_mode)3, 0> const*, nnet::Op_max<ap_fixed<16, 6, (ap_q_mode)5, (ap_o_mode)3, 0> >)' into 'ap_fixed<16, 6, (ap_q_mode)5, (ap_o_mode)3, 0> nnet::reduce<ap_fixed<16, 6, (ap_q_mode)5, (ap_o_mode)3, 0>, 8, nnet::Op_max<ap_fixed<16, 6, (ap_q_mode)5, (ap_o_mode)3, 0> > >(ap_fixed<16, 6, (ap_q_mode)5, (ap_o_mode)3, 0> const*, nnet::Op_max<ap_fixed<16, 6, (ap_q_mode)5, (ap_o_mode)3, 0> >)' (JetTaggerNN/firmware/nnet_utils/nnet_common.h:36:0)
INFO: [HLS 214-178] Inlining function 'nnet::Op_max<ap_fixed<16, 6, (ap_q_mode)5, (ap_o_mode)3, 0> >::operator()(ap_fixed<16, 6, (ap_q_mode)5, (ap_o_mode)3, 0>, ap_fixed<16, 6, (ap_q_mode)5, (ap_o_mode)3, 0>) (.138)' into 'ap_fixed<16, 6, (ap_q_mode)5, (ap_o_mode)3, 0> nnet::reduce<ap_fixed<16, 6, (ap_q_mode)5, (ap_o_mode)3, 0>, 8, nnet::Op_max<ap_fixed<16, 6, (ap_q_mode)5, (ap_o_mode)3, 0> > >(ap_fixed<16, 6, (ap_q_mode)5, (ap_o_mode)3, 0> const*, nnet::Op_max<ap_fixed<16, 6, (ap_q_mode)5, (ap_o_mode)3, 0> >)' (JetTaggerNN/firmware/nnet_utils/nnet_common.h:36:0)
INFO: [HLS 214-178] Inlining function 'nnet::Op_add<ap_fixed<18, 8, (ap_q_mode)0, (ap_o_mode)0, 0> >::operator()(ap_fixed<18, 8, (ap_q_mode)0, (ap_o_mode)0, 0>, ap_fixed<18, 8, (ap_q_mode)0, (ap_o_mode)0, 0>) (.106.115)' into 'ap_fixed<18, 8, (ap_q_mode)0, (ap_o_mode)0, 0> nnet::reduce<ap_fixed<18, 8, (ap_q_mode)0, (ap_o_mode)0, 0>, 2, nnet::Op_add<ap_fixed<18, 8, (ap_q_mode)0, (ap_o_mode)0, 0> > >(ap_fixed<18, 8, (ap_q_mode)0, (ap_o_mode)0, 0> const*, nnet::Op_add<ap_fixed<18, 8, (ap_q_mode)0, (ap_o_mode)0, 0> >) (.133)' (JetTaggerNN/firmware/nnet_utils/nnet_common.h:36:0)
INFO: [HLS 214-178] Inlining function 'ap_fixed<18, 8, (ap_q_mode)0, (ap_o_mode)0, 0> nnet::reduce<ap_fixed<18, 8, (ap_q_mode)0, (ap_o_mode)0, 0>, 2, nnet::Op_add<ap_fixed<18, 8, (ap_q_mode)0, (ap_o_mode)0, 0> > >(ap_fixed<18, 8, (ap_q_mode)0, (ap_o_mode)0, 0> const*, nnet::Op_add<ap_fixed<18, 8, (ap_q_mode)0, (ap_o_mode)0, 0> >) (.133)' into 'ap_fixed<18, 8, (ap_q_mode)0, (ap_o_mode)0, 0> nnet::reduce<ap_fixed<18, 8, (ap_q_mode)0, (ap_o_mode)0, 0>, 4, nnet::Op_add<ap_fixed<18, 8, (ap_q_mode)0, (ap_o_mode)0, 0> > >(ap_fixed<18, 8, (ap_q_mode)0, (ap_o_mode)0, 0> const*, nnet::Op_add<ap_fixed<18, 8, (ap_q_mode)0, (ap_o_mode)0, 0> >)' (JetTaggerNN/firmware/nnet_utils/nnet_common.h:36:0)
INFO: [HLS 214-178] Inlining function 'nnet::Op_add<ap_fixed<18, 8, (ap_q_mode)0, (ap_o_mode)0, 0> >::operator()(ap_fixed<18, 8, (ap_q_mode)0, (ap_o_mode)0, 0>, ap_fixed<18, 8, (ap_q_mode)0, (ap_o_mode)0, 0>) (.106.115)' into 'ap_fixed<18, 8, (ap_q_mode)0, (ap_o_mode)0, 0> nnet::reduce<ap_fixed<18, 8, (ap_q_mode)0, (ap_o_mode)0, 0>, 4, nnet::Op_add<ap_fixed<18, 8, (ap_q_mode)0, (ap_o_mode)0, 0> > >(ap_fixed<18, 8, (ap_q_mode)0, (ap_o_mode)0, 0> const*, nnet::Op_add<ap_fixed<18, 8, (ap_q_mode)0, (ap_o_mode)0, 0> >)' (JetTaggerNN/firmware/nnet_utils/nnet_common.h:36:0)
INFO: [HLS 214-178] Inlining function 'nnet::Op_add<ap_fixed<18, 8, (ap_q_mode)0, (ap_o_mode)0, 0> >::operator()(ap_fixed<18, 8, (ap_q_mode)0, (ap_o_mode)0, 0>, ap_fixed<18, 8, (ap_q_mode)0, (ap_o_mode)0, 0>) (.106.115)' into 'ap_fixed<18, 8, (ap_q_mode)0, (ap_o_mode)0, 0> nnet::reduce<ap_fixed<18, 8, (ap_q_mode)0, (ap_o_mode)0, 0>, 8, nnet::Op_add<ap_fixed<18, 8, (ap_q_mode)0, (ap_o_mode)0, 0> > >(ap_fixed<18, 8, (ap_q_mode)0, (ap_o_mode)0, 0> const*, nnet::Op_add<ap_fixed<18, 8, (ap_q_mode)0, (ap_o_mode)0, 0> >)' (JetTaggerNN/firmware/nnet_utils/nnet_common.h:36:0)
INFO: [HLS 214-178] Inlining function 'unsigned int nnet::softmax_idx_from_real_val<ap_fixed<16, 6, (ap_q_mode)5, (ap_o_mode)3, 0>, softmax_config24>(ap_fixed<16, 6, (ap_q_mode)5, (ap_o_mode)3, 0>)' into 'void nnet::softmax_stable<ap_fixed<16, 6, (ap_q_mode)5, (ap_o_mode)3, 0>, ap_fixed<16, 6, (ap_q_mode)5, (ap_o_mode)3, 0>, softmax_config24>(ap_fixed<16, 6, (ap_q_mode)5, (ap_o_mode)3, 0>*, ap_fixed<16, 6, (ap_q_mode)5, (ap_o_mode)3, 0>*)' (JetTaggerNN/firmware/nnet_utils/nnet_activation.h:216:0)
INFO: [HLS 214-178] Inlining function 'ap_fixed<18, 8, (ap_q_mode)0, (ap_o_mode)0, 0> nnet::reduce<ap_fixed<18, 8, (ap_q_mode)0, (ap_o_mode)0, 0>, 8, nnet::Op_add<ap_fixed<18, 8, (ap_q_mode)0, (ap_o_mode)0, 0> > >(ap_fixed<18, 8, (ap_q_mode)0, (ap_o_mode)0, 0> const*, nnet::Op_add<ap_fixed<18, 8, (ap_q_mode)0, (ap_o_mode)0, 0> >)' into 'void nnet::softmax_stable<ap_fixed<16, 6, (ap_q_mode)5, (ap_o_mode)3, 0>, ap_fixed<16, 6, (ap_q_mode)5, (ap_o_mode)3, 0>, softmax_config24>(ap_fixed<16, 6, (ap_q_mode)5, (ap_o_mode)3, 0>*, ap_fixed<16, 6, (ap_q_mode)5, (ap_o_mode)3, 0>*)' (JetTaggerNN/firmware/nnet_utils/nnet_activation.h:216:0)
INFO: [HLS 214-178] Inlining function 'unsigned int nnet::softmax_idx_from_real_val<ap_fixed<18, 8, (ap_q_mode)0, (ap_o_mode)0, 0>, softmax_config24>(ap_fixed<18, 8, (ap_q_mode)0, (ap_o_mode)0, 0>)' into 'void nnet::softmax_stable<ap_fixed<16, 6, (ap_q_mode)5, (ap_o_mode)3, 0>, ap_fixed<16, 6, (ap_q_mode)5, (ap_o_mode)3, 0>, softmax_config24>(ap_fixed<16, 6, (ap_q_mode)5, (ap_o_mode)3, 0>*, ap_fixed<16, 6, (ap_q_mode)5, (ap_o_mode)3, 0>*)' (JetTaggerNN/firmware/nnet_utils/nnet_activation.h:216:0)
INFO: [HLS 214-178] Inlining function 'l1ct::Jet::clear()' into 'l1ct::clear(l1ct::Jet&)' (CMSSW_14_0_0_pre3/src/DataFormats/L1TParticleFlow/interface/jets.h:116:0)
INFO: [HLS 214-178] Inlining function 'l1ct::PuppiObj::hwZ0() const' into 'JetTagger(l1ct::PuppiObj const*, l1ct::Jet*, ap_fixed<16, 6, (ap_q_mode)5, (ap_o_mode)3, 0>*, JetCtrlToken const&, JetCtrlToken&)' (top/JetTagger.cpp:89:0)
INFO: [HLS 214-178] Inlining function 'l1ct::PuppiObj::hwDxy() const' into 'JetTagger(l1ct::PuppiObj const*, l1ct::Jet*, ap_fixed<16, 6, (ap_q_mode)5, (ap_o_mode)3, 0>*, JetCtrlToken const&, JetCtrlToken&)' (top/JetTagger.cpp:89:0)
INFO: [HLS 214-178] Inlining function 'l1ct::PuppiObj::hwPuppiW() const' into 'JetTagger(l1ct::PuppiObj const*, l1ct::Jet*, ap_fixed<16, 6, (ap_q_mode)5, (ap_o_mode)3, 0>*, JetCtrlToken const&, JetCtrlToken&)' (top/JetTagger.cpp:89:0)
INFO: [HLS 214-178] Inlining function 'l1ct::PuppiObj::hwEmID() const' into 'JetTagger(l1ct::PuppiObj const*, l1ct::Jet*, ap_fixed<16, 6, (ap_q_mode)5, (ap_o_mode)3, 0>*, JetCtrlToken const&, JetCtrlToken&)' (top/JetTagger.cpp:89:0)
INFO: [HLS 214-178] Inlining function 'l1ct::PuppiObj::hwTkQuality() const' into 'JetTagger(l1ct::PuppiObj const*, l1ct::Jet*, ap_fixed<16, 6, (ap_q_mode)5, (ap_o_mode)3, 0>*, JetCtrlToken const&, JetCtrlToken&)' (top/JetTagger.cpp:89:0)
INFO: [HLS 214-178] Inlining function 'void nnet::pointwise_conv_1d_cl<ap_fixed<16, 6, (ap_q_mode)5, (ap_o_mode)3, 0>, ap_fixed<16, 6, (ap_q_mode)5, (ap_o_mode)3, 0>, config26>(ap_fixed<16, 6, (ap_q_mode)5, (ap_o_mode)3, 0>*, ap_fixed<16, 6, (ap_q_mode)5, (ap_o_mode)3, 0>*, config26::weight_t*, config26::bias_t*)' into 'JetTagger(l1ct::PuppiObj const*, l1ct::Jet*, ap_fixed<16, 6, (ap_q_mode)5, (ap_o_mode)3, 0>*, JetCtrlToken const&, JetCtrlToken&)' (top/JetTagger.cpp:89:0)
INFO: [HLS 214-178] Inlining function 'void nnet::pointwise_conv_1d_cl<ap_ufixed<9, 0, (ap_q_mode)4, (ap_o_mode)0, 0>, ap_fixed<16, 6, (ap_q_mode)5, (ap_o_mode)3, 0>, config27>(ap_ufixed<9, 0, (ap_q_mode)4, (ap_o_mode)0, 0>*, ap_fixed<16, 6, (ap_q_mode)5, (ap_o_mode)3, 0>*, config27::weight_t*, config27::bias_t*)' into 'JetTagger(l1ct::PuppiObj const*, l1ct::Jet*, ap_fixed<16, 6, (ap_q_mode)5, (ap_o_mode)3, 0>*, JetCtrlToken const&, JetCtrlToken&)' (top/JetTagger.cpp:89:0)
INFO: [HLS 214-178] Inlining function 'l1ct::clear(l1ct::Jet&)' into 'JetTagger(l1ct::PuppiObj const*, l1ct::Jet*, ap_fixed<16, 6, (ap_q_mode)5, (ap_o_mode)3, 0>*, JetCtrlToken const&, JetCtrlToken&)' (top/JetTagger.cpp:89:0)
INFO: [HLS 214-178] Inlining function 'ap_fixed<18, 9, (ap_q_mode)4, (ap_o_mode)0, 0> nnet::avg<ap_fixed<18, 9, (ap_q_mode)4, (ap_o_mode)0, 0>, 2>(ap_fixed<18, 9, (ap_q_mode)4, (ap_o_mode)0, 0> (&) [2])' into 'ap_fixed<18, 9, (ap_q_mode)4, (ap_o_mode)0, 0> nnet::pool_op<ap_fixed<18, 9, (ap_q_mode)4, (ap_o_mode)0, 0>, 2, (nnet::Pool_Op)1>(ap_fixed<18, 9, (ap_q_mode)4, (ap_o_mode)0, 0> (&) [2])' (JetTaggerNN/firmware/nnet_utils/nnet_pooling.h:55:0)
INFO: [HLS 214-248] Applying array_partition to 'b22': Complete partitioning on dimension 1. (JetTaggerNN/firmware/weights/b22.h:12:0)
INFO: [HLS 214-248] Applying array_partition to 'b20': Complete partitioning on dimension 1. (JetTaggerNN/firmware/weights/b20.h:12:0)
INFO: [HLS 214-248] Applying array_partition to 'b16': Complete partitioning on dimension 1. (JetTaggerNN/firmware/weights/b16.h:12:0)
INFO: [HLS 214-248] Applying array_partition to 'b14': Complete partitioning on dimension 1. (JetTaggerNN/firmware/weights/b14.h:12:0)
INFO: [HLS 214-248] Applying array_partition to 'b11': Complete partitioning on dimension 1. (JetTaggerNN/firmware/weights/b11.h:12:0)
INFO: [HLS 214-248] Applying array_partition to 'b27': Complete partitioning on dimension 1. (JetTaggerNN/firmware/weights/b27.h:12:0)
INFO: [HLS 214-248] Applying array_partition to 'w27': Complete partitioning on dimension 1. (JetTaggerNN/firmware/weights/w27.h:12:0)
INFO: [HLS 214-248] Applying array_partition to 'b26': Complete partitioning on dimension 1. (JetTaggerNN/firmware/weights/b26.h:12:0)
INFO: [HLS 214-248] Applying array_partition to 'w26': Complete partitioning on dimension 1. (JetTaggerNN/firmware/weights/w26.h:12:0)
INFO: [HLS 214-248] Applying array_partition to 'b2': Complete partitioning on dimension 1. (JetTaggerNN/firmware/weights/b2.h:12:0)
INFO: [HLS 214-248] Applying array_partition to 's2': Complete partitioning on dimension 1. (JetTaggerNN/firmware/weights/s2.h:12:0)
INFO: [HLS 214-248] Applying array_partition to 'data_buf': Complete partitioning on dimension 1. Complete partitioning on dimension 2. (JetTaggerNN/firmware/nnet_utils/nnet_conv1d_latency.h:18:12)
INFO: [HLS 214-248] Applying array_partition to 'mult': Complete partitioning on dimension 1. (JetTaggerNN/firmware/nnet_utils/nnet_conv1d_latency.h:21:29)
INFO: [HLS 214-248] Applying array_partition to 'mult': Complete partitioning on dimension 1. (JetTaggerNN/firmware/nnet_utils/nnet_dense_latency.h:17:32)
INFO: [HLS 214-248] Applying array_partition to 'exp_res': Complete partitioning on dimension 1. (JetTaggerNN/firmware/nnet_utils/nnet_activation.h:249:36)
INFO: [HLS 214-248] Applying array_partition to 'layer2_out.i': Complete partitioning on dimension 1. (JetTaggerNN/firmware/JetTaggerNN.cpp:44:11)
INFO: [HLS 214-248] Applying array_partition to 'layer26_out.i': Complete partitioning on dimension 1. (JetTaggerNN/firmware/JetTaggerNN.cpp:48:15)
INFO: [HLS 214-248] Applying array_partition to 'layer5_out.i': Complete partitioning on dimension 1. (JetTaggerNN/firmware/JetTaggerNN.cpp:52:14)
INFO: [HLS 214-248] Applying array_partition to 'layer27_out.i': Complete partitioning on dimension 1. (JetTaggerNN/firmware/JetTaggerNN.cpp:56:15)
INFO: [HLS 214-248] Applying array_partition to 'layer8_out.i': Complete partitioning on dimension 1. (JetTaggerNN/firmware/JetTaggerNN.cpp:60:14)
INFO: [HLS 214-248] Applying array_partition to 'layer9_out.i': Complete partitioning on dimension 1. (JetTaggerNN/firmware/JetTaggerNN.cpp:64:14)
INFO: [HLS 214-248] Applying array_partition to 'layer10_out.i': Complete partitioning on dimension 1. (JetTaggerNN/firmware/JetTaggerNN.cpp:68:15)
INFO: [HLS 214-248] Applying array_partition to 'layer11_out.i': Complete partitioning on dimension 1. (JetTaggerNN/firmware/JetTaggerNN.cpp:72:15)
INFO: [HLS 214-248] Applying array_partition to 'layer13_out.i': Complete partitioning on dimension 1. (JetTaggerNN/firmware/JetTaggerNN.cpp:76:15)
INFO: [HLS 214-248] Applying array_partition to 'layer14_out.i': Complete partitioning on dimension 1. (JetTaggerNN/firmware/JetTaggerNN.cpp:80:15)
INFO: [HLS 214-248] Applying array_partition to 'layer16_out.i': Complete partitioning on dimension 1. (JetTaggerNN/firmware/JetTaggerNN.cpp:84:15)
INFO: [HLS 214-248] Applying array_partition to 'layer18_out.i': Complete partitioning on dimension 1. (JetTaggerNN/firmware/JetTaggerNN.cpp:88:15)
INFO: [HLS 214-248] Applying array_partition to 'layer19_out.i': Complete partitioning on dimension 1. (JetTaggerNN/firmware/JetTaggerNN.cpp:92:15)
INFO: [HLS 214-248] Applying array_partition to 'layer20_out.i': Complete partitioning on dimension 1. (JetTaggerNN/firmware/JetTaggerNN.cpp:96:15)
INFO: [HLS 214-248] Applying array_partition to 'tagger_input': Complete partitioning on dimension 1. (top/JetTagger.cpp:102:11)
INFO: [HLS 214-248] Applying array_partition to 'nn_output_scores': Complete partitioning on dimension 1. (top/JetTagger.cpp:103:21)
INFO: [HLS 214-248] Applying array_partition to 'nn_output_pt_reg': Complete partitioning on dimension 1. (top/JetTagger.cpp:104:12)
INFO: [HLS 214-248] Applying array_partition to 'input': Complete partitioning on dimension 1. (top/JetTagger.cpp:89:0)
INFO: [HLS 214-248] Applying array_partition to 'out_scores': Complete partitioning on dimension 1. (top/JetTagger.cpp:89:0)
INFO: [HLS 214-248] Applying array_partition to 'pt_correction': Complete partitioning on dimension 1. (top/JetTagger.cpp:89:0)
INFO: [HLS 214-241] Aggregating scalar variable 'token_q' with compact=bit mode in 15-bits (top/JetTagger.cpp:89:0)
INFO: [HLS 214-241] Aggregating scalar variable 'token_d' with compact=bit mode in 15-bits (top/JetTagger.cpp:89:0)
INFO: [HLS 214-241] Aggregating scalar variable 'out_scores' with compact=bit mode in 111-bits (top/JetTagger.cpp:89:0)
INFO: [HLS 214-241] Aggregating scalar variable 'input_15' with compact=bit mode in 61-bits (top/JetTagger.cpp:89:0)
INFO: [HLS 214-241] Aggregating scalar variable 'input_14' with compact=bit mode in 61-bits (top/JetTagger.cpp:89:0)
INFO: [HLS 214-241] Aggregating scalar variable 'input_13' with compact=bit mode in 61-bits (top/JetTagger.cpp:89:0)
INFO: [HLS 214-241] Aggregating scalar variable 'input_12' with compact=bit mode in 61-bits (top/JetTagger.cpp:89:0)
INFO: [HLS 214-241] Aggregating scalar variable 'input_11' with compact=bit mode in 61-bits (top/JetTagger.cpp:89:0)
INFO: [HLS 214-241] Aggregating scalar variable 'input_10' with compact=bit mode in 61-bits (top/JetTagger.cpp:89:0)
INFO: [HLS 214-241] Aggregating scalar variable 'input_9' with compact=bit mode in 61-bits (top/JetTagger.cpp:89:0)
INFO: [HLS 214-241] Aggregating scalar variable 'input_8' with compact=bit mode in 61-bits (top/JetTagger.cpp:89:0)
INFO: [HLS 214-241] Aggregating scalar variable 'input_7' with compact=bit mode in 61-bits (top/JetTagger.cpp:89:0)
INFO: [HLS 214-241] Aggregating scalar variable 'input_6' with compact=bit mode in 61-bits (top/JetTagger.cpp:89:0)
INFO: [HLS 214-241] Aggregating scalar variable 'input_5' with compact=bit mode in 61-bits (top/JetTagger.cpp:89:0)
INFO: [HLS 214-241] Aggregating scalar variable 'input_4' with compact=bit mode in 61-bits (top/JetTagger.cpp:89:0)
INFO: [HLS 214-241] Aggregating scalar variable 'input_3' with compact=bit mode in 61-bits (top/JetTagger.cpp:89:0)
INFO: [HLS 214-241] Aggregating scalar variable 'input_2' with compact=bit mode in 61-bits (top/JetTagger.cpp:89:0)
INFO: [HLS 214-241] Aggregating scalar variable 'input_1' with compact=bit mode in 61-bits (top/JetTagger.cpp:89:0)
INFO: [HLS 214-241] Aggregating scalar variable 'input_0' with compact=bit mode in 61-bits (top/JetTagger.cpp:89:0)
INFO: [HLS 214-364] Automatically inlining function 'void nnet::normalize<ap_fixed<16, 6, (ap_q_mode)5, (ap_o_mode)3, 0>, ap_fixed<16, 6, (ap_q_mode)5, (ap_o_mode)3, 0>, config2>(ap_fixed<16, 6, (ap_q_mode)5, (ap_o_mode)3, 0>*, ap_fixed<16, 6, (ap_q_mode)5, (ap_o_mode)3, 0>*, config2::scale_t*, config2::bias_t*)' to improve effectiveness of pipeline pragma in function 'JetTagger(l1ct::PuppiObj const*, l1ct::Jet*, ap_fixed<16, 6, (ap_q_mode)5, (ap_o_mode)3, 0>*, JetCtrlToken const&, JetCtrlToken&)' (JetTaggerNN/firmware/JetTaggerNN.cpp:46:2)
INFO: [HLS 214-364] Automatically inlining function 'void nnet::conv_1d_latency_cl<ap_fixed<16, 6, (ap_q_mode)5, (ap_o_mode)3, 0>, ap_fixed<16, 6, (ap_q_mode)5, (ap_o_mode)3, 0>, config26>(ap_fixed<16, 6, (ap_q_mode)5, (ap_o_mode)3, 0>*, ap_fixed<16, 6, (ap_q_mode)5, (ap_o_mode)3, 0>*, config26::weight_t*, config26::bias_t*)' to improve effectiveness of pipeline pragma in function 'JetTagger(l1ct::PuppiObj const*, l1ct::Jet*, ap_fixed<16, 6, (ap_q_mode)5, (ap_o_mode)3, 0>*, JetCtrlToken const&, JetCtrlToken&)' (JetTaggerNN/firmware/nnet_utils/nnet_conv1d.h:60:9)
INFO: [HLS 214-364] Automatically inlining function 'void nnet::relu<ap_fixed<16, 6, (ap_q_mode)5, (ap_o_mode)3, 0>, ap_ufixed<9, 0, (ap_q_mode)4, (ap_o_mode)0, 0>, relu_config5>(ap_fixed<16, 6, (ap_q_mode)5, (ap_o_mode)3, 0>*, ap_ufixed<9, 0, (ap_q_mode)4, (ap_o_mode)0, 0>*)' to improve effectiveness of pipeline pragma in function 'JetTagger(l1ct::PuppiObj const*, l1ct::Jet*, ap_fixed<16, 6, (ap_q_mode)5, (ap_o_mode)3, 0>*, JetCtrlToken const&, JetCtrlToken&)' (JetTaggerNN/firmware/JetTaggerNN.cpp:54:2)
INFO: [HLS 214-364] Automatically inlining function 'void nnet::conv_1d_latency_cl<ap_ufixed<9, 0, (ap_q_mode)4, (ap_o_mode)0, 0>, ap_fixed<16, 6, (ap_q_mode)5, (ap_o_mode)3, 0>, config27>(ap_ufixed<9, 0, (ap_q_mode)4, (ap_o_mode)0, 0>*, ap_fixed<16, 6, (ap_q_mode)5, (ap_o_mode)3, 0>*, config27::weight_t*, config27::bias_t*)' to improve effectiveness of pipeline pragma in function 'JetTagger(l1ct::PuppiObj const*, l1ct::Jet*, ap_fixed<16, 6, (ap_q_mode)5, (ap_o_mode)3, 0>*, JetCtrlToken const&, JetCtrlToken&)' (JetTaggerNN/firmware/nnet_utils/nnet_conv1d.h:60:9)
INFO: [HLS 214-364] Automatically inlining function 'void nnet::relu<ap_fixed<16, 6, (ap_q_mode)5, (ap_o_mode)3, 0>, ap_ufixed<9, 0, (ap_q_mode)4, (ap_o_mode)0, 0>, relu_config8>(ap_fixed<16, 6, (ap_q_mode)5, (ap_o_mode)3, 0>*, ap_ufixed<9, 0, (ap_q_mode)4, (ap_o_mode)0, 0>*)' to improve effectiveness of pipeline pragma in function 'JetTagger(l1ct::PuppiObj const*, l1ct::Jet*, ap_fixed<16, 6, (ap_q_mode)5, (ap_o_mode)3, 0>*, JetCtrlToken const&, JetCtrlToken&)' (JetTaggerNN/firmware/JetTaggerNN.cpp:62:2)
INFO: [HLS 214-364] Automatically inlining function 'void nnet::linear<ap_ufixed<9, 0, (ap_q_mode)4, (ap_o_mode)0, 0>, ap_fixed<18, 9, (ap_q_mode)4, (ap_o_mode)0, 0>, linear_config9>(ap_ufixed<9, 0, (ap_q_mode)4, (ap_o_mode)0, 0>*, ap_fixed<18, 9, (ap_q_mode)4, (ap_o_mode)0, 0>*)' to improve effectiveness of pipeline pragma in function 'JetTagger(l1ct::PuppiObj const*, l1ct::Jet*, ap_fixed<16, 6, (ap_q_mode)5, (ap_o_mode)3, 0>*, JetCtrlToken const&, JetCtrlToken&)' (JetTaggerNN/firmware/JetTaggerNN.cpp:66:2)
INFO: [HLS 214-364] Automatically inlining function 'void nnet::global_pooling1d_cl<ap_fixed<18, 9, (ap_q_mode)4, (ap_o_mode)0, 0>, ap_fixed<16, 6, (ap_q_mode)5, (ap_o_mode)3, 0>, config10>(ap_fixed<18, 9, (ap_q_mode)4, (ap_o_mode)0, 0>*, ap_fixed<16, 6, (ap_q_mode)5, (ap_o_mode)3, 0>*)' to improve effectiveness of pipeline pragma in function 'JetTagger(l1ct::PuppiObj const*, l1ct::Jet*, ap_fixed<16, 6, (ap_q_mode)5, (ap_o_mode)3, 0>*, JetCtrlToken const&, JetCtrlToken&)' (JetTaggerNN/firmware/JetTaggerNN.cpp:70:2)
INFO: [HLS 214-364] Automatically inlining function 'void nnet::dense_latency<ap_fixed<16, 6, (ap_q_mode)5, (ap_o_mode)3, 0>, ap_fixed<16, 6, (ap_q_mode)5, (ap_o_mode)3, 0>, config11>(ap_fixed<16, 6, (ap_q_mode)5, (ap_o_mode)3, 0>*, ap_fixed<16, 6, (ap_q_mode)5, (ap_o_mode)3, 0>*, config11::weight_t*, config11::bias_t*)' to improve effectiveness of pipeline pragma in function 'JetTagger(l1ct::PuppiObj const*, l1ct::Jet*, ap_fixed<16, 6, (ap_q_mode)5, (ap_o_mode)3, 0>*, JetCtrlToken const&, JetCtrlToken&)' (JetTaggerNN/firmware/nnet_utils/nnet_dense.h:41:9)
INFO: [HLS 214-364] Automatically inlining function 'void nnet::relu<ap_fixed<16, 6, (ap_q_mode)5, (ap_o_mode)3, 0>, ap_ufixed<9, 0, (ap_q_mode)4, (ap_o_mode)0, 0>, relu_config13>(ap_fixed<16, 6, (ap_q_mode)5, (ap_o_mode)3, 0>*, ap_ufixed<9, 0, (ap_q_mode)4, (ap_o_mode)0, 0>*)' to improve effectiveness of pipeline pragma in function 'JetTagger(l1ct::PuppiObj const*, l1ct::Jet*, ap_fixed<16, 6, (ap_q_mode)5, (ap_o_mode)3, 0>*, JetCtrlToken const&, JetCtrlToken&)' (JetTaggerNN/firmware/JetTaggerNN.cpp:78:2)
INFO: [HLS 214-364] Automatically inlining function 'void nnet::dense_latency<ap_ufixed<9, 0, (ap_q_mode)4, (ap_o_mode)0, 0>, ap_fixed<16, 6, (ap_q_mode)5, (ap_o_mode)3, 0>, config14>(ap_ufixed<9, 0, (ap_q_mode)4, (ap_o_mode)0, 0>*, ap_fixed<16, 6, (ap_q_mode)5, (ap_o_mode)3, 0>*, config14::weight_t*, config14::bias_t*)' to improve effectiveness of pipeline pragma in function 'JetTagger(l1ct::PuppiObj const*, l1ct::Jet*, ap_fixed<16, 6, (ap_q_mode)5, (ap_o_mode)3, 0>*, JetCtrlToken const&, JetCtrlToken&)' (JetTaggerNN/firmware/nnet_utils/nnet_dense.h:41:9)
INFO: [HLS 214-364] Automatically inlining function 'void nnet::dense_latency<ap_ufixed<9, 0, (ap_q_mode)4, (ap_o_mode)0, 0>, ap_fixed<16, 6, (ap_q_mode)5, (ap_o_mode)3, 0>, config16>(ap_ufixed<9, 0, (ap_q_mode)4, (ap_o_mode)0, 0>*, ap_fixed<16, 6, (ap_q_mode)5, (ap_o_mode)3, 0>*, config16::weight_t*, config16::bias_t*)' to improve effectiveness of pipeline pragma in function 'JetTagger(l1ct::PuppiObj const*, l1ct::Jet*, ap_fixed<16, 6, (ap_q_mode)5, (ap_o_mode)3, 0>*, JetCtrlToken const&, JetCtrlToken&)' (JetTaggerNN/firmware/nnet_utils/nnet_dense.h:41:9)
INFO: [HLS 214-364] Automatically inlining function 'void nnet::relu<ap_fixed<16, 6, (ap_q_mode)5, (ap_o_mode)3, 0>, ap_ufixed<9, 0, (ap_q_mode)4, (ap_o_mode)0, 0>, relu_config18>(ap_fixed<16, 6, (ap_q_mode)5, (ap_o_mode)3, 0>*, ap_ufixed<9, 0, (ap_q_mode)4, (ap_o_mode)0, 0>*)' to improve effectiveness of pipeline pragma in function 'JetTagger(l1ct::PuppiObj const*, l1ct::Jet*, ap_fixed<16, 6, (ap_q_mode)5, (ap_o_mode)3, 0>*, JetCtrlToken const&, JetCtrlToken&)' (JetTaggerNN/firmware/JetTaggerNN.cpp:90:2)
INFO: [HLS 214-364] Automatically inlining function 'void nnet::relu<ap_fixed<16, 6, (ap_q_mode)5, (ap_o_mode)3, 0>, ap_ufixed<9, 0, (ap_q_mode)4, (ap_o_mode)0, 0>, relu_config19>(ap_fixed<16, 6, (ap_q_mode)5, (ap_o_mode)3, 0>*, ap_ufixed<9, 0, (ap_q_mode)4, (ap_o_mode)0, 0>*)' to improve effectiveness of pipeline pragma in function 'JetTagger(l1ct::PuppiObj const*, l1ct::Jet*, ap_fixed<16, 6, (ap_q_mode)5, (ap_o_mode)3, 0>*, JetCtrlToken const&, JetCtrlToken&)' (JetTaggerNN/firmware/JetTaggerNN.cpp:94:2)
INFO: [HLS 214-364] Automatically inlining function 'void nnet::dense_latency<ap_ufixed<9, 0, (ap_q_mode)4, (ap_o_mode)0, 0>, ap_fixed<16, 6, (ap_q_mode)5, (ap_o_mode)3, 0>, config20>(ap_ufixed<9, 0, (ap_q_mode)4, (ap_o_mode)0, 0>*, ap_fixed<16, 6, (ap_q_mode)5, (ap_o_mode)3, 0>*, config20::weight_t*, config20::bias_t*)' to improve effectiveness of pipeline pragma in function 'JetTagger(l1ct::PuppiObj const*, l1ct::Jet*, ap_fixed<16, 6, (ap_q_mode)5, (ap_o_mode)3, 0>*, JetCtrlToken const&, JetCtrlToken&)' (JetTaggerNN/firmware/nnet_utils/nnet_dense.h:41:9)
INFO: [HLS 214-364] Automatically inlining function 'void nnet::dense_latency<ap_ufixed<9, 0, (ap_q_mode)4, (ap_o_mode)0, 0>, ap_fixed<16, 6, (ap_q_mode)5, (ap_o_mode)3, 0>, config22>(ap_ufixed<9, 0, (ap_q_mode)4, (ap_o_mode)0, 0>*, ap_fixed<16, 6, (ap_q_mode)5, (ap_o_mode)3, 0>*, config22::weight_t*, config22::bias_t*)' to improve effectiveness of pipeline pragma in function 'JetTagger(l1ct::PuppiObj const*, l1ct::Jet*, ap_fixed<16, 6, (ap_q_mode)5, (ap_o_mode)3, 0>*, JetCtrlToken const&, JetCtrlToken&)' (JetTaggerNN/firmware/nnet_utils/nnet_dense.h:41:9)
INFO: [HLS 214-364] Automatically inlining function 'void nnet::softmax_stable<ap_fixed<16, 6, (ap_q_mode)5, (ap_o_mode)3, 0>, ap_fixed<16, 6, (ap_q_mode)5, (ap_o_mode)3, 0>, softmax_config24>(ap_fixed<16, 6, (ap_q_mode)5, (ap_o_mode)3, 0>*, ap_fixed<16, 6, (ap_q_mode)5, (ap_o_mode)3, 0>*)' to improve effectiveness of pipeline pragma in function 'JetTagger(l1ct::PuppiObj const*, l1ct::Jet*, ap_fixed<16, 6, (ap_q_mode)5, (ap_o_mode)3, 0>*, JetCtrlToken const&, JetCtrlToken&)' (JetTaggerNN/firmware/nnet_utils/nnet_activation.h:386:9)
INFO: [HLS 214-364] Automatically inlining function 'nnet::fill_buffer_26<ap_fixed<16, 6, (ap_q_mode)5, (ap_o_mode)3, 0>, config26>::fill_buffer(ap_fixed<16, 6, (ap_q_mode)5, (ap_o_mode)3, 0>*, ap_fixed<16, 6, (ap_q_mode)5, (ap_o_mode)3, 0> (*) [21], unsigned int) (.312.313)' to improve effectiveness of pipeline pragma in function 'JetTagger(l1ct::PuppiObj const*, l1ct::Jet*, ap_fixed<16, 6, (ap_q_mode)5, (ap_o_mode)3, 0>*, JetCtrlToken const&, JetCtrlToken&)' (JetTaggerNN/firmware/nnet_utils/nnet_conv1d_latency.h:37:2)
INFO: [HLS 214-364] Automatically inlining function 'std::enable_if<!(std::is_same<ap_fixed<16, 6, (ap_q_mode)5, (ap_o_mode)3, 0>, ap_uint<1> >::value), ap_fixed<16, 6, (ap_q_mode)5, (ap_o_mode)3, 0> >::type nnet::cast<ap_fixed<16, 6, (ap_q_mode)5, (ap_o_mode)3, 0>, ap_fixed<16, 6, (ap_q_mode)5, (ap_o_mode)3, 0>, config26_mult>(config26_mult::accum_t)' to improve effectiveness of pipeline pragma in function 'JetTagger(l1ct::PuppiObj const*, l1ct::Jet*, ap_fixed<16, 6, (ap_q_mode)5, (ap_o_mode)3, 0>*, JetCtrlToken const&, JetCtrlToken&)' (JetTaggerNN/firmware/nnet_utils/nnet_conv1d_latency.h:82:21)
INFO: [HLS 214-364] Automatically inlining function 'nnet::fill_buffer_27<ap_ufixed<9, 0, (ap_q_mode)4, (ap_o_mode)0, 0>, config27>::fill_buffer(ap_ufixed<9, 0, (ap_q_mode)4, (ap_o_mode)0, 0>*, ap_ufixed<9, 0, (ap_q_mode)4, (ap_o_mode)0, 0> (*) [32], unsigned int) (.318.319)' to improve effectiveness of pipeline pragma in function 'JetTagger(l1ct::PuppiObj const*, l1ct::Jet*, ap_fixed<16, 6, (ap_q_mode)5, (ap_o_mode)3, 0>*, JetCtrlToken const&, JetCtrlToken&)' (JetTaggerNN/firmware/nnet_utils/nnet_conv1d_latency.h:37:2)
INFO: [HLS 214-364] Automatically inlining function 'std::enable_if<!(std::is_same<ap_ufixed<9, 0, (ap_q_mode)4, (ap_o_mode)0, 0>, ap_uint<1> >::value), ap_fixed<16, 6, (ap_q_mode)5, (ap_o_mode)3, 0> >::type nnet::cast<ap_ufixed<9, 0, (ap_q_mode)4, (ap_o_mode)0, 0>, ap_fixed<16, 6, (ap_q_mode)5, (ap_o_mode)3, 0>, config27_mult>(config27_mult::accum_t)' to improve effectiveness of pipeline pragma in function 'JetTagger(l1ct::PuppiObj const*, l1ct::Jet*, ap_fixed<16, 6, (ap_q_mode)5, (ap_o_mode)3, 0>*, JetCtrlToken const&, JetCtrlToken&)' (JetTaggerNN/firmware/nnet_utils/nnet_conv1d_latency.h:82:21)
INFO: [HLS 214-364] Automatically inlining function 'ap_fixed<18, 9, (ap_q_mode)4, (ap_o_mode)0, 0> nnet::avg<ap_fixed<18, 9, (ap_q_mode)4, (ap_o_mode)0, 0>, 16>(ap_fixed<18, 9, (ap_q_mode)4, (ap_o_mode)0, 0> (&) [16])' to improve effectiveness of pipeline pragma in function 'JetTagger(l1ct::PuppiObj const*, l1ct::Jet*, ap_fixed<16, 6, (ap_q_mode)5, (ap_o_mode)3, 0>*, JetCtrlToken const&, JetCtrlToken&)' (JetTaggerNN/firmware/nnet_utils/nnet_pooling.h:60:16)
INFO: [HLS 214-364] Automatically inlining function 'ap_fixed<16, 6, (ap_q_mode)5, (ap_o_mode)3, 0> nnet::reduce<ap_fixed<16, 6, (ap_q_mode)5, (ap_o_mode)3, 0>, 8, nnet::Op_max<ap_fixed<16, 6, (ap_q_mode)5, (ap_o_mode)3, 0> > >(ap_fixed<16, 6, (ap_q_mode)5, (ap_o_mode)3, 0> const*, nnet::Op_max<ap_fixed<16, 6, (ap_q_mode)5, (ap_o_mode)3, 0> >)' to improve effectiveness of pipeline pragma in function 'JetTagger(l1ct::PuppiObj const*, l1ct::Jet*, ap_fixed<16, 6, (ap_q_mode)5, (ap_o_mode)3, 0>*, JetCtrlToken const&, JetCtrlToken&)' (JetTaggerNN/firmware/nnet_utils/nnet_activation.h:239:20)
INFO: [HLS 214-364] Automatically inlining function 'ap_fixed<18, 8, (ap_q_mode)0, (ap_o_mode)0, 0> nnet::reduce<ap_fixed<18, 8, (ap_q_mode)0, (ap_o_mode)0, 0>, 4, nnet::Op_add<ap_fixed<18, 8, (ap_q_mode)0, (ap_o_mode)0, 0> > >(ap_fixed<18, 8, (ap_q_mode)0, (ap_o_mode)0, 0> const*, nnet::Op_add<ap_fixed<18, 8, (ap_q_mode)0, (ap_o_mode)0, 0> >)' to improve effectiveness of pipeline pragma in function 'JetTagger(l1ct::PuppiObj const*, l1ct::Jet*, ap_fixed<16, 6, (ap_q_mode)5, (ap_o_mode)3, 0>*, JetCtrlToken const&, JetCtrlToken&)' (JetTaggerNN/firmware/nnet_utils/nnet_common.h:45:15)
INFO: [HLS 214-364] Automatically inlining function 'ap_fixed<18, 8, (ap_q_mode)0, (ap_o_mode)0, 0> nnet::reduce<ap_fixed<18, 8, (ap_q_mode)0, (ap_o_mode)0, 0>, 4, nnet::Op_add<ap_fixed<18, 8, (ap_q_mode)0, (ap_o_mode)0, 0> > >(ap_fixed<18, 8, (ap_q_mode)0, (ap_o_mode)0, 0> const*, nnet::Op_add<ap_fixed<18, 8, (ap_q_mode)0, (ap_o_mode)0, 0> >)' to improve effectiveness of pipeline pragma in function 'JetTagger(l1ct::PuppiObj const*, l1ct::Jet*, ap_fixed<16, 6, (ap_q_mode)5, (ap_o_mode)3, 0>*, JetCtrlToken const&, JetCtrlToken&)' (JetTaggerNN/firmware/nnet_utils/nnet_common.h:45:44)
INFO: [HLS 214-270] Inferring pragma 'array_partition type=complete dim=1' for array 'pool' due to pipeline pragma
WARNING: [HLS 214-209] Ignoring ALLOCATION pragma, because the corresponding call is removed (JetTaggerNN/firmware/nnet_utils/nnet_pooling.h:153:9)
INFO: [HLS 200-111] Finished Compiling Optimization and Transform: CPU user time: 2135.74 seconds. CPU system time: 3.73 seconds. Elapsed time: 2151.82 seconds; current allocated memory: 317.723 MB.
INFO: [HLS 200-111] Finished Checking Pragmas: CPU user time: 0 seconds. CPU system time: 0 seconds. Elapsed time: 0 seconds; current allocated memory: 317.723 MB.
INFO: [HLS 200-10] Starting code transformations ...
INFO: [HLS 200-111] Finished Standard Transforms: CPU user time: 8.83 seconds. CPU system time: 0.3 seconds. Elapsed time: 9.3 seconds; current allocated memory: 609.828 MB.
INFO: [HLS 200-10] Checking synthesizability ...
WARNING: [SYNCHK 200-23] top/JetTagger.cpp:59: variable-indexed range selection may cause suboptimal QoR.
INFO: [SYNCHK 200-10] 0 error(s), 1 warning(s).
INFO: [HLS 200-111] Finished Checking Synthesizability: CPU user time: 9.4 seconds. CPU system time: 0.05 seconds. Elapsed time: 9.49 seconds; current allocated memory: 630.785 MB.
INFO: [XFORM 203-401] Performing if-conversion on hyperblock from (top/JetTagger.cpp:96:9) to (top/JetTagger.cpp:123:1) in function 'JetTagger'... converting 6383 basic blocks.
INFO: [XFORM 203-11] Balancing expressions in function 'JetTagger' (top/JetTagger.cpp:11:53)...28052 expression(s) balanced.
INFO: [HLS 200-111] Finished Loop, function and other optimizations: CPU user time: 266.5 seconds. CPU system time: 0.88 seconds. Elapsed time: 268.67 seconds; current allocated memory: 1.412 GB.
INFO: [HLS 200-111] Finished Architecture Synthesis: CPU user time: 509.78 seconds. CPU system time: 0.65 seconds. Elapsed time: 512.85 seconds; current allocated memory: 1.504 GB.
INFO: [HLS 200-10] Starting hardware synthesis ...
INFO: [HLS 200-10] Synthesizing 'JetTagger' ...
INFO: [HLS 200-10] ----------------------------------------------------------------
INFO: [HLS 200-42] -- Implementing module 'JetTagger' 
INFO: [HLS 200-10] ----------------------------------------------------------------
INFO: [SCHED 204-11] Starting scheduling ...
INFO: [SCHED 204-61] Pipelining function 'JetTagger'.
WARNING: [HLS 200-882] User specified resource constraint cannot be honored operation type mul(II = 1)..
WARNING: [HLS 200-885] The II Violation in module 'JetTagger' (function 'JetTagger'): Unable to schedule 'mul' operation 26 bit ('mul_ln59_36', JetTaggerNN/firmware/nnet_utils/nnet_batchnorm.h:59->JetTaggerNN/firmware/JetTaggerNN.cpp:46->top/JetTagger.cpp:110) due to limited resources (II = 2).
WARNING: [HLS 200-885] The II Violation in module 'JetTagger' (function 'JetTagger'): Unable to schedule 'mul' operation 23 bit ('mul_ln59_51', JetTaggerNN/firmware/nnet_utils/nnet_batchnorm.h:59->JetTaggerNN/firmware/JetTaggerNN.cpp:46->top/JetTagger.cpp:110) due to limited resources (II = 3).
WARNING: [HLS 200-885] The II Violation in module 'JetTagger' (function 'JetTagger'): Unable to schedule 'mul' operation 21 bit ('mul_ln73_137', JetTaggerNN/firmware/nnet_utils/nnet_mult.h:73->JetTaggerNN/firmware/nnet_utils/nnet_conv1d_latency.h:54->JetTaggerNN/firmware/nnet_utils/nnet_conv1d.h:60->JetTaggerNN/firmware/JetTaggerNN.cpp:50->top/JetTagger.cpp:110) due to limited resources (II = 4).
WARNING: [HLS 200-885] The II Violation in module 'JetTagger' (function 'JetTagger'): Unable to schedule 'mul' operation 15 bit ('mul_ln54_448', JetTaggerNN/firmware/nnet_utils/nnet_conv1d_latency.h:54->JetTaggerNN/firmware/nnet_utils/nnet_conv1d.h:60->JetTaggerNN/firmware/JetTaggerNN.cpp:58->top/JetTagger.cpp:110) due to limited resources (II = 130).
WARNING: [HLS 200-885] The II Violation in module 'JetTagger' (function 'JetTagger'): Unable to schedule 'mul' operation 14 bit ('mul_ln42_34', JetTaggerNN/firmware/nnet_utils/nnet_dense_latency.h:42->JetTaggerNN/firmware/nnet_utils/nnet_dense.h:41->JetTaggerNN/firmware/JetTaggerNN.cpp:82->top/JetTagger.cpp:110) due to limited resources (II = 193).
WARNING: [HLS 200-885] The II Violation in module 'JetTagger' (function 'JetTagger'): Unable to schedule 'mul' operation 15 bit ('mul_ln42_107', JetTaggerNN/firmware/nnet_utils/nnet_dense_latency.h:42->JetTaggerNN/firmware/nnet_utils/nnet_dense.h:41->JetTaggerNN/firmware/JetTaggerNN.cpp:98->top/JetTagger.cpp:110) due to limited resources (II = 197).
WARNING: [HLS 200-885] The II Violation in module 'JetTagger' (function 'JetTagger'): Unable to schedule 'mul' operation 18 bit ('mul_ln73_3460', JetTaggerNN/firmware/nnet_utils/nnet_mult.h:73->JetTaggerNN/firmware/nnet_utils/nnet_dense_latency.h:42->JetTaggerNN/firmware/nnet_utils/nnet_dense.h:41->JetTaggerNN/firmware/JetTaggerNN.cpp:86->top/JetTagger.cpp:110) due to limited resources (II = 199).
WARNING: [HLS 200-885] The II Violation in module 'JetTagger' (function 'JetTagger'): Unable to schedule 'mul' operation 14 bit ('mul_ln42_99', JetTaggerNN/firmware/nnet_utils/nnet_dense_latency.h:42->JetTaggerNN/firmware/nnet_utils/nnet_dense.h:41->JetTaggerNN/firmware/JetTaggerNN.cpp:86->top/JetTagger.cpp:110) due to limited resources (II = 200).
INFO: [HLS 200-1470] Pipelining result : Target II = 1, Final II = 201, Depth = 677, function 'JetTagger'
WARNING: [HLS 200-871] Estimated clock period (1.659 ns) exceeds the target (target clock period: 2.000 ns, clock uncertainty: 0.540 ns, effective delay budget: 1.460 ns).
WARNING: [HLS 200-1016] The critical path in module 'JetTagger' consists of the following:
	wire read operation ('input_0_read', top/JetTagger.cpp:39->top/JetTagger.cpp:109) on port 'input_0' (top/JetTagger.cpp:39->top/JetTagger.cpp:109) [67]  (0.000 ns)
	'sitofp' operation 32 bit ('conv_i206_i', top/JetTagger.cpp:60->top/JetTagger.cpp:109) [161]  (1.659 ns)

INFO: [SCHED 204-11] Finished scheduling.
INFO: [HLS 200-111] Finished Scheduling: CPU user time: 6727.35 seconds. CPU system time: 27.78 seconds. Elapsed time: 6781.46 seconds; current allocated memory: 11.986 GB.
INFO: [BIND 205-100] Starting micro-architecture generation ...
INFO: [BIND 205-101] Performing variable lifetime analysis.
INFO: [BIND 205-101] Exploring resource sharing.
INFO: [BIND 205-101] Binding ...
INFO: [BIND 205-100] Starting global binding ...
INFO: [BIND 205-100] Finished micro-architecture generation.
INFO: [HLS 200-111] Finished Binding: CPU user time: 3570.02 seconds. CPU system time: 6.61 seconds. Elapsed time: 3591.95 seconds; current allocated memory: 11.986 GB.
INFO: [HLS 200-10] ----------------------------------------------------------------
INFO: [HLS 200-10] -- Generating RTL for module 'JetTagger' 
INFO: [HLS 200-10] ----------------------------------------------------------------
INFO: [RTGEN 206-500] Setting interface mode on port 'JetTagger/input_0' to 'ap_none'.
INFO: [RTGEN 206-500] Setting interface mode on port 'JetTagger/input_1' to 'ap_none'.
INFO: [RTGEN 206-500] Setting interface mode on port 'JetTagger/input_2' to 'ap_none'.
INFO: [RTGEN 206-500] Setting interface mode on port 'JetTagger/input_3' to 'ap_none'.
INFO: [RTGEN 206-500] Setting interface mode on port 'JetTagger/input_4' to 'ap_none'.
INFO: [RTGEN 206-500] Setting interface mode on port 'JetTagger/input_5' to 'ap_none'.
INFO: [RTGEN 206-500] Setting interface mode on port 'JetTagger/input_6' to 'ap_none'.
INFO: [RTGEN 206-500] Setting interface mode on port 'JetTagger/input_7' to 'ap_none'.
INFO: [RTGEN 206-500] Setting interface mode on port 'JetTagger/input_8' to 'ap_none'.
INFO: [RTGEN 206-500] Setting interface mode on port 'JetTagger/input_9' to 'ap_none'.
INFO: [RTGEN 206-500] Setting interface mode on port 'JetTagger/input_10' to 'ap_none'.
INFO: [RTGEN 206-500] Setting interface mode on port 'JetTagger/input_11' to 'ap_none'.
INFO: [RTGEN 206-500] Setting interface mode on port 'JetTagger/input_12' to 'ap_none'.
INFO: [RTGEN 206-500] Setting interface mode on port 'JetTagger/input_13' to 'ap_none'.
INFO: [RTGEN 206-500] Setting interface mode on port 'JetTagger/input_14' to 'ap_none'.
INFO: [RTGEN 206-500] Setting interface mode on port 'JetTagger/input_15' to 'ap_none'.
INFO: [RTGEN 206-500] Setting interface mode on port 'JetTagger/out_scores' to 'ap_none'.
WARNING: [RTGEN 206-101] Port 'out_scores' with mode 'ap_none' may require an associated data valid signal to correctly communicate with other blocks or a test bench; automatic C/RTL co-simulation may not be able to verify such a port.
INFO: [RTGEN 206-500] Setting interface mode on port 'JetTagger/pt_correction' to 'ap_none'.
WARNING: [RTGEN 206-101] Port 'pt_correction' with mode 'ap_none' may require an associated data valid signal to correctly communicate with other blocks or a test bench; automatic C/RTL co-simulation may not be able to verify such a port.
INFO: [RTGEN 206-500] Setting interface mode on port 'JetTagger/token_d' to 'ap_none'.
INFO: [RTGEN 206-500] Setting interface mode on port 'JetTagger/token_q' to 'ap_none'.
WARNING: [RTGEN 206-101] Port 'token_q' with mode 'ap_none' may require an associated data valid signal to correctly communicate with other blocks or a test bench; automatic C/RTL co-simulation may not be able to verify such a port.
INFO: [RTGEN 206-500] Setting interface mode on function 'JetTagger' to 'ap_ctrl_hs'.
INFO: [HLS 200-1030] Apply Unified Pipeline Control on module 'JetTagger' pipeline 'JetTagger' pipeline type 'function pipeline'
INFO: [RTGEN 206-100] Generating core module 'dlog_64ns_64ns_64_65_full_dsp_1': 1 instance(s).
INFO: [RTGEN 206-100] Generating core module 'fmul_32ns_32ns_32_8_max_dsp_1': 1 instance(s).
INFO: [RTGEN 206-100] Generating core module 'fpext_32ns_64_3_no_dsp_1': 1 instance(s).
INFO: [RTGEN 206-100] Generating core module 'mul_10ns_10ns_19_2_1': 1 instance(s).
INFO: [RTGEN 206-100] Generating core module 'mul_10ns_10s_19_2_1': 7 instance(s).
INFO: [RTGEN 206-100] Generating core module 'mul_10ns_10s_20_2_1': 1 instance(s).
INFO: [RTGEN 206-100] Generating core module 'mul_10ns_11s_18_2_1': 3 instance(s).
INFO: [RTGEN 206-100] Generating core module 'mul_10ns_11s_19_2_1': 7 instance(s).
INFO: [RTGEN 206-100] Generating core module 'mul_10ns_11s_20_2_1': 2 instance(s).
INFO: [RTGEN 206-100] Generating core module 'mul_10ns_7s_18_2_1': 1 instance(s).
INFO: [RTGEN 206-100] Generating core module 'mul_10ns_8ns_18_2_1': 1 instance(s).
INFO: [RTGEN 206-100] Generating core module 'mul_10ns_8s_19_2_1': 3 instance(s).
INFO: [RTGEN 206-100] Generating core module 'mul_10ns_9ns_19_2_1': 2 instance(s).
INFO: [RTGEN 206-100] Generating core module 'mul_10ns_9s_18_2_1': 1 instance(s).
INFO: [RTGEN 206-100] Generating core module 'mul_10ns_9s_19_2_1': 1 instance(s).
INFO: [RTGEN 206-100] Generating core module 'mul_10ns_9s_20_2_1': 1 instance(s).
INFO: [RTGEN 206-100] Generating core module 'mul_15s_13s_22_2_1': 1 instance(s).
INFO: [RTGEN 206-100] Generating core module 'mul_16s_13ns_26_2_1': 1 instance(s).
INFO: [RTGEN 206-100] Generating core module 'mul_16s_14s_23_2_1': 1 instance(s).
INFO: [RTGEN 206-100] Generating core module 'mul_16s_14s_26_2_1': 1 instance(s).
INFO: [RTGEN 206-100] Generating core module 'mul_16s_15s_23_2_1': 2 instance(s).
INFO: [RTGEN 206-100] Generating core module 'mul_16s_15s_24_2_1': 1 instance(s).
INFO: [RTGEN 206-100] Generating core module 'mul_16s_15s_25_2_1': 2 instance(s).
INFO: [RTGEN 206-100] Generating core module 'mul_16s_15s_26_2_1': 2 instance(s).
INFO: [RTGEN 206-100] Generating core module 'mul_16s_16s_24_2_1': 1 instance(s).
INFO: [RTGEN 206-100] Generating core module 'mul_16s_16s_25_2_1': 7 instance(s).
INFO: [RTGEN 206-100] Generating core module 'mul_16s_16s_26_2_1': 12 instance(s).
INFO: [RTGEN 206-100] Generating core module 'mul_18s_18s_26_2_1': 1 instance(s).
INFO: [RTGEN 206-100] Generating core module 'mul_8s_5ns_13_1_1': 2 instance(s).
INFO: [RTGEN 206-100] Generating core module 'mul_8s_5s_13_1_1': 1 instance(s).
INFO: [RTGEN 206-100] Generating core module 'mul_9ns_10s_17_1_1': 9 instance(s).
INFO: [RTGEN 206-100] Generating core module 'mul_9ns_10s_18_1_1': 5 instance(s).
INFO: [RTGEN 206-100] Generating core module 'mul_9ns_8s_16_1_1': 1 instance(s).
INFO: [RTGEN 206-100] Generating core module 'mul_9ns_8s_17_1_1': 3 instance(s).
INFO: [RTGEN 206-100] Generating core module 'mul_9ns_9s_16_1_1': 3 instance(s).
INFO: [RTGEN 206-100] Generating core module 'mul_9ns_9s_17_1_1': 6 instance(s).
INFO: [RTGEN 206-100] Generating core module 'mul_9ns_9s_18_1_1': 5 instance(s).
INFO: [RTGEN 206-100] Generating core module 'sitofp_32s_32_7_no_dsp_1': 1 instance(s).
INFO: [RTGEN 206-100] Finished creating RTL model for 'JetTagger'.
INFO: [RTMG 210-279] Implementing memory 'JetTagger_exp_table_ROM_AUTO_1R' using auto ROMs.
INFO: [RTMG 210-279] Implementing memory 'JetTagger_invert_table_ROM_AUTO_1R' using auto ROMs.
INFO: [HLS 200-111] Finished Creating RTL model: CPU user time: 250.63 seconds. CPU system time: 2.36 seconds. Elapsed time: 254.31 seconds; current allocated memory: 11.986 GB.
INFO: [HLS 200-111] Finished Generating all RTL models: CPU user time: 459.94 seconds. CPU system time: 8.16 seconds. Elapsed time: 470.88 seconds; current allocated memory: 11.986 GB.
INFO: [HLS 200-111] Finished Updating report files: CPU user time: 26.72 seconds. CPU system time: 0.28 seconds. Elapsed time: 27.11 seconds; current allocated memory: 11.986 GB.
INFO: [VHDL 208-304] Generating VHDL RTL for JetTagger.
INFO: [VLOG 209-307] Generating Verilog RTL for JetTagger.
INFO: [HLS 200-789] **** Estimated Fmax: 513.77 MHz
INFO: [HLS 200-111] Finished Command csynth_design CPU user time: 14045.6 seconds. CPU system time: 55.06 seconds. Elapsed time: 14164.4 seconds; current allocated memory: 11.738 GB.
