

================================================================
== Vitis HLS Report for 'dense_latency_ap_ufixed_9_0_4_0_0_ap_fixed_16_6_5_3_0_config16_s'
================================================================
* Date:           Sat Oct 19 21:28:23 2024

* Version:        2023.2 (Build 4023990 on Oct 11 2023)
* Project:        JetTagger
* Solution:       solution1 (Vivado IP Flow Target)
* Product family: virtexuplus
* Target device:  xcvu13p-flga2577-2-e


================================================================
== Performance Estimates
================================================================
+ Timing: 
    * Summary: 
    +--------+---------+----------+------------+
    |  Clock |  Target | Estimated| Uncertainty|
    +--------+---------+----------+------------+
    |ap_clk  |  2.00 ns|  1.460 ns|     0.54 ns|
    +--------+---------+----------+------------+

+ Latency: 
    * Summary: 
    +---------+---------+-----------+-----------+-----+-----+---------+
    |  Latency (cycles) |   Latency (absolute)  |  Interval | Pipeline|
    |   min   |   max   |    min    |    max    | min | max |   Type  |
    +---------+---------+-----------+-----------+-----+-----+---------+
    |        7|        7|  14.000 ns|  14.000 ns|    1|    1|      yes|
    +---------+---------+-----------+-----------+-----+-----+---------+

    + Detail: 
        * Instance: 
        N/A

        * Loop: 
        N/A



================================================================
== Utilization Estimates
================================================================
* Summary: 
+---------------------+---------+-------+---------+---------+------+
|         Name        | BRAM_18K|  DSP  |    FF   |   LUT   | URAM |
+---------------------+---------+-------+---------+---------+------+
|DSP                  |        -|      -|        -|        -|     -|
|Expression           |        -|      -|        0|     5080|     -|
|FIFO                 |        -|      -|        -|        -|     -|
|Instance             |        -|      0|        0|     4459|     -|
|Memory               |        -|      -|        -|        -|     -|
|Multiplexer          |        -|      -|        -|      126|     -|
|Register             |        -|      -|     5321|      768|     -|
+---------------------+---------+-------+---------+---------+------+
|Total                |        0|      0|     5321|    10433|     0|
+---------------------+---------+-------+---------+---------+------+
|Available SLR        |     1344|   3072|   864000|   432000|   320|
+---------------------+---------+-------+---------+---------+------+
|Utilization SLR (%)  |        0|      0|       ~0|        2|     0|
+---------------------+---------+-------+---------+---------+------+
|Available            |     5376|  12288|  3456000|  1728000|  1280|
+---------------------+---------+-------+---------+---------+------+
|Utilization (%)      |        0|      0|       ~0|       ~0|     0|
+---------------------+---------+-------+---------+---------+------+

+ Detail: 
    * Instance: 
    +--------------------------+--------------------+---------+----+---+----+-----+
    |         Instance         |       Module       | BRAM_18K| DSP| FF| LUT| URAM|
    +--------------------------+--------------------+---------+----+---+----+-----+
    |mul_9ns_5ns_13_1_1_U6305  |mul_9ns_5ns_13_1_1  |        0|   0|  0|  49|    0|
    |mul_9ns_5ns_13_1_1_U6353  |mul_9ns_5ns_13_1_1  |        0|   0|  0|  49|    0|
    |mul_9ns_5ns_13_1_1_U6357  |mul_9ns_5ns_13_1_1  |        0|   0|  0|  49|    0|
    |mul_9ns_5ns_13_1_1_U6377  |mul_9ns_5ns_13_1_1  |        0|   0|  0|  49|    0|
    |mul_9ns_5ns_13_1_1_U6378  |mul_9ns_5ns_13_1_1  |        0|   0|  0|  49|    0|
    |mul_9ns_5s_14_1_1_U6295   |mul_9ns_5s_14_1_1   |        0|   0|  0|  49|    0|
    |mul_9ns_5s_14_1_1_U6335   |mul_9ns_5s_14_1_1   |        0|   0|  0|  49|    0|
    |mul_9ns_5s_14_1_1_U6358   |mul_9ns_5s_14_1_1   |        0|   0|  0|  49|    0|
    |mul_9ns_5s_14_1_1_U6359   |mul_9ns_5s_14_1_1   |        0|   0|  0|  49|    0|
    |mul_9ns_6ns_14_1_1_U6294  |mul_9ns_6ns_14_1_1  |        0|   0|  0|  49|    0|
    |mul_9ns_6ns_14_1_1_U6307  |mul_9ns_6ns_14_1_1  |        0|   0|  0|  49|    0|
    |mul_9ns_6ns_14_1_1_U6315  |mul_9ns_6ns_14_1_1  |        0|   0|  0|  49|    0|
    |mul_9ns_6ns_14_1_1_U6318  |mul_9ns_6ns_14_1_1  |        0|   0|  0|  49|    0|
    |mul_9ns_6ns_14_1_1_U6322  |mul_9ns_6ns_14_1_1  |        0|   0|  0|  49|    0|
    |mul_9ns_6ns_14_1_1_U6332  |mul_9ns_6ns_14_1_1  |        0|   0|  0|  49|    0|
    |mul_9ns_6ns_14_1_1_U6333  |mul_9ns_6ns_14_1_1  |        0|   0|  0|  49|    0|
    |mul_9ns_6ns_14_1_1_U6334  |mul_9ns_6ns_14_1_1  |        0|   0|  0|  49|    0|
    |mul_9ns_6ns_14_1_1_U6336  |mul_9ns_6ns_14_1_1  |        0|   0|  0|  49|    0|
    |mul_9ns_6ns_14_1_1_U6354  |mul_9ns_6ns_14_1_1  |        0|   0|  0|  49|    0|
    |mul_9ns_6ns_14_1_1_U6360  |mul_9ns_6ns_14_1_1  |        0|   0|  0|  49|    0|
    |mul_9ns_6ns_14_1_1_U6372  |mul_9ns_6ns_14_1_1  |        0|   0|  0|  49|    0|
    |mul_9ns_6s_15_1_1_U6300   |mul_9ns_6s_15_1_1   |        0|   0|  0|  49|    0|
    |mul_9ns_6s_15_1_1_U6301   |mul_9ns_6s_15_1_1   |        0|   0|  0|  49|    0|
    |mul_9ns_6s_15_1_1_U6304   |mul_9ns_6s_15_1_1   |        0|   0|  0|  49|    0|
    |mul_9ns_6s_15_1_1_U6308   |mul_9ns_6s_15_1_1   |        0|   0|  0|  49|    0|
    |mul_9ns_6s_15_1_1_U6313   |mul_9ns_6s_15_1_1   |        0|   0|  0|  49|    0|
    |mul_9ns_6s_15_1_1_U6316   |mul_9ns_6s_15_1_1   |        0|   0|  0|  49|    0|
    |mul_9ns_6s_15_1_1_U6324   |mul_9ns_6s_15_1_1   |        0|   0|  0|  49|    0|
    |mul_9ns_6s_15_1_1_U6340   |mul_9ns_6s_15_1_1   |        0|   0|  0|  49|    0|
    |mul_9ns_6s_15_1_1_U6342   |mul_9ns_6s_15_1_1   |        0|   0|  0|  49|    0|
    |mul_9ns_6s_15_1_1_U6345   |mul_9ns_6s_15_1_1   |        0|   0|  0|  49|    0|
    |mul_9ns_6s_15_1_1_U6356   |mul_9ns_6s_15_1_1   |        0|   0|  0|  49|    0|
    |mul_9ns_6s_15_1_1_U6362   |mul_9ns_6s_15_1_1   |        0|   0|  0|  49|    0|
    |mul_9ns_6s_15_1_1_U6367   |mul_9ns_6s_15_1_1   |        0|   0|  0|  49|    0|
    |mul_9ns_6s_15_1_1_U6369   |mul_9ns_6s_15_1_1   |        0|   0|  0|  49|    0|
    |mul_9ns_6s_15_1_1_U6379   |mul_9ns_6s_15_1_1   |        0|   0|  0|  49|    0|
    |mul_9ns_7ns_15_1_1_U6290  |mul_9ns_7ns_15_1_1  |        0|   0|  0|  49|    0|
    |mul_9ns_7ns_15_1_1_U6297  |mul_9ns_7ns_15_1_1  |        0|   0|  0|  49|    0|
    |mul_9ns_7ns_15_1_1_U6306  |mul_9ns_7ns_15_1_1  |        0|   0|  0|  49|    0|
    |mul_9ns_7ns_15_1_1_U6314  |mul_9ns_7ns_15_1_1  |        0|   0|  0|  49|    0|
    |mul_9ns_7ns_15_1_1_U6317  |mul_9ns_7ns_15_1_1  |        0|   0|  0|  49|    0|
    |mul_9ns_7ns_15_1_1_U6321  |mul_9ns_7ns_15_1_1  |        0|   0|  0|  49|    0|
    |mul_9ns_7ns_15_1_1_U6326  |mul_9ns_7ns_15_1_1  |        0|   0|  0|  49|    0|
    |mul_9ns_7ns_15_1_1_U6328  |mul_9ns_7ns_15_1_1  |        0|   0|  0|  49|    0|
    |mul_9ns_7ns_15_1_1_U6329  |mul_9ns_7ns_15_1_1  |        0|   0|  0|  49|    0|
    |mul_9ns_7ns_15_1_1_U6337  |mul_9ns_7ns_15_1_1  |        0|   0|  0|  49|    0|
    |mul_9ns_7ns_15_1_1_U6349  |mul_9ns_7ns_15_1_1  |        0|   0|  0|  49|    0|
    |mul_9ns_7ns_15_1_1_U6351  |mul_9ns_7ns_15_1_1  |        0|   0|  0|  49|    0|
    |mul_9ns_7ns_15_1_1_U6371  |mul_9ns_7ns_15_1_1  |        0|   0|  0|  49|    0|
    |mul_9ns_7s_16_1_1_U6292   |mul_9ns_7s_16_1_1   |        0|   0|  0|  49|    0|
    |mul_9ns_7s_16_1_1_U6293   |mul_9ns_7s_16_1_1   |        0|   0|  0|  49|    0|
    |mul_9ns_7s_16_1_1_U6296   |mul_9ns_7s_16_1_1   |        0|   0|  0|  49|    0|
    |mul_9ns_7s_16_1_1_U6302   |mul_9ns_7s_16_1_1   |        0|   0|  0|  49|    0|
    |mul_9ns_7s_16_1_1_U6311   |mul_9ns_7s_16_1_1   |        0|   0|  0|  49|    0|
    |mul_9ns_7s_16_1_1_U6319   |mul_9ns_7s_16_1_1   |        0|   0|  0|  49|    0|
    |mul_9ns_7s_16_1_1_U6327   |mul_9ns_7s_16_1_1   |        0|   0|  0|  49|    0|
    |mul_9ns_7s_16_1_1_U6341   |mul_9ns_7s_16_1_1   |        0|   0|  0|  49|    0|
    |mul_9ns_7s_16_1_1_U6343   |mul_9ns_7s_16_1_1   |        0|   0|  0|  49|    0|
    |mul_9ns_7s_16_1_1_U6347   |mul_9ns_7s_16_1_1   |        0|   0|  0|  49|    0|
    |mul_9ns_7s_16_1_1_U6350   |mul_9ns_7s_16_1_1   |        0|   0|  0|  49|    0|
    |mul_9ns_7s_16_1_1_U6352   |mul_9ns_7s_16_1_1   |        0|   0|  0|  49|    0|
    |mul_9ns_7s_16_1_1_U6363   |mul_9ns_7s_16_1_1   |        0|   0|  0|  49|    0|
    |mul_9ns_7s_16_1_1_U6368   |mul_9ns_7s_16_1_1   |        0|   0|  0|  49|    0|
    |mul_9ns_7s_16_1_1_U6374   |mul_9ns_7s_16_1_1   |        0|   0|  0|  49|    0|
    |mul_9ns_7s_16_1_1_U6375   |mul_9ns_7s_16_1_1   |        0|   0|  0|  49|    0|
    |mul_9ns_8ns_16_1_1_U6310  |mul_9ns_8ns_16_1_1  |        0|   0|  0|  49|    0|
    |mul_9ns_8ns_16_1_1_U6325  |mul_9ns_8ns_16_1_1  |        0|   0|  0|  49|    0|
    |mul_9ns_8ns_16_1_1_U6330  |mul_9ns_8ns_16_1_1  |        0|   0|  0|  49|    0|
    |mul_9ns_8ns_16_1_1_U6344  |mul_9ns_8ns_16_1_1  |        0|   0|  0|  49|    0|
    |mul_9ns_8ns_16_1_1_U6361  |mul_9ns_8ns_16_1_1  |        0|   0|  0|  49|    0|
    |mul_9ns_8ns_16_1_1_U6364  |mul_9ns_8ns_16_1_1  |        0|   0|  0|  49|    0|
    |mul_9ns_8ns_16_1_1_U6376  |mul_9ns_8ns_16_1_1  |        0|   0|  0|  49|    0|
    |mul_9ns_8ns_16_1_1_U6380  |mul_9ns_8ns_16_1_1  |        0|   0|  0|  49|    0|
    |mul_9ns_8s_17_1_1_U6291   |mul_9ns_8s_17_1_1   |        0|   0|  0|  49|    0|
    |mul_9ns_8s_17_1_1_U6298   |mul_9ns_8s_17_1_1   |        0|   0|  0|  49|    0|
    |mul_9ns_8s_17_1_1_U6299   |mul_9ns_8s_17_1_1   |        0|   0|  0|  49|    0|
    |mul_9ns_8s_17_1_1_U6303   |mul_9ns_8s_17_1_1   |        0|   0|  0|  49|    0|
    |mul_9ns_8s_17_1_1_U6309   |mul_9ns_8s_17_1_1   |        0|   0|  0|  49|    0|
    |mul_9ns_8s_17_1_1_U6312   |mul_9ns_8s_17_1_1   |        0|   0|  0|  49|    0|
    |mul_9ns_8s_17_1_1_U6320   |mul_9ns_8s_17_1_1   |        0|   0|  0|  49|    0|
    |mul_9ns_8s_17_1_1_U6323   |mul_9ns_8s_17_1_1   |        0|   0|  0|  49|    0|
    |mul_9ns_8s_17_1_1_U6331   |mul_9ns_8s_17_1_1   |        0|   0|  0|  49|    0|
    |mul_9ns_8s_17_1_1_U6338   |mul_9ns_8s_17_1_1   |        0|   0|  0|  49|    0|
    |mul_9ns_8s_17_1_1_U6339   |mul_9ns_8s_17_1_1   |        0|   0|  0|  49|    0|
    |mul_9ns_8s_17_1_1_U6346   |mul_9ns_8s_17_1_1   |        0|   0|  0|  49|    0|
    |mul_9ns_8s_17_1_1_U6355   |mul_9ns_8s_17_1_1   |        0|   0|  0|  49|    0|
    |mul_9ns_8s_17_1_1_U6365   |mul_9ns_8s_17_1_1   |        0|   0|  0|  49|    0|
    |mul_9ns_8s_17_1_1_U6366   |mul_9ns_8s_17_1_1   |        0|   0|  0|  49|    0|
    |mul_9ns_8s_17_1_1_U6370   |mul_9ns_8s_17_1_1   |        0|   0|  0|  49|    0|
    |mul_9ns_8s_17_1_1_U6373   |mul_9ns_8s_17_1_1   |        0|   0|  0|  49|    0|
    |mul_9ns_9s_18_1_1_U6348   |mul_9ns_9s_18_1_1   |        0|   0|  0|  49|    0|
    +--------------------------+--------------------+---------+----+---+----+-----+
    |Total                     |                    |        0|   0|  0|4459|    0|
    +--------------------------+--------------------+---------+----+---+----+-----+

    * DSP: 
    N/A

    * Memory: 
    N/A

    * FIFO: 
    N/A

    * Expression: 
    +---------------------------+----------+----+---+----+------------+------------+
    |       Variable Name       | Operation| DSP| FF| LUT| Bitwidth P0| Bitwidth P1|
    +---------------------------+----------+----+---+----+------------+------------+
    |add_ln42_10_fu_59398_p2    |         +|   0|  0|  22|          15|          15|
    |add_ln42_11_fu_60952_p2    |         +|   0|  0|  22|          15|          15|
    |add_ln42_12_fu_59857_p2    |         +|   0|  0|  20|          13|          13|
    |add_ln42_13_fu_59980_p2    |         +|   0|  0|  19|          12|          12|
    |add_ln42_2_fu_57269_p2     |         +|   0|  0|  19|          12|          12|
    |add_ln42_3_fu_57399_p2     |         +|   0|  0|  21|          14|          14|
    |add_ln42_4_fu_57790_p2     |         +|   0|  0|  23|          16|          16|
    |add_ln42_5_fu_57855_p2     |         +|   0|  0|  23|          16|          16|
    |add_ln42_6_fu_57881_p2     |         +|   0|  0|  20|          13|          13|
    |add_ln42_7_fu_58509_p2     |         +|   0|  0|  21|          14|          14|
    |add_ln42_8_fu_59027_p2     |         +|   0|  0|  19|          12|          12|
    |add_ln42_9_fu_59281_p2     |         +|   0|  0|  19|          12|          12|
    |add_ln42_fu_57226_p2       |         +|   0|  0|  22|          15|          15|
    |add_ln58_172_fu_61157_p2   |         +|   0|  0|  17|          11|          10|
    |add_ln58_173_fu_58074_p2   |         +|   0|  0|  18|          11|          11|
    |add_ln58_174_fu_60192_p2   |         +|   0|  0|  17|          13|           9|
    |add_ln58_175_fu_58080_p2   |         +|   0|  0|  18|          11|          11|
    |add_ln58_176_fu_60201_p2   |         +|   0|  0|  17|          12|          12|
    |add_ln58_177_fu_60207_p2   |         +|   0|  0|  16|           9|           7|
    |add_ln58_178_fu_60217_p2   |         +|   0|  0|  18|          11|          11|
    |add_ln58_179_fu_58086_p2   |         +|   0|  0|  17|          10|           9|
    |add_ln58_180_fu_58096_p2   |         +|   0|  0|  19|          12|          12|
    |add_ln58_181_fu_60225_p2   |         +|   0|  0|  17|          11|          11|
    |add_ln58_182_fu_60231_p2   |         +|   0|  0|  17|          11|          11|
    |add_ln58_183_fu_60237_p2   |         +|   0|  0|  17|          12|          12|
    |add_ln58_184_fu_61172_p2   |         +|   0|  0|  17|          13|          13|
    |add_ln58_185_fu_61178_p2   |         +|   0|  0|  19|          12|          12|
    |add_ln58_186_fu_61848_p2   |         +|   0|  0|  17|          13|          13|
    |add_ln58_187_fu_61854_p2   |         +|   0|  0|  17|          13|          13|
    |add_ln58_188_fu_61860_p2   |         +|   0|  0|  20|          13|          13|
    |add_ln58_189_fu_62322_p2   |         +|   0|  0|  22|          15|          15|
    |add_ln58_190_fu_61866_p2   |         +|   0|  0|  17|          10|          10|
    |add_ln58_191_fu_62331_p2   |         +|   0|  0|  16|          15|          15|
    |add_ln58_192_fu_61184_p2   |         +|   0|  0|  17|          10|          10|
    |add_ln58_193_fu_61190_p2   |         +|   0|  0|  16|           9|           9|
    |add_ln58_194_fu_61878_p2   |         +|   0|  0|  18|          11|          11|
    |add_ln58_195_fu_62340_p2   |         +|   0|  0|  16|          15|          15|
    |add_ln58_196_fu_61196_p2   |         +|   0|  0|  17|          11|          11|
    |add_ln58_197_fu_60243_p2   |         +|   0|  0|  19|          12|          12|
    |add_ln58_198_fu_61890_p2   |         +|   0|  0|  17|          13|          13|
    |add_ln58_199_fu_61896_p2   |         +|   0|  0|  17|          13|          13|
    |add_ln58_200_fu_61202_p2   |         +|   0|  0|  19|          12|          12|
    |add_ln58_201_fu_61905_p2   |         +|   0|  0|  20|          13|          13|
    |add_ln58_202_fu_62352_p2   |         +|   0|  0|  21|          14|          14|
    |add_ln58_203_fu_61208_p2   |         +|   0|  0|  18|          11|          11|
    |add_ln58_204_fu_61914_p2   |         +|   0|  0|  17|          12|          12|
    |add_ln58_205_fu_60249_p2   |         +|   0|  0|  16|           9|           9|
    |add_ln58_206_fu_61217_p2   |         +|   0|  0|  17|          10|          10|
    |add_ln58_207_fu_61923_p2   |         +|   0|  0|  17|          12|          12|
    |add_ln58_208_fu_62468_p2   |         +|   0|  0|  22|          15|          15|
    |add_ln58_209_fu_58102_p2   |         +|   0|  0|  19|          12|           9|
    |add_ln58_210_fu_60258_p2   |         +|   0|  0|  17|          13|          13|
    |add_ln58_211_fu_60264_p2   |         +|   0|  0|  17|          13|          13|
    |add_ln58_212_fu_61223_p2   |         +|   0|  0|  17|          13|          13|
    |add_ln58_213_fu_60270_p2   |         +|   0|  0|  16|           9|           9|
    |add_ln58_214_fu_61231_p2   |         +|   0|  0|  17|          10|          10|
    |add_ln58_215_fu_61241_p2   |         +|   0|  0|  17|          13|          13|
    |add_ln58_216_fu_61932_p2   |         +|   0|  0|  16|          14|          14|
    |add_ln58_217_fu_61247_p2   |         +|   0|  0|  20|          13|          13|
    |add_ln58_218_fu_61941_p2   |         +|   0|  0|  16|          14|          14|
    |add_ln58_219_fu_61253_p2   |         +|   0|  0|  19|          12|          12|
    |add_ln58_220_fu_61259_p2   |         +|   0|  0|  18|          11|          11|
    |add_ln58_221_fu_61953_p2   |         +|   0|  0|  20|          13|          13|
    |add_ln58_222_fu_62364_p2   |         +|   0|  0|  22|          15|          15|
    |add_ln58_223_fu_61265_p2   |         +|   0|  0|  20|          13|          13|
    |add_ln58_224_fu_61271_p2   |         +|   0|  0|  19|          12|          12|
    |add_ln58_225_fu_61965_p2   |         +|   0|  0|  16|          14|          14|
    |add_ln58_226_fu_61971_p2   |         +|   0|  0|  16|          14|          14|
    |add_ln58_227_fu_61277_p2   |         +|   0|  0|  20|          13|          13|
    |add_ln58_228_fu_61984_p2   |         +|   0|  0|  16|          15|          15|
    |add_ln58_229_fu_61283_p2   |         +|   0|  0|  18|          11|          11|
    |add_ln58_230_fu_60276_p2   |         +|   0|  0|  15|           8|           8|
    |add_ln58_231_fu_61296_p2   |         +|   0|  0|  18|          11|          11|
    |add_ln58_232_fu_61306_p2   |         +|   0|  0|  19|          12|          12|
    |add_ln58_233_fu_61993_p2   |         +|   0|  0|  16|          15|          15|
    |add_ln58_234_fu_60282_p2   |         +|   0|  0|  20|          13|           6|
    |add_ln58_235_fu_61315_p2   |         +|   0|  0|  16|          14|          14|
    |add_ln58_236_fu_61321_p2   |         +|   0|  0|  16|          14|          14|
    |add_ln58_237_fu_60288_p2   |         +|   0|  0|  20|          13|          13|
    |add_ln58_238_fu_61334_p2   |         +|   0|  0|  16|          15|          15|
    |add_ln58_239_fu_61340_p2   |         +|   0|  0|  16|          15|          15|
    |add_ln58_240_fu_61346_p2   |         +|   0|  0|  19|          12|          12|
    |add_ln58_241_fu_62002_p2   |         +|   0|  0|  21|          14|          14|
    |add_ln58_242_fu_62012_p2   |         +|   0|  0|  16|          15|          15|
    |add_ln58_243_fu_62017_p2   |         +|   0|  0|  17|          12|          12|
    |add_ln58_244_fu_61352_p2   |         +|   0|  0|  18|           9|           9|
    |add_ln58_245_fu_61358_p2   |         +|   0|  0|  18|           9|           9|
    |add_ln58_246_fu_62026_p2   |         +|   0|  0|  17|          12|          12|
    |add_ln58_247_fu_62036_p2   |         +|   0|  0|  16|          15|          15|
    |add_ln58_248_fu_61364_p2   |         +|   0|  0|  17|          13|          13|
    |add_ln58_249_fu_61370_p2   |         +|   0|  0|  19|          12|          12|
    |add_ln58_250_fu_62048_p2   |         +|   0|  0|  21|          14|          14|
    |add_ln58_251_fu_62370_p2   |         +|   0|  0|  16|          14|          14|
    |add_ln58_252_fu_61376_p2   |         +|   0|  0|  19|          12|          12|
    |add_ln58_253_fu_62378_p2   |         +|   0|  0|  16|          14|          14|
    |add_ln58_254_fu_62054_p2   |         +|   0|  0|  19|          12|          12|
    |add_ln58_255_fu_61382_p2   |         +|   0|  0|  17|          10|          10|
    |add_ln58_256_fu_62063_p2   |         +|   0|  0|  18|          11|          11|
    |add_ln58_257_fu_62390_p2   |         +|   0|  0|  20|          13|          13|
    |add_ln58_258_fu_62493_p2   |         +|   0|  0|  22|          15|          15|
    |add_ln58_259_fu_61388_p2   |         +|   0|  0|  16|          14|          11|
    |add_ln58_260_fu_61394_p2   |         +|   0|  0|  16|          14|          14|
    |add_ln58_261_fu_61404_p2   |         +|   0|  0|  19|          12|          12|
    |add_ln58_262_fu_61414_p2   |         +|   0|  0|  16|          15|          15|
    |add_ln58_263_fu_61420_p2   |         +|   0|  0|  16|          15|          15|
    |add_ln58_264_fu_61426_p2   |         +|   0|  0|  20|          13|          13|
    |add_ln58_265_fu_62075_p2   |         +|   0|  0|  21|          14|          14|
    |add_ln58_266_fu_62085_p2   |         +|   0|  0|  16|          16|          16|
    |add_ln58_267_fu_61432_p2   |         +|   0|  0|  18|          11|          11|
    |add_ln58_268_fu_60294_p2   |         +|   0|  0|  14|           7|           7|
    |add_ln58_269_fu_61445_p2   |         +|   0|  0|  18|          11|          11|
    |add_ln58_270_fu_61455_p2   |         +|   0|  0|  19|          12|          12|
    |add_ln58_271_fu_62094_p2   |         +|   0|  0|  16|          16|          16|
    |add_ln58_272_fu_57435_p2   |         +|   0|  0|  17|          10|          10|
    |add_ln58_273_fu_58111_p2   |         +|   0|  0|  17|          12|          12|
    |add_ln58_274_fu_58117_p2   |         +|   0|  0|  17|          12|          12|
    |add_ln58_275_fu_61464_p2   |         +|   0|  0|  19|          12|          12|
    |add_ln58_276_fu_61474_p2   |         +|   0|  0|  16|          14|          14|
    |add_ln58_277_fu_61480_p2   |         +|   0|  0|  16|          14|          14|
    |add_ln58_278_fu_61486_p2   |         +|   0|  0|  20|          13|          13|
    |add_ln58_279_fu_62106_p2   |         +|   0|  0|  21|          14|          14|
    |add_ln58_280_fu_62116_p2   |         +|   0|  0|  16|          15|          15|
    |add_ln58_281_fu_62122_p2   |         +|   0|  0|  17|          12|          12|
    |add_ln58_282_fu_60300_p2   |         +|   0|  0|  14|           7|           7|
    |add_ln58_283_fu_61495_p2   |         +|   0|  0|  17|          10|          10|
    |add_ln58_284_fu_62131_p2   |         +|   0|  0|  17|          12|          12|
    |add_ln58_285_fu_62141_p2   |         +|   0|  0|  16|          15|          15|
    |add_ln58_286_fu_60306_p2   |         +|   0|  0|  17|          13|          13|
    |add_ln58_287_fu_60312_p2   |         +|   0|  0|  17|          13|          13|
    |add_ln58_288_fu_61504_p2   |         +|   0|  0|  21|          14|          14|
    |add_ln58_289_fu_61510_p2   |         +|   0|  0|  19|          12|          12|
    |add_ln58_290_fu_62153_p2   |         +|   0|  0|  22|          15|          15|
    |add_ln58_291_fu_62396_p2   |         +|   0|  0|  16|          15|          15|
    |add_ln58_292_fu_62401_p2   |         +|   0|  0|  19|          12|          12|
    |add_ln58_293_fu_62411_p2   |         +|   0|  0|  16|          15|          15|
    |add_ln58_294_fu_62159_p2   |         +|   0|  0|  18|          11|          11|
    |add_ln58_295_fu_60318_p2   |         +|   0|  0|  16|           9|           9|
    |add_ln58_296_fu_62172_p2   |         +|   0|  0|  19|          12|          12|
    |add_ln58_297_fu_62512_p2   |         +|   0|  0|  23|          16|          16|
    |add_ln58_298_fu_60324_p2   |         +|   0|  0|  17|          13|          13|
    |add_ln58_299_fu_60330_p2   |         +|   0|  0|  20|          13|          13|
    |add_ln58_300_fu_61522_p2   |         +|   0|  0|  16|          14|          14|
    |add_ln58_301_fu_61528_p2   |         +|   0|  0|  19|          12|          12|
    |add_ln58_302_fu_61534_p2   |         +|   0|  0|  18|          11|          11|
    |add_ln58_303_fu_61544_p2   |         +|   0|  0|  16|          14|          14|
    |add_ln58_304_fu_62184_p2   |         +|   0|  0|  22|          15|          15|
    |add_ln58_305_fu_62190_p2   |         +|   0|  0|  20|          13|          13|
    |add_ln58_306_fu_62420_p2   |         +|   0|  0|  16|          14|          14|
    |add_ln58_307_fu_61550_p2   |         +|   0|  0|  19|          12|          12|
    |add_ln58_308_fu_62199_p2   |         +|   0|  0|  20|          13|          13|
    |add_ln58_309_fu_62429_p2   |         +|   0|  0|  16|          14|          14|
    |add_ln58_310_fu_62524_p2   |         +|   0|  0|  23|          16|          16|
    |add_ln58_311_fu_60336_p2   |         +|   0|  0|  17|          12|          11|
    |add_ln58_312_fu_60342_p2   |         +|   0|  0|  18|          11|          11|
    |add_ln58_313_fu_60347_p2   |         +|   0|  0|  17|          12|          12|
    |add_ln58_314_fu_61562_p2   |         +|   0|  0|  17|          13|          13|
    |add_ln58_315_fu_61568_p2   |         +|   0|  0|  17|          13|          13|
    |add_ln58_316_fu_61574_p2   |         +|   0|  0|  20|          13|          13|
    |add_ln58_317_fu_62211_p2   |         +|   0|  0|  22|          15|          15|
    |add_ln58_318_fu_62217_p2   |         +|   0|  0|  16|          15|          15|
    |add_ln58_319_fu_62223_p2   |         +|   0|  0|  20|          13|          13|
    |add_ln58_320_fu_62233_p2   |         +|   0|  0|  16|          15|          15|
    |add_ln58_321_fu_62239_p2   |         +|   0|  0|  19|          12|          12|
    |add_ln58_322_fu_61580_p2   |         +|   0|  0|  19|          12|          12|
    |add_ln58_323_fu_62441_p2   |         +|   0|  0|  20|          13|          13|
    |add_ln58_324_fu_62536_p2   |         +|   0|  0|  23|          16|          16|
    |add_ln58_325_fu_60353_p2   |         +|   0|  0|  16|           9|           8|
    |add_ln58_326_fu_60363_p2   |         +|   0|  0|  18|          11|          11|
    |add_ln58_327_fu_61589_p2   |         +|   0|  0|  21|          14|          14|
    |add_ln58_328_fu_61599_p2   |         +|   0|  0|  20|          13|          13|
    |add_ln58_329_fu_61609_p2   |         +|   0|  0|  16|          15|          15|
    |add_ln58_330_fu_61615_p2   |         +|   0|  0|  16|          15|          15|
    |add_ln58_331_fu_61621_p2   |         +|   0|  0|  18|          10|          10|
    |add_ln58_332_fu_61627_p2   |         +|   0|  0|  18|          10|          10|
    |add_ln58_333_fu_62248_p2   |         +|   0|  0|  16|          15|          15|
    |add_ln58_334_fu_61633_p2   |         +|   0|  0|  17|          13|          13|
    |add_ln58_335_fu_60368_p2   |         +|   0|  0|  15|           8|           8|
    |add_ln58_336_fu_61642_p2   |         +|   0|  0|  17|          10|          10|
    |add_ln58_337_fu_61652_p2   |         +|   0|  0|  17|          13|          13|
    |add_ln58_338_fu_62256_p2   |         +|   0|  0|  16|          15|          15|
    |add_ln58_339_fu_60374_p2   |         +|   0|  0|  17|          12|          12|
    |add_ln58_340_fu_60380_p2   |         +|   0|  0|  17|          12|          12|
    |add_ln58_341_fu_61658_p2   |         +|   0|  0|  17|          12|          12|
    |add_ln58_342_fu_61663_p2   |         +|   0|  0|  17|          12|          12|
    |add_ln58_343_fu_61669_p2   |         +|   0|  0|  17|          13|          13|
    |add_ln58_344_fu_61675_p2   |         +|   0|  0|  17|          13|          13|
    |add_ln58_345_fu_62268_p2   |         +|   0|  0|  16|          14|          14|
    |add_ln58_346_fu_62274_p2   |         +|   0|  0|  17|          10|          10|
    |add_ln58_347_fu_62283_p2   |         +|   0|  0|  16|          14|          14|
    |add_ln58_348_fu_61681_p2   |         +|   0|  0|  20|          13|          13|
    |add_ln58_349_fu_61687_p2   |         +|   0|  0|  17|          10|          10|
    |add_ln58_350_fu_62295_p2   |         +|   0|  0|  21|          14|          14|
    |add_ln58_351_fu_62453_p2   |         +|   0|  0|  22|          15|          15|
    |add_ln58_fu_58069_p2       |         +|   0|  0|  17|          10|           8|
    |sub_ln42_10_fu_59204_p2    |         -|   0|  0|  22|          15|          15|
    |sub_ln42_11_fu_59493_p2    |         -|   0|  0|  21|          14|          14|
    |sub_ln42_12_fu_59580_p2    |         -|   0|  0|  20|          13|          13|
    |sub_ln42_13_fu_59668_p2    |         -|   0|  0|  21|          14|          14|
    |sub_ln42_14_fu_59715_p2    |         -|   0|  0|  23|          16|          16|
    |sub_ln42_15_fu_59841_p2    |         -|   0|  0|  20|          13|          13|
    |sub_ln42_16_fu_60170_p2    |         -|   0|  0|  21|          14|          14|
    |sub_ln42_2_fu_57552_p2     |         -|   0|  0|  22|          15|          15|
    |sub_ln42_3_fu_57729_p2     |         -|   0|  0|  23|          16|          16|
    |sub_ln42_4_fu_57816_p2     |         -|   0|  0|  22|          15|          15|
    |sub_ln42_5_fu_58341_p2     |         -|   0|  0|  22|          15|          15|
    |sub_ln42_6_fu_58482_p2     |         -|   0|  0|  20|          13|          13|
    |sub_ln42_7_fu_58009_p2     |         -|   0|  0|  22|          15|          15|
    |sub_ln42_8_fu_58855_p2     |         -|   0|  0|  21|          14|          14|
    |sub_ln42_9_fu_59073_p2     |         -|   0|  0|  19|          12|          12|
    |sub_ln42_fu_57377_p2       |         -|   0|  0|  21|          14|          14|
    |sub_ln73_19_fu_57242_p2    |         -|   0|  0|  22|           1|          15|
    |sub_ln73_1_fu_58917_p2     |         -|   0|  0|  17|           1|          10|
    |sub_ln73_20_fu_57296_p2    |         -|   0|  0|  21|          14|          14|
    |sub_ln73_21_fu_57346_p2    |         -|   0|  0|  19|          12|          12|
    |sub_ln73_22_fu_58191_p2    |         -|   0|  0|  18|           1|          11|
    |sub_ln73_23_fu_57393_p2    |         -|   0|  0|  21|           1|          14|
    |sub_ln73_24_fu_57581_p2    |         -|   0|  0|  22|          15|          15|
    |sub_ln73_25_fu_57611_p2    |         -|   0|  0|  22|          15|          15|
    |sub_ln73_26_fu_57648_p2    |         -|   0|  0|  24|           1|          17|
    |sub_ln73_27_fu_58223_p2    |         -|   0|  0|  25|          18|          18|
    |sub_ln73_28_fu_57755_p2    |         -|   0|  0|  21|          14|          14|
    |sub_ln73_29_fu_57429_p2    |         -|   0|  0|  23|           1|          16|
    |sub_ln73_2_fu_60732_p2     |         -|   0|  0|  17|           1|          10|
    |sub_ln73_30_fu_57839_p2    |         -|   0|  0|  24|          17|          17|
    |sub_ln73_31_fu_57934_p2    |         -|   0|  0|  22|           1|          15|
    |sub_ln73_32_fu_58367_p2    |         -|   0|  0|  23|          16|          16|
    |sub_ln73_33_fu_57951_p2    |         -|   0|  0|  21|           1|          14|
    |sub_ln73_34_fu_58396_p2    |         -|   0|  0|  22|          15|          15|
    |sub_ln73_35_fu_58439_p2    |         -|   0|  0|  20|          13|          13|
    |sub_ln73_36_fu_58535_p2    |         -|   0|  0|  20|           1|          13|
    |sub_ln73_37_fu_57992_p2    |         -|   0|  0|  22|           1|          15|
    |sub_ln73_38_fu_58569_p2    |         -|   0|  0|  23|          16|          16|
    |sub_ln73_39_fu_58046_p2    |         -|   0|  0|  23|           1|          16|
    |sub_ln73_3_fu_59684_p2     |         -|   0|  0|  17|           1|          10|
    |sub_ln73_40_fu_58652_p2    |         -|   0|  0|  24|          17|          17|
    |sub_ln73_41_fu_58723_p2    |         -|   0|  0|  21|          14|          14|
    |sub_ln73_42_fu_58785_p2    |         -|   0|  0|  20|          13|          13|
    |sub_ln73_43_fu_58881_p2    |         -|   0|  0|  18|           1|          11|
    |sub_ln73_44_fu_58997_p2    |         -|   0|  0|  21|          14|          14|
    |sub_ln73_45_fu_59043_p2    |         -|   0|  0|  18|           1|          11|
    |sub_ln73_46_fu_59100_p2    |         -|   0|  0|  22|          15|          15|
    |sub_ln73_47_fu_59150_p2    |         -|   0|  0|  21|           1|          14|
    |sub_ln73_48_fu_60562_p2    |         -|   0|  0|  22|          15|          15|
    |sub_ln73_49_fu_59185_p2    |         -|   0|  0|  22|          15|          15|
    |sub_ln73_50_fu_59251_p2    |         -|   0|  0|  23|           1|          16|
    |sub_ln73_51_fu_60600_p2    |         -|   0|  0|  24|          17|          17|
    |sub_ln73_52_fu_60659_p2    |         -|   0|  0|  21|           1|          14|
    |sub_ln73_53_fu_59345_p2    |         -|   0|  0|  22|          15|          15|
    |sub_ln73_54_fu_59382_p2    |         -|   0|  0|  19|          12|          12|
    |sub_ln73_55_fu_59417_p2    |         -|   0|  0|  20|           1|          13|
    |sub_ln73_56_fu_59523_p2    |         -|   0|  0|  18|           1|          11|
    |sub_ln73_57_fu_59616_p2    |         -|   0|  0|  20|           1|          13|
    |sub_ln73_58_fu_60849_p2    |         -|   0|  0|  21|          14|          14|
    |sub_ln73_59_fu_59633_p2    |         -|   0|  0|  19|          12|          12|
    |sub_ln73_60_fu_60912_p2    |         -|   0|  0|  22|          15|          15|
    |sub_ln73_61_fu_59771_p2    |         -|   0|  0|  21|          14|          14|
    |sub_ln73_62_fu_58063_p2    |         -|   0|  0|  22|           1|          15|
    |sub_ln73_63_fu_59790_p2    |         -|   0|  0|  23|          16|          16|
    |sub_ln73_64_fu_59883_p2    |         -|   0|  0|  21|           1|          14|
    |sub_ln73_65_fu_59903_p2    |         -|   0|  0|  18|           1|          11|
    |sub_ln73_66_fu_61048_p2    |         -|   0|  0|  22|           1|          15|
    |sub_ln73_67_fu_61803_p2    |         -|   0|  0|  23|          16|          16|
    |sub_ln73_68_fu_60052_p2    |         -|   0|  0|  19|           1|          12|
    |sub_ln73_69_fu_61080_p2    |         -|   0|  0|  20|          13|          13|
    |sub_ln73_70_fu_60094_p2    |         -|   0|  0|  21|          14|          14|
    |sub_ln73_71_fu_60124_p2    |         -|   0|  0|  21|           1|          14|
    |sub_ln73_72_fu_61118_p2    |         -|   0|  0|  22|          15|          15|
    |sub_ln73_73_fu_60130_p2    |         -|   0|  0|  18|           1|          11|
    |sub_ln73_fu_58310_p2       |         -|   0|  0|  17|           1|          10|
    |ap_block_pp0_stage0_11001  |        or|   0|  0|   2|           1|           1|
    |ap_enable_pp0              |       xor|   0|  0|   2|           1|           2|
    +---------------------------+----------+----+---+----+------------+------------+
    |Total                      |          |   0|  0|5080|        3157|        3485|
    +---------------------------+----------+----+---+----+------------+------------+

    * Multiplexer: 
    +--------------+----+-----------+-----+-----------+
    |     Name     | LUT| Input Size| Bits| Total Bits|
    +--------------+----+-----------+-----+-----------+
    |ap_done       |   9|          2|    1|          2|
    |ap_return_0   |   9|          2|   16|         32|
    |ap_return_1   |   9|          2|   16|         32|
    |ap_return_10  |   9|          2|   16|         32|
    |ap_return_11  |   9|          2|   16|         32|
    |ap_return_12  |   9|          2|   16|         32|
    |ap_return_2   |   9|          2|   16|         32|
    |ap_return_3   |   9|          2|   16|         32|
    |ap_return_4   |   9|          2|   16|         32|
    |ap_return_5   |   9|          2|   16|         32|
    |ap_return_6   |   9|          2|   16|         32|
    |ap_return_7   |   9|          2|   16|         32|
    |ap_return_8   |   9|          2|   16|         32|
    |ap_return_9   |   9|          2|   16|         32|
    +--------------+----+-----------+-----+-----------+
    |Total         | 126|         28|  209|        418|
    +--------------+----+-----------+-----+-----------+

    * Register: 
    +---------------------------------------+----+----+-----+-----------+
    |                  Name                 | FF | LUT| Bits| Const Bits|
    +---------------------------------------+----+----+-----+-----------+
    |add_ln58_173_reg_63121                 |  11|   0|   11|          0|
    |add_ln58_175_reg_63126                 |  11|   0|   11|          0|
    |add_ln58_178_reg_63648                 |  11|   0|   11|          0|
    |add_ln58_180_reg_63131                 |  12|   0|   12|          0|
    |add_ln58_182_reg_63653                 |  11|   0|   11|          0|
    |add_ln58_183_reg_63658                 |  12|   0|   12|          0|
    |add_ln58_185_reg_63888                 |  12|   0|   12|          0|
    |add_ln58_187_reg_64113                 |  13|   0|   13|          0|
    |add_ln58_188_reg_64118                 |  13|   0|   13|          0|
    |add_ln58_190_reg_64123                 |  10|   0|   10|          0|
    |add_ln58_192_reg_63893                 |  10|   0|   10|          0|
    |add_ln58_193_reg_63898                 |   9|   0|    9|          0|
    |add_ln58_194_reg_64128                 |  11|   0|   11|          0|
    |add_ln58_195_reg_64243                 |  15|   0|   15|          0|
    |add_ln58_196_reg_63903                 |  11|   0|   11|          0|
    |add_ln58_197_reg_63663                 |  12|   0|   12|          0|
    |add_ln58_197_reg_63663_pp0_iter4_reg   |  12|   0|   12|          0|
    |add_ln58_199_reg_64133                 |  13|   0|   13|          0|
    |add_ln58_200_reg_63908                 |  12|   0|   12|          0|
    |add_ln58_201_reg_64138                 |  13|   0|   13|          0|
    |add_ln58_202_reg_64248                 |  14|   0|   14|          0|
    |add_ln58_203_reg_63913                 |  11|   0|   11|          0|
    |add_ln58_205_reg_63668                 |   9|   0|    9|          0|
    |add_ln58_206_reg_63918                 |  10|   0|   10|          0|
    |add_ln58_207_reg_64143                 |  12|   0|   12|          0|
    |add_ln58_207_reg_64143_pp0_iter6_reg   |  12|   0|   12|          0|
    |add_ln58_209_reg_63136                 |  12|   0|   12|          0|
    |add_ln58_211_reg_63673                 |  13|   0|   13|          0|
    |add_ln58_213_reg_63678                 |   9|   0|    9|          0|
    |add_ln58_215_reg_63923                 |  13|   0|   13|          0|
    |add_ln58_217_reg_63928                 |  13|   0|   13|          0|
    |add_ln58_218_reg_64148                 |  14|   0|   14|          0|
    |add_ln58_219_reg_63933                 |  12|   0|   12|          0|
    |add_ln58_220_reg_63938                 |  11|   0|   11|          0|
    |add_ln58_221_reg_64153                 |  13|   0|   13|          0|
    |add_ln58_222_reg_64253                 |  15|   0|   15|          0|
    |add_ln58_223_reg_63943                 |  13|   0|   13|          0|
    |add_ln58_224_reg_63948                 |  12|   0|   12|          0|
    |add_ln58_227_reg_63953                 |  13|   0|   13|          0|
    |add_ln58_230_reg_63683                 |   8|   0|    8|          0|
    |add_ln58_232_reg_63958                 |  12|   0|   12|          0|
    |add_ln58_233_reg_64158                 |  15|   0|   15|          0|
    |add_ln58_233_reg_64158_pp0_iter6_reg   |  15|   0|   15|          0|
    |add_ln58_234_reg_63688                 |  13|   0|   13|          0|
    |add_ln58_237_reg_63693                 |  13|   0|   13|          0|
    |add_ln58_239_reg_63963                 |  15|   0|   15|          0|
    |add_ln58_240_reg_63968                 |  12|   0|   12|          0|
    |add_ln58_245_reg_63973                 |   9|   0|    9|          0|
    |add_ln58_247_reg_64163                 |  15|   0|   15|          0|
    |add_ln58_247_reg_64163_pp0_iter6_reg   |  15|   0|   15|          0|
    |add_ln58_248_reg_63978                 |  13|   0|   13|          0|
    |add_ln58_249_reg_63983                 |  12|   0|   12|          0|
    |add_ln58_250_reg_64168                 |  14|   0|   14|          0|
    |add_ln58_252_reg_63988                 |  12|   0|   12|          0|
    |add_ln58_252_reg_63988_pp0_iter5_reg   |  12|   0|   12|          0|
    |add_ln58_253_reg_64258                 |  14|   0|   14|          0|
    |add_ln58_254_reg_64173                 |  12|   0|   12|          0|
    |add_ln58_255_reg_63993                 |  10|   0|   10|          0|
    |add_ln58_256_reg_64178                 |  11|   0|   11|          0|
    |add_ln58_257_reg_64263                 |  13|   0|   13|          0|
    |add_ln58_263_reg_63998                 |  15|   0|   15|          0|
    |add_ln58_264_reg_64003                 |  13|   0|   13|          0|
    |add_ln58_268_reg_63698                 |   7|   0|    7|          0|
    |add_ln58_270_reg_64008                 |  12|   0|   12|          0|
    |add_ln58_271_reg_64183                 |  16|   0|   16|          0|
    |add_ln58_271_reg_64183_pp0_iter6_reg   |  16|   0|   16|          0|
    |add_ln58_272_reg_62925                 |  10|   0|   10|          0|
    |add_ln58_274_reg_63141                 |  12|   0|   12|          0|
    |add_ln58_274_reg_63141_pp0_iter3_reg   |  12|   0|   12|          0|
    |add_ln58_277_reg_64013                 |  14|   0|   14|          0|
    |add_ln58_278_reg_64018                 |  13|   0|   13|          0|
    |add_ln58_282_reg_63703                 |   7|   0|    7|          0|
    |add_ln58_283_reg_64023                 |  10|   0|   10|          0|
    |add_ln58_285_reg_64188                 |  15|   0|   15|          0|
    |add_ln58_285_reg_64188_pp0_iter6_reg   |  15|   0|   15|          0|
    |add_ln58_287_reg_63708                 |  13|   0|   13|          0|
    |add_ln58_288_reg_64028                 |  14|   0|   14|          0|
    |add_ln58_289_reg_64033                 |  12|   0|   12|          0|
    |add_ln58_290_reg_64193                 |  15|   0|   15|          0|
    |add_ln58_293_reg_64268                 |  15|   0|   15|          0|
    |add_ln58_295_reg_63713                 |   9|   0|    9|          0|
    |add_ln58_295_reg_63713_pp0_iter4_reg   |   9|   0|    9|          0|
    |add_ln58_296_reg_64198                 |  12|   0|   12|          0|
    |add_ln58_296_reg_64198_pp0_iter6_reg   |  12|   0|   12|          0|
    |add_ln58_298_reg_63718                 |  13|   0|   13|          0|
    |add_ln58_299_reg_63723                 |  13|   0|   13|          0|
    |add_ln58_301_reg_64038                 |  12|   0|   12|          0|
    |add_ln58_303_reg_64043                 |  14|   0|   14|          0|
    |add_ln58_304_reg_64203                 |  15|   0|   15|          0|
    |add_ln58_304_reg_64203_pp0_iter6_reg   |  15|   0|   15|          0|
    |add_ln58_305_reg_64208                 |  13|   0|   13|          0|
    |add_ln58_307_reg_64048                 |  12|   0|   12|          0|
    |add_ln58_308_reg_64213                 |  13|   0|   13|          0|
    |add_ln58_309_reg_64273                 |  14|   0|   14|          0|
    |add_ln58_312_reg_63728                 |  11|   0|   11|          0|
    |add_ln58_313_reg_63733                 |  12|   0|   12|          0|
    |add_ln58_315_reg_64053                 |  13|   0|   13|          0|
    |add_ln58_316_reg_64058                 |  13|   0|   13|          0|
    |add_ln58_320_reg_64218                 |  15|   0|   15|          0|
    |add_ln58_320_reg_64218_pp0_iter6_reg   |  15|   0|   15|          0|
    |add_ln58_321_reg_64223                 |  12|   0|   12|          0|
    |add_ln58_322_reg_64063                 |  12|   0|   12|          0|
    |add_ln58_322_reg_64063_pp0_iter5_reg   |  12|   0|   12|          0|
    |add_ln58_323_reg_64278                 |  13|   0|   13|          0|
    |add_ln58_326_reg_63738                 |  11|   0|   11|          0|
    |add_ln58_330_reg_64068                 |  15|   0|   15|          0|
    |add_ln58_332_reg_64073                 |  10|   0|   10|          0|
    |add_ln58_335_reg_63743                 |   8|   0|    8|          0|
    |add_ln58_337_reg_64078                 |  13|   0|   13|          0|
    |add_ln58_338_reg_64228                 |  15|   0|   15|          0|
    |add_ln58_338_reg_64228_pp0_iter6_reg   |  15|   0|   15|          0|
    |add_ln58_340_reg_63748                 |  12|   0|   12|          0|
    |add_ln58_342_reg_64083                 |  12|   0|   12|          0|
    |add_ln58_344_reg_64088                 |  13|   0|   13|          0|
    |add_ln58_347_reg_64233                 |  14|   0|   14|          0|
    |add_ln58_348_reg_64093                 |  13|   0|   13|          0|
    |add_ln58_349_reg_64098                 |  10|   0|   10|          0|
    |add_ln58_350_reg_64238                 |  14|   0|   14|          0|
    |add_ln58_351_reg_64283                 |  15|   0|   15|          0|
    |add_ln58_reg_63116                     |  10|   0|   10|          0|
    |ap_CS_fsm                              |   1|   0|    1|          0|
    |ap_done_reg                            |   1|   0|    1|          0|
    |ap_enable_reg_pp0_iter1                |   1|   0|    1|          0|
    |ap_enable_reg_pp0_iter2                |   1|   0|    1|          0|
    |ap_enable_reg_pp0_iter3                |   1|   0|    1|          0|
    |ap_enable_reg_pp0_iter4                |   1|   0|    1|          0|
    |ap_enable_reg_pp0_iter5                |   1|   0|    1|          0|
    |ap_enable_reg_pp0_iter6                |   1|   0|    1|          0|
    |ap_enable_reg_pp0_iter7                |   1|   0|    1|          0|
    |ap_return_0_preg                       |  16|   0|   16|          0|
    |ap_return_10_preg                      |  16|   0|   16|          0|
    |ap_return_11_preg                      |  16|   0|   16|          0|
    |ap_return_12_preg                      |  16|   0|   16|          0|
    |ap_return_1_preg                       |  16|   0|   16|          0|
    |ap_return_2_preg                       |  16|   0|   16|          0|
    |ap_return_3_preg                       |  16|   0|   16|          0|
    |ap_return_4_preg                       |  16|   0|   16|          0|
    |ap_return_5_preg                       |  16|   0|   16|          0|
    |ap_return_6_preg                       |  16|   0|   16|          0|
    |ap_return_7_preg                       |  16|   0|   16|          0|
    |ap_return_8_preg                       |  16|   0|   16|          0|
    |ap_return_9_preg                       |  16|   0|   16|          0|
    |mult_100_reg_63517                     |   9|   0|    9|          0|
    |mult_101_reg_63542                     |   8|   0|    8|          0|
    |mult_102_reg_63562                     |   8|   0|    8|          0|
    |mult_103_reg_62831                     |   8|   0|    8|          0|
    |mult_104_reg_62836                     |   7|   0|    7|          0|
    |mult_105_reg_63582                     |   7|   0|    7|          0|
    |mult_107_reg_62846                     |   5|   0|    5|          0|
    |mult_108_reg_62851                     |   4|   0|    4|          0|
    |mult_109_reg_63643                     |   9|   0|    9|          0|
    |mult_88_reg_63156                      |  13|   0|   13|          0|
    |mult_89_reg_63256                      |   8|   0|    8|          0|
    |mult_89_reg_63256_pp0_iter4_reg        |   8|   0|    8|          0|
    |mult_90_reg_63367                      |   8|   0|    8|          0|
    |mult_91_reg_62816                      |   8|   0|    8|          0|
    |mult_92_reg_63394                      |  10|   0|   10|          0|
    |mult_93_reg_63399                      |  10|   0|   10|          0|
    |mult_94_reg_63778                      |  10|   0|   10|          0|
    |mult_96_reg_63471                      |   9|   0|    9|          0|
    |mult_97_reg_63808                      |   9|   0|    9|          0|
    |mult_98_reg_63501                      |   8|   0|    8|          0|
    |mult_99_reg_63833                      |   9|   0|    9|          0|
    |mult_reg_63151                         |  13|   0|   13|          0|
    |mult_s_reg_62811                       |   8|   0|    8|          0|
    |p_read1035_reg_62661                   |   9|   0|    9|          0|
    |p_read1136_reg_62648                   |   9|   0|    9|          0|
    |p_read1237_reg_62637                   |   9|   0|    9|          0|
    |p_read126_reg_62782                    |   9|   0|    9|          0|
    |p_read1338_reg_62625                   |   9|   0|    9|          0|
    |p_read227_reg_62769                    |   9|   0|    9|          0|
    |p_read227_reg_62769_pp0_iter1_reg      |   9|   0|    9|          0|
    |p_read25_reg_62797                     |   9|   0|    9|          0|
    |p_read328_reg_62755                    |   9|   0|    9|          0|
    |p_read429_reg_62740                    |   9|   0|    9|          0|
    |p_read530_reg_62728                    |   9|   0|    9|          0|
    |p_read631_reg_62714                    |   9|   0|    9|          0|
    |p_read732_reg_62701                    |   9|   0|    9|          0|
    |p_read833_reg_62689                    |   9|   0|    9|          0|
    |p_read934_reg_62677                    |   9|   0|    9|          0|
    |shl_ln73_105_reg_63613                 |   9|   0|   10|          1|
    |shl_ln73_87_reg_63383                  |   9|   0|   11|          2|
    |sub_ln73_23_reg_62903                  |  10|   0|   14|          4|
    |sub_ln73_26_reg_62985                  |  10|   0|   17|          7|
    |sub_ln73_29_reg_62920                  |  10|   0|   16|          6|
    |sub_ln73_31_reg_63065                  |  10|   0|   15|          5|
    |sub_ln73_33_reg_63070                  |  10|   0|   14|          4|
    |sub_ln73_37_reg_63091                  |  10|   0|   15|          5|
    |sub_ln73_39_reg_63106                  |  10|   0|   16|          6|
    |sub_ln73_47_reg_63378                  |  10|   0|   14|          4|
    |sub_ln73_50_reg_63409                  |  10|   0|   16|          6|
    |sub_ln73_57_reg_63512                  |  10|   0|   13|          3|
    |sub_ln73_62_reg_63111                  |  10|   0|   15|          5|
    |sub_ln73_66_reg_63868                  |  10|   0|   15|          5|
    |sub_ln73_68_reg_63602                  |  10|   0|   12|          2|
    |sub_ln73_71_reg_63628                  |  10|   0|   14|          4|
    |tmp_100_reg_63522                      |  11|   0|   11|          0|
    |tmp_101_reg_63537                      |   9|   0|    9|          0|
    |tmp_102_reg_62826                      |   4|   0|    4|          0|
    |tmp_103_reg_63547                      |   8|   0|    8|          0|
    |tmp_104_reg_63572                      |   9|   0|    9|          0|
    |tmp_105_reg_62841                      |   4|   0|    4|          0|
    |tmp_106_reg_63623                      |  10|   0|   10|          0|
    |tmp_106_reg_63623_pp0_iter4_reg        |  10|   0|   10|          0|
    |tmp_107_reg_63633                      |  10|   0|   10|          0|
    |tmp_108_reg_63638                      |   9|   0|    9|          0|
    |tmp_66_reg_62883                       |  11|   0|   11|          0|
    |tmp_67_reg_62888                       |   9|   0|    9|          0|
    |tmp_68_reg_62955                       |   9|   0|    9|          0|
    |tmp_69_reg_62965                       |   8|   0|    8|          0|
    |tmp_70_reg_62908                       |   9|   0|    9|          0|
    |tmp_71_reg_62980                       |  11|   0|   11|          0|
    |tmp_72_reg_62995                       |  10|   0|   10|          0|
    |tmp_73_reg_63005                       |   9|   0|    9|          0|
    |tmp_74_reg_63015                       |  11|   0|   11|          0|
    |tmp_74_reg_63015_pp0_iter3_reg         |  11|   0|   11|          0|
    |tmp_75_reg_63025                       |  11|   0|   11|          0|
    |tmp_75_reg_63025_pp0_iter3_reg         |  11|   0|   11|          0|
    |tmp_76_reg_63045                       |   8|   0|    8|          0|
    |tmp_77_reg_63050                       |   9|   0|    9|          0|
    |tmp_78_reg_63161                       |   8|   0|    8|          0|
    |tmp_79_reg_63075                       |  10|   0|   10|          0|
    |tmp_80_reg_63080                       |  10|   0|   10|          0|
    |tmp_81_reg_63211                       |   9|   0|    9|          0|
    |tmp_82_reg_63101                       |  10|   0|   10|          0|
    |tmp_83_reg_63251                       |  10|   0|   10|          0|
    |tmp_84_reg_63266                       |   9|   0|    9|          0|
    |tmp_85_reg_63271                       |  11|   0|   11|          0|
    |tmp_86_reg_63281                       |  11|   0|   11|          0|
    |tmp_87_reg_63296                       |  10|   0|   10|          0|
    |tmp_88_reg_63347                       |   7|   0|    7|          0|
    |tmp_89_reg_63419                       |  10|   0|   10|          0|
    |tmp_90_reg_63424                       |   7|   0|    7|          0|
    |tmp_91_reg_63788                       |  10|   0|   10|          0|
    |tmp_92_reg_63455                       |  10|   0|   10|          0|
    |tmp_94_reg_62821                       |   5|   0|    5|          0|
    |tmp_95_reg_63461                       |  10|   0|   10|          0|
    |tmp_96_reg_63466                       |  11|   0|   11|          0|
    |tmp_97_reg_63496                       |  11|   0|   11|          0|
    |tmp_98_reg_63813                       |   9|   0|    9|          0|
    |tmp_99_reg_63818                       |   9|   0|    9|          0|
    |tmp_reg_62873                          |   7|   0|    7|          0|
    |trunc_ln17_10_reg_62935                |  11|   0|   11|          0|
    |trunc_ln17_12_reg_62950                |  11|   0|   11|          0|
    |trunc_ln17_15_reg_63853                |  10|   0|   10|          0|
    |trunc_ln17_s_reg_63040                 |  11|   0|   11|          0|
    |trunc_ln42_101_reg_63607               |  10|   0|   10|          0|
    |trunc_ln42_102_reg_63618               |   9|   0|    9|          0|
    |trunc_ln42_103_reg_63878               |  10|   0|   10|          0|
    |trunc_ln42_105_reg_64108               |  11|   0|   11|          0|
    |trunc_ln42_106_reg_63883               |  12|   0|   12|          0|
    |trunc_ln42_10_reg_62960                |  10|   0|   10|          0|
    |trunc_ln42_12_reg_62970                |  10|   0|   10|          0|
    |trunc_ln42_12_reg_62970_pp0_iter3_reg  |  10|   0|   10|          0|
    |trunc_ln42_13_reg_62975                |  10|   0|   10|          0|
    |trunc_ln42_14_reg_62990                |   9|   0|    9|          0|
    |trunc_ln42_15_reg_63000                |  11|   0|   11|          0|
    |trunc_ln42_16_reg_63010                |   9|   0|    9|          0|
    |trunc_ln42_17_reg_63020                |   9|   0|    9|          0|
    |trunc_ln42_17_reg_63020_pp0_iter3_reg  |   9|   0|    9|          0|
    |trunc_ln42_18_reg_63030                |  10|   0|   10|          0|
    |trunc_ln42_19_reg_63035                |  12|   0|   12|          0|
    |trunc_ln42_20_reg_63166                |   9|   0|    9|          0|
    |trunc_ln42_22_reg_63055                |  10|   0|   10|          0|
    |trunc_ln42_22_reg_63055_pp0_iter3_reg  |  10|   0|   10|          0|
    |trunc_ln42_23_reg_63171                |  10|   0|   10|          0|
    |trunc_ln42_24_reg_63176                |  11|   0|   11|          0|
    |trunc_ln42_25_reg_63181                |  11|   0|   11|          0|
    |trunc_ln42_26_reg_63186                |  10|   0|   10|          0|
    |trunc_ln42_27_reg_63191                |  11|   0|   11|          0|
    |trunc_ln42_28_reg_63196                |   8|   0|    8|          0|
    |trunc_ln42_29_reg_63201                |  12|   0|   12|          0|
    |trunc_ln42_30_reg_63206                |   8|   0|    8|          0|
    |trunc_ln42_30_reg_63206_pp0_iter4_reg  |   8|   0|    8|          0|
    |trunc_ln42_32_reg_63216                |  11|   0|   11|          0|
    |trunc_ln42_33_reg_63096                |  10|   0|   10|          0|
    |trunc_ln42_34_reg_63221                |  11|   0|   11|          0|
    |trunc_ln42_35_reg_63226                |  12|   0|   12|          0|
    |trunc_ln42_36_reg_63231                |  11|   0|   11|          0|
    |trunc_ln42_37_reg_63236                |  11|   0|   11|          0|
    |trunc_ln42_37_reg_63236_pp0_iter4_reg  |  11|   0|   11|          0|
    |trunc_ln42_38_reg_63241                |  10|   0|   10|          0|
    |trunc_ln42_39_reg_63246                |  12|   0|   12|          0|
    |trunc_ln42_40_reg_63261                |   9|   0|    9|          0|
    |trunc_ln42_41_reg_63276                |   8|   0|    8|          0|
    |trunc_ln42_42_reg_63286                |  10|   0|   10|          0|
    |trunc_ln42_43_reg_63291                |  12|   0|   12|          0|
    |trunc_ln42_44_reg_63301                |  11|   0|   11|          0|
    |trunc_ln42_45_reg_63306                |   9|   0|    9|          0|
    |trunc_ln42_46_reg_63311                |   9|   0|    9|          0|
    |trunc_ln42_47_reg_63316                |   6|   0|    6|          0|
    |trunc_ln42_48_reg_63753                |  12|   0|   12|          0|
    |trunc_ln42_4_reg_62930                 |  12|   0|   12|          0|
    |trunc_ln42_50_reg_63327                |  12|   0|   12|          0|
    |trunc_ln42_51_reg_63332                |  10|   0|   10|          0|
    |trunc_ln42_52_reg_63337                |  11|   0|   11|          0|
    |trunc_ln42_52_reg_63337_pp0_iter4_reg  |  11|   0|   11|          0|
    |trunc_ln42_53_reg_63342                |   9|   0|    9|          0|
    |trunc_ln42_55_reg_63352                |  11|   0|   11|          0|
    |trunc_ln42_56_reg_63758                |  12|   0|   12|          0|
    |trunc_ln42_57_reg_63357                |   7|   0|    7|          0|
    |trunc_ln42_58_reg_63362                |  10|   0|   10|          0|
    |trunc_ln42_59_reg_63763                |  10|   0|   10|          0|
    |trunc_ln42_5_reg_62878                 |   9|   0|    9|          0|
    |trunc_ln42_60_reg_63389                |  10|   0|   10|          0|
    |trunc_ln42_61_reg_63404                |  11|   0|   11|          0|
    |trunc_ln42_62_reg_63768                |  12|   0|   12|          0|
    |trunc_ln42_63_reg_63414                |  12|   0|   12|          0|
    |trunc_ln42_64_reg_63773                |  10|   0|   10|          0|
    |trunc_ln42_65_reg_63429                |   9|   0|    9|          0|
    |trunc_ln42_66_reg_63783                |   9|   0|    9|          0|
    |trunc_ln42_67_reg_63440                |  10|   0|   10|          0|
    |trunc_ln42_68_reg_63445                |  10|   0|   10|          0|
    |trunc_ln42_69_reg_63450                |   7|   0|    7|          0|
    |trunc_ln42_6_reg_62940                 |  12|   0|   12|          0|
    |trunc_ln42_70_reg_63793                |  10|   0|   10|          0|
    |trunc_ln42_73_reg_63798                |  10|   0|   10|          0|
    |trunc_ln42_74_reg_63476                |  12|   0|   12|          0|
    |trunc_ln42_75_reg_63803                |  10|   0|   10|          0|
    |trunc_ln42_76_reg_63481                |   6|   0|    6|          0|
    |trunc_ln42_77_reg_63486                |  12|   0|   12|          0|
    |trunc_ln42_78_reg_63491                |  12|   0|   12|          0|
    |trunc_ln42_79_reg_63823                |   9|   0|    9|          0|
    |trunc_ln42_7_reg_62945                 |  11|   0|   11|          0|
    |trunc_ln42_80_reg_63828                |  12|   0|   12|          0|
    |trunc_ln42_82_reg_63838                |  10|   0|   10|          0|
    |trunc_ln42_84_reg_63843                |  10|   0|   10|          0|
    |trunc_ln42_85_reg_63848                |  11|   0|   11|          0|
    |trunc_ln42_86_reg_63527                |   9|   0|    9|          0|
    |trunc_ln42_87_reg_63532                |  11|   0|   11|          0|
    |trunc_ln42_88_reg_63552                |  12|   0|   12|          0|
    |trunc_ln42_89_reg_63557                |   9|   0|    9|          0|
    |trunc_ln42_8_reg_62893                 |   7|   0|    7|          0|
    |trunc_ln42_8_reg_62893_pp0_iter2_reg   |   7|   0|    7|          0|
    |trunc_ln42_91_reg_63567                |  12|   0|   12|          0|
    |trunc_ln42_91_reg_63567_pp0_iter4_reg  |  12|   0|   12|          0|
    |trunc_ln42_92_reg_63577                |  12|   0|   12|          0|
    |trunc_ln42_93_reg_63587                |  10|   0|   10|          0|
    |trunc_ln42_94_reg_63858                |  11|   0|   11|          0|
    |trunc_ln42_95_reg_63592                |  10|   0|   10|          0|
    |trunc_ln42_96_reg_63863                |  11|   0|   11|          0|
    |trunc_ln42_97_reg_64103                |  11|   0|   11|          0|
    |trunc_ln42_98_reg_63597                |  10|   0|   10|          0|
    |trunc_ln42_99_reg_63873                |  11|   0|   11|          0|
    |trunc_ln42_9_reg_62898                 |   9|   0|    9|          0|
    |trunc_ln42_s_reg_62868                 |  10|   0|   10|          0|
    |trunc_ln42_s_reg_62868_pp0_iter2_reg   |  10|   0|   10|          0|
    |trunc_ln8_reg_63146                    |  10|   0|   10|          0|
    |trunc_ln_reg_62863                     |  10|   0|   10|          0|
    |zext_ln42_33_reg_62913                 |   9|   0|   16|          7|
    |zext_ln42_47_reg_63060                 |   9|   0|   15|          6|
    |zext_ln42_49_reg_63085                 |   9|   0|   15|          6|
    |zext_ln42_reg_62856                    |   9|   0|   16|          7|
    |zext_ln73_330_reg_63321                |   9|   0|   17|          8|
    |zext_ln73_338_reg_63372                |   9|   0|   15|          6|
    |zext_ln73_346_reg_63434                |   9|   0|   15|          6|
    |zext_ln73_361_reg_63506                |   9|   0|   14|          5|
    |mult_102_reg_63562                     |  64|  32|    8|          0|
    |mult_103_reg_62831                     |  64|  32|    8|          0|
    |mult_104_reg_62836                     |  64|  32|    7|          0|
    |mult_107_reg_62846                     |  64|  32|    5|          0|
    |mult_108_reg_62851                     |  64|  32|    4|          0|
    |mult_91_reg_62816                      |  64|  32|    8|          0|
    |p_read1035_reg_62661                   |  64|  32|    9|          0|
    |p_read1136_reg_62648                   |  64|  32|    9|          0|
    |p_read1237_reg_62637                   |  64|  32|    9|          0|
    |p_read126_reg_62782                    |  64|  32|    9|          0|
    |p_read1338_reg_62625                   |  64|  32|    9|          0|
    |p_read25_reg_62797                     |  64|  32|    9|          0|
    |p_read328_reg_62755                    |  64|  32|    9|          0|
    |p_read429_reg_62740                    |  64|  32|    9|          0|
    |p_read530_reg_62728                    |  64|  32|    9|          0|
    |p_read631_reg_62714                    |  64|  32|    9|          0|
    |p_read732_reg_62701                    |  64|  32|    9|          0|
    |p_read833_reg_62689                    |  64|  32|    9|          0|
    |p_read934_reg_62677                    |  64|  32|    9|          0|
    |tmp_102_reg_62826                      |  64|  32|    4|          0|
    |tmp_105_reg_62841                      |  64|  32|    4|          0|
    |tmp_92_reg_63455                       |  64|  32|   10|          0|
    |tmp_94_reg_62821                       |  64|  32|    5|          0|
    |trunc_ln42_78_reg_63491                |  64|  32|   12|          0|
    +---------------------------------------+----+----+-----+-----------+
    |Total                                  |5321| 768| 4097|        120|
    +---------------------------------------+----+----+-----+-----------+



================================================================
== Interface
================================================================
* Summary: 
+--------------+-----+-----+------------+-----------------------------------------------------------------------------+--------------+
|   RTL Ports  | Dir | Bits|  Protocol  |                                Source Object                                |    C Type    |
+--------------+-----+-----+------------+-----------------------------------------------------------------------------+--------------+
|ap_clk        |   in|    1|  ap_ctrl_hs|  dense_latency<ap_ufixed<9, 0, 4, 0, 0>, ap_fixed<16, 6, 5, 3, 0>, config16>|  return value|
|ap_rst        |   in|    1|  ap_ctrl_hs|  dense_latency<ap_ufixed<9, 0, 4, 0, 0>, ap_fixed<16, 6, 5, 3, 0>, config16>|  return value|
|ap_start      |   in|    1|  ap_ctrl_hs|  dense_latency<ap_ufixed<9, 0, 4, 0, 0>, ap_fixed<16, 6, 5, 3, 0>, config16>|  return value|
|ap_done       |  out|    1|  ap_ctrl_hs|  dense_latency<ap_ufixed<9, 0, 4, 0, 0>, ap_fixed<16, 6, 5, 3, 0>, config16>|  return value|
|ap_continue   |   in|    1|  ap_ctrl_hs|  dense_latency<ap_ufixed<9, 0, 4, 0, 0>, ap_fixed<16, 6, 5, 3, 0>, config16>|  return value|
|ap_idle       |  out|    1|  ap_ctrl_hs|  dense_latency<ap_ufixed<9, 0, 4, 0, 0>, ap_fixed<16, 6, 5, 3, 0>, config16>|  return value|
|ap_ready      |  out|    1|  ap_ctrl_hs|  dense_latency<ap_ufixed<9, 0, 4, 0, 0>, ap_fixed<16, 6, 5, 3, 0>, config16>|  return value|
|ap_return_0   |  out|   16|  ap_ctrl_hs|  dense_latency<ap_ufixed<9, 0, 4, 0, 0>, ap_fixed<16, 6, 5, 3, 0>, config16>|  return value|
|ap_return_1   |  out|   16|  ap_ctrl_hs|  dense_latency<ap_ufixed<9, 0, 4, 0, 0>, ap_fixed<16, 6, 5, 3, 0>, config16>|  return value|
|ap_return_2   |  out|   16|  ap_ctrl_hs|  dense_latency<ap_ufixed<9, 0, 4, 0, 0>, ap_fixed<16, 6, 5, 3, 0>, config16>|  return value|
|ap_return_3   |  out|   16|  ap_ctrl_hs|  dense_latency<ap_ufixed<9, 0, 4, 0, 0>, ap_fixed<16, 6, 5, 3, 0>, config16>|  return value|
|ap_return_4   |  out|   16|  ap_ctrl_hs|  dense_latency<ap_ufixed<9, 0, 4, 0, 0>, ap_fixed<16, 6, 5, 3, 0>, config16>|  return value|
|ap_return_5   |  out|   16|  ap_ctrl_hs|  dense_latency<ap_ufixed<9, 0, 4, 0, 0>, ap_fixed<16, 6, 5, 3, 0>, config16>|  return value|
|ap_return_6   |  out|   16|  ap_ctrl_hs|  dense_latency<ap_ufixed<9, 0, 4, 0, 0>, ap_fixed<16, 6, 5, 3, 0>, config16>|  return value|
|ap_return_7   |  out|   16|  ap_ctrl_hs|  dense_latency<ap_ufixed<9, 0, 4, 0, 0>, ap_fixed<16, 6, 5, 3, 0>, config16>|  return value|
|ap_return_8   |  out|   16|  ap_ctrl_hs|  dense_latency<ap_ufixed<9, 0, 4, 0, 0>, ap_fixed<16, 6, 5, 3, 0>, config16>|  return value|
|ap_return_9   |  out|   16|  ap_ctrl_hs|  dense_latency<ap_ufixed<9, 0, 4, 0, 0>, ap_fixed<16, 6, 5, 3, 0>, config16>|  return value|
|ap_return_10  |  out|   16|  ap_ctrl_hs|  dense_latency<ap_ufixed<9, 0, 4, 0, 0>, ap_fixed<16, 6, 5, 3, 0>, config16>|  return value|
|ap_return_11  |  out|   16|  ap_ctrl_hs|  dense_latency<ap_ufixed<9, 0, 4, 0, 0>, ap_fixed<16, 6, 5, 3, 0>, config16>|  return value|
|ap_return_12  |  out|   16|  ap_ctrl_hs|  dense_latency<ap_ufixed<9, 0, 4, 0, 0>, ap_fixed<16, 6, 5, 3, 0>, config16>|  return value|
|p_read        |   in|    9|     ap_none|                                                                       p_read|        scalar|
|p_read1       |   in|    9|     ap_none|                                                                      p_read1|        scalar|
|p_read2       |   in|    9|     ap_none|                                                                      p_read2|        scalar|
|p_read3       |   in|    9|     ap_none|                                                                      p_read3|        scalar|
|p_read4       |   in|    9|     ap_none|                                                                      p_read4|        scalar|
|p_read5       |   in|    9|     ap_none|                                                                      p_read5|        scalar|
|p_read6       |   in|    9|     ap_none|                                                                      p_read6|        scalar|
|p_read7       |   in|    9|     ap_none|                                                                      p_read7|        scalar|
|p_read8       |   in|    9|     ap_none|                                                                      p_read8|        scalar|
|p_read9       |   in|    9|     ap_none|                                                                      p_read9|        scalar|
|p_read10      |   in|    9|     ap_none|                                                                     p_read10|        scalar|
|p_read11      |   in|    9|     ap_none|                                                                     p_read11|        scalar|
|p_read12      |   in|    9|     ap_none|                                                                     p_read12|        scalar|
|p_read13      |   in|    9|     ap_none|                                                                     p_read13|        scalar|
+--------------+-----+-----+------------+-----------------------------------------------------------------------------+--------------+

