

================================================================
== Vitis HLS Report for 'dense_latency_ap_ufixed_9_0_4_0_0_ap_fixed_16_6_5_3_0_config20_s'
================================================================
* Date:           Mon Oct 21 14:33:54 2024

* Version:        2023.2 (Build 4023990 on Oct 11 2023)
* Project:        JetTagger
* Solution:       solution1 (Vivado IP Flow Target)
* Product family: virtexuplus
* Target device:  xcvu13p-flga2577-2-e


================================================================
== Performance Estimates
================================================================
+ Timing: 
    * Summary: 
    +--------+---------+----------+------------+
    |  Clock |  Target | Estimated| Uncertainty|
    +--------+---------+----------+------------+
    |ap_clk  |  2.00 ns|  1.460 ns|     0.54 ns|
    +--------+---------+----------+------------+

+ Latency: 
    * Summary: 
    +---------+---------+-----------+-----------+-----+-----+---------+
    |  Latency (cycles) |   Latency (absolute)  |  Interval | Pipeline|
    |   min   |   max   |    min    |    max    | min | max |   Type  |
    +---------+---------+-----------+-----------+-----+-----+---------+
    |        6|        6|  12.000 ns|  12.000 ns|    1|    1|      yes|
    +---------+---------+-----------+-----------+-----+-----+---------+

    + Detail: 
        * Instance: 
        N/A

        * Loop: 
        N/A



================================================================
== Utilization Estimates
================================================================
* Summary: 
+---------------------+---------+-------+---------+---------+------+
|         Name        | BRAM_18K|  DSP  |    FF   |   LUT   | URAM |
+---------------------+---------+-------+---------+---------+------+
|DSP                  |        -|      -|        -|        -|     -|
|Expression           |        -|      -|        0|     3321|     -|
|FIFO                 |        -|      -|        -|        -|     -|
|Instance             |        -|    103|     3531|     2131|     -|
|Memory               |        -|      -|        -|        -|     -|
|Multiplexer          |        -|      -|        -|      112|     -|
|Register             |        -|      -|     3966|       32|     -|
+---------------------+---------+-------+---------+---------+------+
|Total                |        0|    103|     7497|     5596|     0|
+---------------------+---------+-------+---------+---------+------+
|Available SLR        |     1344|   3072|   864000|   432000|   320|
+---------------------+---------+-------+---------+---------+------+
|Utilization SLR (%)  |        0|      3|       ~0|        1|     0|
+---------------------+---------+-------+---------+---------+------+
|Available            |     5376|  12288|  3456000|  1728000|  1280|
+---------------------+---------+-------+---------+---------+------+
|Utilization (%)      |        0|     ~0|       ~0|       ~0|     0|
+---------------------+---------+-------+---------+---------+------+

+ Detail: 
    * Instance: 
    +---------------------------+---------------------+---------+----+----+----+-----+
    |          Instance         |        Module       | BRAM_18K| DSP| FF | LUT| URAM|
    +---------------------------+---------------------+---------+----+----+----+-----+
    |mul_9ns_10ns_18_2_0_U5800  |mul_9ns_10ns_18_2_0  |        0|   1|   0|   0|    0|
    |mul_9ns_10ns_18_2_0_U5814  |mul_9ns_10ns_18_2_0  |        0|   1|   0|   0|    0|
    |mul_9ns_10ns_18_2_0_U5823  |mul_9ns_10ns_18_2_0  |        0|   1|   0|   0|    0|
    |mul_9ns_10ns_18_2_0_U5828  |mul_9ns_10ns_18_2_0  |        0|   1|   0|   0|    0|
    |mul_9ns_10ns_18_2_0_U5836  |mul_9ns_10ns_18_2_0  |        0|   1|   0|   0|    0|
    |mul_9ns_10ns_18_2_0_U5851  |mul_9ns_10ns_18_2_0  |        0|   1|   0|   0|    0|
    |mul_9ns_10ns_18_2_0_U5857  |mul_9ns_10ns_18_2_0  |        0|   1|   0|   0|    0|
    |mul_9ns_10ns_18_2_0_U5866  |mul_9ns_10ns_18_2_0  |        0|   1|   0|   0|    0|
    |mul_9ns_10ns_18_2_0_U5875  |mul_9ns_10ns_18_2_0  |        0|   1|   0|   0|    0|
    |mul_9ns_10ns_18_2_0_U5878  |mul_9ns_10ns_18_2_0  |        0|   1|   0|   0|    0|
    |mul_9ns_10ns_18_2_0_U5884  |mul_9ns_10ns_18_2_0  |        0|   1|   0|   0|    0|
    |mul_9ns_10ns_18_2_0_U5892  |mul_9ns_10ns_18_2_0  |        0|   1|   0|   0|    0|
    |mul_9ns_10ns_18_2_0_U5897  |mul_9ns_10ns_18_2_0  |        0|   1|   0|   0|    0|
    |mul_9ns_10ns_18_2_0_U5899  |mul_9ns_10ns_18_2_0  |        0|   1|   0|   0|    0|
    |mul_9ns_10ns_18_2_0_U5903  |mul_9ns_10ns_18_2_0  |        0|   1|   0|   0|    0|
    |mul_9ns_10ns_18_2_0_U5904  |mul_9ns_10ns_18_2_0  |        0|   1|   0|   0|    0|
    |mul_9ns_10ns_18_2_0_U5912  |mul_9ns_10ns_18_2_0  |        0|   1|   0|   0|    0|
    |mul_9ns_10ns_18_2_0_U5925  |mul_9ns_10ns_18_2_0  |        0|   1|   0|   0|    0|
    |mul_9ns_10s_19_2_0_U5801   |mul_9ns_10s_19_2_0   |        0|   1|   0|   0|    0|
    |mul_9ns_10s_19_2_0_U5813   |mul_9ns_10s_19_2_0   |        0|   1|   0|   0|    0|
    |mul_9ns_10s_19_2_0_U5817   |mul_9ns_10s_19_2_0   |        0|   1|   0|   0|    0|
    |mul_9ns_10s_19_2_0_U5833   |mul_9ns_10s_19_2_0   |        0|   1|   0|   0|    0|
    |mul_9ns_10s_19_2_0_U5843   |mul_9ns_10s_19_2_0   |        0|   1|   0|   0|    0|
    |mul_9ns_10s_19_2_0_U5876   |mul_9ns_10s_19_2_0   |        0|   1|   0|   0|    0|
    |mul_9ns_10s_19_2_0_U5879   |mul_9ns_10s_19_2_0   |        0|   1|   0|   0|    0|
    |mul_9ns_10s_19_2_0_U5882   |mul_9ns_10s_19_2_0   |        0|   1|   0|   0|    0|
    |mul_9ns_10s_19_2_0_U5913   |mul_9ns_10s_19_2_0   |        0|   1|   0|   0|    0|
    |mul_9ns_10s_19_2_0_U5922   |mul_9ns_10s_19_2_0   |        0|   1|   0|   0|    0|
    |mul_9ns_10s_19_2_0_U5940   |mul_9ns_10s_19_2_0   |        0|   1|   0|   0|    0|
    |mul_9ns_10s_19_2_0_U5944   |mul_9ns_10s_19_2_0   |        0|   1|   0|   0|    0|
    |mul_9ns_11ns_19_2_0_U5804  |mul_9ns_11ns_19_2_0  |        0|   1|  47|   1|    0|
    |mul_9ns_11ns_19_2_0_U5805  |mul_9ns_11ns_19_2_0  |        0|   1|  47|   1|    0|
    |mul_9ns_11ns_19_2_0_U5809  |mul_9ns_11ns_19_2_0  |        0|   1|  47|   1|    0|
    |mul_9ns_11ns_19_2_0_U5820  |mul_9ns_11ns_19_2_0  |        0|   1|  47|   1|    0|
    |mul_9ns_11ns_19_2_0_U5826  |mul_9ns_11ns_19_2_0  |        0|   1|  47|   1|    0|
    |mul_9ns_11ns_19_2_0_U5829  |mul_9ns_11ns_19_2_0  |        0|   1|  47|   1|    0|
    |mul_9ns_11ns_19_2_0_U5835  |mul_9ns_11ns_19_2_0  |        0|   1|  47|   1|    0|
    |mul_9ns_11ns_19_2_0_U5838  |mul_9ns_11ns_19_2_0  |        0|   1|  47|   1|    0|
    |mul_9ns_11ns_19_2_0_U5855  |mul_9ns_11ns_19_2_0  |        0|   1|  47|   1|    0|
    |mul_9ns_11ns_19_2_0_U5858  |mul_9ns_11ns_19_2_0  |        0|   1|  47|   1|    0|
    |mul_9ns_11ns_19_2_0_U5860  |mul_9ns_11ns_19_2_0  |        0|   1|  47|   1|    0|
    |mul_9ns_11ns_19_2_0_U5864  |mul_9ns_11ns_19_2_0  |        0|   1|  47|   1|    0|
    |mul_9ns_11ns_19_2_0_U5890  |mul_9ns_11ns_19_2_0  |        0|   1|  47|   1|    0|
    |mul_9ns_11ns_19_2_0_U5893  |mul_9ns_11ns_19_2_0  |        0|   1|  47|   1|    0|
    |mul_9ns_11ns_19_2_0_U5901  |mul_9ns_11ns_19_2_0  |        0|   1|  47|   1|    0|
    |mul_9ns_11ns_19_2_0_U5908  |mul_9ns_11ns_19_2_0  |        0|   1|  47|   1|    0|
    |mul_9ns_11ns_19_2_0_U5930  |mul_9ns_11ns_19_2_0  |        0|   1|  47|   1|    0|
    |mul_9ns_11s_20_2_0_U5803   |mul_9ns_11s_20_2_0   |        0|   1|  47|   1|    0|
    |mul_9ns_11s_20_2_0_U5810   |mul_9ns_11s_20_2_0   |        0|   1|  47|   1|    0|
    |mul_9ns_11s_20_2_0_U5811   |mul_9ns_11s_20_2_0   |        0|   1|  47|   1|    0|
    |mul_9ns_11s_20_2_0_U5818   |mul_9ns_11s_20_2_0   |        0|   1|  47|   1|    0|
    |mul_9ns_11s_20_2_0_U5831   |mul_9ns_11s_20_2_0   |        0|   1|  47|   1|    0|
    |mul_9ns_11s_20_2_0_U5832   |mul_9ns_11s_20_2_0   |        0|   1|  47|   1|    0|
    |mul_9ns_11s_20_2_0_U5834   |mul_9ns_11s_20_2_0   |        0|   1|  47|   1|    0|
    |mul_9ns_11s_20_2_0_U5839   |mul_9ns_11s_20_2_0   |        0|   1|  47|   1|    0|
    |mul_9ns_11s_20_2_0_U5842   |mul_9ns_11s_20_2_0   |        0|   1|  47|   1|    0|
    |mul_9ns_11s_20_2_0_U5849   |mul_9ns_11s_20_2_0   |        0|   1|  47|   1|    0|
    |mul_9ns_11s_20_2_0_U5850   |mul_9ns_11s_20_2_0   |        0|   1|  47|   1|    0|
    |mul_9ns_11s_20_2_0_U5859   |mul_9ns_11s_20_2_0   |        0|   1|  47|   1|    0|
    |mul_9ns_11s_20_2_0_U5868   |mul_9ns_11s_20_2_0   |        0|   1|  47|   1|    0|
    |mul_9ns_11s_20_2_0_U5869   |mul_9ns_11s_20_2_0   |        0|   1|  47|   1|    0|
    |mul_9ns_11s_20_2_0_U5871   |mul_9ns_11s_20_2_0   |        0|   1|  47|   1|    0|
    |mul_9ns_11s_20_2_0_U5872   |mul_9ns_11s_20_2_0   |        0|   1|  47|   1|    0|
    |mul_9ns_11s_20_2_0_U5874   |mul_9ns_11s_20_2_0   |        0|   1|  47|   1|    0|
    |mul_9ns_11s_20_2_0_U5889   |mul_9ns_11s_20_2_0   |        0|   1|  47|   1|    0|
    |mul_9ns_11s_20_2_0_U5895   |mul_9ns_11s_20_2_0   |        0|   1|  47|   1|    0|
    |mul_9ns_11s_20_2_0_U5896   |mul_9ns_11s_20_2_0   |        0|   1|  47|   1|    0|
    |mul_9ns_11s_20_2_0_U5905   |mul_9ns_11s_20_2_0   |        0|   1|  47|   1|    0|
    |mul_9ns_11s_20_2_0_U5907   |mul_9ns_11s_20_2_0   |        0|   1|  47|   1|    0|
    |mul_9ns_11s_20_2_0_U5915   |mul_9ns_11s_20_2_0   |        0|   1|  47|   1|    0|
    |mul_9ns_11s_20_2_0_U5917   |mul_9ns_11s_20_2_0   |        0|   1|  47|   1|    0|
    |mul_9ns_11s_20_2_0_U5918   |mul_9ns_11s_20_2_0   |        0|   1|  47|   1|    0|
    |mul_9ns_11s_20_2_0_U5919   |mul_9ns_11s_20_2_0   |        0|   1|  47|   1|    0|
    |mul_9ns_11s_20_2_0_U5923   |mul_9ns_11s_20_2_0   |        0|   1|  47|   1|    0|
    |mul_9ns_11s_20_2_0_U5924   |mul_9ns_11s_20_2_0   |        0|   1|  47|   1|    0|
    |mul_9ns_11s_20_2_0_U5928   |mul_9ns_11s_20_2_0   |        0|   1|  47|   1|    0|
    |mul_9ns_11s_20_2_0_U5932   |mul_9ns_11s_20_2_0   |        0|   1|  47|   1|    0|
    |mul_9ns_11s_20_2_0_U5936   |mul_9ns_11s_20_2_0   |        0|   1|  47|   1|    0|
    |mul_9ns_11s_20_2_0_U5939   |mul_9ns_11s_20_2_0   |        0|   1|  47|   1|    0|
    |mul_9ns_11s_20_2_0_U5943   |mul_9ns_11s_20_2_0   |        0|   1|  47|   1|    0|
    |mul_9ns_12ns_20_2_0_U5806  |mul_9ns_12ns_20_2_0  |        0|   1|  51|   1|    0|
    |mul_9ns_12ns_20_2_0_U5854  |mul_9ns_12ns_20_2_0  |        0|   1|  51|   1|    0|
    |mul_9ns_12ns_20_2_0_U5861  |mul_9ns_12ns_20_2_0  |        0|   1|  51|   1|    0|
    |mul_9ns_12ns_20_2_0_U5877  |mul_9ns_12ns_20_2_0  |        0|   1|  51|   1|    0|
    |mul_9ns_12ns_20_2_0_U5902  |mul_9ns_12ns_20_2_0  |        0|   1|  51|   1|    0|
    |mul_9ns_12ns_20_2_0_U5916  |mul_9ns_12ns_20_2_0  |        0|   1|  51|   1|    0|
    |mul_9ns_12ns_20_2_0_U5926  |mul_9ns_12ns_20_2_0  |        0|   1|  51|   1|    0|
    |mul_9ns_12ns_20_2_0_U5927  |mul_9ns_12ns_20_2_0  |        0|   1|  51|   1|    0|
    |mul_9ns_12ns_20_2_0_U5931  |mul_9ns_12ns_20_2_0  |        0|   1|  51|   1|    0|
    |mul_9ns_12ns_20_2_0_U5934  |mul_9ns_12ns_20_2_0  |        0|   1|  51|   1|    0|
    |mul_9ns_12s_21_2_0_U5802   |mul_9ns_12s_21_2_0   |        0|   1|  51|   1|    0|
    |mul_9ns_12s_21_2_0_U5821   |mul_9ns_12s_21_2_0   |        0|   1|  51|   1|    0|
    |mul_9ns_12s_21_2_0_U5824   |mul_9ns_12s_21_2_0   |        0|   1|  51|   1|    0|
    |mul_9ns_12s_21_2_0_U5825   |mul_9ns_12s_21_2_0   |        0|   1|  51|   1|    0|
    |mul_9ns_12s_21_2_0_U5852   |mul_9ns_12s_21_2_0   |        0|   1|  51|   1|    0|
    |mul_9ns_12s_21_2_0_U5885   |mul_9ns_12s_21_2_0   |        0|   1|  51|   1|    0|
    |mul_9ns_12s_21_2_0_U5906   |mul_9ns_12s_21_2_0   |        0|   1|  51|   1|    0|
    |mul_9ns_12s_21_2_0_U5909   |mul_9ns_12s_21_2_0   |        0|   1|  51|   1|    0|
    |mul_9ns_12s_21_2_0_U5914   |mul_9ns_12s_21_2_0   |        0|   1|  51|   1|    0|
    |mul_9ns_12s_21_2_0_U5920   |mul_9ns_12s_21_2_0   |        0|   1|  51|   1|    0|
    |mul_9ns_12s_21_2_0_U5933   |mul_9ns_12s_21_2_0   |        0|   1|  51|   1|    0|
    |mul_9ns_13s_22_2_0_U5830   |mul_9ns_13s_22_2_0   |        0|   1|  55|   1|    0|
    |mul_9ns_13s_22_2_0_U5870   |mul_9ns_13s_22_2_0   |        0|   1|  55|   1|    0|
    |mul_9ns_6ns_14_1_1_U5853   |mul_9ns_6ns_14_1_1   |        0|   0|   0|  49|    0|
    |mul_9ns_6s_15_1_1_U5848    |mul_9ns_6s_15_1_1    |        0|   0|   0|  49|    0|
    |mul_9ns_6s_15_1_1_U5856    |mul_9ns_6s_15_1_1    |        0|   0|   0|  49|    0|
    |mul_9ns_7ns_15_1_1_U5841   |mul_9ns_7ns_15_1_1   |        0|   0|   0|  49|    0|
    |mul_9ns_7ns_15_1_1_U5846   |mul_9ns_7ns_15_1_1   |        0|   0|   0|  49|    0|
    |mul_9ns_7ns_15_1_1_U5867   |mul_9ns_7ns_15_1_1   |        0|   0|   0|  49|    0|
    |mul_9ns_7ns_15_1_1_U5910   |mul_9ns_7ns_15_1_1   |        0|   0|   0|  49|    0|
    |mul_9ns_7ns_15_1_1_U5921   |mul_9ns_7ns_15_1_1   |        0|   0|   0|  49|    0|
    |mul_9ns_7s_16_1_1_U5816    |mul_9ns_7s_16_1_1    |        0|   0|   0|  49|    0|
    |mul_9ns_8ns_16_1_1_U5863   |mul_9ns_8ns_16_1_1   |        0|   0|   0|  49|    0|
    |mul_9ns_8ns_16_1_1_U5883   |mul_9ns_8ns_16_1_1   |        0|   0|   0|  49|    0|
    |mul_9ns_8ns_16_1_1_U5929   |mul_9ns_8ns_16_1_1   |        0|   0|   0|  49|    0|
    |mul_9ns_8ns_16_1_1_U5942   |mul_9ns_8ns_16_1_1   |        0|   0|   0|  49|    0|
    |mul_9ns_8s_17_1_1_U5840    |mul_9ns_8s_17_1_1    |        0|   0|   0|  49|    0|
    |mul_9ns_8s_17_1_1_U5845    |mul_9ns_8s_17_1_1    |        0|   0|   0|  49|    0|
    |mul_9ns_8s_17_1_1_U5865    |mul_9ns_8s_17_1_1    |        0|   0|   0|  49|    0|
    |mul_9ns_8s_17_1_1_U5880    |mul_9ns_8s_17_1_1    |        0|   0|   0|  49|    0|
    |mul_9ns_8s_17_1_1_U5886    |mul_9ns_8s_17_1_1    |        0|   0|   0|  49|    0|
    |mul_9ns_8s_17_1_1_U5935    |mul_9ns_8s_17_1_1    |        0|   0|   0|  49|    0|
    |mul_9ns_8s_17_1_1_U5938    |mul_9ns_8s_17_1_1    |        0|   0|   0|  49|    0|
    |mul_9ns_9ns_17_1_1_U5808   |mul_9ns_9ns_17_1_1   |        0|   0|   0|  49|    0|
    |mul_9ns_9ns_17_1_1_U5819   |mul_9ns_9ns_17_1_1   |        0|   0|   0|  49|    0|
    |mul_9ns_9ns_17_1_1_U5822   |mul_9ns_9ns_17_1_1   |        0|   0|   0|  49|    0|
    |mul_9ns_9ns_17_1_1_U5827   |mul_9ns_9ns_17_1_1   |        0|   0|   0|  49|    0|
    |mul_9ns_9ns_17_1_1_U5837   |mul_9ns_9ns_17_1_1   |        0|   0|   0|  49|    0|
    |mul_9ns_9ns_17_1_1_U5847   |mul_9ns_9ns_17_1_1   |        0|   0|   0|  49|    0|
    |mul_9ns_9ns_17_1_1_U5862   |mul_9ns_9ns_17_1_1   |        0|   0|   0|  49|    0|
    |mul_9ns_9ns_17_1_1_U5887   |mul_9ns_9ns_17_1_1   |        0|   0|   0|  49|    0|
    |mul_9ns_9ns_17_1_1_U5888   |mul_9ns_9ns_17_1_1   |        0|   0|   0|  49|    0|
    |mul_9ns_9ns_17_1_1_U5891   |mul_9ns_9ns_17_1_1   |        0|   0|   0|  49|    0|
    |mul_9ns_9ns_17_1_1_U5894   |mul_9ns_9ns_17_1_1   |        0|   0|   0|  49|    0|
    |mul_9ns_9ns_17_1_1_U5898   |mul_9ns_9ns_17_1_1   |        0|   0|   0|  49|    0|
    |mul_9ns_9ns_17_1_1_U5937   |mul_9ns_9ns_17_1_1   |        0|   0|   0|  49|    0|
    |mul_9ns_9s_18_1_1_U5807    |mul_9ns_9s_18_1_1    |        0|   0|   0|  49|    0|
    |mul_9ns_9s_18_1_1_U5812    |mul_9ns_9s_18_1_1    |        0|   0|   0|  49|    0|
    |mul_9ns_9s_18_1_1_U5815    |mul_9ns_9s_18_1_1    |        0|   0|   0|  49|    0|
    |mul_9ns_9s_18_1_1_U5844    |mul_9ns_9s_18_1_1    |        0|   0|   0|  49|    0|
    |mul_9ns_9s_18_1_1_U5873    |mul_9ns_9s_18_1_1    |        0|   0|   0|  49|    0|
    |mul_9ns_9s_18_1_1_U5881    |mul_9ns_9s_18_1_1    |        0|   0|   0|  49|    0|
    |mul_9ns_9s_18_1_1_U5900    |mul_9ns_9s_18_1_1    |        0|   0|   0|  49|    0|
    |mul_9ns_9s_18_1_1_U5911    |mul_9ns_9s_18_1_1    |        0|   0|   0|  49|    0|
    |mul_9ns_9s_18_1_1_U5941    |mul_9ns_9s_18_1_1    |        0|   0|   0|  49|    0|
    +---------------------------+---------------------+---------+----+----+----+-----+
    |Total                      |                     |        0| 103|3531|2131|    0|
    +---------------------------+---------------------+---------+----+----+----+-----+

    * DSP: 
    N/A

    * Memory: 
    N/A

    * FIFO: 
    N/A

    * Expression: 
    +---------------------------+----------+----+---+----+------------+------------+
    |       Variable Name       | Operation| DSP| FF| LUT| Bitwidth P0| Bitwidth P1|
    +---------------------------+----------+----+---+----+------------+------------+
    |add_ln42_1_fu_127737_p2    |         +|   0|  0|  23|          16|          16|
    |add_ln42_fu_126444_p2      |         +|   0|  0|  19|          12|          12|
    |add_ln58_100_fu_128993_p2  |         +|   0|  0|  17|          12|          12|
    |add_ln58_101_fu_127995_p2  |         +|   0|  0|  17|          10|          10|
    |add_ln58_102_fu_128005_p2  |         +|   0|  0|  18|          11|          11|
    |add_ln58_103_fu_129002_p2  |         +|   0|  0|  17|          12|          12|
    |add_ln58_104_fu_129008_p2  |         +|   0|  0|  17|          13|          13|
    |add_ln58_105_fu_129014_p2  |         +|   0|  0|  17|          13|          13|
    |add_ln58_106_fu_129020_p2  |         +|   0|  0|  17|          11|          10|
    |add_ln58_107_fu_129026_p2  |         +|   0|  0|  17|          11|          11|
    |add_ln58_108_fu_129556_p2  |         +|   0|  0|  16|          14|          14|
    |add_ln58_109_fu_129562_p2  |         +|   0|  0|  16|          14|          14|
    |add_ln58_110_fu_130043_p2  |         +|   0|  0|  23|          16|          16|
    |add_ln58_111_fu_129568_p2  |         +|   0|  0|  16|          14|          14|
    |add_ln58_112_fu_129032_p2  |         +|   0|  0|  18|          11|          11|
    |add_ln58_113_fu_129577_p2  |         +|   0|  0|  19|          12|          12|
    |add_ln58_114_fu_129587_p2  |         +|   0|  0|  16|          14|          14|
    |add_ln58_115_fu_129037_p2  |         +|   0|  0|  19|          12|          12|
    |add_ln58_116_fu_129043_p2  |         +|   0|  0|  17|          13|          13|
    |add_ln58_117_fu_129049_p2  |         +|   0|  0|  17|          13|          13|
    |add_ln58_118_fu_129599_p2  |         +|   0|  0|  21|          14|          14|
    |add_ln58_119_fu_130055_p2  |         +|   0|  0|  22|          15|          15|
    |add_ln58_120_fu_129605_p2  |         +|   0|  0|  18|          11|          11|
    |add_ln58_121_fu_129055_p2  |         +|   0|  0|  18|          11|          11|
    |add_ln58_122_fu_129614_p2  |         +|   0|  0|  20|          13|          13|
    |add_ln58_123_fu_130067_p2  |         +|   0|  0|  21|          14|          14|
    |add_ln58_124_fu_129620_p2  |         +|   0|  0|  21|          14|          14|
    |add_ln58_125_fu_130073_p2  |         +|   0|  0|  16|          14|          14|
    |add_ln58_126_fu_129061_p2  |         +|   0|  0|  19|          12|          12|
    |add_ln58_127_fu_129629_p2  |         +|   0|  0|  20|          13|          13|
    |add_ln58_128_fu_130081_p2  |         +|   0|  0|  16|          14|          14|
    |add_ln58_129_fu_130341_p2  |         +|   0|  0|  22|          15|          15|
    |add_ln58_130_fu_130463_p2  |         +|   0|  0|  23|          16|          16|
    |add_ln58_131_fu_129635_p2  |         +|   0|  0|  20|          13|          13|
    |add_ln58_132_fu_129067_p2  |         +|   0|  0|  18|          11|          11|
    |add_ln58_133_fu_129644_p2  |         +|   0|  0|  20|          13|          13|
    |add_ln58_134_fu_130093_p2  |         +|   0|  0|  21|          14|          14|
    |add_ln58_135_fu_129073_p2  |         +|   0|  0|  20|          13|          13|
    |add_ln58_136_fu_129079_p2  |         +|   0|  0|  19|          12|          12|
    |add_ln58_137_fu_129653_p2  |         +|   0|  0|  20|          13|          13|
    |add_ln58_138_fu_130105_p2  |         +|   0|  0|  21|          14|          14|
    |add_ln58_139_fu_130353_p2  |         +|   0|  0|  22|          15|          15|
    |add_ln58_140_fu_129659_p2  |         +|   0|  0|  18|          11|          11|
    |add_ln58_141_fu_129085_p2  |         +|   0|  0|  20|          13|          13|
    |add_ln58_142_fu_129667_p2  |         +|   0|  0|  21|          14|          14|
    |add_ln58_143_fu_130117_p2  |         +|   0|  0|  22|          15|          15|
    |add_ln58_144_fu_129091_p2  |         +|   0|  0|  19|          12|          12|
    |add_ln58_145_fu_129676_p2  |         +|   0|  0|  21|          14|          14|
    |add_ln58_146_fu_129682_p2  |         +|   0|  0|  17|          13|          10|
    |add_ln58_147_fu_129688_p2  |         +|   0|  0|  17|          13|          13|
    |add_ln58_148_fu_130129_p2  |         +|   0|  0|  22|          15|          15|
    |add_ln58_149_fu_130369_p2  |         +|   0|  0|  16|          16|          16|
    |add_ln58_150_fu_130375_p2  |         +|   0|  0|  16|          16|          16|
    |add_ln58_151_fu_129694_p2  |         +|   0|  0|  17|          13|          13|
    |add_ln58_152_fu_129096_p2  |         +|   0|  0|  17|          10|          10|
    |add_ln58_153_fu_129106_p2  |         +|   0|  0|  18|          11|          11|
    |add_ln58_154_fu_129703_p2  |         +|   0|  0|  17|          13|          13|
    |add_ln58_155_fu_129112_p2  |         +|   0|  0|  19|          12|          12|
    |add_ln58_156_fu_129118_p2  |         +|   0|  0|  17|          12|          12|
    |add_ln58_157_fu_129124_p2  |         +|   0|  0|  17|          12|          12|
    |add_ln58_158_fu_129715_p2  |         +|   0|  0|  20|          13|          13|
    |add_ln58_159_fu_130141_p2  |         +|   0|  0|  21|          14|          14|
    |add_ln58_160_fu_129721_p2  |         +|   0|  0|  20|          13|          13|
    |add_ln58_161_fu_129130_p2  |         +|   0|  0|  20|          13|          13|
    |add_ln58_162_fu_129730_p2  |         +|   0|  0|  21|          14|          14|
    |add_ln58_163_fu_130157_p2  |         +|   0|  0|  22|          15|          15|
    |add_ln58_164_fu_129136_p2  |         +|   0|  0|  20|          13|          13|
    |add_ln58_165_fu_129739_p2  |         +|   0|  0|  21|          14|          14|
    |add_ln58_166_fu_129142_p2  |         +|   0|  0|  18|          11|          10|
    |add_ln58_167_fu_129748_p2  |         +|   0|  0|  19|          12|          12|
    |add_ln58_168_fu_130173_p2  |         +|   0|  0|  22|          15|          15|
    |add_ln58_169_fu_130183_p2  |         +|   0|  0|  16|          16|          16|
    |add_ln58_170_fu_130189_p2  |         +|   0|  0|  16|          16|          16|
    |add_ln58_171_fu_129754_p2  |         +|   0|  0|  21|          14|          14|
    |add_ln58_172_fu_129148_p2  |         +|   0|  0|  17|          12|          12|
    |add_ln58_173_fu_129153_p2  |         +|   0|  0|  17|          12|          12|
    |add_ln58_174_fu_130201_p2  |         +|   0|  0|  22|          15|          15|
    |add_ln58_175_fu_129760_p2  |         +|   0|  0|  18|          11|          11|
    |add_ln58_176_fu_129159_p2  |         +|   0|  0|  20|          13|          13|
    |add_ln58_177_fu_129772_p2  |         +|   0|  0|  16|          14|          14|
    |add_ln58_178_fu_129778_p2  |         +|   0|  0|  16|          14|          14|
    |add_ln58_179_fu_130387_p2  |         +|   0|  0|  16|          16|          16|
    |add_ln58_180_fu_129784_p2  |         +|   0|  0|  18|          11|          11|
    |add_ln58_181_fu_129165_p2  |         +|   0|  0|  16|           9|           9|
    |add_ln58_182_fu_129793_p2  |         +|   0|  0|  20|          13|          13|
    |add_ln58_183_fu_130213_p2  |         +|   0|  0|  21|          14|          14|
    |add_ln58_184_fu_129799_p2  |         +|   0|  0|  21|          14|          14|
    |add_ln58_185_fu_130219_p2  |         +|   0|  0|  16|          14|          14|
    |add_ln58_186_fu_129805_p2  |         +|   0|  0|  18|          11|          10|
    |add_ln58_187_fu_129815_p2  |         +|   0|  0|  19|          12|          12|
    |add_ln58_188_fu_130227_p2  |         +|   0|  0|  16|          14|          14|
    |add_ln58_189_fu_130399_p2  |         +|   0|  0|  22|          15|          15|
    |add_ln58_190_fu_130409_p2  |         +|   0|  0|  16|          16|          16|
    |add_ln58_191_fu_129821_p2  |         +|   0|  0|  20|          13|          13|
    |add_ln58_192_fu_129170_p2  |         +|   0|  0|  18|          11|          11|
    |add_ln58_193_fu_129830_p2  |         +|   0|  0|  20|          13|          13|
    |add_ln58_194_fu_130239_p2  |         +|   0|  0|  21|          14|          14|
    |add_ln58_195_fu_128011_p2  |         +|   0|  0|  19|          12|          12|
    |add_ln58_196_fu_129175_p2  |         +|   0|  0|  20|          13|          13|
    |add_ln58_197_fu_129842_p2  |         +|   0|  0|  16|          14|          14|
    |add_ln58_198_fu_129848_p2  |         +|   0|  0|  16|          14|          14|
    |add_ln58_199_fu_130421_p2  |         +|   0|  0|  22|          15|          15|
    |add_ln58_200_fu_129854_p2  |         +|   0|  0|  19|          12|          12|
    |add_ln58_201_fu_129181_p2  |         +|   0|  0|  17|          10|          10|
    |add_ln58_202_fu_129867_p2  |         +|   0|  0|  16|          14|          14|
    |add_ln58_203_fu_129873_p2  |         +|   0|  0|  16|          14|          14|
    |add_ln58_204_fu_129187_p2  |         +|   0|  0|  20|          13|          13|
    |add_ln58_205_fu_129879_p2  |         +|   0|  0|  17|          13|          13|
    |add_ln58_206_fu_128017_p2  |         +|   0|  0|  18|          11|          11|
    |add_ln58_207_fu_129196_p2  |         +|   0|  0|  19|          12|          12|
    |add_ln58_208_fu_129887_p2  |         +|   0|  0|  17|          13|          13|
    |add_ln58_209_fu_130251_p2  |         +|   0|  0|  22|          15|          15|
    |add_ln58_210_fu_130475_p2  |         +|   0|  0|  23|          16|          16|
    |add_ln58_211_fu_129893_p2  |         +|   0|  0|  20|          13|          13|
    |add_ln58_212_fu_129903_p2  |         +|   0|  0|  21|          14|          14|
    |add_ln58_213_fu_129913_p2  |         +|   0|  0|  16|          15|          15|
    |add_ln58_214_fu_129919_p2  |         +|   0|  0|  16|          15|          15|
    |add_ln58_215_fu_129202_p2  |         +|   0|  0|  20|          13|          13|
    |add_ln58_216_fu_129208_p2  |         +|   0|  0|  20|          13|          13|
    |add_ln58_217_fu_129931_p2  |         +|   0|  0|  16|          14|          14|
    |add_ln58_218_fu_129937_p2  |         +|   0|  0|  16|          14|          14|
    |add_ln58_219_fu_130263_p2  |         +|   0|  0|  16|          16|          16|
    |add_ln58_220_fu_129943_p2  |         +|   0|  0|  16|          15|          15|
    |add_ln58_221_fu_129214_p2  |         +|   0|  0|  19|          12|          12|
    |add_ln58_222_fu_129952_p2  |         +|   0|  0|  20|          13|          13|
    |add_ln58_223_fu_129962_p2  |         +|   0|  0|  16|          15|          15|
    |add_ln58_224_fu_129219_p2  |         +|   0|  0|  17|          12|          12|
    |add_ln58_225_fu_129225_p2  |         +|   0|  0|  17|          12|          12|
    |add_ln58_226_fu_129231_p2  |         +|   0|  0|  17|          12|          12|
    |add_ln58_227_fu_129237_p2  |         +|   0|  0|  17|          12|          12|
    |add_ln58_228_fu_129974_p2  |         +|   0|  0|  20|          13|          13|
    |add_ln58_229_fu_130275_p2  |         +|   0|  0|  23|          16|          16|
    |add_ln58_230_fu_130281_p2  |         +|   0|  0|  16|          16|          16|
    |add_ln58_231_fu_129980_p2  |         +|   0|  0|  21|          14|          14|
    |add_ln58_232_fu_129986_p2  |         +|   0|  0|  16|          15|          15|
    |add_ln58_233_fu_129992_p2  |         +|   0|  0|  16|          15|          15|
    |add_ln58_234_fu_130293_p2  |         +|   0|  0|  23|          16|          16|
    |add_ln58_235_fu_129243_p2  |         +|   0|  0|  20|          13|          13|
    |add_ln58_236_fu_129249_p2  |         +|   0|  0|  20|          13|          13|
    |add_ln58_237_fu_130001_p2  |         +|   0|  0|  21|          14|          14|
    |add_ln58_238_fu_130305_p2  |         +|   0|  0|  22|          15|          15|
    |add_ln58_239_fu_130430_p2  |         +|   0|  0|  16|          16|          16|
    |add_ln58_240_fu_130007_p2  |         +|   0|  0|  19|          12|          12|
    |add_ln58_241_fu_129255_p2  |         +|   0|  0|  18|          11|          11|
    |add_ln58_242_fu_130016_p2  |         +|   0|  0|  20|          13|          13|
    |add_ln58_243_fu_130317_p2  |         +|   0|  0|  21|          14|          14|
    |add_ln58_244_fu_129261_p2  |         +|   0|  0|  17|          13|          13|
    |add_ln58_245_fu_129267_p2  |         +|   0|  0|  17|          13|          13|
    |add_ln58_246_fu_129273_p2  |         +|   0|  0|  18|          11|           8|
    |add_ln58_247_fu_130025_p2  |         +|   0|  0|  20|          13|          13|
    |add_ln58_248_fu_130329_p2  |         +|   0|  0|  21|          14|          14|
    |add_ln58_249_fu_130441_p2  |         +|   0|  0|  22|          15|          15|
    |add_ln58_250_fu_130451_p2  |         +|   0|  0|  16|          16|          16|
    |add_ln58_92_fu_128970_p2   |         +|   0|  0|  17|          10|          10|
    |add_ln58_93_fu_129509_p2   |         +|   0|  0|  20|          13|          13|
    |add_ln58_94_fu_129519_p2   |         +|   0|  0|  16|          15|          15|
    |add_ln58_95_fu_128975_p2   |         +|   0|  0|  19|          12|          12|
    |add_ln58_96_fu_128981_p2   |         +|   0|  0|  17|          13|          13|
    |add_ln58_97_fu_128987_p2   |         +|   0|  0|  17|          13|          13|
    |add_ln58_98_fu_129531_p2   |         +|   0|  0|  21|          14|          14|
    |add_ln58_99_fu_129541_p2   |         +|   0|  0|  16|          15|          15|
    |add_ln58_fu_129496_p2      |         +|   0|  0|  21|          14|          14|
    |add_ln73_fu_127585_p2      |         +|   0|  0|  24|          17|          17|
    |sub_ln42_1_fu_127479_p2    |         -|   0|  0|  23|          16|          16|
    |sub_ln42_fu_126772_p2      |         -|   0|  0|  21|          14|          14|
    |sub_ln73_1_fu_126412_p2    |         -|   0|  0|  26|          19|          19|
    |sub_ln73_2_fu_127043_p2    |         -|   0|  0|  26|          19|          19|
    |sub_ln73_3_fu_127237_p2    |         -|   0|  0|  25|          18|          18|
    |sub_ln73_4_fu_128525_p2    |         -|   0|  0|  25|           1|          18|
    |sub_ln73_5_fu_128696_p2    |         -|   0|  0|  27|          20|          20|
    |sub_ln73_6_fu_126601_p2    |         -|   0|  0|  22|          15|          15|
    |sub_ln73_7_fu_126675_p2    |         -|   0|  0|  24|           1|          17|
    |sub_ln73_8_fu_127936_p2    |         -|   0|  0|  25|          18|          18|
    |sub_ln73_fu_128099_p2      |         -|   0|  0|  23|          16|          16|
    +---------------------------+----------+----+---+----+------------+------------+
    |Total                      |          |   0|  0|3321|        2332|        2356|
    +---------------------------+----------+----+---+----+------------+------------+

    * Multiplexer: 
    +-------------+----+-----------+-----+-----------+
    |     Name    | LUT| Input Size| Bits| Total Bits|
    +-------------+----+-----------+-----+-----------+
    |ap_return_0  |  14|          3|   16|         48|
    |ap_return_1  |  14|          3|   16|         48|
    |ap_return_2  |  14|          3|   16|         48|
    |ap_return_3  |  14|          3|   16|         48|
    |ap_return_4  |  14|          3|   16|         48|
    |ap_return_5  |  14|          3|   16|         48|
    |ap_return_6  |  14|          3|   16|         48|
    |ap_return_7  |  14|          3|   16|         48|
    +-------------+----+-----------+-----+-----------+
    |Total        | 112|         24|  128|        384|
    +-------------+----+-----------+-----+-----------+

    * Register: 
    +-------------------------------------------+----+----+-----+-----------+
    |                    Name                   | FF | LUT| Bits| Const Bits|
    +-------------------------------------------+----+----+-----+-----------+
    |add_ln58_102_reg_131452                    |  11|   0|   11|          0|
    |add_ln58_103_reg_131793                    |  12|   0|   12|          0|
    |add_ln58_105_reg_131798                    |  13|   0|   13|          0|
    |add_ln58_107_reg_131803                    |  11|   0|   11|          0|
    |add_ln58_109_reg_131993                    |  14|   0|   14|          0|
    |add_ln58_110_reg_132198                    |  16|   0|   16|          0|
    |add_ln58_110_reg_132198_pp0_iter5_reg      |  16|   0|   16|          0|
    |add_ln58_112_reg_131808                    |  11|   0|   11|          0|
    |add_ln58_114_reg_131998                    |  14|   0|   14|          0|
    |add_ln58_115_reg_131813                    |  12|   0|   12|          0|
    |add_ln58_117_reg_131818                    |  13|   0|   13|          0|
    |add_ln58_118_reg_132003                    |  14|   0|   14|          0|
    |add_ln58_119_reg_132203                    |  15|   0|   15|          0|
    |add_ln58_119_reg_132203_pp0_iter5_reg      |  15|   0|   15|          0|
    |add_ln58_120_reg_132008                    |  11|   0|   11|          0|
    |add_ln58_121_reg_131823                    |  11|   0|   11|          0|
    |add_ln58_122_reg_132013                    |  13|   0|   13|          0|
    |add_ln58_123_reg_132208                    |  14|   0|   14|          0|
    |add_ln58_124_reg_132018                    |  14|   0|   14|          0|
    |add_ln58_126_reg_131828                    |  12|   0|   12|          0|
    |add_ln58_127_reg_132023                    |  13|   0|   13|          0|
    |add_ln58_128_reg_132213                    |  14|   0|   14|          0|
    |add_ln58_129_reg_132293                    |  15|   0|   15|          0|
    |add_ln58_131_reg_132028                    |  13|   0|   13|          0|
    |add_ln58_132_reg_131833                    |  11|   0|   11|          0|
    |add_ln58_133_reg_132033                    |  13|   0|   13|          0|
    |add_ln58_134_reg_132218                    |  14|   0|   14|          0|
    |add_ln58_135_reg_131838                    |  13|   0|   13|          0|
    |add_ln58_135_reg_131838_pp0_iter3_reg      |  13|   0|   13|          0|
    |add_ln58_136_reg_131843                    |  12|   0|   12|          0|
    |add_ln58_137_reg_132038                    |  13|   0|   13|          0|
    |add_ln58_138_reg_132223                    |  14|   0|   14|          0|
    |add_ln58_140_reg_132043                    |  11|   0|   11|          0|
    |add_ln58_141_reg_131848                    |  13|   0|   13|          0|
    |add_ln58_142_reg_132048                    |  14|   0|   14|          0|
    |add_ln58_143_reg_132228                    |  15|   0|   15|          0|
    |add_ln58_144_reg_131853                    |  12|   0|   12|          0|
    |add_ln58_145_reg_132053                    |  14|   0|   14|          0|
    |add_ln58_147_reg_132058                    |  13|   0|   13|          0|
    |add_ln58_148_reg_132233                    |  15|   0|   15|          0|
    |add_ln58_150_reg_132298                    |  16|   0|   16|          0|
    |add_ln58_153_reg_131858                    |  11|   0|   11|          0|
    |add_ln58_154_reg_132063                    |  13|   0|   13|          0|
    |add_ln58_155_reg_131863                    |  12|   0|   12|          0|
    |add_ln58_157_reg_131868                    |  12|   0|   12|          0|
    |add_ln58_158_reg_132068                    |  13|   0|   13|          0|
    |add_ln58_160_reg_132073                    |  13|   0|   13|          0|
    |add_ln58_161_reg_131873                    |  13|   0|   13|          0|
    |add_ln58_162_reg_132078                    |  14|   0|   14|          0|
    |add_ln58_164_reg_131878                    |  13|   0|   13|          0|
    |add_ln58_165_reg_132083                    |  14|   0|   14|          0|
    |add_ln58_166_reg_131883                    |  11|   0|   11|          0|
    |add_ln58_167_reg_132088                    |  12|   0|   12|          0|
    |add_ln58_170_reg_132238                    |  16|   0|   16|          0|
    |add_ln58_170_reg_132238_pp0_iter5_reg      |  16|   0|   16|          0|
    |add_ln58_171_reg_132093                    |  14|   0|   14|          0|
    |add_ln58_173_reg_131888                    |  12|   0|   12|          0|
    |add_ln58_173_reg_131888_pp0_iter3_reg      |  12|   0|   12|          0|
    |add_ln58_174_reg_132243                    |  15|   0|   15|          0|
    |add_ln58_176_reg_131893                    |  13|   0|   13|          0|
    |add_ln58_178_reg_132098                    |  14|   0|   14|          0|
    |add_ln58_178_reg_132098_pp0_iter4_reg      |  14|   0|   14|          0|
    |add_ln58_180_reg_132103                    |  11|   0|   11|          0|
    |add_ln58_181_reg_131898                    |   9|   0|    9|          0|
    |add_ln58_182_reg_132108                    |  13|   0|   13|          0|
    |add_ln58_183_reg_132248                    |  14|   0|   14|          0|
    |add_ln58_184_reg_132113                    |  14|   0|   14|          0|
    |add_ln58_187_reg_132118                    |  12|   0|   12|          0|
    |add_ln58_188_reg_132253                    |  14|   0|   14|          0|
    |add_ln58_190_reg_132303                    |  16|   0|   16|          0|
    |add_ln58_191_reg_132123                    |  13|   0|   13|          0|
    |add_ln58_192_reg_131903                    |  11|   0|   11|          0|
    |add_ln58_193_reg_132128                    |  13|   0|   13|          0|
    |add_ln58_194_reg_132258                    |  14|   0|   14|          0|
    |add_ln58_195_reg_131457                    |  12|   0|   12|          0|
    |add_ln58_195_reg_131457_pp0_iter2_reg      |  12|   0|   12|          0|
    |add_ln58_196_reg_131908                    |  13|   0|   13|          0|
    |add_ln58_198_reg_132133                    |  14|   0|   14|          0|
    |add_ln58_198_reg_132133_pp0_iter4_reg      |  14|   0|   14|          0|
    |add_ln58_199_reg_132308                    |  15|   0|   15|          0|
    |add_ln58_201_reg_131913                    |  10|   0|   10|          0|
    |add_ln58_203_reg_132138                    |  14|   0|   14|          0|
    |add_ln58_204_reg_131918                    |  13|   0|   13|          0|
    |add_ln58_206_reg_131462                    |  11|   0|   11|          0|
    |add_ln58_207_reg_131923                    |  12|   0|   12|          0|
    |add_ln58_208_reg_132143                    |  13|   0|   13|          0|
    |add_ln58_209_reg_132263                    |  15|   0|   15|          0|
    |add_ln58_209_reg_132263_pp0_iter5_reg      |  15|   0|   15|          0|
    |add_ln58_214_reg_132148                    |  15|   0|   15|          0|
    |add_ln58_215_reg_131928                    |  13|   0|   13|          0|
    |add_ln58_216_reg_131933                    |  13|   0|   13|          0|
    |add_ln58_218_reg_132153                    |  14|   0|   14|          0|
    |add_ln58_221_reg_131938                    |  12|   0|   12|          0|
    |add_ln58_223_reg_132158                    |  15|   0|   15|          0|
    |add_ln58_225_reg_131943                    |  12|   0|   12|          0|
    |add_ln58_227_reg_131948                    |  12|   0|   12|          0|
    |add_ln58_228_reg_132163                    |  13|   0|   13|          0|
    |add_ln58_230_reg_132268                    |  16|   0|   16|          0|
    |add_ln58_230_reg_132268_pp0_iter5_reg      |  16|   0|   16|          0|
    |add_ln58_231_reg_132168                    |  14|   0|   14|          0|
    |add_ln58_233_reg_132173                    |  15|   0|   15|          0|
    |add_ln58_234_reg_132273                    |  16|   0|   16|          0|
    |add_ln58_235_reg_131953                    |  13|   0|   13|          0|
    |add_ln58_235_reg_131953_pp0_iter3_reg      |  13|   0|   13|          0|
    |add_ln58_236_reg_131958                    |  13|   0|   13|          0|
    |add_ln58_237_reg_132178                    |  14|   0|   14|          0|
    |add_ln58_238_reg_132278                    |  15|   0|   15|          0|
    |add_ln58_240_reg_132183                    |  12|   0|   12|          0|
    |add_ln58_241_reg_131963                    |  11|   0|   11|          0|
    |add_ln58_242_reg_132188                    |  13|   0|   13|          0|
    |add_ln58_243_reg_132283                    |  14|   0|   14|          0|
    |add_ln58_245_reg_131968                    |  13|   0|   13|          0|
    |add_ln58_245_reg_131968_pp0_iter3_reg      |  13|   0|   13|          0|
    |add_ln58_246_reg_131973                    |  11|   0|   11|          0|
    |add_ln58_247_reg_132193                    |  13|   0|   13|          0|
    |add_ln58_248_reg_132288                    |  14|   0|   14|          0|
    |add_ln58_250_reg_132313                    |  16|   0|   16|          0|
    |add_ln58_92_reg_131778                     |  10|   0|   10|          0|
    |add_ln58_95_reg_131783                     |  12|   0|   12|          0|
    |add_ln58_97_reg_131788                     |  13|   0|   13|          0|
    |add_ln58_99_reg_131988                     |  15|   0|   15|          0|
    |ap_ce_reg                                  |   1|   0|    1|          0|
    |ap_return_0_int_reg                        |  16|   0|   16|          0|
    |ap_return_1_int_reg                        |  16|   0|   16|          0|
    |ap_return_2_int_reg                        |  16|   0|   16|          0|
    |ap_return_3_int_reg                        |  16|   0|   16|          0|
    |ap_return_4_int_reg                        |  16|   0|   16|          0|
    |ap_return_5_int_reg                        |  16|   0|   16|          0|
    |ap_return_6_int_reg                        |  16|   0|   16|          0|
    |ap_return_7_int_reg                        |  16|   0|   16|          0|
    |data_10_val_int_reg                        |   9|   0|    9|          0|
    |data_11_val_int_reg                        |   9|   0|    9|          0|
    |data_11_val_read_reg_130616                |   9|   0|    9|          0|
    |data_12_val_int_reg                        |   9|   0|    9|          0|
    |data_12_val_read_reg_130609                |   9|   0|    9|          0|
    |data_13_val_int_reg                        |   9|   0|    9|          0|
    |data_13_val_read_reg_130603                |   9|   0|    9|          0|
    |data_14_val_int_reg                        |   9|   0|    9|          0|
    |data_14_val_read_reg_130598                |   9|   0|    9|          0|
    |data_15_val_int_reg                        |   9|   0|    9|          0|
    |data_15_val_read_reg_130590                |   9|   0|    9|          0|
    |data_15_val_read_reg_130590_pp0_iter1_reg  |   9|   0|    9|          0|
    |data_17_val_int_reg                        |   9|   0|    9|          0|
    |data_17_val_read_reg_130581                |   9|   0|    9|          0|
    |data_17_val_read_reg_130581_pp0_iter1_reg  |   9|   0|    9|          0|
    |data_18_val_int_reg                        |   9|   0|    9|          0|
    |data_18_val_read_reg_130573                |   9|   0|    9|          0|
    |data_18_val_read_reg_130573_pp0_iter1_reg  |   9|   0|    9|          0|
    |data_1_val_int_reg                         |   9|   0|    9|          0|
    |data_1_val_read_reg_130658                 |   9|   0|    9|          0|
    |data_1_val_read_reg_130658_pp0_iter1_reg   |   9|   0|    9|          0|
    |data_20_val_int_reg                        |   9|   0|    9|          0|
    |data_20_val_read_reg_130566                |   9|   0|    9|          0|
    |data_24_val_int_reg                        |   9|   0|    9|          0|
    |data_24_val_read_reg_130559                |   9|   0|    9|          0|
    |data_25_val_int_reg                        |   9|   0|    9|          0|
    |data_25_val_read_reg_130551                |   9|   0|    9|          0|
    |data_25_val_read_reg_130551_pp0_iter1_reg  |   9|   0|    9|          0|
    |data_26_val_int_reg                        |   9|   0|    9|          0|
    |data_26_val_read_reg_130544                |   9|   0|    9|          0|
    |data_27_val_int_reg                        |   9|   0|    9|          0|
    |data_27_val_read_reg_130537                |   9|   0|    9|          0|
    |data_29_val_int_reg                        |   9|   0|    9|          0|
    |data_29_val_read_reg_130530                |   9|   0|    9|          0|
    |data_2_val_int_reg                         |   9|   0|    9|          0|
    |data_2_val_read_reg_130650                 |   9|   0|    9|          0|
    |data_2_val_read_reg_130650_pp0_iter1_reg   |   9|   0|    9|          0|
    |data_30_val_int_reg                        |   9|   0|    9|          0|
    |data_30_val_read_reg_130523                |   9|   0|    9|          0|
    |data_3_val_int_reg                         |   9|   0|    9|          0|
    |data_3_val_read_reg_130642                 |   9|   0|    9|          0|
    |data_4_val_int_reg                         |   9|   0|    9|          0|
    |data_4_val_read_reg_130633                 |   9|   0|    9|          0|
    |data_7_val_int_reg                         |   9|   0|    9|          0|
    |data_7_val_read_reg_130625                 |   9|   0|    9|          0|
    |mult_10_reg_131532                         |  12|   0|   12|          0|
    |mult_11_reg_131547                         |  12|   0|   12|          0|
    |mult_12_reg_131557                         |  12|   0|   12|          0|
    |mult_13_reg_130915                         |   9|   0|    9|          0|
    |mult_14_reg_131562                         |  12|   0|   12|          0|
    |mult_15_reg_130950                         |   7|   0|    7|          0|
    |mult_16_reg_131582                         |  14|   0|   14|          0|
    |mult_17_reg_130981                         |  10|   0|   10|          0|
    |mult_18_reg_130986                         |   9|   0|    9|          0|
    |mult_19_reg_131587                         |  13|   0|   13|          0|
    |mult_1_reg_131472                          |  10|   0|   10|          0|
    |mult_20_reg_131592                         |  13|   0|   13|          0|
    |mult_21_reg_131011                         |  11|   0|   11|          0|
    |mult_22_reg_131016                         |  11|   0|   11|          0|
    |mult_23_reg_130703                         |  11|   0|   11|          0|
    |mult_24_reg_130708                         |   4|   0|    4|          0|
    |mult_24_reg_130708_pp0_iter1_reg           |   4|   0|    4|          0|
    |mult_25_reg_131026                         |  12|   0|   12|          0|
    |mult_26_reg_131041                         |  11|   0|   11|          0|
    |mult_27_reg_131046                         |   8|   0|    8|          0|
    |mult_28_reg_131051                         |  12|   0|   12|          0|
    |mult_29_reg_131056                         |  10|   0|   10|          0|
    |mult_2_reg_131477                          |  12|   0|   12|          0|
    |mult_30_reg_131061                         |  12|   0|   12|          0|
    |mult_31_reg_131066                         |  12|   0|   12|          0|
    |mult_32_reg_131077                         |  10|   0|   10|          0|
    |mult_33_reg_131607                         |  11|   0|   11|          0|
    |mult_34_reg_131087                         |   7|   0|    7|          0|
    |mult_35_reg_131612                         |  11|   0|   11|          0|
    |mult_36_reg_130727                         |   8|   0|    8|          0|
    |mult_37_reg_131617                         |  12|   0|   12|          0|
    |mult_38_reg_131622                         |  12|   0|   12|          0|
    |mult_39_reg_131092                         |  11|   0|   11|          0|
    |mult_3_reg_131482                          |  12|   0|   12|          0|
    |mult_40_reg_131097                         |  12|   0|   12|          0|
    |mult_41_reg_131102                         |  11|   0|   11|          0|
    |mult_42_reg_131107                         |  11|   0|   11|          0|
    |mult_43_reg_131112                         |  12|   0|   12|          0|
    |mult_44_reg_131117                         |  12|   0|   12|          0|
    |mult_45_reg_131122                         |  10|   0|   10|          0|
    |mult_46_reg_131132                         |  12|   0|   12|          0|
    |mult_47_reg_131152                         |  12|   0|   12|          0|
    |mult_48_reg_131157                         |  12|   0|   12|          0|
    |mult_49_reg_131162                         |  12|   0|   12|          0|
    |mult_4_reg_131487                          |  13|   0|   13|          0|
    |mult_50_reg_131627                         |  10|   0|   10|          0|
    |mult_51_reg_131647                         |  14|   0|   14|          0|
    |mult_52_reg_131652                         |  11|   0|   11|          0|
    |mult_53_reg_131204                         |   9|   0|    9|          0|
    |mult_54_reg_131657                         |  10|   0|   10|          0|
    |mult_55_reg_131667                         |  12|   0|   12|          0|
    |mult_56_reg_131672                         |  10|   0|   10|          0|
    |mult_57_reg_131677                         |  10|   0|   10|          0|
    |mult_58_reg_131682                         |  11|   0|   11|          0|
    |mult_59_reg_131687                         |   7|   0|    7|          0|
    |mult_5_reg_131492                          |   8|   0|    8|          0|
    |mult_60_reg_131692                         |  12|   0|   12|          0|
    |mult_61_reg_131697                         |  13|   0|   13|          0|
    |mult_62_reg_131702                         |  13|   0|   13|          0|
    |mult_63_reg_131712                         |  13|   0|   13|          0|
    |mult_64_reg_131228                         |  12|   0|   12|          0|
    |mult_65_reg_131233                         |  12|   0|   12|          0|
    |mult_66_reg_130807                         |   7|   0|    7|          0|
    |mult_67_reg_131263                         |  12|   0|   12|          0|
    |mult_68_reg_131268                         |  12|   0|   12|          0|
    |mult_69_reg_131299                         |  11|   0|   11|          0|
    |mult_6_reg_131502                          |  13|   0|   13|          0|
    |mult_70_reg_131733                         |  12|   0|   12|          0|
    |mult_71_reg_131738                         |  12|   0|   12|          0|
    |mult_72_reg_131743                         |   9|   0|    9|          0|
    |mult_73_reg_131304                         |   8|   0|    8|          0|
    |mult_74_reg_131320                         |  12|   0|   12|          0|
    |mult_75_reg_131748                         |  13|   0|   13|          0|
    |mult_76_reg_131753                         |  13|   0|   13|          0|
    |mult_77_reg_131335                         |  12|   0|   12|          0|
    |mult_78_reg_131345                         |   8|   0|    8|          0|
    |mult_79_reg_131350                         |   7|   0|    7|          0|
    |mult_7_reg_131507                          |  12|   0|   12|          0|
    |mult_80_reg_131355                         |   7|   0|    7|          0|
    |mult_80_reg_131355_pp0_iter2_reg           |   7|   0|    7|          0|
    |mult_81_reg_131365                         |  12|   0|   12|          0|
    |mult_82_reg_131370                         |  10|   0|   10|          0|
    |mult_82_reg_131370_pp0_iter2_reg           |  10|   0|   10|          0|
    |mult_83_reg_131380                         |  10|   0|   10|          0|
    |mult_84_reg_131385                         |  12|   0|   12|          0|
    |mult_85_reg_131390                         |   7|   0|    7|          0|
    |mult_86_reg_131758                         |  11|   0|   11|          0|
    |mult_87_reg_131402                         |   7|   0|    7|          0|
    |mult_87_reg_131402_pp0_iter2_reg           |   7|   0|    7|          0|
    |mult_88_reg_131768                         |  11|   0|   11|          0|
    |mult_89_reg_131407                         |   9|   0|    9|          0|
    |mult_8_reg_131512                          |  13|   0|   13|          0|
    |mult_90_reg_131417                         |   9|   0|    9|          0|
    |mult_90_reg_131417_pp0_iter2_reg           |   9|   0|    9|          0|
    |mult_91_reg_131427                         |  10|   0|   10|          0|
    |mult_92_reg_131773                         |  12|   0|   12|          0|
    |mult_93_reg_130858                         |   9|   0|    9|          0|
    |mult_94_reg_130863                         |   9|   0|    9|          0|
    |mult_9_reg_131527                          |  12|   0|   12|          0|
    |mult_reg_131467                            |  13|   0|   13|          0|
    |mult_s_reg_130945                          |   6|   0|    6|          0|
    |sub_ln73_7_reg_130853                      |  10|   0|   17|          7|
    |tmp_390_reg_131517                         |  11|   0|   11|          0|
    |tmp_391_reg_131522                         |  11|   0|   11|          0|
    |tmp_392_reg_131537                         |  11|   0|   11|          0|
    |tmp_393_reg_131542                         |   9|   0|    9|          0|
    |tmp_394_reg_131552                         |   9|   0|    9|          0|
    |tmp_395_reg_131567                         |   9|   0|    9|          0|
    |tmp_396_reg_131572                         |  12|   0|   12|          0|
    |tmp_397_reg_130940                         |  10|   0|   10|          0|
    |tmp_398_reg_130955                         |  10|   0|   10|          0|
    |tmp_399_reg_130960                         |   9|   0|    9|          0|
    |tmp_400_reg_131577                         |  12|   0|   12|          0|
    |tmp_401_reg_130965                         |   8|   0|    8|          0|
    |tmp_402_reg_131001                         |  10|   0|   10|          0|
    |tmp_403_reg_131006                         |  11|   0|   11|          0|
    |tmp_404_reg_131021                         |  10|   0|   10|          0|
    |tmp_404_reg_131021_pp0_iter2_reg           |  10|   0|   10|          0|
    |tmp_405_reg_131602                         |  10|   0|   10|          0|
    |tmp_406_reg_131082                         |  11|   0|   11|          0|
    |tmp_407_reg_131127                         |  12|   0|   12|          0|
    |tmp_408_reg_131137                         |   9|   0|    9|          0|
    |tmp_409_reg_131142                         |  10|   0|   10|          0|
    |tmp_410_reg_131147                         |  10|   0|   10|          0|
    |tmp_411_reg_131167                         |  11|   0|   11|          0|
    |tmp_412_reg_131183                         |  10|   0|   10|          0|
    |tmp_413_reg_131632                         |   9|   0|    9|          0|
    |tmp_414_reg_131637                         |  11|   0|   11|          0|
    |tmp_415_reg_131642                         |   9|   0|    9|          0|
    |tmp_416_reg_131188                         |  10|   0|   10|          0|
    |tmp_416_reg_131188_pp0_iter2_reg           |  10|   0|   10|          0|
    |tmp_417_reg_130772                         |   9|   0|    9|          0|
    |tmp_418_reg_131707                         |  12|   0|   12|          0|
    |tmp_419_reg_131717                         |  12|   0|   12|          0|
    |tmp_420_reg_131722                         |  12|   0|   12|          0|
    |tmp_421_reg_130790                         |   9|   0|    9|          0|
    |tmp_422_reg_131223                         |  10|   0|   10|          0|
    |tmp_423_reg_131238                         |   8|   0|    8|          0|
    |tmp_424_reg_131243                         |   8|   0|    8|          0|
    |tmp_425_reg_131248                         |  10|   0|   10|          0|
    |tmp_426_reg_131253                         |  10|   0|   10|          0|
    |tmp_427_reg_131258                         |   9|   0|    9|          0|
    |tmp_428_reg_131278                         |   9|   0|    9|          0|
    |tmp_429_reg_131288                         |  10|   0|   10|          0|
    |tmp_430_reg_131978                         |  10|   0|   10|          0|
    |tmp_431_reg_131983                         |  10|   0|   10|          0|
    |tmp_432_reg_131309                         |  11|   0|   11|          0|
    |tmp_433_reg_131325                         |  10|   0|   10|          0|
    |tmp_434_reg_131330                         |  11|   0|   11|          0|
    |tmp_435_reg_131340                         |  11|   0|   11|          0|
    |tmp_436_reg_131375                         |   9|   0|    9|          0|
    |tmp_437_reg_131763                         |  11|   0|   11|          0|
    |tmp_438_reg_131412                         |   9|   0|    9|          0|
    |tmp_439_reg_131432                         |   8|   0|    8|          0|
    |tmp_440_reg_131437                         |  10|   0|   10|          0|
    |tmp_441_reg_131442                         |  11|   0|   11|          0|
    |tmp_reg_131497                             |  12|   0|   12|          0|
    |trunc_ln17_1_reg_131597                    |  11|   0|   11|          0|
    |trunc_ln17_2_reg_131662                    |  11|   0|   11|          0|
    |trunc_ln17_3_reg_130935                    |  10|   0|   10|          0|
    |trunc_ln17_4_reg_131273                    |   9|   0|    9|          0|
    |trunc_ln17_5_reg_131283                    |  12|   0|   12|          0|
    |trunc_ln17_6_reg_131360                    |  12|   0|   12|          0|
    |trunc_ln17_7_reg_131447                    |  11|   0|   11|          0|
    |trunc_ln17_8_reg_130976                    |  11|   0|   11|          0|
    |trunc_ln17_9_reg_130991                    |  12|   0|   12|          0|
    |trunc_ln17_s_reg_130996                    |  11|   0|   11|          0|
    |trunc_ln42_s_reg_130920                    |   6|   0|    6|          0|
    |zext_ln73_10_reg_130901                    |   9|   0|   17|          8|
    |zext_ln73_34_reg_130720                    |   9|   0|   19|         10|
    |mult_93_reg_130858                         |  64|  32|    9|          0|
    +-------------------------------------------+----+----+-----+-----------+
    |Total                                      |3966|  32| 3936|         25|
    +-------------------------------------------+----+----+-----+-----------+



================================================================
== Interface
================================================================
* Summary: 
+-------------+-----+-----+------------+-----------------------------------------------------------------------------+--------------+
|  RTL Ports  | Dir | Bits|  Protocol  |                                Source Object                                |    C Type    |
+-------------+-----+-----+------------+-----------------------------------------------------------------------------+--------------+
|ap_clk       |   in|    1|  ap_ctrl_hs|  dense_latency<ap_ufixed<9, 0, 4, 0, 0>, ap_fixed<16, 6, 5, 3, 0>, config20>|  return value|
|ap_rst       |   in|    1|  ap_ctrl_hs|  dense_latency<ap_ufixed<9, 0, 4, 0, 0>, ap_fixed<16, 6, 5, 3, 0>, config20>|  return value|
|ap_return_0  |  out|   16|  ap_ctrl_hs|  dense_latency<ap_ufixed<9, 0, 4, 0, 0>, ap_fixed<16, 6, 5, 3, 0>, config20>|  return value|
|ap_return_1  |  out|   16|  ap_ctrl_hs|  dense_latency<ap_ufixed<9, 0, 4, 0, 0>, ap_fixed<16, 6, 5, 3, 0>, config20>|  return value|
|ap_return_2  |  out|   16|  ap_ctrl_hs|  dense_latency<ap_ufixed<9, 0, 4, 0, 0>, ap_fixed<16, 6, 5, 3, 0>, config20>|  return value|
|ap_return_3  |  out|   16|  ap_ctrl_hs|  dense_latency<ap_ufixed<9, 0, 4, 0, 0>, ap_fixed<16, 6, 5, 3, 0>, config20>|  return value|
|ap_return_4  |  out|   16|  ap_ctrl_hs|  dense_latency<ap_ufixed<9, 0, 4, 0, 0>, ap_fixed<16, 6, 5, 3, 0>, config20>|  return value|
|ap_return_5  |  out|   16|  ap_ctrl_hs|  dense_latency<ap_ufixed<9, 0, 4, 0, 0>, ap_fixed<16, 6, 5, 3, 0>, config20>|  return value|
|ap_return_6  |  out|   16|  ap_ctrl_hs|  dense_latency<ap_ufixed<9, 0, 4, 0, 0>, ap_fixed<16, 6, 5, 3, 0>, config20>|  return value|
|ap_return_7  |  out|   16|  ap_ctrl_hs|  dense_latency<ap_ufixed<9, 0, 4, 0, 0>, ap_fixed<16, 6, 5, 3, 0>, config20>|  return value|
|ap_ce        |   in|    1|  ap_ctrl_hs|  dense_latency<ap_ufixed<9, 0, 4, 0, 0>, ap_fixed<16, 6, 5, 3, 0>, config20>|  return value|
|data_1_val   |   in|    9|     ap_none|                                                                   data_1_val|        scalar|
|data_2_val   |   in|    9|     ap_none|                                                                   data_2_val|        scalar|
|data_3_val   |   in|    9|     ap_none|                                                                   data_3_val|        scalar|
|data_4_val   |   in|    9|     ap_none|                                                                   data_4_val|        scalar|
|data_7_val   |   in|    9|     ap_none|                                                                   data_7_val|        scalar|
|data_10_val  |   in|    9|     ap_none|                                                                  data_10_val|        scalar|
|data_11_val  |   in|    9|     ap_none|                                                                  data_11_val|        scalar|
|data_12_val  |   in|    9|     ap_none|                                                                  data_12_val|        scalar|
|data_13_val  |   in|    9|     ap_none|                                                                  data_13_val|        scalar|
|data_14_val  |   in|    9|     ap_none|                                                                  data_14_val|        scalar|
|data_15_val  |   in|    9|     ap_none|                                                                  data_15_val|        scalar|
|data_17_val  |   in|    9|     ap_none|                                                                  data_17_val|        scalar|
|data_18_val  |   in|    9|     ap_none|                                                                  data_18_val|        scalar|
|data_20_val  |   in|    9|     ap_none|                                                                  data_20_val|        scalar|
|data_24_val  |   in|    9|     ap_none|                                                                  data_24_val|        scalar|
|data_25_val  |   in|    9|     ap_none|                                                                  data_25_val|        scalar|
|data_26_val  |   in|    9|     ap_none|                                                                  data_26_val|        scalar|
|data_27_val  |   in|    9|     ap_none|                                                                  data_27_val|        scalar|
|data_29_val  |   in|    9|     ap_none|                                                                  data_29_val|        scalar|
|data_30_val  |   in|    9|     ap_none|                                                                  data_30_val|        scalar|
+-------------+-----+-----+------------+-----------------------------------------------------------------------------+--------------+

