

================================================================
== Vitis HLS Report for 'dense_latency_ap_ufixed_9_0_4_0_0_ap_fixed_16_6_5_3_0_config22_s'
================================================================
* Date:           Sat Oct 19 21:28:32 2024

* Version:        2023.2 (Build 4023990 on Oct 11 2023)
* Project:        JetTagger
* Solution:       solution1 (Vivado IP Flow Target)
* Product family: virtexuplus
* Target device:  xcvu13p-flga2577-2-e


================================================================
== Performance Estimates
================================================================
+ Timing: 
    * Summary: 
    +--------+---------+----------+------------+
    |  Clock |  Target | Estimated| Uncertainty|
    +--------+---------+----------+------------+
    |ap_clk  |  2.00 ns|  1.460 ns|     0.54 ns|
    +--------+---------+----------+------------+

+ Latency: 
    * Summary: 
    +---------+---------+-----------+-----------+-----+-----+---------+
    |  Latency (cycles) |   Latency (absolute)  |  Interval | Pipeline|
    |   min   |   max   |    min    |    max    | min | max |   Type  |
    +---------+---------+-----------+-----------+-----+-----+---------+
    |        5|        5|  10.000 ns|  10.000 ns|    1|    1|      yes|
    +---------+---------+-----------+-----------+-----+-----+---------+

    + Detail: 
        * Instance: 
        N/A

        * Loop: 
        N/A



================================================================
== Utilization Estimates
================================================================
* Summary: 
+---------------------+---------+-------+---------+---------+------+
|         Name        | BRAM_18K|  DSP  |    FF   |   LUT   | URAM |
+---------------------+---------+-------+---------+---------+------+
|DSP                  |        -|      -|        -|        -|     -|
|Expression           |        -|      -|        0|      264|     -|
|FIFO                 |        -|      -|        -|        -|     -|
|Instance             |        -|      1|       47|      540|     -|
|Memory               |        -|      -|        -|        -|     -|
|Multiplexer          |        -|      -|        -|       18|     -|
|Register             |        -|      -|      398|        -|     -|
+---------------------+---------+-------+---------+---------+------+
|Total                |        0|      1|      445|      822|     0|
+---------------------+---------+-------+---------+---------+------+
|Available SLR        |     1344|   3072|   864000|   432000|   320|
+---------------------+---------+-------+---------+---------+------+
|Utilization SLR (%)  |        0|     ~0|       ~0|       ~0|     0|
+---------------------+---------+-------+---------+---------+------+
|Available            |     5376|  12288|  3456000|  1728000|  1280|
+---------------------+---------+-------+---------+---------+------+
|Utilization (%)      |        0|     ~0|       ~0|       ~0|     0|
+---------------------+---------+-------+---------+---------+------+

+ Detail: 
    * Instance: 
    +---------------------------+---------------------+---------+----+----+----+-----+
    |          Instance         |        Module       | BRAM_18K| DSP| FF | LUT| URAM|
    +---------------------------+---------------------+---------+----+----+----+-----+
    |mul_9ns_11ns_19_2_1_U6608  |mul_9ns_11ns_19_2_1  |        0|   1|  47|   1|    0|
    |mul_9ns_8ns_16_1_1_U6602   |mul_9ns_8ns_16_1_1   |        0|   0|   0|  49|    0|
    |mul_9ns_8ns_16_1_1_U6604   |mul_9ns_8ns_16_1_1   |        0|   0|   0|  49|    0|
    |mul_9ns_8ns_16_1_1_U6609   |mul_9ns_8ns_16_1_1   |        0|   0|   0|  49|    0|
    |mul_9ns_8s_17_1_1_U6601    |mul_9ns_8s_17_1_1    |        0|   0|   0|  49|    0|
    |mul_9ns_9ns_17_1_1_U6600   |mul_9ns_9ns_17_1_1   |        0|   0|   0|  49|    0|
    |mul_9ns_9ns_17_1_1_U6603   |mul_9ns_9ns_17_1_1   |        0|   0|   0|  49|    0|
    |mul_9ns_9ns_17_1_1_U6607   |mul_9ns_9ns_17_1_1   |        0|   0|   0|  49|    0|
    |mul_9ns_9ns_17_1_1_U6610   |mul_9ns_9ns_17_1_1   |        0|   0|   0|  49|    0|
    |mul_9ns_9ns_17_1_1_U6611   |mul_9ns_9ns_17_1_1   |        0|   0|   0|  49|    0|
    |mul_9ns_9s_18_1_1_U6605    |mul_9ns_9s_18_1_1    |        0|   0|   0|  49|    0|
    |mul_9ns_9s_18_1_1_U6606    |mul_9ns_9s_18_1_1    |        0|   0|   0|  49|    0|
    +---------------------------+---------------------+---------+----+----+----+-----+
    |Total                      |                     |        0|   1|  47| 540|    0|
    +---------------------------+---------------------+---------+----+----+----+-----+

    * DSP: 
    N/A

    * Memory: 
    N/A

    * FIFO: 
    N/A

    * Expression: 
    +---------------------------+----------+----+---+----+------------+------------+
    |       Variable Name       | Operation| DSP| FF| LUT| Bitwidth P0| Bitwidth P1|
    +---------------------------+----------+----+---+----+------------+------------+
    |add_ln58_10_fu_2115_p2     |         +|   0|  0|  19|          12|          12|
    |add_ln58_11_fu_2168_p2     |         +|   0|  0|  20|          13|          13|
    |add_ln58_12_fu_2180_p2     |         +|   0|  0|  21|          14|          14|
    |add_ln58_1_fu_2063_p2      |         +|   0|  0|  17|          10|          10|
    |add_ln58_2_fu_2072_p2      |         +|   0|  0|  17|          10|          10|
    |add_ln58_3_fu_2124_p2      |         +|   0|  0|  18|          11|          11|
    |add_ln58_4_fu_2150_p2      |         +|   0|  0|  17|          12|          12|
    |add_ln58_5_fu_2156_p2      |         +|   0|  0|  17|          12|          12|
    |add_ln58_6_fu_2083_p2      |         +|   0|  0|  17|          10|          10|
    |add_ln58_7_fu_2096_p2      |         +|   0|  0|  18|          11|          11|
    |add_ln58_8_fu_2135_p2      |         +|   0|  0|  19|          12|          12|
    |add_ln58_9_fu_2102_p2      |         +|   0|  0|  18|          11|          11|
    |add_ln58_fu_2051_p2        |         +|   0|  0|  17|          10|           6|
    |add_ln73_fu_1956_p2        |         +|   0|  0|  25|          18|          18|
    |ap_block_pp0_stage0_01001  |        or|   0|  0|   2|           1|           1|
    |ap_enable_pp0              |       xor|   0|  0|   2|           1|           2|
    +---------------------------+----------+----+---+----+------------+------------+
    |Total                      |          |   0|  0| 264|         168|         165|
    +---------------------------+----------+----+---+----+------------+------------+

    * Multiplexer: 
    +---------+----+-----------+-----+-----------+
    |   Name  | LUT| Input Size| Bits| Total Bits|
    +---------+----+-----------+-----+-----------+
    |ap_done  |   9|          2|    1|          2|
    |res_0    |   9|          2|   14|         28|
    +---------+----+-----------+-----+-----------+
    |Total    |  18|          4|   15|         30|
    +---------+----+-----------+-----+-----------+

    * Register: 
    +------------------------------------+----+----+-----+-----------+
    |                Name                | FF | LUT| Bits| Const Bits|
    +------------------------------------+----+----+-----+-----------+
    |add_ln58_10_reg_2343                |  12|   0|   12|          0|
    |add_ln58_10_reg_2343_pp0_iter3_reg  |  12|   0|   12|          0|
    |add_ln58_11_reg_2363                |  13|   0|   13|          0|
    |add_ln58_1_reg_2323                 |  10|   0|   10|          0|
    |add_ln58_1_reg_2323_pp0_iter3_reg   |  10|   0|   10|          0|
    |add_ln58_2_reg_2328                 |  10|   0|   10|          0|
    |add_ln58_2_reg_2328_pp0_iter3_reg   |  10|   0|   10|          0|
    |add_ln58_3_reg_2348                 |  11|   0|   11|          0|
    |add_ln58_5_reg_2358                 |  12|   0|   12|          0|
    |add_ln58_6_reg_2333                 |  10|   0|   10|          0|
    |add_ln58_7_reg_2338                 |  11|   0|   11|          0|
    |add_ln58_8_reg_2353                 |  12|   0|   12|          0|
    |ap_CS_fsm                           |   1|   0|    1|          0|
    |ap_done_reg                         |   1|   0|    1|          0|
    |ap_enable_reg_pp0_iter1             |   1|   0|    1|          0|
    |ap_enable_reg_pp0_iter2             |   1|   0|    1|          0|
    |ap_enable_reg_pp0_iter3             |   1|   0|    1|          0|
    |ap_enable_reg_pp0_iter4             |   1|   0|    1|          0|
    |ap_enable_reg_pp0_iter5             |   1|   0|    1|          0|
    |p_read1115_reg_2223                 |   9|   0|    9|          0|
    |p_read1516_reg_2218                 |   9|   0|    9|          0|
    |p_read1817_reg_2212                 |   9|   0|    9|          0|
    |p_read1918_reg_2207                 |   9|   0|    9|          0|
    |p_read2219_reg_2202                 |   9|   0|    9|          0|
    |p_read2520_reg_2197                 |   9|   0|    9|          0|
    |p_read2821_reg_2192                 |   9|   0|    9|          0|
    |p_read311_reg_2243                  |   9|   0|    9|          0|
    |p_read3122_reg_2187                 |   9|   0|    9|          0|
    |p_read412_reg_2238                  |   9|   0|    9|          0|
    |p_read613_reg_2233                  |   9|   0|    9|          0|
    |p_read914_reg_2228                  |   9|   0|    9|          0|
    |p_read_2527_reg_2248                |   9|   0|    9|          0|
    |res_0_preg                          |  14|   0|   14|          0|
    |tmp_1_reg_2263                      |   9|   0|    9|          0|
    |tmp_2_reg_2278                      |   9|   0|    9|          0|
    |tmp_3_reg_2293                      |   8|   0|    8|          0|
    |tmp_3_reg_2293_pp0_iter2_reg        |   8|   0|    8|          0|
    |tmp_4_reg_2318                      |  11|   0|   11|          0|
    |tmp_6_reg_2308                      |   8|   0|    8|          0|
    |tmp_8_reg_2313                      |   8|   0|    8|          0|
    |tmp_reg_2253                        |   9|   0|    9|          0|
    |trunc_ln42_1_reg_2268               |  10|   0|   10|          0|
    |trunc_ln42_2_reg_2273               |   9|   0|    9|          0|
    |trunc_ln42_3_reg_2288               |  10|   0|   10|          0|
    |trunc_ln42_s_reg_2258               |  10|   0|   10|          0|
    |trunc_ln70_2_reg_2283               |   9|   0|    9|          0|
    |trunc_ln70_6_reg_2303               |   9|   0|    9|          0|
    +------------------------------------+----+----+-----+-----------+
    |Total                               | 398|   0|  398|          0|
    +------------------------------------+----+----+-----+-----------+



================================================================
== Interface
================================================================
* Summary: 
+--------------+-----+-----+------------+-----------------------------------------------------------------------------+--------------+
|   RTL Ports  | Dir | Bits|  Protocol  |                                Source Object                                |    C Type    |
+--------------+-----+-----+------------+-----------------------------------------------------------------------------+--------------+
|ap_clk        |   in|    1|  ap_ctrl_hs|  dense_latency<ap_ufixed<9, 0, 4, 0, 0>, ap_fixed<16, 6, 5, 3, 0>, config22>|  return value|
|ap_rst        |   in|    1|  ap_ctrl_hs|  dense_latency<ap_ufixed<9, 0, 4, 0, 0>, ap_fixed<16, 6, 5, 3, 0>, config22>|  return value|
|ap_start      |   in|    1|  ap_ctrl_hs|  dense_latency<ap_ufixed<9, 0, 4, 0, 0>, ap_fixed<16, 6, 5, 3, 0>, config22>|  return value|
|ap_done       |  out|    1|  ap_ctrl_hs|  dense_latency<ap_ufixed<9, 0, 4, 0, 0>, ap_fixed<16, 6, 5, 3, 0>, config22>|  return value|
|ap_continue   |   in|    1|  ap_ctrl_hs|  dense_latency<ap_ufixed<9, 0, 4, 0, 0>, ap_fixed<16, 6, 5, 3, 0>, config22>|  return value|
|ap_idle       |  out|    1|  ap_ctrl_hs|  dense_latency<ap_ufixed<9, 0, 4, 0, 0>, ap_fixed<16, 6, 5, 3, 0>, config22>|  return value|
|ap_ready      |  out|    1|  ap_ctrl_hs|  dense_latency<ap_ufixed<9, 0, 4, 0, 0>, ap_fixed<16, 6, 5, 3, 0>, config22>|  return value|
|p_read        |   in|    9|     ap_none|                                                                       p_read|        scalar|
|p_read3       |   in|    9|     ap_none|                                                                      p_read3|        scalar|
|p_read4       |   in|    9|     ap_none|                                                                      p_read4|        scalar|
|p_read6       |   in|    9|     ap_none|                                                                      p_read6|        scalar|
|p_read9       |   in|    9|     ap_none|                                                                      p_read9|        scalar|
|p_read11      |   in|    9|     ap_none|                                                                     p_read11|        scalar|
|p_read15      |   in|    9|     ap_none|                                                                     p_read15|        scalar|
|p_read18      |   in|    9|     ap_none|                                                                     p_read18|        scalar|
|p_read19      |   in|    9|     ap_none|                                                                     p_read19|        scalar|
|p_read22      |   in|    9|     ap_none|                                                                     p_read22|        scalar|
|p_read25      |   in|    9|     ap_none|                                                                     p_read25|        scalar|
|p_read28      |   in|    9|     ap_none|                                                                     p_read28|        scalar|
|p_read31      |   in|    9|     ap_none|                                                                     p_read31|        scalar|
|res_0         |  out|   14|      ap_vld|                                                                        res_0|       pointer|
|res_0_ap_vld  |  out|    1|      ap_vld|                                                                        res_0|       pointer|
+--------------+-----+-----+------------+-----------------------------------------------------------------------------+--------------+

