

================================================================
== Vitis HLS Report for 'fill_buffer_1'
================================================================
* Date:           Sat Oct 19 21:23:00 2024

* Version:        2023.2 (Build 4023990 on Oct 11 2023)
* Project:        JetTagger
* Solution:       solution1 (Vivado IP Flow Target)
* Product family: virtexuplus
* Target device:  xcvu13p-flga2577-2-e


================================================================
== Performance Estimates
================================================================
+ Timing: 
    * Summary: 
    +--------+---------+----------+------------+
    |  Clock |  Target | Estimated| Uncertainty|
    +--------+---------+----------+------------+
    |ap_clk  |  2.00 ns|  0.493 ns|     0.54 ns|
    +--------+---------+----------+------------+

+ Latency: 
    * Summary: 
    +---------+---------+----------+----------+-----+-----+---------+
    |  Latency (cycles) |  Latency (absolute) |  Interval | Pipeline|
    |   min   |   max   |    min   |    max   | min | max |   Type  |
    +---------+---------+----------+----------+-----+-----+---------+
    |        0|        0|      0 ns|      0 ns|    0|    0|       no|
    +---------+---------+----------+----------+-----+-----+---------+

    + Detail: 
        * Instance: 
        N/A

        * Loop: 
        N/A



================================================================
== Utilization Estimates
================================================================
* Summary: 
+---------------------+---------+-------+---------+---------+------+
|         Name        | BRAM_18K|  DSP  |    FF   |   LUT   | URAM |
+---------------------+---------+-------+---------+---------+------+
|DSP                  |        -|      -|        -|        -|     -|
|Expression           |        -|      -|        -|        -|     -|
|FIFO                 |        -|      -|        -|        -|     -|
|Instance             |        -|      -|        0|     1365|     -|
|Memory               |        -|      -|        -|        -|     -|
|Multiplexer          |        -|      -|        -|        -|     -|
|Register             |        -|      -|        -|        -|     -|
+---------------------+---------+-------+---------+---------+------+
|Total                |        0|      0|        0|     1365|     0|
+---------------------+---------+-------+---------+---------+------+
|Available SLR        |     1344|   3072|   864000|   432000|   320|
+---------------------+---------+-------+---------+---------+------+
|Utilization SLR (%)  |        0|      0|        0|       ~0|     0|
+---------------------+---------+-------+---------+---------+------+
|Available            |     5376|  12288|  3456000|  1728000|  1280|
+---------------------+---------+-------+---------+---------+------+
|Utilization (%)      |        0|      0|        0|       ~0|     0|
+---------------------+---------+-------+---------+---------+------+

+ Detail: 
    * Instance: 
    +-----------------------------+------------------------+---------+----+---+----+-----+
    |           Instance          |         Module         | BRAM_18K| DSP| FF| LUT| URAM|
    +-----------------------------+------------------------+---------+----+---+----+-----+
    |sparsemux_33_32_16_1_1_U635  |sparsemux_33_32_16_1_1  |        0|   0|  0|  65|    0|
    |sparsemux_33_32_16_1_1_U636  |sparsemux_33_32_16_1_1  |        0|   0|  0|  65|    0|
    |sparsemux_33_32_16_1_1_U637  |sparsemux_33_32_16_1_1  |        0|   0|  0|  65|    0|
    |sparsemux_33_32_16_1_1_U638  |sparsemux_33_32_16_1_1  |        0|   0|  0|  65|    0|
    |sparsemux_33_32_16_1_1_U639  |sparsemux_33_32_16_1_1  |        0|   0|  0|  65|    0|
    |sparsemux_33_32_16_1_1_U640  |sparsemux_33_32_16_1_1  |        0|   0|  0|  65|    0|
    |sparsemux_33_32_16_1_1_U641  |sparsemux_33_32_16_1_1  |        0|   0|  0|  65|    0|
    |sparsemux_33_32_16_1_1_U642  |sparsemux_33_32_16_1_1  |        0|   0|  0|  65|    0|
    |sparsemux_33_32_16_1_1_U643  |sparsemux_33_32_16_1_1  |        0|   0|  0|  65|    0|
    |sparsemux_33_32_16_1_1_U644  |sparsemux_33_32_16_1_1  |        0|   0|  0|  65|    0|
    |sparsemux_33_32_16_1_1_U645  |sparsemux_33_32_16_1_1  |        0|   0|  0|  65|    0|
    |sparsemux_33_32_16_1_1_U646  |sparsemux_33_32_16_1_1  |        0|   0|  0|  65|    0|
    |sparsemux_33_32_16_1_1_U647  |sparsemux_33_32_16_1_1  |        0|   0|  0|  65|    0|
    |sparsemux_33_32_16_1_1_U648  |sparsemux_33_32_16_1_1  |        0|   0|  0|  65|    0|
    |sparsemux_33_32_16_1_1_U649  |sparsemux_33_32_16_1_1  |        0|   0|  0|  65|    0|
    |sparsemux_33_32_16_1_1_U650  |sparsemux_33_32_16_1_1  |        0|   0|  0|  65|    0|
    |sparsemux_33_32_16_1_1_U651  |sparsemux_33_32_16_1_1  |        0|   0|  0|  65|    0|
    |sparsemux_33_32_16_1_1_U652  |sparsemux_33_32_16_1_1  |        0|   0|  0|  65|    0|
    |sparsemux_33_32_16_1_1_U653  |sparsemux_33_32_16_1_1  |        0|   0|  0|  65|    0|
    |sparsemux_33_32_16_1_1_U654  |sparsemux_33_32_16_1_1  |        0|   0|  0|  65|    0|
    |sparsemux_33_32_16_1_1_U655  |sparsemux_33_32_16_1_1  |        0|   0|  0|  65|    0|
    +-----------------------------+------------------------+---------+----+---+----+-----+
    |Total                        |                        |        0|   0|  0|1365|    0|
    +-----------------------------+------------------------+---------+----+---+----+-----+

    * DSP: 
    N/A

    * Memory: 
    N/A

    * FIFO: 
    N/A

    * Expression: 
    N/A

    * Multiplexer: 
    N/A

    * Register: 
    N/A



================================================================
== Interface
================================================================
* Summary: 
+--------------+-----+-----+------------+---------------+--------------+
|   RTL Ports  | Dir | Bits|  Protocol  | Source Object |    C Type    |
+--------------+-----+-----+------------+---------------+--------------+
|ap_ready      |  out|    1|  ap_ctrl_hs|  fill_buffer.1|  return value|
|ap_return_0   |  out|   16|  ap_ctrl_hs|  fill_buffer.1|  return value|
|ap_return_1   |  out|   16|  ap_ctrl_hs|  fill_buffer.1|  return value|
|ap_return_2   |  out|   16|  ap_ctrl_hs|  fill_buffer.1|  return value|
|ap_return_3   |  out|   16|  ap_ctrl_hs|  fill_buffer.1|  return value|
|ap_return_4   |  out|   16|  ap_ctrl_hs|  fill_buffer.1|  return value|
|ap_return_5   |  out|   16|  ap_ctrl_hs|  fill_buffer.1|  return value|
|ap_return_6   |  out|   16|  ap_ctrl_hs|  fill_buffer.1|  return value|
|ap_return_7   |  out|   16|  ap_ctrl_hs|  fill_buffer.1|  return value|
|ap_return_8   |  out|   16|  ap_ctrl_hs|  fill_buffer.1|  return value|
|ap_return_9   |  out|   16|  ap_ctrl_hs|  fill_buffer.1|  return value|
|ap_return_10  |  out|   16|  ap_ctrl_hs|  fill_buffer.1|  return value|
|ap_return_11  |  out|   16|  ap_ctrl_hs|  fill_buffer.1|  return value|
|ap_return_12  |  out|   16|  ap_ctrl_hs|  fill_buffer.1|  return value|
|ap_return_13  |  out|   16|  ap_ctrl_hs|  fill_buffer.1|  return value|
|ap_return_14  |  out|   16|  ap_ctrl_hs|  fill_buffer.1|  return value|
|ap_return_15  |  out|   16|  ap_ctrl_hs|  fill_buffer.1|  return value|
|ap_return_16  |  out|   16|  ap_ctrl_hs|  fill_buffer.1|  return value|
|ap_return_17  |  out|   16|  ap_ctrl_hs|  fill_buffer.1|  return value|
|ap_return_18  |  out|   16|  ap_ctrl_hs|  fill_buffer.1|  return value|
|ap_return_19  |  out|   16|  ap_ctrl_hs|  fill_buffer.1|  return value|
|ap_return_20  |  out|   16|  ap_ctrl_hs|  fill_buffer.1|  return value|
|data_0_val    |   in|   16|     ap_none|     data_0_val|        scalar|
|data_1_val    |   in|   16|     ap_none|     data_1_val|        scalar|
|data_2_val    |   in|   16|     ap_none|     data_2_val|        scalar|
|data_3_val    |   in|   16|     ap_none|     data_3_val|        scalar|
|data_4_val    |   in|   16|     ap_none|     data_4_val|        scalar|
|data_5_val    |   in|   16|     ap_none|     data_5_val|        scalar|
|data_6_val    |   in|    9|     ap_none|     data_6_val|        scalar|
|data_7_val    |   in|   15|     ap_none|     data_7_val|        scalar|
|data_8_val    |   in|   16|     ap_none|     data_8_val|        scalar|
|data_9_val    |   in|   16|     ap_none|     data_9_val|        scalar|
|data_10_val   |   in|   16|     ap_none|    data_10_val|        scalar|
|data_11_val   |   in|   14|     ap_none|    data_11_val|        scalar|
|data_12_val   |   in|   16|     ap_none|    data_12_val|        scalar|
|data_13_val   |   in|   16|     ap_none|    data_13_val|        scalar|
|data_14_val   |   in|   16|     ap_none|    data_14_val|        scalar|
|data_15_val   |   in|   16|     ap_none|    data_15_val|        scalar|
|data_16_val   |   in|   16|     ap_none|    data_16_val|        scalar|
|data_17_val   |   in|   16|     ap_none|    data_17_val|        scalar|
|data_18_val   |   in|   16|     ap_none|    data_18_val|        scalar|
|data_19_val   |   in|   16|     ap_none|    data_19_val|        scalar|
|data_20_val   |   in|   16|     ap_none|    data_20_val|        scalar|
|data_21_val   |   in|   16|     ap_none|    data_21_val|        scalar|
|data_22_val   |   in|   16|     ap_none|    data_22_val|        scalar|
|data_23_val   |   in|   16|     ap_none|    data_23_val|        scalar|
|data_24_val   |   in|   16|     ap_none|    data_24_val|        scalar|
|data_25_val   |   in|   16|     ap_none|    data_25_val|        scalar|
|data_26_val   |   in|   16|     ap_none|    data_26_val|        scalar|
|data_27_val   |   in|    9|     ap_none|    data_27_val|        scalar|
|data_28_val   |   in|   15|     ap_none|    data_28_val|        scalar|
|data_29_val   |   in|   16|     ap_none|    data_29_val|        scalar|
|data_30_val   |   in|   16|     ap_none|    data_30_val|        scalar|
|data_31_val   |   in|   16|     ap_none|    data_31_val|        scalar|
|data_32_val   |   in|   14|     ap_none|    data_32_val|        scalar|
|data_33_val   |   in|   16|     ap_none|    data_33_val|        scalar|
|data_34_val   |   in|   16|     ap_none|    data_34_val|        scalar|
|data_35_val   |   in|   16|     ap_none|    data_35_val|        scalar|
|data_36_val   |   in|   16|     ap_none|    data_36_val|        scalar|
|data_37_val   |   in|   16|     ap_none|    data_37_val|        scalar|
|data_38_val   |   in|   16|     ap_none|    data_38_val|        scalar|
|data_39_val   |   in|   16|     ap_none|    data_39_val|        scalar|
|data_40_val   |   in|   16|     ap_none|    data_40_val|        scalar|
|data_41_val   |   in|   16|     ap_none|    data_41_val|        scalar|
|data_42_val   |   in|   16|     ap_none|    data_42_val|        scalar|
|data_43_val   |   in|   16|     ap_none|    data_43_val|        scalar|
|data_44_val   |   in|   16|     ap_none|    data_44_val|        scalar|
|data_45_val   |   in|   16|     ap_none|    data_45_val|        scalar|
|data_46_val   |   in|   16|     ap_none|    data_46_val|        scalar|
|data_47_val   |   in|   16|     ap_none|    data_47_val|        scalar|
|data_48_val   |   in|    9|     ap_none|    data_48_val|        scalar|
|data_49_val   |   in|   15|     ap_none|    data_49_val|        scalar|
|data_50_val   |   in|   16|     ap_none|    data_50_val|        scalar|
|data_51_val   |   in|   16|     ap_none|    data_51_val|        scalar|
|data_52_val   |   in|   16|     ap_none|    data_52_val|        scalar|
|data_53_val   |   in|   14|     ap_none|    data_53_val|        scalar|
|data_54_val   |   in|   16|     ap_none|    data_54_val|        scalar|
|data_55_val   |   in|   16|     ap_none|    data_55_val|        scalar|
|data_56_val   |   in|   16|     ap_none|    data_56_val|        scalar|
|data_57_val   |   in|   16|     ap_none|    data_57_val|        scalar|
|data_58_val   |   in|   16|     ap_none|    data_58_val|        scalar|
|data_59_val   |   in|   16|     ap_none|    data_59_val|        scalar|
|data_60_val   |   in|   16|     ap_none|    data_60_val|        scalar|
|data_61_val   |   in|   16|     ap_none|    data_61_val|        scalar|
|data_62_val   |   in|   16|     ap_none|    data_62_val|        scalar|
|data_63_val   |   in|   16|     ap_none|    data_63_val|        scalar|
|data_64_val   |   in|   16|     ap_none|    data_64_val|        scalar|
|data_65_val   |   in|   16|     ap_none|    data_65_val|        scalar|
|data_66_val   |   in|   16|     ap_none|    data_66_val|        scalar|
|data_67_val   |   in|   16|     ap_none|    data_67_val|        scalar|
|data_68_val   |   in|   16|     ap_none|    data_68_val|        scalar|
|data_69_val   |   in|    9|     ap_none|    data_69_val|        scalar|
|data_70_val   |   in|   15|     ap_none|    data_70_val|        scalar|
|data_71_val   |   in|   16|     ap_none|    data_71_val|        scalar|
|data_72_val   |   in|   16|     ap_none|    data_72_val|        scalar|
|data_73_val   |   in|   16|     ap_none|    data_73_val|        scalar|
|data_74_val   |   in|   14|     ap_none|    data_74_val|        scalar|
|data_75_val   |   in|   16|     ap_none|    data_75_val|        scalar|
|data_76_val   |   in|   16|     ap_none|    data_76_val|        scalar|
|data_77_val   |   in|   16|     ap_none|    data_77_val|        scalar|
|data_78_val   |   in|   16|     ap_none|    data_78_val|        scalar|
|data_79_val   |   in|   16|     ap_none|    data_79_val|        scalar|
|data_80_val   |   in|   16|     ap_none|    data_80_val|        scalar|
|data_81_val   |   in|   16|     ap_none|    data_81_val|        scalar|
|data_82_val   |   in|   16|     ap_none|    data_82_val|        scalar|
|data_83_val   |   in|   16|     ap_none|    data_83_val|        scalar|
|data_84_val   |   in|   16|     ap_none|    data_84_val|        scalar|
|data_85_val   |   in|   16|     ap_none|    data_85_val|        scalar|
|data_86_val   |   in|   16|     ap_none|    data_86_val|        scalar|
|data_87_val   |   in|   16|     ap_none|    data_87_val|        scalar|
|data_88_val   |   in|   16|     ap_none|    data_88_val|        scalar|
|data_89_val   |   in|   16|     ap_none|    data_89_val|        scalar|
|data_90_val   |   in|    9|     ap_none|    data_90_val|        scalar|
|data_91_val   |   in|   15|     ap_none|    data_91_val|        scalar|
|data_92_val   |   in|   16|     ap_none|    data_92_val|        scalar|
|data_93_val   |   in|   16|     ap_none|    data_93_val|        scalar|
|data_94_val   |   in|   16|     ap_none|    data_94_val|        scalar|
|data_95_val   |   in|   14|     ap_none|    data_95_val|        scalar|
|data_96_val   |   in|   16|     ap_none|    data_96_val|        scalar|
|data_97_val   |   in|   16|     ap_none|    data_97_val|        scalar|
|data_98_val   |   in|   16|     ap_none|    data_98_val|        scalar|
|data_99_val   |   in|   16|     ap_none|    data_99_val|        scalar|
|data_100_val  |   in|   16|     ap_none|   data_100_val|        scalar|
|data_101_val  |   in|   16|     ap_none|   data_101_val|        scalar|
|data_102_val  |   in|   16|     ap_none|   data_102_val|        scalar|
|data_103_val  |   in|   16|     ap_none|   data_103_val|        scalar|
|data_104_val  |   in|   16|     ap_none|   data_104_val|        scalar|
|data_105_val  |   in|   16|     ap_none|   data_105_val|        scalar|
|data_106_val  |   in|   16|     ap_none|   data_106_val|        scalar|
|data_107_val  |   in|   16|     ap_none|   data_107_val|        scalar|
|data_108_val  |   in|   16|     ap_none|   data_108_val|        scalar|
|data_109_val  |   in|   16|     ap_none|   data_109_val|        scalar|
|data_110_val  |   in|   16|     ap_none|   data_110_val|        scalar|
|data_111_val  |   in|    9|     ap_none|   data_111_val|        scalar|
|data_112_val  |   in|   15|     ap_none|   data_112_val|        scalar|
|data_113_val  |   in|   16|     ap_none|   data_113_val|        scalar|
|data_114_val  |   in|   16|     ap_none|   data_114_val|        scalar|
|data_115_val  |   in|   16|     ap_none|   data_115_val|        scalar|
|data_116_val  |   in|   14|     ap_none|   data_116_val|        scalar|
|data_117_val  |   in|   16|     ap_none|   data_117_val|        scalar|
|data_118_val  |   in|   16|     ap_none|   data_118_val|        scalar|
|data_119_val  |   in|   16|     ap_none|   data_119_val|        scalar|
|data_120_val  |   in|   16|     ap_none|   data_120_val|        scalar|
|data_121_val  |   in|   16|     ap_none|   data_121_val|        scalar|
|data_122_val  |   in|   16|     ap_none|   data_122_val|        scalar|
|data_123_val  |   in|   16|     ap_none|   data_123_val|        scalar|
|data_124_val  |   in|   16|     ap_none|   data_124_val|        scalar|
|data_125_val  |   in|   16|     ap_none|   data_125_val|        scalar|
|data_126_val  |   in|   16|     ap_none|   data_126_val|        scalar|
|data_127_val  |   in|   16|     ap_none|   data_127_val|        scalar|
|data_128_val  |   in|   16|     ap_none|   data_128_val|        scalar|
|data_129_val  |   in|   16|     ap_none|   data_129_val|        scalar|
|data_130_val  |   in|   16|     ap_none|   data_130_val|        scalar|
|data_131_val  |   in|   16|     ap_none|   data_131_val|        scalar|
|data_132_val  |   in|    9|     ap_none|   data_132_val|        scalar|
|data_133_val  |   in|   15|     ap_none|   data_133_val|        scalar|
|data_134_val  |   in|   16|     ap_none|   data_134_val|        scalar|
|data_135_val  |   in|   16|     ap_none|   data_135_val|        scalar|
|data_136_val  |   in|   16|     ap_none|   data_136_val|        scalar|
|data_137_val  |   in|   14|     ap_none|   data_137_val|        scalar|
|data_138_val  |   in|   16|     ap_none|   data_138_val|        scalar|
|data_139_val  |   in|   16|     ap_none|   data_139_val|        scalar|
|data_140_val  |   in|   16|     ap_none|   data_140_val|        scalar|
|data_141_val  |   in|   16|     ap_none|   data_141_val|        scalar|
|data_142_val  |   in|   16|     ap_none|   data_142_val|        scalar|
|data_143_val  |   in|   16|     ap_none|   data_143_val|        scalar|
|data_144_val  |   in|   16|     ap_none|   data_144_val|        scalar|
|data_145_val  |   in|   16|     ap_none|   data_145_val|        scalar|
|data_146_val  |   in|   16|     ap_none|   data_146_val|        scalar|
|data_147_val  |   in|   16|     ap_none|   data_147_val|        scalar|
|data_148_val  |   in|   16|     ap_none|   data_148_val|        scalar|
|data_149_val  |   in|   16|     ap_none|   data_149_val|        scalar|
|data_150_val  |   in|   16|     ap_none|   data_150_val|        scalar|
|data_151_val  |   in|   16|     ap_none|   data_151_val|        scalar|
|data_152_val  |   in|   16|     ap_none|   data_152_val|        scalar|
|data_153_val  |   in|    9|     ap_none|   data_153_val|        scalar|
|data_154_val  |   in|   15|     ap_none|   data_154_val|        scalar|
|data_155_val  |   in|   16|     ap_none|   data_155_val|        scalar|
|data_156_val  |   in|   16|     ap_none|   data_156_val|        scalar|
|data_157_val  |   in|   16|     ap_none|   data_157_val|        scalar|
|data_158_val  |   in|   14|     ap_none|   data_158_val|        scalar|
|data_159_val  |   in|   16|     ap_none|   data_159_val|        scalar|
|data_160_val  |   in|   16|     ap_none|   data_160_val|        scalar|
|data_161_val  |   in|   16|     ap_none|   data_161_val|        scalar|
|data_162_val  |   in|   16|     ap_none|   data_162_val|        scalar|
|data_163_val  |   in|   16|     ap_none|   data_163_val|        scalar|
|data_164_val  |   in|   16|     ap_none|   data_164_val|        scalar|
|data_165_val  |   in|   16|     ap_none|   data_165_val|        scalar|
|data_166_val  |   in|   16|     ap_none|   data_166_val|        scalar|
|data_167_val  |   in|   16|     ap_none|   data_167_val|        scalar|
|data_168_val  |   in|   16|     ap_none|   data_168_val|        scalar|
|data_169_val  |   in|   16|     ap_none|   data_169_val|        scalar|
|data_170_val  |   in|   16|     ap_none|   data_170_val|        scalar|
|data_171_val  |   in|   16|     ap_none|   data_171_val|        scalar|
|data_172_val  |   in|   16|     ap_none|   data_172_val|        scalar|
|data_173_val  |   in|   16|     ap_none|   data_173_val|        scalar|
|data_174_val  |   in|    9|     ap_none|   data_174_val|        scalar|
|data_175_val  |   in|   15|     ap_none|   data_175_val|        scalar|
|data_176_val  |   in|   16|     ap_none|   data_176_val|        scalar|
|data_177_val  |   in|   16|     ap_none|   data_177_val|        scalar|
|data_178_val  |   in|   16|     ap_none|   data_178_val|        scalar|
|data_179_val  |   in|   14|     ap_none|   data_179_val|        scalar|
|data_180_val  |   in|   16|     ap_none|   data_180_val|        scalar|
|data_181_val  |   in|   16|     ap_none|   data_181_val|        scalar|
|data_182_val  |   in|   16|     ap_none|   data_182_val|        scalar|
|data_183_val  |   in|   16|     ap_none|   data_183_val|        scalar|
|data_184_val  |   in|   16|     ap_none|   data_184_val|        scalar|
|data_185_val  |   in|   16|     ap_none|   data_185_val|        scalar|
|data_186_val  |   in|   16|     ap_none|   data_186_val|        scalar|
|data_187_val  |   in|   16|     ap_none|   data_187_val|        scalar|
|data_188_val  |   in|   16|     ap_none|   data_188_val|        scalar|
|data_189_val  |   in|   16|     ap_none|   data_189_val|        scalar|
|data_190_val  |   in|   16|     ap_none|   data_190_val|        scalar|
|data_191_val  |   in|   16|     ap_none|   data_191_val|        scalar|
|data_192_val  |   in|   16|     ap_none|   data_192_val|        scalar|
|data_193_val  |   in|   16|     ap_none|   data_193_val|        scalar|
|data_194_val  |   in|   16|     ap_none|   data_194_val|        scalar|
|data_195_val  |   in|    9|     ap_none|   data_195_val|        scalar|
|data_196_val  |   in|   15|     ap_none|   data_196_val|        scalar|
|data_197_val  |   in|   16|     ap_none|   data_197_val|        scalar|
|data_198_val  |   in|   16|     ap_none|   data_198_val|        scalar|
|data_199_val  |   in|   16|     ap_none|   data_199_val|        scalar|
|data_200_val  |   in|   14|     ap_none|   data_200_val|        scalar|
|data_201_val  |   in|   16|     ap_none|   data_201_val|        scalar|
|data_202_val  |   in|   16|     ap_none|   data_202_val|        scalar|
|data_203_val  |   in|   16|     ap_none|   data_203_val|        scalar|
|data_204_val  |   in|   16|     ap_none|   data_204_val|        scalar|
|data_205_val  |   in|   16|     ap_none|   data_205_val|        scalar|
|data_206_val  |   in|   16|     ap_none|   data_206_val|        scalar|
|data_207_val  |   in|   16|     ap_none|   data_207_val|        scalar|
|data_208_val  |   in|   16|     ap_none|   data_208_val|        scalar|
|data_209_val  |   in|   16|     ap_none|   data_209_val|        scalar|
|data_210_val  |   in|   16|     ap_none|   data_210_val|        scalar|
|data_211_val  |   in|   16|     ap_none|   data_211_val|        scalar|
|data_212_val  |   in|   16|     ap_none|   data_212_val|        scalar|
|data_213_val  |   in|   16|     ap_none|   data_213_val|        scalar|
|data_214_val  |   in|   16|     ap_none|   data_214_val|        scalar|
|data_215_val  |   in|   16|     ap_none|   data_215_val|        scalar|
|data_216_val  |   in|    9|     ap_none|   data_216_val|        scalar|
|data_217_val  |   in|   15|     ap_none|   data_217_val|        scalar|
|data_218_val  |   in|   16|     ap_none|   data_218_val|        scalar|
|data_219_val  |   in|   16|     ap_none|   data_219_val|        scalar|
|data_220_val  |   in|   16|     ap_none|   data_220_val|        scalar|
|data_221_val  |   in|   14|     ap_none|   data_221_val|        scalar|
|data_222_val  |   in|   16|     ap_none|   data_222_val|        scalar|
|data_223_val  |   in|   16|     ap_none|   data_223_val|        scalar|
|data_224_val  |   in|   16|     ap_none|   data_224_val|        scalar|
|data_225_val  |   in|   16|     ap_none|   data_225_val|        scalar|
|data_226_val  |   in|   16|     ap_none|   data_226_val|        scalar|
|data_227_val  |   in|   16|     ap_none|   data_227_val|        scalar|
|data_228_val  |   in|   16|     ap_none|   data_228_val|        scalar|
|data_229_val  |   in|   16|     ap_none|   data_229_val|        scalar|
|data_230_val  |   in|   16|     ap_none|   data_230_val|        scalar|
|data_231_val  |   in|   16|     ap_none|   data_231_val|        scalar|
|data_232_val  |   in|   16|     ap_none|   data_232_val|        scalar|
|data_233_val  |   in|   16|     ap_none|   data_233_val|        scalar|
|data_234_val  |   in|   16|     ap_none|   data_234_val|        scalar|
|data_235_val  |   in|   16|     ap_none|   data_235_val|        scalar|
|data_236_val  |   in|   16|     ap_none|   data_236_val|        scalar|
|data_237_val  |   in|    9|     ap_none|   data_237_val|        scalar|
|data_238_val  |   in|   15|     ap_none|   data_238_val|        scalar|
|data_239_val  |   in|   16|     ap_none|   data_239_val|        scalar|
|data_240_val  |   in|   16|     ap_none|   data_240_val|        scalar|
|data_241_val  |   in|   16|     ap_none|   data_241_val|        scalar|
|data_242_val  |   in|   14|     ap_none|   data_242_val|        scalar|
|data_243_val  |   in|   16|     ap_none|   data_243_val|        scalar|
|data_244_val  |   in|   16|     ap_none|   data_244_val|        scalar|
|data_245_val  |   in|   16|     ap_none|   data_245_val|        scalar|
|data_246_val  |   in|   16|     ap_none|   data_246_val|        scalar|
|data_247_val  |   in|   16|     ap_none|   data_247_val|        scalar|
|data_248_val  |   in|   16|     ap_none|   data_248_val|        scalar|
|data_249_val  |   in|   16|     ap_none|   data_249_val|        scalar|
|data_250_val  |   in|   16|     ap_none|   data_250_val|        scalar|
|data_251_val  |   in|   16|     ap_none|   data_251_val|        scalar|
|data_252_val  |   in|   16|     ap_none|   data_252_val|        scalar|
|data_253_val  |   in|   16|     ap_none|   data_253_val|        scalar|
|data_254_val  |   in|   16|     ap_none|   data_254_val|        scalar|
|data_255_val  |   in|   16|     ap_none|   data_255_val|        scalar|
|data_256_val  |   in|   16|     ap_none|   data_256_val|        scalar|
|data_257_val  |   in|   16|     ap_none|   data_257_val|        scalar|
|data_258_val  |   in|    9|     ap_none|   data_258_val|        scalar|
|data_259_val  |   in|   15|     ap_none|   data_259_val|        scalar|
|data_260_val  |   in|   16|     ap_none|   data_260_val|        scalar|
|data_261_val  |   in|   16|     ap_none|   data_261_val|        scalar|
|data_262_val  |   in|   16|     ap_none|   data_262_val|        scalar|
|data_263_val  |   in|   14|     ap_none|   data_263_val|        scalar|
|data_264_val  |   in|   16|     ap_none|   data_264_val|        scalar|
|data_265_val  |   in|   16|     ap_none|   data_265_val|        scalar|
|data_266_val  |   in|   16|     ap_none|   data_266_val|        scalar|
|data_267_val  |   in|   16|     ap_none|   data_267_val|        scalar|
|data_268_val  |   in|   16|     ap_none|   data_268_val|        scalar|
|data_269_val  |   in|   16|     ap_none|   data_269_val|        scalar|
|data_270_val  |   in|   16|     ap_none|   data_270_val|        scalar|
|data_271_val  |   in|   16|     ap_none|   data_271_val|        scalar|
|data_272_val  |   in|   16|     ap_none|   data_272_val|        scalar|
|data_273_val  |   in|   16|     ap_none|   data_273_val|        scalar|
|data_274_val  |   in|   16|     ap_none|   data_274_val|        scalar|
|data_275_val  |   in|   16|     ap_none|   data_275_val|        scalar|
|data_276_val  |   in|   16|     ap_none|   data_276_val|        scalar|
|data_277_val  |   in|   16|     ap_none|   data_277_val|        scalar|
|data_278_val  |   in|   16|     ap_none|   data_278_val|        scalar|
|data_279_val  |   in|    9|     ap_none|   data_279_val|        scalar|
|data_280_val  |   in|   15|     ap_none|   data_280_val|        scalar|
|data_281_val  |   in|   16|     ap_none|   data_281_val|        scalar|
|data_282_val  |   in|   16|     ap_none|   data_282_val|        scalar|
|data_283_val  |   in|   16|     ap_none|   data_283_val|        scalar|
|data_284_val  |   in|   14|     ap_none|   data_284_val|        scalar|
|data_285_val  |   in|   16|     ap_none|   data_285_val|        scalar|
|data_286_val  |   in|   16|     ap_none|   data_286_val|        scalar|
|data_287_val  |   in|   16|     ap_none|   data_287_val|        scalar|
|data_288_val  |   in|   16|     ap_none|   data_288_val|        scalar|
|data_289_val  |   in|   16|     ap_none|   data_289_val|        scalar|
|data_290_val  |   in|   16|     ap_none|   data_290_val|        scalar|
|data_291_val  |   in|   16|     ap_none|   data_291_val|        scalar|
|data_292_val  |   in|   16|     ap_none|   data_292_val|        scalar|
|data_293_val  |   in|   16|     ap_none|   data_293_val|        scalar|
|data_294_val  |   in|   16|     ap_none|   data_294_val|        scalar|
|data_295_val  |   in|   16|     ap_none|   data_295_val|        scalar|
|data_296_val  |   in|   16|     ap_none|   data_296_val|        scalar|
|data_297_val  |   in|   16|     ap_none|   data_297_val|        scalar|
|data_298_val  |   in|   16|     ap_none|   data_298_val|        scalar|
|data_299_val  |   in|   16|     ap_none|   data_299_val|        scalar|
|data_300_val  |   in|    9|     ap_none|   data_300_val|        scalar|
|data_301_val  |   in|   15|     ap_none|   data_301_val|        scalar|
|data_302_val  |   in|   16|     ap_none|   data_302_val|        scalar|
|data_303_val  |   in|   16|     ap_none|   data_303_val|        scalar|
|data_304_val  |   in|   16|     ap_none|   data_304_val|        scalar|
|data_305_val  |   in|   14|     ap_none|   data_305_val|        scalar|
|data_306_val  |   in|   16|     ap_none|   data_306_val|        scalar|
|data_307_val  |   in|   16|     ap_none|   data_307_val|        scalar|
|data_308_val  |   in|   16|     ap_none|   data_308_val|        scalar|
|data_309_val  |   in|   16|     ap_none|   data_309_val|        scalar|
|data_310_val  |   in|   16|     ap_none|   data_310_val|        scalar|
|data_311_val  |   in|   16|     ap_none|   data_311_val|        scalar|
|data_312_val  |   in|   16|     ap_none|   data_312_val|        scalar|
|data_313_val  |   in|   16|     ap_none|   data_313_val|        scalar|
|data_314_val  |   in|   16|     ap_none|   data_314_val|        scalar|
|data_315_val  |   in|   16|     ap_none|   data_315_val|        scalar|
|data_316_val  |   in|   16|     ap_none|   data_316_val|        scalar|
|data_317_val  |   in|   16|     ap_none|   data_317_val|        scalar|
|data_318_val  |   in|   16|     ap_none|   data_318_val|        scalar|
|data_319_val  |   in|   16|     ap_none|   data_319_val|        scalar|
|data_320_val  |   in|   16|     ap_none|   data_320_val|        scalar|
|data_321_val  |   in|    9|     ap_none|   data_321_val|        scalar|
|data_322_val  |   in|   15|     ap_none|   data_322_val|        scalar|
|data_323_val  |   in|   16|     ap_none|   data_323_val|        scalar|
|data_324_val  |   in|   16|     ap_none|   data_324_val|        scalar|
|data_325_val  |   in|   16|     ap_none|   data_325_val|        scalar|
|data_326_val  |   in|   14|     ap_none|   data_326_val|        scalar|
|data_327_val  |   in|   16|     ap_none|   data_327_val|        scalar|
|data_328_val  |   in|   16|     ap_none|   data_328_val|        scalar|
|data_329_val  |   in|   16|     ap_none|   data_329_val|        scalar|
|data_330_val  |   in|   16|     ap_none|   data_330_val|        scalar|
|data_331_val  |   in|   16|     ap_none|   data_331_val|        scalar|
|data_332_val  |   in|   16|     ap_none|   data_332_val|        scalar|
|data_333_val  |   in|   16|     ap_none|   data_333_val|        scalar|
|data_334_val  |   in|   16|     ap_none|   data_334_val|        scalar|
|data_335_val  |   in|   16|     ap_none|   data_335_val|        scalar|
|p_read        |   in|   16|     ap_none|         p_read|        scalar|
|p_read1       |   in|   16|     ap_none|        p_read1|        scalar|
|p_read2       |   in|   16|     ap_none|        p_read2|        scalar|
|p_read3       |   in|   16|     ap_none|        p_read3|        scalar|
|p_read4       |   in|   16|     ap_none|        p_read4|        scalar|
|p_read5       |   in|   16|     ap_none|        p_read5|        scalar|
|p_read6       |   in|   16|     ap_none|        p_read6|        scalar|
|p_read7       |   in|   16|     ap_none|        p_read7|        scalar|
|p_read8       |   in|   16|     ap_none|        p_read8|        scalar|
|p_read9       |   in|   16|     ap_none|        p_read9|        scalar|
|p_read10      |   in|   16|     ap_none|       p_read10|        scalar|
|p_read11      |   in|   16|     ap_none|       p_read11|        scalar|
|p_read12      |   in|   16|     ap_none|       p_read12|        scalar|
|p_read13      |   in|   16|     ap_none|       p_read13|        scalar|
|p_read14      |   in|   16|     ap_none|       p_read14|        scalar|
|p_read15      |   in|   16|     ap_none|       p_read15|        scalar|
|p_read16      |   in|   16|     ap_none|       p_read16|        scalar|
|p_read17      |   in|   16|     ap_none|       p_read17|        scalar|
|p_read18      |   in|   16|     ap_none|       p_read18|        scalar|
|p_read19      |   in|   16|     ap_none|       p_read19|        scalar|
|p_read20      |   in|   16|     ap_none|       p_read20|        scalar|
|partition     |   in|    4|     ap_none|      partition|        scalar|
+--------------+-----+-----+------------+---------------+--------------+

