

================================================================
== Vitis HLS Report for 'relu_ap_fixed_16_6_5_3_0_ap_ufixed_9_0_4_0_0_relu_config13_s'
================================================================
* Date:           Sat Oct 19 21:28:17 2024

* Version:        2023.2 (Build 4023990 on Oct 11 2023)
* Project:        JetTagger
* Solution:       solution1 (Vivado IP Flow Target)
* Product family: virtexuplus
* Target device:  xcvu13p-flga2577-2-e


================================================================
== Performance Estimates
================================================================
+ Timing: 
    * Summary: 
    +--------+---------+----------+------------+
    |  Clock |  Target | Estimated| Uncertainty|
    +--------+---------+----------+------------+
    |ap_clk  |  2.00 ns|  1.445 ns|     0.54 ns|
    +--------+---------+----------+------------+

+ Latency: 
    * Summary: 
    +---------+---------+----------+----------+-----+-----+---------+
    |  Latency (cycles) |  Latency (absolute) |  Interval | Pipeline|
    |   min   |   max   |    min   |    max   | min | max |   Type  |
    +---------+---------+----------+----------+-----+-----+---------+
    |        1|        1|  2.000 ns|  2.000 ns|    1|    1|      yes|
    +---------+---------+----------+----------+-----+-----+---------+

    + Detail: 
        * Instance: 
        N/A

        * Loop: 
        N/A



================================================================
== Utilization Estimates
================================================================
* Summary: 
+---------------------+---------+-------+---------+---------+------+
|         Name        | BRAM_18K|  DSP  |    FF   |   LUT   | URAM |
+---------------------+---------+-------+---------+---------+------+
|DSP                  |        -|      -|        -|        -|     -|
|Expression           |        -|      -|        0|     1754|     -|
|FIFO                 |        -|      -|        -|        -|     -|
|Instance             |        -|      -|        -|        -|     -|
|Memory               |        -|      -|        -|        -|     -|
|Multiplexer          |        -|      -|        -|      261|     -|
|Register             |        -|      -|      675|        -|     -|
+---------------------+---------+-------+---------+---------+------+
|Total                |        0|      0|      675|     2015|     0|
+---------------------+---------+-------+---------+---------+------+
|Available SLR        |     1344|   3072|   864000|   432000|   320|
+---------------------+---------+-------+---------+---------+------+
|Utilization SLR (%)  |        0|      0|       ~0|       ~0|     0|
+---------------------+---------+-------+---------+---------+------+
|Available            |     5376|  12288|  3456000|  1728000|  1280|
+---------------------+---------+-------+---------+---------+------+
|Utilization (%)      |        0|      0|       ~0|       ~0|     0|
+---------------------+---------+-------+---------+---------+------+

+ Detail: 
    * Instance: 
    N/A

    * DSP: 
    N/A

    * Memory: 
    N/A

    * FIFO: 
    N/A

    * Expression: 
    +-----------------------------+----------+----+---+----+------------+------------+
    |        Variable Name        | Operation| DSP| FF| LUT| Bitwidth P0| Bitwidth P1|
    +-----------------------------+----------+----+---+----+------------+------------+
    |add_ln46_958_fu_286_p2       |         +|   0|  0|  16|           9|           9|
    |add_ln46_959_fu_370_p2       |         +|   0|  0|  16|           9|           9|
    |add_ln46_960_fu_454_p2       |         +|   0|  0|  16|           9|           9|
    |add_ln46_961_fu_538_p2       |         +|   0|  0|  16|           9|           9|
    |add_ln46_962_fu_622_p2       |         +|   0|  0|  16|           9|           9|
    |add_ln46_963_fu_706_p2       |         +|   0|  0|  16|           9|           9|
    |add_ln46_964_fu_790_p2       |         +|   0|  0|  16|           9|           9|
    |add_ln46_965_fu_874_p2       |         +|   0|  0|  16|           9|           9|
    |add_ln46_966_fu_958_p2       |         +|   0|  0|  16|           9|           9|
    |add_ln46_967_fu_1042_p2      |         +|   0|  0|  16|           9|           9|
    |add_ln46_968_fu_1126_p2      |         +|   0|  0|  16|           9|           9|
    |add_ln46_969_fu_1210_p2      |         +|   0|  0|  16|           9|           9|
    |add_ln46_970_fu_1294_p2      |         +|   0|  0|  16|           9|           9|
    |add_ln46_fu_202_p2           |         +|   0|  0|  16|           9|           9|
    |and_ln46_3168_fu_1370_p2     |       and|   0|  0|   2|           1|           1|
    |and_ln46_3169_fu_1381_p2     |       and|   0|  0|   2|           1|           1|
    |and_ln46_3170_fu_276_p2      |       and|   0|  0|   2|           1|           1|
    |and_ln46_3171_fu_1471_p2     |       and|   0|  0|   2|           1|           1|
    |and_ln46_3172_fu_1482_p2     |       and|   0|  0|   2|           1|           1|
    |and_ln46_3173_fu_360_p2      |       and|   0|  0|   2|           1|           1|
    |and_ln46_3174_fu_1572_p2     |       and|   0|  0|   2|           1|           1|
    |and_ln46_3175_fu_1583_p2     |       and|   0|  0|   2|           1|           1|
    |and_ln46_3176_fu_444_p2      |       and|   0|  0|   2|           1|           1|
    |and_ln46_3177_fu_1673_p2     |       and|   0|  0|   2|           1|           1|
    |and_ln46_3178_fu_1684_p2     |       and|   0|  0|   2|           1|           1|
    |and_ln46_3179_fu_528_p2      |       and|   0|  0|   2|           1|           1|
    |and_ln46_3180_fu_1774_p2     |       and|   0|  0|   2|           1|           1|
    |and_ln46_3181_fu_1785_p2     |       and|   0|  0|   2|           1|           1|
    |and_ln46_3182_fu_612_p2      |       and|   0|  0|   2|           1|           1|
    |and_ln46_3183_fu_1875_p2     |       and|   0|  0|   2|           1|           1|
    |and_ln46_3184_fu_1886_p2     |       and|   0|  0|   2|           1|           1|
    |and_ln46_3185_fu_696_p2      |       and|   0|  0|   2|           1|           1|
    |and_ln46_3186_fu_1976_p2     |       and|   0|  0|   2|           1|           1|
    |and_ln46_3187_fu_1987_p2     |       and|   0|  0|   2|           1|           1|
    |and_ln46_3188_fu_780_p2      |       and|   0|  0|   2|           1|           1|
    |and_ln46_3189_fu_2077_p2     |       and|   0|  0|   2|           1|           1|
    |and_ln46_3190_fu_2088_p2     |       and|   0|  0|   2|           1|           1|
    |and_ln46_3191_fu_864_p2      |       and|   0|  0|   2|           1|           1|
    |and_ln46_3192_fu_2178_p2     |       and|   0|  0|   2|           1|           1|
    |and_ln46_3193_fu_2189_p2     |       and|   0|  0|   2|           1|           1|
    |and_ln46_3194_fu_948_p2      |       and|   0|  0|   2|           1|           1|
    |and_ln46_3195_fu_2279_p2     |       and|   0|  0|   2|           1|           1|
    |and_ln46_3196_fu_2290_p2     |       and|   0|  0|   2|           1|           1|
    |and_ln46_3197_fu_1032_p2     |       and|   0|  0|   2|           1|           1|
    |and_ln46_3198_fu_2380_p2     |       and|   0|  0|   2|           1|           1|
    |and_ln46_3199_fu_2391_p2     |       and|   0|  0|   2|           1|           1|
    |and_ln46_3200_fu_1116_p2     |       and|   0|  0|   2|           1|           1|
    |and_ln46_3201_fu_2481_p2     |       and|   0|  0|   2|           1|           1|
    |and_ln46_3202_fu_2492_p2     |       and|   0|  0|   2|           1|           1|
    |and_ln46_3203_fu_1200_p2     |       and|   0|  0|   2|           1|           1|
    |and_ln46_3204_fu_2582_p2     |       and|   0|  0|   2|           1|           1|
    |and_ln46_3205_fu_2593_p2     |       and|   0|  0|   2|           1|           1|
    |and_ln46_3206_fu_1284_p2     |       and|   0|  0|   2|           1|           1|
    |and_ln46_3207_fu_2683_p2     |       and|   0|  0|   2|           1|           1|
    |and_ln46_3208_fu_2694_p2     |       and|   0|  0|   2|           1|           1|
    |and_ln46_4161_fu_1365_p2     |       and|   0|  0|   2|           1|           1|
    |and_ln46_4162_fu_1391_p2     |       and|   0|  0|   2|           1|           1|
    |and_ln46_4163_fu_1466_p2     |       and|   0|  0|   2|           1|           1|
    |and_ln46_4164_fu_1492_p2     |       and|   0|  0|   2|           1|           1|
    |and_ln46_4165_fu_1567_p2     |       and|   0|  0|   2|           1|           1|
    |and_ln46_4166_fu_1593_p2     |       and|   0|  0|   2|           1|           1|
    |and_ln46_4167_fu_1668_p2     |       and|   0|  0|   2|           1|           1|
    |and_ln46_4168_fu_1694_p2     |       and|   0|  0|   2|           1|           1|
    |and_ln46_4169_fu_1769_p2     |       and|   0|  0|   2|           1|           1|
    |and_ln46_4170_fu_1795_p2     |       and|   0|  0|   2|           1|           1|
    |and_ln46_4171_fu_1870_p2     |       and|   0|  0|   2|           1|           1|
    |and_ln46_4172_fu_1896_p2     |       and|   0|  0|   2|           1|           1|
    |and_ln46_4173_fu_1971_p2     |       and|   0|  0|   2|           1|           1|
    |and_ln46_4174_fu_1997_p2     |       and|   0|  0|   2|           1|           1|
    |and_ln46_4175_fu_2072_p2     |       and|   0|  0|   2|           1|           1|
    |and_ln46_4176_fu_2098_p2     |       and|   0|  0|   2|           1|           1|
    |and_ln46_4177_fu_2173_p2     |       and|   0|  0|   2|           1|           1|
    |and_ln46_4178_fu_2199_p2     |       and|   0|  0|   2|           1|           1|
    |and_ln46_4179_fu_2274_p2     |       and|   0|  0|   2|           1|           1|
    |and_ln46_4180_fu_2300_p2     |       and|   0|  0|   2|           1|           1|
    |and_ln46_4181_fu_2375_p2     |       and|   0|  0|   2|           1|           1|
    |and_ln46_4182_fu_2401_p2     |       and|   0|  0|   2|           1|           1|
    |and_ln46_4183_fu_2476_p2     |       and|   0|  0|   2|           1|           1|
    |and_ln46_4184_fu_2502_p2     |       and|   0|  0|   2|           1|           1|
    |and_ln46_4185_fu_2577_p2     |       and|   0|  0|   2|           1|           1|
    |and_ln46_4186_fu_2603_p2     |       and|   0|  0|   2|           1|           1|
    |and_ln46_4187_fu_2678_p2     |       and|   0|  0|   2|           1|           1|
    |and_ln46_4188_fu_2704_p2     |       and|   0|  0|   2|           1|           1|
    |and_ln46_fu_192_p2           |       and|   0|  0|   2|           1|           1|
    |icmp_ln45_958_fu_1431_p2     |      icmp|   0|  0|  23|          16|           1|
    |icmp_ln45_959_fu_1532_p2     |      icmp|   0|  0|  23|          16|           1|
    |icmp_ln45_960_fu_1633_p2     |      icmp|   0|  0|  23|          16|           1|
    |icmp_ln45_961_fu_1734_p2     |      icmp|   0|  0|  23|          16|           1|
    |icmp_ln45_962_fu_1835_p2     |      icmp|   0|  0|  23|          16|           1|
    |icmp_ln45_963_fu_1936_p2     |      icmp|   0|  0|  23|          16|           1|
    |icmp_ln45_964_fu_2037_p2     |      icmp|   0|  0|  23|          16|           1|
    |icmp_ln45_965_fu_2138_p2     |      icmp|   0|  0|  23|          16|           1|
    |icmp_ln45_966_fu_2239_p2     |      icmp|   0|  0|  23|          16|           1|
    |icmp_ln45_967_fu_2340_p2     |      icmp|   0|  0|  23|          16|           1|
    |icmp_ln45_968_fu_2441_p2     |      icmp|   0|  0|  23|          16|           1|
    |icmp_ln45_969_fu_2542_p2     |      icmp|   0|  0|  23|          16|           1|
    |icmp_ln45_970_fu_2643_p2     |      icmp|   0|  0|  23|          16|           1|
    |icmp_ln45_fu_1330_p2         |      icmp|   0|  0|  23|          16|           1|
    |icmp_ln46_1919_fu_224_p2     |      icmp|   0|  0|  13|           6|           1|
    |icmp_ln46_1920_fu_302_p2     |      icmp|   0|  0|  13|           6|           2|
    |icmp_ln46_1921_fu_308_p2     |      icmp|   0|  0|  13|           6|           1|
    |icmp_ln46_1922_fu_386_p2     |      icmp|   0|  0|  13|           6|           2|
    |icmp_ln46_1923_fu_392_p2     |      icmp|   0|  0|  13|           6|           1|
    |icmp_ln46_1924_fu_470_p2     |      icmp|   0|  0|  13|           6|           2|
    |icmp_ln46_1925_fu_476_p2     |      icmp|   0|  0|  13|           6|           1|
    |icmp_ln46_1926_fu_554_p2     |      icmp|   0|  0|  13|           6|           2|
    |icmp_ln46_1927_fu_560_p2     |      icmp|   0|  0|  13|           6|           1|
    |icmp_ln46_1928_fu_638_p2     |      icmp|   0|  0|  13|           6|           2|
    |icmp_ln46_1929_fu_644_p2     |      icmp|   0|  0|  13|           6|           1|
    |icmp_ln46_1930_fu_722_p2     |      icmp|   0|  0|  13|           6|           2|
    |icmp_ln46_1931_fu_728_p2     |      icmp|   0|  0|  13|           6|           1|
    |icmp_ln46_1932_fu_806_p2     |      icmp|   0|  0|  13|           6|           2|
    |icmp_ln46_1933_fu_812_p2     |      icmp|   0|  0|  13|           6|           1|
    |icmp_ln46_1934_fu_890_p2     |      icmp|   0|  0|  13|           6|           2|
    |icmp_ln46_1935_fu_896_p2     |      icmp|   0|  0|  13|           6|           1|
    |icmp_ln46_1936_fu_974_p2     |      icmp|   0|  0|  13|           6|           2|
    |icmp_ln46_1937_fu_980_p2     |      icmp|   0|  0|  13|           6|           1|
    |icmp_ln46_1938_fu_1058_p2    |      icmp|   0|  0|  13|           6|           2|
    |icmp_ln46_1939_fu_1064_p2    |      icmp|   0|  0|  13|           6|           1|
    |icmp_ln46_1940_fu_1142_p2    |      icmp|   0|  0|  13|           6|           2|
    |icmp_ln46_1941_fu_1148_p2    |      icmp|   0|  0|  13|           6|           1|
    |icmp_ln46_1942_fu_1226_p2    |      icmp|   0|  0|  13|           6|           2|
    |icmp_ln46_1943_fu_1232_p2    |      icmp|   0|  0|  13|           6|           1|
    |icmp_ln46_1944_fu_1310_p2    |      icmp|   0|  0|  13|           6|           2|
    |icmp_ln46_1945_fu_1316_p2    |      icmp|   0|  0|  13|           6|           1|
    |icmp_ln46_fu_218_p2          |      icmp|   0|  0|  13|           6|           2|
    |ap_block_pp0_stage0_11001    |        or|   0|  0|   2|           1|           1|
    |or_ln46_1919_fu_1396_p2      |        or|   0|  0|   2|           1|           1|
    |or_ln46_1920_fu_1455_p2      |        or|   0|  0|   2|           1|           1|
    |or_ln46_1921_fu_1497_p2      |        or|   0|  0|   2|           1|           1|
    |or_ln46_1922_fu_1556_p2      |        or|   0|  0|   2|           1|           1|
    |or_ln46_1923_fu_1598_p2      |        or|   0|  0|   2|           1|           1|
    |or_ln46_1924_fu_1657_p2      |        or|   0|  0|   2|           1|           1|
    |or_ln46_1925_fu_1699_p2      |        or|   0|  0|   2|           1|           1|
    |or_ln46_1926_fu_1758_p2      |        or|   0|  0|   2|           1|           1|
    |or_ln46_1927_fu_1800_p2      |        or|   0|  0|   2|           1|           1|
    |or_ln46_1928_fu_1859_p2      |        or|   0|  0|   2|           1|           1|
    |or_ln46_1929_fu_1901_p2      |        or|   0|  0|   2|           1|           1|
    |or_ln46_1930_fu_1960_p2      |        or|   0|  0|   2|           1|           1|
    |or_ln46_1931_fu_2002_p2      |        or|   0|  0|   2|           1|           1|
    |or_ln46_1932_fu_2061_p2      |        or|   0|  0|   2|           1|           1|
    |or_ln46_1933_fu_2103_p2      |        or|   0|  0|   2|           1|           1|
    |or_ln46_1934_fu_2162_p2      |        or|   0|  0|   2|           1|           1|
    |or_ln46_1935_fu_2204_p2      |        or|   0|  0|   2|           1|           1|
    |or_ln46_1936_fu_2263_p2      |        or|   0|  0|   2|           1|           1|
    |or_ln46_1937_fu_2305_p2      |        or|   0|  0|   2|           1|           1|
    |or_ln46_1938_fu_2364_p2      |        or|   0|  0|   2|           1|           1|
    |or_ln46_1939_fu_2406_p2      |        or|   0|  0|   2|           1|           1|
    |or_ln46_1940_fu_2465_p2      |        or|   0|  0|   2|           1|           1|
    |or_ln46_1941_fu_2507_p2      |        or|   0|  0|   2|           1|           1|
    |or_ln46_1942_fu_2566_p2      |        or|   0|  0|   2|           1|           1|
    |or_ln46_1943_fu_2608_p2      |        or|   0|  0|   2|           1|           1|
    |or_ln46_1944_fu_2667_p2      |        or|   0|  0|   2|           1|           1|
    |or_ln46_1945_fu_2709_p2      |        or|   0|  0|   2|           1|           1|
    |or_ln46_fu_1354_p2           |        or|   0|  0|   2|           1|           1|
    |select_ln45_958_fu_1524_p3   |    select|   0|  0|   9|           1|           9|
    |select_ln45_959_fu_1625_p3   |    select|   0|  0|   9|           1|           9|
    |select_ln45_960_fu_1726_p3   |    select|   0|  0|   9|           1|           9|
    |select_ln45_961_fu_1827_p3   |    select|   0|  0|   9|           1|           9|
    |select_ln45_962_fu_1928_p3   |    select|   0|  0|   9|           1|           9|
    |select_ln45_963_fu_2029_p3   |    select|   0|  0|   9|           1|           9|
    |select_ln45_964_fu_2130_p3   |    select|   0|  0|   9|           1|           9|
    |select_ln45_965_fu_2231_p3   |    select|   0|  0|   9|           1|           9|
    |select_ln45_966_fu_2332_p3   |    select|   0|  0|   9|           1|           9|
    |select_ln45_967_fu_2433_p3   |    select|   0|  0|   9|           1|           9|
    |select_ln45_968_fu_2534_p3   |    select|   0|  0|   9|           1|           9|
    |select_ln45_969_fu_2635_p3   |    select|   0|  0|   9|           1|           9|
    |select_ln45_970_fu_2736_p3   |    select|   0|  0|   9|           1|           9|
    |select_ln45_fu_1423_p3       |    select|   0|  0|   9|           1|           9|
    |select_ln46_3168_fu_1408_p3  |    select|   0|  0|   9|           1|           9|
    |select_ln46_3169_fu_1416_p3  |    select|   0|  0|   9|           1|           9|
    |select_ln46_3170_fu_1444_p3  |    select|   0|  0|   2|           1|           1|
    |select_ln46_3171_fu_1509_p3  |    select|   0|  0|   9|           1|           9|
    |select_ln46_3172_fu_1517_p3  |    select|   0|  0|   9|           1|           9|
    |select_ln46_3173_fu_1545_p3  |    select|   0|  0|   2|           1|           1|
    |select_ln46_3174_fu_1610_p3  |    select|   0|  0|   9|           1|           9|
    |select_ln46_3175_fu_1618_p3  |    select|   0|  0|   9|           1|           9|
    |select_ln46_3176_fu_1646_p3  |    select|   0|  0|   2|           1|           1|
    |select_ln46_3177_fu_1711_p3  |    select|   0|  0|   9|           1|           9|
    |select_ln46_3178_fu_1719_p3  |    select|   0|  0|   9|           1|           9|
    |select_ln46_3179_fu_1747_p3  |    select|   0|  0|   2|           1|           1|
    |select_ln46_3180_fu_1812_p3  |    select|   0|  0|   9|           1|           9|
    |select_ln46_3181_fu_1820_p3  |    select|   0|  0|   9|           1|           9|
    |select_ln46_3182_fu_1848_p3  |    select|   0|  0|   2|           1|           1|
    |select_ln46_3183_fu_1913_p3  |    select|   0|  0|   9|           1|           9|
    |select_ln46_3184_fu_1921_p3  |    select|   0|  0|   9|           1|           9|
    |select_ln46_3185_fu_1949_p3  |    select|   0|  0|   2|           1|           1|
    |select_ln46_3186_fu_2014_p3  |    select|   0|  0|   9|           1|           9|
    |select_ln46_3187_fu_2022_p3  |    select|   0|  0|   9|           1|           9|
    |select_ln46_3188_fu_2050_p3  |    select|   0|  0|   2|           1|           1|
    |select_ln46_3189_fu_2115_p3  |    select|   0|  0|   9|           1|           9|
    |select_ln46_3190_fu_2123_p3  |    select|   0|  0|   9|           1|           9|
    |select_ln46_3191_fu_2151_p3  |    select|   0|  0|   2|           1|           1|
    |select_ln46_3192_fu_2216_p3  |    select|   0|  0|   9|           1|           9|
    |select_ln46_3193_fu_2224_p3  |    select|   0|  0|   9|           1|           9|
    |select_ln46_3194_fu_2252_p3  |    select|   0|  0|   2|           1|           1|
    |select_ln46_3195_fu_2317_p3  |    select|   0|  0|   9|           1|           9|
    |select_ln46_3196_fu_2325_p3  |    select|   0|  0|   9|           1|           9|
    |select_ln46_3197_fu_2353_p3  |    select|   0|  0|   2|           1|           1|
    |select_ln46_3198_fu_2418_p3  |    select|   0|  0|   9|           1|           9|
    |select_ln46_3199_fu_2426_p3  |    select|   0|  0|   9|           1|           9|
    |select_ln46_3200_fu_2454_p3  |    select|   0|  0|   2|           1|           1|
    |select_ln46_3201_fu_2519_p3  |    select|   0|  0|   9|           1|           9|
    |select_ln46_3202_fu_2527_p3  |    select|   0|  0|   9|           1|           9|
    |select_ln46_3203_fu_2555_p3  |    select|   0|  0|   2|           1|           1|
    |select_ln46_3204_fu_2620_p3  |    select|   0|  0|   9|           1|           9|
    |select_ln46_3205_fu_2628_p3  |    select|   0|  0|   9|           1|           9|
    |select_ln46_3206_fu_2656_p3  |    select|   0|  0|   2|           1|           1|
    |select_ln46_3207_fu_2721_p3  |    select|   0|  0|   9|           1|           9|
    |select_ln46_3208_fu_2729_p3  |    select|   0|  0|   9|           1|           9|
    |select_ln46_4161_fu_1348_p3  |    select|   0|  0|   2|           1|           1|
    |select_ln46_4162_fu_1402_p3  |    select|   0|  0|   9|           1|           9|
    |select_ln46_4163_fu_1449_p3  |    select|   0|  0|   2|           1|           1|
    |select_ln46_4164_fu_1503_p3  |    select|   0|  0|   9|           1|           9|
    |select_ln46_4165_fu_1550_p3  |    select|   0|  0|   2|           1|           1|
    |select_ln46_4166_fu_1604_p3  |    select|   0|  0|   9|           1|           9|
    |select_ln46_4167_fu_1651_p3  |    select|   0|  0|   2|           1|           1|
    |select_ln46_4168_fu_1705_p3  |    select|   0|  0|   9|           1|           9|
    |select_ln46_4169_fu_1752_p3  |    select|   0|  0|   2|           1|           1|
    |select_ln46_4170_fu_1806_p3  |    select|   0|  0|   9|           1|           9|
    |select_ln46_4171_fu_1853_p3  |    select|   0|  0|   2|           1|           1|
    |select_ln46_4172_fu_1907_p3  |    select|   0|  0|   9|           1|           9|
    |select_ln46_4173_fu_1954_p3  |    select|   0|  0|   2|           1|           1|
    |select_ln46_4174_fu_2008_p3  |    select|   0|  0|   9|           1|           9|
    |select_ln46_4175_fu_2055_p3  |    select|   0|  0|   2|           1|           1|
    |select_ln46_4176_fu_2109_p3  |    select|   0|  0|   9|           1|           9|
    |select_ln46_4177_fu_2156_p3  |    select|   0|  0|   2|           1|           1|
    |select_ln46_4178_fu_2210_p3  |    select|   0|  0|   9|           1|           9|
    |select_ln46_4179_fu_2257_p3  |    select|   0|  0|   2|           1|           1|
    |select_ln46_4180_fu_2311_p3  |    select|   0|  0|   9|           1|           9|
    |select_ln46_4181_fu_2358_p3  |    select|   0|  0|   2|           1|           1|
    |select_ln46_4182_fu_2412_p3  |    select|   0|  0|   9|           1|           9|
    |select_ln46_4183_fu_2459_p3  |    select|   0|  0|   2|           1|           1|
    |select_ln46_4184_fu_2513_p3  |    select|   0|  0|   9|           1|           9|
    |select_ln46_4185_fu_2560_p3  |    select|   0|  0|   2|           1|           1|
    |select_ln46_4186_fu_2614_p3  |    select|   0|  0|   9|           1|           9|
    |select_ln46_4187_fu_2661_p3  |    select|   0|  0|   2|           1|           1|
    |select_ln46_4188_fu_2715_p3  |    select|   0|  0|   9|           1|           9|
    |select_ln46_fu_1343_p3       |    select|   0|  0|   2|           1|           1|
    |ap_enable_pp0                |       xor|   0|  0|   2|           1|           2|
    |xor_ln46_2111_fu_1375_p2     |       xor|   0|  0|   2|           2|           1|
    |xor_ln46_2112_fu_1460_p2     |       xor|   0|  0|   2|           1|           2|
    |xor_ln46_2113_fu_1476_p2     |       xor|   0|  0|   2|           2|           1|
    |xor_ln46_2114_fu_1561_p2     |       xor|   0|  0|   2|           1|           2|
    |xor_ln46_2115_fu_1577_p2     |       xor|   0|  0|   2|           2|           1|
    |xor_ln46_2116_fu_1662_p2     |       xor|   0|  0|   2|           1|           2|
    |xor_ln46_2117_fu_1678_p2     |       xor|   0|  0|   2|           2|           1|
    |xor_ln46_2118_fu_1763_p2     |       xor|   0|  0|   2|           1|           2|
    |xor_ln46_2119_fu_1779_p2     |       xor|   0|  0|   2|           2|           1|
    |xor_ln46_2120_fu_1864_p2     |       xor|   0|  0|   2|           1|           2|
    |xor_ln46_2121_fu_1880_p2     |       xor|   0|  0|   2|           2|           1|
    |xor_ln46_2122_fu_1965_p2     |       xor|   0|  0|   2|           1|           2|
    |xor_ln46_2123_fu_1981_p2     |       xor|   0|  0|   2|           2|           1|
    |xor_ln46_2124_fu_2066_p2     |       xor|   0|  0|   2|           1|           2|
    |xor_ln46_2125_fu_2082_p2     |       xor|   0|  0|   2|           2|           1|
    |xor_ln46_2126_fu_2167_p2     |       xor|   0|  0|   2|           1|           2|
    |xor_ln46_2127_fu_2183_p2     |       xor|   0|  0|   2|           2|           1|
    |xor_ln46_2128_fu_2268_p2     |       xor|   0|  0|   2|           1|           2|
    |xor_ln46_2129_fu_2284_p2     |       xor|   0|  0|   2|           2|           1|
    |xor_ln46_2130_fu_2369_p2     |       xor|   0|  0|   2|           1|           2|
    |xor_ln46_2131_fu_2385_p2     |       xor|   0|  0|   2|           2|           1|
    |xor_ln46_2132_fu_2470_p2     |       xor|   0|  0|   2|           1|           2|
    |xor_ln46_2133_fu_2486_p2     |       xor|   0|  0|   2|           2|           1|
    |xor_ln46_2134_fu_2571_p2     |       xor|   0|  0|   2|           1|           2|
    |xor_ln46_2135_fu_2587_p2     |       xor|   0|  0|   2|           2|           1|
    |xor_ln46_2136_fu_2672_p2     |       xor|   0|  0|   2|           1|           2|
    |xor_ln46_2137_fu_2688_p2     |       xor|   0|  0|   2|           2|           1|
    |xor_ln46_2592_fu_1338_p2     |       xor|   0|  0|   2|           1|           2|
    |xor_ln46_2593_fu_1439_p2     |       xor|   0|  0|   2|           1|           2|
    |xor_ln46_2594_fu_1540_p2     |       xor|   0|  0|   2|           1|           2|
    |xor_ln46_2595_fu_1641_p2     |       xor|   0|  0|   2|           1|           2|
    |xor_ln46_2596_fu_1742_p2     |       xor|   0|  0|   2|           1|           2|
    |xor_ln46_2597_fu_1843_p2     |       xor|   0|  0|   2|           1|           2|
    |xor_ln46_2598_fu_1944_p2     |       xor|   0|  0|   2|           1|           2|
    |xor_ln46_2599_fu_2045_p2     |       xor|   0|  0|   2|           1|           2|
    |xor_ln46_2600_fu_2146_p2     |       xor|   0|  0|   2|           1|           2|
    |xor_ln46_2601_fu_2247_p2     |       xor|   0|  0|   2|           1|           2|
    |xor_ln46_2602_fu_2348_p2     |       xor|   0|  0|   2|           1|           2|
    |xor_ln46_2603_fu_2449_p2     |       xor|   0|  0|   2|           1|           2|
    |xor_ln46_2604_fu_2550_p2     |       xor|   0|  0|   2|           1|           2|
    |xor_ln46_2605_fu_2651_p2     |       xor|   0|  0|   2|           1|           2|
    |xor_ln46_fu_1359_p2          |       xor|   0|  0|   2|           1|           2|
    +-----------------------------+----------+----+---+----+------------+------------+
    |Total                        |          |   0|  0|1754|         758|         885|
    +-----------------------------+----------+----+---+----+------------+------------+

    * Multiplexer: 
    +--------------+----+-----------+-----+-----------+
    |     Name     | LUT| Input Size| Bits| Total Bits|
    +--------------+----+-----------+-----+-----------+
    |ap_done       |   9|          2|    1|          2|
    |ap_return_0   |   9|          2|    9|         18|
    |ap_return_1   |   9|          2|    9|         18|
    |ap_return_10  |   9|          2|    9|         18|
    |ap_return_11  |   9|          2|    9|         18|
    |ap_return_12  |   9|          2|    9|         18|
    |ap_return_13  |   9|          2|    9|         18|
    |ap_return_14  |   9|          2|    9|         18|
    |ap_return_15  |   9|          2|    9|         18|
    |ap_return_16  |   9|          2|    9|         18|
    |ap_return_17  |   9|          2|    9|         18|
    |ap_return_18  |   9|          2|    9|         18|
    |ap_return_19  |   9|          2|    9|         18|
    |ap_return_2   |   9|          2|    9|         18|
    |ap_return_20  |   9|          2|    9|         18|
    |ap_return_21  |   9|          2|    9|         18|
    |ap_return_22  |   9|          2|    9|         18|
    |ap_return_23  |   9|          2|    9|         18|
    |ap_return_24  |   9|          2|    9|         18|
    |ap_return_25  |   9|          2|    9|         18|
    |ap_return_26  |   9|          2|    9|         18|
    |ap_return_27  |   9|          2|    9|         18|
    |ap_return_3   |   9|          2|    9|         18|
    |ap_return_4   |   9|          2|    9|         18|
    |ap_return_5   |   9|          2|    9|         18|
    |ap_return_6   |   9|          2|    9|         18|
    |ap_return_7   |   9|          2|    9|         18|
    |ap_return_8   |   9|          2|    9|         18|
    |ap_return_9   |   9|          2|    9|         18|
    +--------------+----+-----------+-----+-----------+
    |Total         | 261|         58|  253|        506|
    +--------------+----+-----------+-----+-----------+

    * Register: 
    +-------------------------+----+----+-----+-----------+
    |           Name          | FF | LUT| Bits| Const Bits|
    +-------------------------+----+----+-----+-----------+
    |add_ln46_958_reg_3033    |   9|   0|    9|          0|
    |add_ln46_959_reg_3071    |   9|   0|    9|          0|
    |add_ln46_960_reg_3109    |   9|   0|    9|          0|
    |add_ln46_961_reg_3147    |   9|   0|    9|          0|
    |add_ln46_962_reg_3185    |   9|   0|    9|          0|
    |add_ln46_963_reg_3223    |   9|   0|    9|          0|
    |add_ln46_964_reg_3261    |   9|   0|    9|          0|
    |add_ln46_965_reg_3299    |   9|   0|    9|          0|
    |add_ln46_966_reg_3337    |   9|   0|    9|          0|
    |add_ln46_967_reg_3375    |   9|   0|    9|          0|
    |add_ln46_968_reg_3413    |   9|   0|    9|          0|
    |add_ln46_969_reg_3451    |   9|   0|    9|          0|
    |add_ln46_970_reg_3489    |   9|   0|    9|          0|
    |add_ln46_reg_2995        |   9|   0|    9|          0|
    |ap_CS_fsm                |   1|   0|    1|          0|
    |ap_done_reg              |   1|   0|    1|          0|
    |ap_enable_reg_pp0_iter1  |   1|   0|    1|          0|
    |ap_return_0_preg         |   9|   0|    9|          0|
    |ap_return_10_preg        |   9|   0|    9|          0|
    |ap_return_11_preg        |   9|   0|    9|          0|
    |ap_return_12_preg        |   9|   0|    9|          0|
    |ap_return_13_preg        |   9|   0|    9|          0|
    |ap_return_14_preg        |   9|   0|    9|          0|
    |ap_return_15_preg        |   9|   0|    9|          0|
    |ap_return_16_preg        |   9|   0|    9|          0|
    |ap_return_17_preg        |   9|   0|    9|          0|
    |ap_return_18_preg        |   9|   0|    9|          0|
    |ap_return_19_preg        |   9|   0|    9|          0|
    |ap_return_1_preg         |   9|   0|    9|          0|
    |ap_return_20_preg        |   9|   0|    9|          0|
    |ap_return_21_preg        |   9|   0|    9|          0|
    |ap_return_22_preg        |   9|   0|    9|          0|
    |ap_return_23_preg        |   9|   0|    9|          0|
    |ap_return_24_preg        |   9|   0|    9|          0|
    |ap_return_25_preg        |   9|   0|    9|          0|
    |ap_return_26_preg        |   9|   0|    9|          0|
    |ap_return_27_preg        |   9|   0|    9|          0|
    |ap_return_2_preg         |   9|   0|    9|          0|
    |ap_return_3_preg         |   9|   0|    9|          0|
    |ap_return_4_preg         |   9|   0|    9|          0|
    |ap_return_5_preg         |   9|   0|    9|          0|
    |ap_return_6_preg         |   9|   0|    9|          0|
    |ap_return_7_preg         |   9|   0|    9|          0|
    |ap_return_8_preg         |   9|   0|    9|          0|
    |ap_return_9_preg         |   9|   0|    9|          0|
    |icmp_ln46_1919_reg_3008  |   1|   0|    1|          0|
    |icmp_ln46_1920_reg_3040  |   1|   0|    1|          0|
    |icmp_ln46_1921_reg_3046  |   1|   0|    1|          0|
    |icmp_ln46_1922_reg_3078  |   1|   0|    1|          0|
    |icmp_ln46_1923_reg_3084  |   1|   0|    1|          0|
    |icmp_ln46_1924_reg_3116  |   1|   0|    1|          0|
    |icmp_ln46_1925_reg_3122  |   1|   0|    1|          0|
    |icmp_ln46_1926_reg_3154  |   1|   0|    1|          0|
    |icmp_ln46_1927_reg_3160  |   1|   0|    1|          0|
    |icmp_ln46_1928_reg_3192  |   1|   0|    1|          0|
    |icmp_ln46_1929_reg_3198  |   1|   0|    1|          0|
    |icmp_ln46_1930_reg_3230  |   1|   0|    1|          0|
    |icmp_ln46_1931_reg_3236  |   1|   0|    1|          0|
    |icmp_ln46_1932_reg_3268  |   1|   0|    1|          0|
    |icmp_ln46_1933_reg_3274  |   1|   0|    1|          0|
    |icmp_ln46_1934_reg_3306  |   1|   0|    1|          0|
    |icmp_ln46_1935_reg_3312  |   1|   0|    1|          0|
    |icmp_ln46_1936_reg_3344  |   1|   0|    1|          0|
    |icmp_ln46_1937_reg_3350  |   1|   0|    1|          0|
    |icmp_ln46_1938_reg_3382  |   1|   0|    1|          0|
    |icmp_ln46_1939_reg_3388  |   1|   0|    1|          0|
    |icmp_ln46_1940_reg_3420  |   1|   0|    1|          0|
    |icmp_ln46_1941_reg_3426  |   1|   0|    1|          0|
    |icmp_ln46_1942_reg_3458  |   1|   0|    1|          0|
    |icmp_ln46_1943_reg_3464  |   1|   0|    1|          0|
    |icmp_ln46_1944_reg_3496  |   1|   0|    1|          0|
    |icmp_ln46_1945_reg_3502  |   1|   0|    1|          0|
    |icmp_ln46_reg_3002       |   1|   0|    1|          0|
    |p_read10149_reg_2927     |  16|   0|   16|          0|
    |p_read1140_reg_2972      |  16|   0|   16|          0|
    |p_read139_reg_2977       |  16|   0|   16|          0|
    |p_read2141_reg_2967      |  16|   0|   16|          0|
    |p_read3142_reg_2962      |  16|   0|   16|          0|
    |p_read4143_reg_2957      |  16|   0|   16|          0|
    |p_read5144_reg_2952      |  16|   0|   16|          0|
    |p_read6145_reg_2947      |  16|   0|   16|          0|
    |p_read7146_reg_2942      |  16|   0|   16|          0|
    |p_read8147_reg_2937      |  16|   0|   16|          0|
    |p_read9148_reg_2932      |  16|   0|   16|          0|
    |p_read_946_reg_2912      |  16|   0|   16|          0|
    |p_read_947_reg_2917      |  16|   0|   16|          0|
    |p_read_948_reg_2922      |  16|   0|   16|          0|
    |tmp_4790_reg_2989        |   1|   0|    1|          0|
    |tmp_4791_reg_3014        |   1|   0|    1|          0|
    |tmp_4792_reg_3020        |   1|   0|    1|          0|
    |tmp_4794_reg_3027        |   1|   0|    1|          0|
    |tmp_4795_reg_3052        |   1|   0|    1|          0|
    |tmp_4796_reg_3058        |   1|   0|    1|          0|
    |tmp_4798_reg_3065        |   1|   0|    1|          0|
    |tmp_4799_reg_3090        |   1|   0|    1|          0|
    |tmp_4800_reg_3096        |   1|   0|    1|          0|
    |tmp_4802_reg_3103        |   1|   0|    1|          0|
    |tmp_4804_reg_3128        |   1|   0|    1|          0|
    |tmp_4805_reg_3134        |   1|   0|    1|          0|
    |tmp_4807_reg_3141        |   1|   0|    1|          0|
    |tmp_4809_reg_3166        |   1|   0|    1|          0|
    |tmp_4810_reg_3172        |   1|   0|    1|          0|
    |tmp_4812_reg_3179        |   1|   0|    1|          0|
    |tmp_4814_reg_3204        |   1|   0|    1|          0|
    |tmp_4815_reg_3210        |   1|   0|    1|          0|
    |tmp_4817_reg_3217        |   1|   0|    1|          0|
    |tmp_4819_reg_3242        |   1|   0|    1|          0|
    |tmp_4820_reg_3248        |   1|   0|    1|          0|
    |tmp_4822_reg_3255        |   1|   0|    1|          0|
    |tmp_4824_reg_3280        |   1|   0|    1|          0|
    |tmp_4825_reg_3286        |   1|   0|    1|          0|
    |tmp_4827_reg_3293        |   1|   0|    1|          0|
    |tmp_4829_reg_3318        |   1|   0|    1|          0|
    |tmp_4830_reg_3324        |   1|   0|    1|          0|
    |tmp_4832_reg_3331        |   1|   0|    1|          0|
    |tmp_4834_reg_3356        |   1|   0|    1|          0|
    |tmp_4835_reg_3362        |   1|   0|    1|          0|
    |tmp_4837_reg_3369        |   1|   0|    1|          0|
    |tmp_4839_reg_3394        |   1|   0|    1|          0|
    |tmp_4840_reg_3400        |   1|   0|    1|          0|
    |tmp_4842_reg_3407        |   1|   0|    1|          0|
    |tmp_4844_reg_3432        |   1|   0|    1|          0|
    |tmp_4845_reg_3438        |   1|   0|    1|          0|
    |tmp_4847_reg_3445        |   1|   0|    1|          0|
    |tmp_4849_reg_3470        |   1|   0|    1|          0|
    |tmp_4850_reg_3476        |   1|   0|    1|          0|
    |tmp_4852_reg_3483        |   1|   0|    1|          0|
    |tmp_4854_reg_3508        |   1|   0|    1|          0|
    |tmp_reg_2982             |   1|   0|    1|          0|
    +-------------------------+----+----+-----+-----------+
    |Total                    | 675|   0|  675|          0|
    +-------------------------+----+----+-----+-----------+



================================================================
== Interface
================================================================
* Summary: 
+--------------+-----+-----+------------+-------------------------------------------------------------------------+--------------+
|   RTL Ports  | Dir | Bits|  Protocol  |                              Source Object                              |    C Type    |
+--------------+-----+-----+------------+-------------------------------------------------------------------------+--------------+
|ap_clk        |   in|    1|  ap_ctrl_hs|  relu<ap_fixed<16, 6, 5, 3, 0>, ap_ufixed<9, 0, 4, 0, 0>, relu_config13>|  return value|
|ap_rst        |   in|    1|  ap_ctrl_hs|  relu<ap_fixed<16, 6, 5, 3, 0>, ap_ufixed<9, 0, 4, 0, 0>, relu_config13>|  return value|
|ap_start      |   in|    1|  ap_ctrl_hs|  relu<ap_fixed<16, 6, 5, 3, 0>, ap_ufixed<9, 0, 4, 0, 0>, relu_config13>|  return value|
|ap_done       |  out|    1|  ap_ctrl_hs|  relu<ap_fixed<16, 6, 5, 3, 0>, ap_ufixed<9, 0, 4, 0, 0>, relu_config13>|  return value|
|ap_continue   |   in|    1|  ap_ctrl_hs|  relu<ap_fixed<16, 6, 5, 3, 0>, ap_ufixed<9, 0, 4, 0, 0>, relu_config13>|  return value|
|ap_idle       |  out|    1|  ap_ctrl_hs|  relu<ap_fixed<16, 6, 5, 3, 0>, ap_ufixed<9, 0, 4, 0, 0>, relu_config13>|  return value|
|ap_ready      |  out|    1|  ap_ctrl_hs|  relu<ap_fixed<16, 6, 5, 3, 0>, ap_ufixed<9, 0, 4, 0, 0>, relu_config13>|  return value|
|ap_return_0   |  out|    9|  ap_ctrl_hs|  relu<ap_fixed<16, 6, 5, 3, 0>, ap_ufixed<9, 0, 4, 0, 0>, relu_config13>|  return value|
|ap_return_1   |  out|    9|  ap_ctrl_hs|  relu<ap_fixed<16, 6, 5, 3, 0>, ap_ufixed<9, 0, 4, 0, 0>, relu_config13>|  return value|
|ap_return_2   |  out|    9|  ap_ctrl_hs|  relu<ap_fixed<16, 6, 5, 3, 0>, ap_ufixed<9, 0, 4, 0, 0>, relu_config13>|  return value|
|ap_return_3   |  out|    9|  ap_ctrl_hs|  relu<ap_fixed<16, 6, 5, 3, 0>, ap_ufixed<9, 0, 4, 0, 0>, relu_config13>|  return value|
|ap_return_4   |  out|    9|  ap_ctrl_hs|  relu<ap_fixed<16, 6, 5, 3, 0>, ap_ufixed<9, 0, 4, 0, 0>, relu_config13>|  return value|
|ap_return_5   |  out|    9|  ap_ctrl_hs|  relu<ap_fixed<16, 6, 5, 3, 0>, ap_ufixed<9, 0, 4, 0, 0>, relu_config13>|  return value|
|ap_return_6   |  out|    9|  ap_ctrl_hs|  relu<ap_fixed<16, 6, 5, 3, 0>, ap_ufixed<9, 0, 4, 0, 0>, relu_config13>|  return value|
|ap_return_7   |  out|    9|  ap_ctrl_hs|  relu<ap_fixed<16, 6, 5, 3, 0>, ap_ufixed<9, 0, 4, 0, 0>, relu_config13>|  return value|
|ap_return_8   |  out|    9|  ap_ctrl_hs|  relu<ap_fixed<16, 6, 5, 3, 0>, ap_ufixed<9, 0, 4, 0, 0>, relu_config13>|  return value|
|ap_return_9   |  out|    9|  ap_ctrl_hs|  relu<ap_fixed<16, 6, 5, 3, 0>, ap_ufixed<9, 0, 4, 0, 0>, relu_config13>|  return value|
|ap_return_10  |  out|    9|  ap_ctrl_hs|  relu<ap_fixed<16, 6, 5, 3, 0>, ap_ufixed<9, 0, 4, 0, 0>, relu_config13>|  return value|
|ap_return_11  |  out|    9|  ap_ctrl_hs|  relu<ap_fixed<16, 6, 5, 3, 0>, ap_ufixed<9, 0, 4, 0, 0>, relu_config13>|  return value|
|ap_return_12  |  out|    9|  ap_ctrl_hs|  relu<ap_fixed<16, 6, 5, 3, 0>, ap_ufixed<9, 0, 4, 0, 0>, relu_config13>|  return value|
|ap_return_13  |  out|    9|  ap_ctrl_hs|  relu<ap_fixed<16, 6, 5, 3, 0>, ap_ufixed<9, 0, 4, 0, 0>, relu_config13>|  return value|
|ap_return_14  |  out|    9|  ap_ctrl_hs|  relu<ap_fixed<16, 6, 5, 3, 0>, ap_ufixed<9, 0, 4, 0, 0>, relu_config13>|  return value|
|ap_return_15  |  out|    9|  ap_ctrl_hs|  relu<ap_fixed<16, 6, 5, 3, 0>, ap_ufixed<9, 0, 4, 0, 0>, relu_config13>|  return value|
|ap_return_16  |  out|    9|  ap_ctrl_hs|  relu<ap_fixed<16, 6, 5, 3, 0>, ap_ufixed<9, 0, 4, 0, 0>, relu_config13>|  return value|
|ap_return_17  |  out|    9|  ap_ctrl_hs|  relu<ap_fixed<16, 6, 5, 3, 0>, ap_ufixed<9, 0, 4, 0, 0>, relu_config13>|  return value|
|ap_return_18  |  out|    9|  ap_ctrl_hs|  relu<ap_fixed<16, 6, 5, 3, 0>, ap_ufixed<9, 0, 4, 0, 0>, relu_config13>|  return value|
|ap_return_19  |  out|    9|  ap_ctrl_hs|  relu<ap_fixed<16, 6, 5, 3, 0>, ap_ufixed<9, 0, 4, 0, 0>, relu_config13>|  return value|
|ap_return_20  |  out|    9|  ap_ctrl_hs|  relu<ap_fixed<16, 6, 5, 3, 0>, ap_ufixed<9, 0, 4, 0, 0>, relu_config13>|  return value|
|ap_return_21  |  out|    9|  ap_ctrl_hs|  relu<ap_fixed<16, 6, 5, 3, 0>, ap_ufixed<9, 0, 4, 0, 0>, relu_config13>|  return value|
|ap_return_22  |  out|    9|  ap_ctrl_hs|  relu<ap_fixed<16, 6, 5, 3, 0>, ap_ufixed<9, 0, 4, 0, 0>, relu_config13>|  return value|
|ap_return_23  |  out|    9|  ap_ctrl_hs|  relu<ap_fixed<16, 6, 5, 3, 0>, ap_ufixed<9, 0, 4, 0, 0>, relu_config13>|  return value|
|ap_return_24  |  out|    9|  ap_ctrl_hs|  relu<ap_fixed<16, 6, 5, 3, 0>, ap_ufixed<9, 0, 4, 0, 0>, relu_config13>|  return value|
|ap_return_25  |  out|    9|  ap_ctrl_hs|  relu<ap_fixed<16, 6, 5, 3, 0>, ap_ufixed<9, 0, 4, 0, 0>, relu_config13>|  return value|
|ap_return_26  |  out|    9|  ap_ctrl_hs|  relu<ap_fixed<16, 6, 5, 3, 0>, ap_ufixed<9, 0, 4, 0, 0>, relu_config13>|  return value|
|ap_return_27  |  out|    9|  ap_ctrl_hs|  relu<ap_fixed<16, 6, 5, 3, 0>, ap_ufixed<9, 0, 4, 0, 0>, relu_config13>|  return value|
|p_read        |   in|   16|     ap_none|                                                                   p_read|        scalar|
|p_read1       |   in|   16|     ap_none|                                                                  p_read1|        scalar|
|p_read2       |   in|   16|     ap_none|                                                                  p_read2|        scalar|
|p_read3       |   in|   16|     ap_none|                                                                  p_read3|        scalar|
|p_read4       |   in|   16|     ap_none|                                                                  p_read4|        scalar|
|p_read5       |   in|   16|     ap_none|                                                                  p_read5|        scalar|
|p_read6       |   in|   16|     ap_none|                                                                  p_read6|        scalar|
|p_read7       |   in|   16|     ap_none|                                                                  p_read7|        scalar|
|p_read8       |   in|   16|     ap_none|                                                                  p_read8|        scalar|
|p_read9       |   in|   16|     ap_none|                                                                  p_read9|        scalar|
|p_read10      |   in|   16|     ap_none|                                                                 p_read10|        scalar|
|p_read11      |   in|   16|     ap_none|                                                                 p_read11|        scalar|
|p_read12      |   in|   16|     ap_none|                                                                 p_read12|        scalar|
|p_read13      |   in|   16|     ap_none|                                                                 p_read13|        scalar|
+--------------+-----+-----+------------+-------------------------------------------------------------------------+--------------+

