

================================================================
== Vitis HLS Report for 'dense_latency_ap_ufixed_9_0_4_0_0_ap_fixed_16_6_5_3_0_config22_s'
================================================================
* Date:           Mon Oct 14 11:22:24 2024

* Version:        2023.2 (Build 4023990 on Oct 11 2023)
* Project:        JetTaggerNN_prj
* Solution:       solution1 (Vivado IP Flow Target)
* Product family: virtexuplus
* Target device:  xcvu9p-flga2104-2L-e


================================================================
== Performance Estimates
================================================================
+ Timing: 
    * Summary: 
    +--------+---------+----------+------------+
    |  Clock |  Target | Estimated| Uncertainty|
    +--------+---------+----------+------------+
    |ap_clk  |  2.80 ns|  2.205 ns|     0.35 ns|
    +--------+---------+----------+------------+

+ Latency: 
    * Summary: 
    +---------+---------+----------+----------+-----+-----+---------+
    |  Latency (cycles) |  Latency (absolute) |  Interval | Pipeline|
    |   min   |   max   |    min   |    max   | min | max |   Type  |
    +---------+---------+----------+----------+-----+-----+---------+
    |        3|        3|  8.400 ns|  8.400 ns|    1|    1|      yes|
    +---------+---------+----------+----------+-----+-----+---------+

    + Detail: 
        * Instance: 
        N/A

        * Loop: 
        N/A



================================================================
== Utilization Estimates
================================================================
* Summary: 
+---------------------+---------+------+---------+---------+-----+
|         Name        | BRAM_18K|  DSP |    FF   |   LUT   | URAM|
+---------------------+---------+------+---------+---------+-----+
|DSP                  |        -|     -|        -|        -|    -|
|Expression           |        -|     -|        0|      264|    -|
|FIFO                 |        -|     -|        -|        -|    -|
|Instance             |        -|     1|        0|      545|    -|
|Memory               |        -|     -|        -|        -|    -|
|Multiplexer          |        -|     -|        -|       18|    -|
|Register             |        -|     -|      250|        -|    -|
+---------------------+---------+------+---------+---------+-----+
|Total                |        0|     1|      250|      827|    0|
+---------------------+---------+------+---------+---------+-----+
|Available SLR        |     1440|  2280|   788160|   394080|  320|
+---------------------+---------+------+---------+---------+-----+
|Utilization SLR (%)  |        0|    ~0|       ~0|       ~0|    0|
+---------------------+---------+------+---------+---------+-----+
|Available            |     4320|  6840|  2364480|  1182240|  960|
+---------------------+---------+------+---------+---------+-----+
|Utilization (%)      |        0|    ~0|       ~0|       ~0|    0|
+---------------------+---------+------+---------+---------+-----+

+ Detail: 
    * Instance: 
    +---------------------------+---------------------+---------+----+---+----+-----+
    |          Instance         |        Module       | BRAM_18K| DSP| FF| LUT| URAM|
    +---------------------------+---------------------+---------+----+---+----+-----+
    |mul_9ns_11ns_19_1_1_U5805  |mul_9ns_11ns_19_1_1  |        0|   1|  0|   6|    0|
    |mul_9ns_8ns_16_1_1_U5799   |mul_9ns_8ns_16_1_1   |        0|   0|  0|  49|    0|
    |mul_9ns_8ns_16_1_1_U5801   |mul_9ns_8ns_16_1_1   |        0|   0|  0|  49|    0|
    |mul_9ns_8ns_16_1_1_U5806   |mul_9ns_8ns_16_1_1   |        0|   0|  0|  49|    0|
    |mul_9ns_8s_17_1_1_U5798    |mul_9ns_8s_17_1_1    |        0|   0|  0|  49|    0|
    |mul_9ns_9ns_17_1_1_U5797   |mul_9ns_9ns_17_1_1   |        0|   0|  0|  49|    0|
    |mul_9ns_9ns_17_1_1_U5800   |mul_9ns_9ns_17_1_1   |        0|   0|  0|  49|    0|
    |mul_9ns_9ns_17_1_1_U5804   |mul_9ns_9ns_17_1_1   |        0|   0|  0|  49|    0|
    |mul_9ns_9ns_17_1_1_U5807   |mul_9ns_9ns_17_1_1   |        0|   0|  0|  49|    0|
    |mul_9ns_9ns_17_1_1_U5808   |mul_9ns_9ns_17_1_1   |        0|   0|  0|  49|    0|
    |mul_9ns_9s_18_1_1_U5802    |mul_9ns_9s_18_1_1    |        0|   0|  0|  49|    0|
    |mul_9ns_9s_18_1_1_U5803    |mul_9ns_9s_18_1_1    |        0|   0|  0|  49|    0|
    +---------------------------+---------------------+---------+----+---+----+-----+
    |Total                      |                     |        0|   1|  0| 545|    0|
    +---------------------------+---------------------+---------+----+---+----+-----+

    * DSP: 
    N/A

    * Memory: 
    N/A

    * FIFO: 
    N/A

    * Expression: 
    +---------------------------+----------+----+---+----+------------+------------+
    |       Variable Name       | Operation| DSP| FF| LUT| Bitwidth P0| Bitwidth P1|
    +---------------------------+----------+----+---+----+------------+------------+
    |add_ln58_10_fu_2169_p2     |         +|   0|  0|  19|          12|          12|
    |add_ln58_11_fu_2179_p2     |         +|   0|  0|  20|          13|          13|
    |add_ln58_12_fu_2191_p2     |         +|   0|  0|  21|          14|          14|
    |add_ln58_1_fu_2068_p2      |         +|   0|  0|  17|          10|          10|
    |add_ln58_2_fu_2078_p2      |         +|   0|  0|  17|          10|          10|
    |add_ln58_3_fu_2113_p2      |         +|   0|  0|  18|          11|          11|
    |add_ln58_4_fu_2122_p2      |         +|   0|  0|  17|          12|          12|
    |add_ln58_5_fu_2128_p2      |         +|   0|  0|  17|          12|          12|
    |add_ln58_6_fu_2092_p2      |         +|   0|  0|  17|          10|          10|
    |add_ln58_7_fu_2143_p2      |         +|   0|  0|  18|          11|          11|
    |add_ln58_8_fu_2153_p2      |         +|   0|  0|  19|          12|          12|
    |add_ln58_9_fu_2098_p2      |         +|   0|  0|  18|          11|          11|
    |add_ln58_fu_2054_p2        |         +|   0|  0|  17|          10|           6|
    |add_ln73_fu_1968_p2        |         +|   0|  0|  25|          18|          18|
    |ap_block_pp0_stage0_01001  |        or|   0|  0|   2|           1|           1|
    |ap_enable_pp0              |       xor|   0|  0|   2|           1|           2|
    +---------------------------+----------+----+---+----+------------+------------+
    |Total                      |          |   0|  0| 264|         168|         165|
    +---------------------------+----------+----+---+----+------------+------------+

    * Multiplexer: 
    +-------------+----+-----------+-----+-----------+
    |     Name    | LUT| Input Size| Bits| Total Bits|
    +-------------+----+-----------+-----+-----------+
    |ap_done      |   9|          2|    1|          2|
    |layer22_out  |   9|          2|   16|         32|
    +-------------+----+-----------+-----+-----------+
    |Total        |  18|          4|   17|         34|
    +-------------+----+-----------+-----+-----------+

    * Register: 
    +-------------------------+----+----+-----+-----------+
    |           Name          | FF | LUT| Bits| Const Bits|
    +-------------------------+----+----+-----+-----------+
    |add_ln58_11_reg_2318     |  13|   0|   13|          0|
    |add_ln58_1_reg_2293      |  10|   0|   10|          0|
    |add_ln58_2_reg_2298      |  10|   0|   10|          0|
    |add_ln58_5_reg_2313      |  12|   0|   12|          0|
    |add_ln58_6_reg_2303      |  10|   0|   10|          0|
    |add_ln58_9_reg_2308      |  11|   0|   11|          0|
    |add_ln58_reg_2288        |  10|   0|   10|          0|
    |ap_CS_fsm                |   1|   0|    1|          0|
    |ap_done_reg              |   1|   0|    1|          0|
    |ap_enable_reg_pp0_iter1  |   1|   0|    1|          0|
    |ap_enable_reg_pp0_iter2  |   1|   0|    1|          0|
    |ap_enable_reg_pp0_iter3  |   1|   0|    1|          0|
    |layer22_out_preg         |  16|   0|   16|          0|
    |p_read1115_reg_2238      |   9|   0|    9|          0|
    |p_read1516_reg_2233      |   9|   0|    9|          0|
    |p_read1817_reg_2227      |   9|   0|    9|          0|
    |p_read1918_reg_2222      |   9|   0|    9|          0|
    |p_read2219_reg_2217      |   9|   0|    9|          0|
    |p_read2520_reg_2212      |   9|   0|    9|          0|
    |p_read2821_reg_2207      |   9|   0|    9|          0|
    |p_read311_reg_2258       |   9|   0|    9|          0|
    |p_read3122_reg_2202      |   9|   0|    9|          0|
    |p_read412_reg_2253       |   9|   0|    9|          0|
    |p_read613_reg_2248       |   9|   0|    9|          0|
    |p_read914_reg_2243       |   9|   0|    9|          0|
    |p_read_2490_reg_2263     |   9|   0|    9|          0|
    |tmp_50_reg_2273          |   8|   0|    8|          0|
    |tmp_51_reg_2278          |  11|   0|   11|          0|
    |tmp_55_reg_2283          |   8|   0|    8|          0|
    |trunc_ln42_2_reg_2268    |   9|   0|    9|          0|
    +-------------------------+----+----+-----+-----------+
    |Total                    | 250|   0|  250|          0|
    +-------------------------+----+----+-----+-----------+



================================================================
== Interface
================================================================
* Summary: 
+--------------------+-----+-----+------------+-----------------------------------------------------------------------------+--------------+
|      RTL Ports     | Dir | Bits|  Protocol  |                                Source Object                                |    C Type    |
+--------------------+-----+-----+------------+-----------------------------------------------------------------------------+--------------+
|ap_clk              |   in|    1|  ap_ctrl_hs|  dense_latency<ap_ufixed<9, 0, 4, 0, 0>, ap_fixed<16, 6, 5, 3, 0>, config22>|  return value|
|ap_rst              |   in|    1|  ap_ctrl_hs|  dense_latency<ap_ufixed<9, 0, 4, 0, 0>, ap_fixed<16, 6, 5, 3, 0>, config22>|  return value|
|ap_start            |   in|    1|  ap_ctrl_hs|  dense_latency<ap_ufixed<9, 0, 4, 0, 0>, ap_fixed<16, 6, 5, 3, 0>, config22>|  return value|
|ap_done             |  out|    1|  ap_ctrl_hs|  dense_latency<ap_ufixed<9, 0, 4, 0, 0>, ap_fixed<16, 6, 5, 3, 0>, config22>|  return value|
|ap_continue         |   in|    1|  ap_ctrl_hs|  dense_latency<ap_ufixed<9, 0, 4, 0, 0>, ap_fixed<16, 6, 5, 3, 0>, config22>|  return value|
|ap_idle             |  out|    1|  ap_ctrl_hs|  dense_latency<ap_ufixed<9, 0, 4, 0, 0>, ap_fixed<16, 6, 5, 3, 0>, config22>|  return value|
|ap_ready            |  out|    1|  ap_ctrl_hs|  dense_latency<ap_ufixed<9, 0, 4, 0, 0>, ap_fixed<16, 6, 5, 3, 0>, config22>|  return value|
|p_read              |   in|    9|     ap_none|                                                                       p_read|        scalar|
|p_read3             |   in|    9|     ap_none|                                                                      p_read3|        scalar|
|p_read4             |   in|    9|     ap_none|                                                                      p_read4|        scalar|
|p_read6             |   in|    9|     ap_none|                                                                      p_read6|        scalar|
|p_read9             |   in|    9|     ap_none|                                                                      p_read9|        scalar|
|p_read11            |   in|    9|     ap_none|                                                                     p_read11|        scalar|
|p_read15            |   in|    9|     ap_none|                                                                     p_read15|        scalar|
|p_read18            |   in|    9|     ap_none|                                                                     p_read18|        scalar|
|p_read19            |   in|    9|     ap_none|                                                                     p_read19|        scalar|
|p_read22            |   in|    9|     ap_none|                                                                     p_read22|        scalar|
|p_read25            |   in|    9|     ap_none|                                                                     p_read25|        scalar|
|p_read28            |   in|    9|     ap_none|                                                                     p_read28|        scalar|
|p_read31            |   in|    9|     ap_none|                                                                     p_read31|        scalar|
|layer22_out         |  out|   16|      ap_vld|                                                                  layer22_out|       pointer|
|layer22_out_ap_vld  |  out|    1|      ap_vld|                                                                  layer22_out|       pointer|
+--------------------+-----+-----+------------+-----------------------------------------------------------------------------+--------------+

