

================================================================
== Vitis HLS Report for 'dense_latency_ap_ufixed_9_0_4_0_0_ap_fixed_16_6_5_3_0_config14_s'
================================================================
* Date:           Mon Oct 14 11:22:16 2024

* Version:        2023.2 (Build 4023990 on Oct 11 2023)
* Project:        JetTaggerNN_prj
* Solution:       solution1 (Vivado IP Flow Target)
* Product family: virtexuplus
* Target device:  xcvu9p-flga2104-2L-e


================================================================
== Performance Estimates
================================================================
+ Timing: 
    * Summary: 
    +--------+---------+----------+------------+
    |  Clock |  Target | Estimated| Uncertainty|
    +--------+---------+----------+------------+
    |ap_clk  |  2.80 ns|  2.305 ns|     0.35 ns|
    +--------+---------+----------+------------+

+ Latency: 
    * Summary: 
    +---------+---------+----------+----------+-----+-----+---------+
    |  Latency (cycles) |  Latency (absolute) |  Interval | Pipeline|
    |   min   |   max   |    min   |    max   | min | max |   Type  |
    +---------+---------+----------+----------+-----+-----+---------+
    |        3|        3|  8.400 ns|  8.400 ns|    1|    1|      yes|
    +---------+---------+----------+----------+-----+-----+---------+

    + Detail: 
        * Instance: 
        N/A

        * Loop: 
        N/A



================================================================
== Utilization Estimates
================================================================
* Summary: 
+---------------------+---------+------+---------+---------+-----+
|         Name        | BRAM_18K|  DSP |    FF   |   LUT   | URAM|
+---------------------+---------+------+---------+---------+-----+
|DSP                  |        -|     -|        -|        -|    -|
|Expression           |        -|     -|        0|     7615|    -|
|FIFO                 |        -|     -|        -|        -|    -|
|Instance             |        -|     0|        0|     6370|    -|
|Memory               |        -|     -|        -|        -|    -|
|Multiplexer          |        -|     -|        -|      189|    -|
|Register             |        -|     -|     2641|       96|    -|
+---------------------+---------+------+---------+---------+-----+
|Total                |        0|     0|     2641|    14270|    0|
+---------------------+---------+------+---------+---------+-----+
|Available SLR        |     1440|  2280|   788160|   394080|  320|
+---------------------+---------+------+---------+---------+-----+
|Utilization SLR (%)  |        0|     0|       ~0|        3|    0|
+---------------------+---------+------+---------+---------+-----+
|Available            |     4320|  6840|  2364480|  1182240|  960|
+---------------------+---------+------+---------+---------+-----+
|Utilization (%)      |        0|     0|       ~0|        1|    0|
+---------------------+---------+------+---------+---------+-----+

+ Detail: 
    * Instance: 
    +--------------------------+--------------------+---------+----+---+----+-----+
    |         Instance         |       Module       | BRAM_18K| DSP| FF| LUT| URAM|
    +--------------------------+--------------------+---------+----+---+----+-----+
    |mul_9ns_5ns_13_1_1_U5352  |mul_9ns_5ns_13_1_1  |        0|   0|  0|  49|    0|
    |mul_9ns_5ns_13_1_1_U5374  |mul_9ns_5ns_13_1_1  |        0|   0|  0|  49|    0|
    |mul_9ns_5ns_13_1_1_U5386  |mul_9ns_5ns_13_1_1  |        0|   0|  0|  49|    0|
    |mul_9ns_5ns_13_1_1_U5418  |mul_9ns_5ns_13_1_1  |        0|   0|  0|  49|    0|
    |mul_9ns_5ns_13_1_1_U5427  |mul_9ns_5ns_13_1_1  |        0|   0|  0|  49|    0|
    |mul_9ns_5ns_13_1_1_U5433  |mul_9ns_5ns_13_1_1  |        0|   0|  0|  49|    0|
    |mul_9ns_5ns_13_1_1_U5455  |mul_9ns_5ns_13_1_1  |        0|   0|  0|  49|    0|
    |mul_9ns_5s_14_1_1_U5353   |mul_9ns_5s_14_1_1   |        0|   0|  0|  49|    0|
    |mul_9ns_5s_14_1_1_U5363   |mul_9ns_5s_14_1_1   |        0|   0|  0|  49|    0|
    |mul_9ns_5s_14_1_1_U5399   |mul_9ns_5s_14_1_1   |        0|   0|  0|  49|    0|
    |mul_9ns_5s_14_1_1_U5440   |mul_9ns_5s_14_1_1   |        0|   0|  0|  49|    0|
    |mul_9ns_6ns_14_1_1_U5343  |mul_9ns_6ns_14_1_1  |        0|   0|  0|  49|    0|
    |mul_9ns_6ns_14_1_1_U5346  |mul_9ns_6ns_14_1_1  |        0|   0|  0|  49|    0|
    |mul_9ns_6ns_14_1_1_U5350  |mul_9ns_6ns_14_1_1  |        0|   0|  0|  49|    0|
    |mul_9ns_6ns_14_1_1_U5351  |mul_9ns_6ns_14_1_1  |        0|   0|  0|  49|    0|
    |mul_9ns_6ns_14_1_1_U5354  |mul_9ns_6ns_14_1_1  |        0|   0|  0|  49|    0|
    |mul_9ns_6ns_14_1_1_U5364  |mul_9ns_6ns_14_1_1  |        0|   0|  0|  49|    0|
    |mul_9ns_6ns_14_1_1_U5372  |mul_9ns_6ns_14_1_1  |        0|   0|  0|  49|    0|
    |mul_9ns_6ns_14_1_1_U5376  |mul_9ns_6ns_14_1_1  |        0|   0|  0|  49|    0|
    |mul_9ns_6ns_14_1_1_U5378  |mul_9ns_6ns_14_1_1  |        0|   0|  0|  49|    0|
    |mul_9ns_6ns_14_1_1_U5385  |mul_9ns_6ns_14_1_1  |        0|   0|  0|  49|    0|
    |mul_9ns_6ns_14_1_1_U5409  |mul_9ns_6ns_14_1_1  |        0|   0|  0|  49|    0|
    |mul_9ns_6ns_14_1_1_U5415  |mul_9ns_6ns_14_1_1  |        0|   0|  0|  49|    0|
    |mul_9ns_6ns_14_1_1_U5435  |mul_9ns_6ns_14_1_1  |        0|   0|  0|  49|    0|
    |mul_9ns_6ns_14_1_1_U5436  |mul_9ns_6ns_14_1_1  |        0|   0|  0|  49|    0|
    |mul_9ns_6ns_14_1_1_U5444  |mul_9ns_6ns_14_1_1  |        0|   0|  0|  49|    0|
    |mul_9ns_6ns_14_1_1_U5448  |mul_9ns_6ns_14_1_1  |        0|   0|  0|  49|    0|
    |mul_9ns_6ns_14_1_1_U5452  |mul_9ns_6ns_14_1_1  |        0|   0|  0|  49|    0|
    |mul_9ns_6ns_14_1_1_U5453  |mul_9ns_6ns_14_1_1  |        0|   0|  0|  49|    0|
    |mul_9ns_6ns_14_1_1_U5462  |mul_9ns_6ns_14_1_1  |        0|   0|  0|  49|    0|
    |mul_9ns_6ns_14_1_1_U5464  |mul_9ns_6ns_14_1_1  |        0|   0|  0|  49|    0|
    |mul_9ns_6ns_14_1_1_U5468  |mul_9ns_6ns_14_1_1  |        0|   0|  0|  49|    0|
    |mul_9ns_6s_15_1_1_U5347   |mul_9ns_6s_15_1_1   |        0|   0|  0|  49|    0|
    |mul_9ns_6s_15_1_1_U5360   |mul_9ns_6s_15_1_1   |        0|   0|  0|  49|    0|
    |mul_9ns_6s_15_1_1_U5366   |mul_9ns_6s_15_1_1   |        0|   0|  0|  49|    0|
    |mul_9ns_6s_15_1_1_U5370   |mul_9ns_6s_15_1_1   |        0|   0|  0|  49|    0|
    |mul_9ns_6s_15_1_1_U5375   |mul_9ns_6s_15_1_1   |        0|   0|  0|  49|    0|
    |mul_9ns_6s_15_1_1_U5381   |mul_9ns_6s_15_1_1   |        0|   0|  0|  49|    0|
    |mul_9ns_6s_15_1_1_U5400   |mul_9ns_6s_15_1_1   |        0|   0|  0|  49|    0|
    |mul_9ns_6s_15_1_1_U5401   |mul_9ns_6s_15_1_1   |        0|   0|  0|  49|    0|
    |mul_9ns_6s_15_1_1_U5410   |mul_9ns_6s_15_1_1   |        0|   0|  0|  49|    0|
    |mul_9ns_6s_15_1_1_U5419   |mul_9ns_6s_15_1_1   |        0|   0|  0|  49|    0|
    |mul_9ns_6s_15_1_1_U5420   |mul_9ns_6s_15_1_1   |        0|   0|  0|  49|    0|
    |mul_9ns_6s_15_1_1_U5421   |mul_9ns_6s_15_1_1   |        0|   0|  0|  49|    0|
    |mul_9ns_6s_15_1_1_U5422   |mul_9ns_6s_15_1_1   |        0|   0|  0|  49|    0|
    |mul_9ns_6s_15_1_1_U5426   |mul_9ns_6s_15_1_1   |        0|   0|  0|  49|    0|
    |mul_9ns_6s_15_1_1_U5463   |mul_9ns_6s_15_1_1   |        0|   0|  0|  49|    0|
    |mul_9ns_6s_15_1_1_U5466   |mul_9ns_6s_15_1_1   |        0|   0|  0|  49|    0|
    |mul_9ns_7ns_15_1_1_U5345  |mul_9ns_7ns_15_1_1  |        0|   0|  0|  49|    0|
    |mul_9ns_7ns_15_1_1_U5358  |mul_9ns_7ns_15_1_1  |        0|   0|  0|  49|    0|
    |mul_9ns_7ns_15_1_1_U5365  |mul_9ns_7ns_15_1_1  |        0|   0|  0|  49|    0|
    |mul_9ns_7ns_15_1_1_U5367  |mul_9ns_7ns_15_1_1  |        0|   0|  0|  49|    0|
    |mul_9ns_7ns_15_1_1_U5373  |mul_9ns_7ns_15_1_1  |        0|   0|  0|  49|    0|
    |mul_9ns_7ns_15_1_1_U5383  |mul_9ns_7ns_15_1_1  |        0|   0|  0|  49|    0|
    |mul_9ns_7ns_15_1_1_U5387  |mul_9ns_7ns_15_1_1  |        0|   0|  0|  49|    0|
    |mul_9ns_7ns_15_1_1_U5388  |mul_9ns_7ns_15_1_1  |        0|   0|  0|  49|    0|
    |mul_9ns_7ns_15_1_1_U5393  |mul_9ns_7ns_15_1_1  |        0|   0|  0|  49|    0|
    |mul_9ns_7ns_15_1_1_U5402  |mul_9ns_7ns_15_1_1  |        0|   0|  0|  49|    0|
    |mul_9ns_7ns_15_1_1_U5405  |mul_9ns_7ns_15_1_1  |        0|   0|  0|  49|    0|
    |mul_9ns_7ns_15_1_1_U5413  |mul_9ns_7ns_15_1_1  |        0|   0|  0|  49|    0|
    |mul_9ns_7ns_15_1_1_U5414  |mul_9ns_7ns_15_1_1  |        0|   0|  0|  49|    0|
    |mul_9ns_7ns_15_1_1_U5417  |mul_9ns_7ns_15_1_1  |        0|   0|  0|  49|    0|
    |mul_9ns_7ns_15_1_1_U5424  |mul_9ns_7ns_15_1_1  |        0|   0|  0|  49|    0|
    |mul_9ns_7ns_15_1_1_U5425  |mul_9ns_7ns_15_1_1  |        0|   0|  0|  49|    0|
    |mul_9ns_7ns_15_1_1_U5430  |mul_9ns_7ns_15_1_1  |        0|   0|  0|  49|    0|
    |mul_9ns_7ns_15_1_1_U5432  |mul_9ns_7ns_15_1_1  |        0|   0|  0|  49|    0|
    |mul_9ns_7ns_15_1_1_U5438  |mul_9ns_7ns_15_1_1  |        0|   0|  0|  49|    0|
    |mul_9ns_7ns_15_1_1_U5445  |mul_9ns_7ns_15_1_1  |        0|   0|  0|  49|    0|
    |mul_9ns_7ns_15_1_1_U5457  |mul_9ns_7ns_15_1_1  |        0|   0|  0|  49|    0|
    |mul_9ns_7ns_15_1_1_U5460  |mul_9ns_7ns_15_1_1  |        0|   0|  0|  49|    0|
    |mul_9ns_7ns_15_1_1_U5470  |mul_9ns_7ns_15_1_1  |        0|   0|  0|  49|    0|
    |mul_9ns_7s_16_1_1_U5348   |mul_9ns_7s_16_1_1   |        0|   0|  0|  49|    0|
    |mul_9ns_7s_16_1_1_U5362   |mul_9ns_7s_16_1_1   |        0|   0|  0|  49|    0|
    |mul_9ns_7s_16_1_1_U5368   |mul_9ns_7s_16_1_1   |        0|   0|  0|  49|    0|
    |mul_9ns_7s_16_1_1_U5377   |mul_9ns_7s_16_1_1   |        0|   0|  0|  49|    0|
    |mul_9ns_7s_16_1_1_U5390   |mul_9ns_7s_16_1_1   |        0|   0|  0|  49|    0|
    |mul_9ns_7s_16_1_1_U5391   |mul_9ns_7s_16_1_1   |        0|   0|  0|  49|    0|
    |mul_9ns_7s_16_1_1_U5396   |mul_9ns_7s_16_1_1   |        0|   0|  0|  49|    0|
    |mul_9ns_7s_16_1_1_U5397   |mul_9ns_7s_16_1_1   |        0|   0|  0|  49|    0|
    |mul_9ns_7s_16_1_1_U5404   |mul_9ns_7s_16_1_1   |        0|   0|  0|  49|    0|
    |mul_9ns_7s_16_1_1_U5406   |mul_9ns_7s_16_1_1   |        0|   0|  0|  49|    0|
    |mul_9ns_7s_16_1_1_U5407   |mul_9ns_7s_16_1_1   |        0|   0|  0|  49|    0|
    |mul_9ns_7s_16_1_1_U5412   |mul_9ns_7s_16_1_1   |        0|   0|  0|  49|    0|
    |mul_9ns_7s_16_1_1_U5428   |mul_9ns_7s_16_1_1   |        0|   0|  0|  49|    0|
    |mul_9ns_7s_16_1_1_U5429   |mul_9ns_7s_16_1_1   |        0|   0|  0|  49|    0|
    |mul_9ns_7s_16_1_1_U5434   |mul_9ns_7s_16_1_1   |        0|   0|  0|  49|    0|
    |mul_9ns_7s_16_1_1_U5437   |mul_9ns_7s_16_1_1   |        0|   0|  0|  49|    0|
    |mul_9ns_7s_16_1_1_U5441   |mul_9ns_7s_16_1_1   |        0|   0|  0|  49|    0|
    |mul_9ns_7s_16_1_1_U5442   |mul_9ns_7s_16_1_1   |        0|   0|  0|  49|    0|
    |mul_9ns_7s_16_1_1_U5443   |mul_9ns_7s_16_1_1   |        0|   0|  0|  49|    0|
    |mul_9ns_7s_16_1_1_U5447   |mul_9ns_7s_16_1_1   |        0|   0|  0|  49|    0|
    |mul_9ns_7s_16_1_1_U5451   |mul_9ns_7s_16_1_1   |        0|   0|  0|  49|    0|
    |mul_9ns_7s_16_1_1_U5454   |mul_9ns_7s_16_1_1   |        0|   0|  0|  49|    0|
    |mul_9ns_7s_16_1_1_U5456   |mul_9ns_7s_16_1_1   |        0|   0|  0|  49|    0|
    |mul_9ns_7s_16_1_1_U5458   |mul_9ns_7s_16_1_1   |        0|   0|  0|  49|    0|
    |mul_9ns_7s_16_1_1_U5459   |mul_9ns_7s_16_1_1   |        0|   0|  0|  49|    0|
    |mul_9ns_7s_16_1_1_U5461   |mul_9ns_7s_16_1_1   |        0|   0|  0|  49|    0|
    |mul_9ns_7s_16_1_1_U5467   |mul_9ns_7s_16_1_1   |        0|   0|  0|  49|    0|
    |mul_9ns_7s_16_1_1_U5471   |mul_9ns_7s_16_1_1   |        0|   0|  0|  49|    0|
    |mul_9ns_8ns_16_1_1_U5344  |mul_9ns_8ns_16_1_1  |        0|   0|  0|  49|    0|
    |mul_9ns_8ns_16_1_1_U5349  |mul_9ns_8ns_16_1_1  |        0|   0|  0|  49|    0|
    |mul_9ns_8ns_16_1_1_U5355  |mul_9ns_8ns_16_1_1  |        0|   0|  0|  49|    0|
    |mul_9ns_8ns_16_1_1_U5359  |mul_9ns_8ns_16_1_1  |        0|   0|  0|  49|    0|
    |mul_9ns_8ns_16_1_1_U5369  |mul_9ns_8ns_16_1_1  |        0|   0|  0|  49|    0|
    |mul_9ns_8ns_16_1_1_U5371  |mul_9ns_8ns_16_1_1  |        0|   0|  0|  49|    0|
    |mul_9ns_8ns_16_1_1_U5379  |mul_9ns_8ns_16_1_1  |        0|   0|  0|  49|    0|
    |mul_9ns_8ns_16_1_1_U5384  |mul_9ns_8ns_16_1_1  |        0|   0|  0|  49|    0|
    |mul_9ns_8ns_16_1_1_U5389  |mul_9ns_8ns_16_1_1  |        0|   0|  0|  49|    0|
    |mul_9ns_8ns_16_1_1_U5395  |mul_9ns_8ns_16_1_1  |        0|   0|  0|  49|    0|
    |mul_9ns_8ns_16_1_1_U5398  |mul_9ns_8ns_16_1_1  |        0|   0|  0|  49|    0|
    |mul_9ns_8ns_16_1_1_U5411  |mul_9ns_8ns_16_1_1  |        0|   0|  0|  49|    0|
    |mul_9ns_8ns_16_1_1_U5423  |mul_9ns_8ns_16_1_1  |        0|   0|  0|  49|    0|
    |mul_9ns_8ns_16_1_1_U5431  |mul_9ns_8ns_16_1_1  |        0|   0|  0|  49|    0|
    |mul_9ns_8ns_16_1_1_U5439  |mul_9ns_8ns_16_1_1  |        0|   0|  0|  49|    0|
    |mul_9ns_8s_17_1_1_U5356   |mul_9ns_8s_17_1_1   |        0|   0|  0|  49|    0|
    |mul_9ns_8s_17_1_1_U5357   |mul_9ns_8s_17_1_1   |        0|   0|  0|  49|    0|
    |mul_9ns_8s_17_1_1_U5361   |mul_9ns_8s_17_1_1   |        0|   0|  0|  49|    0|
    |mul_9ns_8s_17_1_1_U5380   |mul_9ns_8s_17_1_1   |        0|   0|  0|  49|    0|
    |mul_9ns_8s_17_1_1_U5382   |mul_9ns_8s_17_1_1   |        0|   0|  0|  49|    0|
    |mul_9ns_8s_17_1_1_U5392   |mul_9ns_8s_17_1_1   |        0|   0|  0|  49|    0|
    |mul_9ns_8s_17_1_1_U5394   |mul_9ns_8s_17_1_1   |        0|   0|  0|  49|    0|
    |mul_9ns_8s_17_1_1_U5408   |mul_9ns_8s_17_1_1   |        0|   0|  0|  49|    0|
    |mul_9ns_8s_17_1_1_U5416   |mul_9ns_8s_17_1_1   |        0|   0|  0|  49|    0|
    |mul_9ns_8s_17_1_1_U5446   |mul_9ns_8s_17_1_1   |        0|   0|  0|  49|    0|
    |mul_9ns_8s_17_1_1_U5449   |mul_9ns_8s_17_1_1   |        0|   0|  0|  49|    0|
    |mul_9ns_8s_17_1_1_U5450   |mul_9ns_8s_17_1_1   |        0|   0|  0|  49|    0|
    |mul_9ns_8s_17_1_1_U5465   |mul_9ns_8s_17_1_1   |        0|   0|  0|  49|    0|
    |mul_9ns_8s_17_1_1_U5469   |mul_9ns_8s_17_1_1   |        0|   0|  0|  49|    0|
    |mul_9ns_8s_17_1_1_U5472   |mul_9ns_8s_17_1_1   |        0|   0|  0|  49|    0|
    |mul_9ns_9ns_17_1_1_U5403  |mul_9ns_9ns_17_1_1  |        0|   0|  0|  49|    0|
    +--------------------------+--------------------+---------+----+---+----+-----+
    |Total                     |                    |        0|   0|  0|6370|    0|
    +--------------------------+--------------------+---------+----+---+----+-----+

    * DSP: 
    N/A

    * Memory: 
    N/A

    * FIFO: 
    N/A

    * Expression: 
    +---------------------------+----------+----+---+----+------------+------------+
    |       Variable Name       | Operation| DSP| FF| LUT| Bitwidth P0| Bitwidth P1|
    +---------------------------+----------+----+---+----+------------+------------+
    |add_ln42_14_fu_136043_p2   |         +|   0|  0|  22|          15|          15|
    |add_ln42_15_fu_136097_p2   |         +|   0|  0|  20|          13|          13|
    |add_ln42_16_fu_136175_p2   |         +|   0|  0|  22|          15|          15|
    |add_ln42_17_fu_137231_p2   |         +|   0|  0|  22|          15|          15|
    |add_ln42_18_fu_136330_p2   |         +|   0|  0|  20|          13|          13|
    |add_ln42_19_fu_137289_p2   |         +|   0|  0|  22|          15|          15|
    |add_ln42_20_fu_137801_p2   |         +|   0|  0|  22|          15|          15|
    |add_ln42_21_fu_138108_p2   |         +|   0|  0|  20|          13|          13|
    |add_ln42_22_fu_138260_p2   |         +|   0|  0|  21|          14|          14|
    |add_ln42_23_fu_138337_p2   |         +|   0|  0|  21|          14|          14|
    |add_ln42_24_fu_138420_p2   |         +|   0|  0|  21|          14|          14|
    |add_ln42_25_fu_138763_p2   |         +|   0|  0|  22|          15|          15|
    |add_ln42_26_fu_138932_p2   |         +|   0|  0|  22|          15|          15|
    |add_ln42_27_fu_139607_p2   |         +|   0|  0|  20|          13|          13|
    |add_ln42_28_fu_139658_p2   |         +|   0|  0|  21|          14|          14|
    |add_ln42_29_fu_140082_p2   |         +|   0|  0|  22|          15|          15|
    |add_ln42_30_fu_140102_p2   |         +|   0|  0|  20|          13|          13|
    |add_ln42_31_fu_140196_p2   |         +|   0|  0|  19|          12|          12|
    |add_ln42_32_fu_142386_p2   |         +|   0|  0|  23|          16|          16|
    |add_ln42_33_fu_140503_p2   |         +|   0|  0|  21|          14|          14|
    |add_ln42_34_fu_140882_p2   |         +|   0|  0|  20|          13|          13|
    |add_ln42_35_fu_141060_p2   |         +|   0|  0|  19|          12|          12|
    |add_ln42_fu_136016_p2      |         +|   0|  0|  21|          14|          14|
    |add_ln58_352_fu_136416_p2  |         +|   0|  0|  17|          10|           9|
    |add_ln58_353_fu_141136_p2  |         +|   0|  0|  18|          11|          11|
    |add_ln58_354_fu_141142_p2  |         +|   0|  0|  17|          11|          10|
    |add_ln58_355_fu_141148_p2  |         +|   0|  0|  18|          11|          11|
    |add_ln58_356_fu_136422_p2  |         +|   0|  0|  18|          11|           9|
    |add_ln58_357_fu_141161_p2  |         +|   0|  0|  17|          10|          10|
    |add_ln58_358_fu_141170_p2  |         +|   0|  0|  16|           9|           9|
    |add_ln58_359_fu_136428_p2  |         +|   0|  0|  19|          12|          11|
    |add_ln58_360_fu_136438_p2  |         +|   0|  0|  17|          10|           9|
    |add_ln58_361_fu_141182_p2  |         +|   0|  0|  17|          11|          11|
    |add_ln58_362_fu_141188_p2  |         +|   0|  0|  18|          11|          11|
    |add_ln58_363_fu_136444_p2  |         +|   0|  0|  20|          13|          13|
    |add_ln58_364_fu_136450_p2  |         +|   0|  0|  17|          10|          10|
    |add_ln58_365_fu_136460_p2  |         +|   0|  0|  17|          11|          11|
    |add_ln58_366_fu_141201_p2  |         +|   0|  0|  17|          12|          12|
    |add_ln58_367_fu_136466_p2  |         +|   0|  0|  17|          11|          11|
    |add_ln58_368_fu_136472_p2  |         +|   0|  0|  17|          10|          10|
    |add_ln58_369_fu_141213_p2  |         +|   0|  0|  17|          12|          12|
    |add_ln58_370_fu_141219_p2  |         +|   0|  0|  17|          12|          12|
    |add_ln58_371_fu_141229_p2  |         +|   0|  0|  17|          13|          13|
    |add_ln58_372_fu_141235_p2  |         +|   0|  0|  18|          11|          11|
    |add_ln58_373_fu_142608_p2  |         +|   0|  0|  17|          13|          13|
    |add_ln58_374_fu_141241_p2  |         +|   0|  0|  19|          12|          12|
    |add_ln58_375_fu_141247_p2  |         +|   0|  0|  17|          10|          10|
    |add_ln58_376_fu_142619_p2  |         +|   0|  0|  17|          13|          13|
    |add_ln58_377_fu_142629_p2  |         +|   0|  0|  21|          14|          14|
    |add_ln58_378_fu_141253_p2  |         +|   0|  0|  17|          12|          12|
    |add_ln58_379_fu_141259_p2  |         +|   0|  0|  17|          12|          12|
    |add_ln58_380_fu_141265_p2  |         +|   0|  0|  16|           9|           9|
    |add_ln58_381_fu_142645_p2  |         +|   0|  0|  18|          11|          11|
    |add_ln58_382_fu_142655_p2  |         +|   0|  0|  20|          13|          13|
    |add_ln58_383_fu_142665_p2  |         +|   0|  0|  22|          15|          15|
    |add_ln58_384_fu_141271_p2  |         +|   0|  0|  18|          11|           8|
    |add_ln58_385_fu_141280_p2  |         +|   0|  0|  17|          13|          13|
    |add_ln58_386_fu_141286_p2  |         +|   0|  0|  17|          13|          13|
    |add_ln58_387_fu_141292_p2  |         +|   0|  0|  20|          13|          13|
    |add_ln58_388_fu_142681_p2  |         +|   0|  0|  16|          14|          14|
    |add_ln58_389_fu_142687_p2  |         +|   0|  0|  16|          14|          14|
    |add_ln58_390_fu_141298_p2  |         +|   0|  0|  17|          12|          12|
    |add_ln58_391_fu_141304_p2  |         +|   0|  0|  17|          12|          12|
    |add_ln58_392_fu_142700_p2  |         +|   0|  0|  16|          15|          15|
    |add_ln58_393_fu_141310_p2  |         +|   0|  0|  18|          11|          11|
    |add_ln58_394_fu_141316_p2  |         +|   0|  0|  17|          10|          10|
    |add_ln58_395_fu_142712_p2  |         +|   0|  0|  18|          11|          11|
    |add_ln58_396_fu_142722_p2  |         +|   0|  0|  19|          12|          12|
    |add_ln58_397_fu_142732_p2  |         +|   0|  0|  16|          15|          15|
    |add_ln58_398_fu_141322_p2  |         +|   0|  0|  19|          12|          12|
    |add_ln58_399_fu_141332_p2  |         +|   0|  0|  20|          13|          13|
    |add_ln58_400_fu_141342_p2  |         +|   0|  0|  16|          14|          14|
    |add_ln58_401_fu_141348_p2  |         +|   0|  0|  19|          12|          12|
    |add_ln58_402_fu_141354_p2  |         +|   0|  0|  16|          14|          14|
    |add_ln58_403_fu_142748_p2  |         +|   0|  0|  16|          15|          15|
    |add_ln58_404_fu_142754_p2  |         +|   0|  0|  16|          15|          15|
    |add_ln58_405_fu_141360_p2  |         +|   0|  0|  18|          11|          11|
    |add_ln58_406_fu_142763_p2  |         +|   0|  0|  16|          15|          15|
    |add_ln58_407_fu_142769_p2  |         +|   0|  0|  17|          13|          13|
    |add_ln58_408_fu_141366_p2  |         +|   0|  0|  18|          11|          11|
    |add_ln58_409_fu_142778_p2  |         +|   0|  0|  17|          13|          13|
    |add_ln58_410_fu_142788_p2  |         +|   0|  0|  16|          15|          15|
    |add_ln58_411_fu_141372_p2  |         +|   0|  0|  17|          11|          11|
    |add_ln58_412_fu_141382_p2  |         +|   0|  0|  17|          10|          10|
    |add_ln58_413_fu_141392_p2  |         +|   0|  0|  17|          13|          13|
    |add_ln58_414_fu_141398_p2  |         +|   0|  0|  17|          13|          13|
    |add_ln58_415_fu_142801_p2  |         +|   0|  0|  16|          14|          14|
    |add_ln58_416_fu_141404_p2  |         +|   0|  0|  19|          12|          12|
    |add_ln58_417_fu_142810_p2  |         +|   0|  0|  16|          14|          14|
    |add_ln58_418_fu_142820_p2  |         +|   0|  0|  17|          13|          13|
    |add_ln58_419_fu_141410_p2  |         +|   0|  0|  17|          10|          10|
    |add_ln58_420_fu_141420_p2  |         +|   0|  0|  18|          11|          11|
    |add_ln58_421_fu_142829_p2  |         +|   0|  0|  17|          13|          13|
    |add_ln58_422_fu_142839_p2  |         +|   0|  0|  22|          15|          15|
    |add_ln58_423_fu_141426_p2  |         +|   0|  0|  17|          10|          10|
    |add_ln58_424_fu_141436_p2  |         +|   0|  0|  17|          11|          11|
    |add_ln58_425_fu_141446_p2  |         +|   0|  0|  17|          12|          12|
    |add_ln58_426_fu_141452_p2  |         +|   0|  0|  16|           9|           9|
    |add_ln58_427_fu_141462_p2  |         +|   0|  0|  17|          10|          10|
    |add_ln58_428_fu_141472_p2  |         +|   0|  0|  17|          12|          12|
    |add_ln58_429_fu_142852_p2  |         +|   0|  0|  20|          13|          13|
    |add_ln58_430_fu_142862_p2  |         +|   0|  0|  20|          13|          13|
    |add_ln58_431_fu_142872_p2  |         +|   0|  0|  16|          14|          14|
    |add_ln58_432_fu_141478_p2  |         +|   0|  0|  17|          11|          11|
    |add_ln58_433_fu_141484_p2  |         +|   0|  0|  16|           9|           9|
    |add_ln58_434_fu_141494_p2  |         +|   0|  0|  17|          11|          11|
    |add_ln58_435_fu_142881_p2  |         +|   0|  0|  16|          14|          14|
    |add_ln58_436_fu_141500_p2  |         +|   0|  0|  18|          10|          10|
    |add_ln58_437_fu_141506_p2  |         +|   0|  0|  18|          10|          10|
    |add_ln58_438_fu_141512_p2  |         +|   0|  0|  17|          12|          12|
    |add_ln58_439_fu_141518_p2  |         +|   0|  0|  17|          12|          12|
    |add_ln58_440_fu_141524_p2  |         +|   0|  0|  18|          10|          10|
    |add_ln58_441_fu_141530_p2  |         +|   0|  0|  15|           8|           8|
    |add_ln58_442_fu_141540_p2  |         +|   0|  0|  18|          10|          10|
    |add_ln58_443_fu_142897_p2  |         +|   0|  0|  20|          13|          13|
    |add_ln58_444_fu_142907_p2  |         +|   0|  0|  21|          14|          14|
    |add_ln58_445_fu_142913_p2  |         +|   0|  0|  17|          10|          10|
    |add_ln58_446_fu_142923_p2  |         +|   0|  0|  18|          11|          11|
    |add_ln58_447_fu_142933_p2  |         +|   0|  0|  16|          14|          14|
    |add_ln58_448_fu_141546_p2  |         +|   0|  0|  18|          11|          11|
    |add_ln58_449_fu_142942_p2  |         +|   0|  0|  16|          14|          14|
    |add_ln58_450_fu_141552_p2  |         +|   0|  0|  19|          12|          12|
    |add_ln58_451_fu_141562_p2  |         +|   0|  0|  17|          13|          13|
    |add_ln58_452_fu_141568_p2  |         +|   0|  0|  17|          13|          13|
    |add_ln58_453_fu_141574_p2  |         +|   0|  0|  19|          12|          12|
    |add_ln58_454_fu_142958_p2  |         +|   0|  0|  16|          14|          14|
    |add_ln58_455_fu_142964_p2  |         +|   0|  0|  16|          14|          14|
    |add_ln58_456_fu_141580_p2  |         +|   0|  0|  20|          13|          13|
    |add_ln58_457_fu_142977_p2  |         +|   0|  0|  16|          15|          15|
    |add_ln58_458_fu_142983_p2  |         +|   0|  0|  19|          12|          12|
    |add_ln58_459_fu_142993_p2  |         +|   0|  0|  17|          13|          13|
    |add_ln58_460_fu_142999_p2  |         +|   0|  0|  17|          13|          13|
    |add_ln58_461_fu_143009_p2  |         +|   0|  0|  21|          14|          14|
    |add_ln58_462_fu_143019_p2  |         +|   0|  0|  16|          15|          15|
    |add_ln58_463_fu_141586_p2  |         +|   0|  0|  18|          11|           9|
    |add_ln58_464_fu_141596_p2  |         +|   0|  0|  17|          12|          12|
    |add_ln58_465_fu_141602_p2  |         +|   0|  0|  17|          12|          12|
    |add_ln58_466_fu_141608_p2  |         +|   0|  0|  20|          13|          13|
    |add_ln58_467_fu_143035_p2  |         +|   0|  0|  21|          14|          14|
    |add_ln58_468_fu_143041_p2  |         +|   0|  0|  16|          14|          14|
    |add_ln58_469_fu_141614_p2  |         +|   0|  0|  17|          12|          12|
    |add_ln58_470_fu_141620_p2  |         +|   0|  0|  17|          12|          12|
    |add_ln58_471_fu_143050_p2  |         +|   0|  0|  16|          14|          14|
    |add_ln58_472_fu_141626_p2  |         +|   0|  0|  18|          11|          11|
    |add_ln58_473_fu_141632_p2  |         +|   0|  0|  17|          10|          10|
    |add_ln58_474_fu_141642_p2  |         +|   0|  0|  18|          11|          11|
    |add_ln58_475_fu_143066_p2  |         +|   0|  0|  19|          12|          12|
    |add_ln58_476_fu_143076_p2  |         +|   0|  0|  22|          15|          15|
    |add_ln58_477_fu_141648_p2  |         +|   0|  0|  19|          12|           8|
    |add_ln58_478_fu_141658_p2  |         +|   0|  0|  17|          13|          13|
    |add_ln58_479_fu_141664_p2  |         +|   0|  0|  18|          11|          11|
    |add_ln58_480_fu_141670_p2  |         +|   0|  0|  19|          12|          12|
    |add_ln58_481_fu_141680_p2  |         +|   0|  0|  17|          13|          13|
    |add_ln58_482_fu_143092_p2  |         +|   0|  0|  16|          14|          14|
    |add_ln58_483_fu_141686_p2  |         +|   0|  0|  19|          12|          12|
    |add_ln58_484_fu_143101_p2  |         +|   0|  0|  16|          14|          14|
    |add_ln58_485_fu_143111_p2  |         +|   0|  0|  16|          15|          15|
    |add_ln58_486_fu_141692_p2  |         +|   0|  0|  20|          13|          13|
    |add_ln58_487_fu_141698_p2  |         +|   0|  0|  19|          12|          12|
    |add_ln58_488_fu_143123_p2  |         +|   0|  0|  20|          13|          13|
    |add_ln58_489_fu_143133_p2  |         +|   0|  0|  21|          14|          14|
    |add_ln58_490_fu_143143_p2  |         +|   0|  0|  16|          15|          15|
    |add_ln58_491_fu_141704_p2  |         +|   0|  0|  18|          11|          10|
    |add_ln58_492_fu_141713_p2  |         +|   0|  0|  17|          13|          13|
    |add_ln58_493_fu_141719_p2  |         +|   0|  0|  17|          13|          13|
    |add_ln58_494_fu_143156_p2  |         +|   0|  0|  21|          14|          14|
    |add_ln58_495_fu_141725_p2  |         +|   0|  0|  20|          13|          13|
    |add_ln58_496_fu_141735_p2  |         +|   0|  0|  21|          14|          14|
    |add_ln58_497_fu_143169_p2  |         +|   0|  0|  16|          15|          15|
    |add_ln58_498_fu_143175_p2  |         +|   0|  0|  16|          15|          15|
    |add_ln58_499_fu_141741_p2  |         +|   0|  0|  20|          13|          13|
    |add_ln58_500_fu_143184_p2  |         +|   0|  0|  16|          15|          15|
    |add_ln58_501_fu_141747_p2  |         +|   0|  0|  17|          11|          11|
    |add_ln58_502_fu_141753_p2  |         +|   0|  0|  15|           8|           8|
    |add_ln58_503_fu_141763_p2  |         +|   0|  0|  17|          11|          11|
    |add_ln58_504_fu_143193_p2  |         +|   0|  0|  16|          15|          15|
    |add_ln58_505_fu_141769_p2  |         +|   0|  0|  16|          14|          14|
    |add_ln58_506_fu_141775_p2  |         +|   0|  0|  16|          14|          14|
    |add_ln58_507_fu_141781_p2  |         +|   0|  0|  16|          14|          14|
    |add_ln58_508_fu_141787_p2  |         +|   0|  0|  20|          13|          13|
    |add_ln58_509_fu_141797_p2  |         +|   0|  0|  16|          14|          14|
    |add_ln58_510_fu_143206_p2  |         +|   0|  0|  22|          15|          15|
    |add_ln58_511_fu_143212_p2  |         +|   0|  0|  16|          15|          15|
    |add_ln58_512_fu_141803_p2  |         +|   0|  0|  19|          12|          12|
    |add_ln58_513_fu_143221_p2  |         +|   0|  0|  20|          13|          13|
    |add_ln58_514_fu_143231_p2  |         +|   0|  0|  16|          15|          15|
    |add_ln58_515_fu_141809_p2  |         +|   0|  0|  17|          12|          12|
    |add_ln58_516_fu_141815_p2  |         +|   0|  0|  18|          11|          11|
    |add_ln58_517_fu_141825_p2  |         +|   0|  0|  19|          12|          12|
    |add_ln58_518_fu_143247_p2  |         +|   0|  0|  20|          13|          13|
    |add_ln58_519_fu_143257_p2  |         +|   0|  0|  16|          14|          14|
    |add_ln58_520_fu_141831_p2  |         +|   0|  0|  16|           9|           9|
    |add_ln58_521_fu_143266_p2  |         +|   0|  0|  16|          14|          14|
    |add_ln58_522_fu_141837_p2  |         +|   0|  0|  20|          13|          13|
    |add_ln58_523_fu_141843_p2  |         +|   0|  0|  20|          13|          13|
    |add_ln58_524_fu_143282_p2  |         +|   0|  0|  21|          14|          14|
    |add_ln58_525_fu_143292_p2  |         +|   0|  0|  22|          15|          15|
    |add_ln58_526_fu_136478_p2  |         +|   0|  0|  16|           9|           8|
    |add_ln58_527_fu_136488_p2  |         +|   0|  0|  18|          11|          11|
    |add_ln58_528_fu_136494_p2  |         +|   0|  0|  19|          12|          12|
    |add_ln58_529_fu_141855_p2  |         +|   0|  0|  20|          13|          13|
    |add_ln58_530_fu_141865_p2  |         +|   0|  0|  16|          14|          14|
    |add_ln58_531_fu_141871_p2  |         +|   0|  0|  16|           9|           9|
    |add_ln58_532_fu_141881_p2  |         +|   0|  0|  18|          11|          11|
    |add_ln58_533_fu_141891_p2  |         +|   0|  0|  16|          14|          14|
    |add_ln58_534_fu_141897_p2  |         +|   0|  0|  20|          13|          13|
    |add_ln58_535_fu_143308_p2  |         +|   0|  0|  16|          15|          15|
    |add_ln58_536_fu_143314_p2  |         +|   0|  0|  17|          13|          13|
    |add_ln58_537_fu_141903_p2  |         +|   0|  0|  18|          11|          11|
    |add_ln58_538_fu_143323_p2  |         +|   0|  0|  17|          13|          13|
    |add_ln58_539_fu_143333_p2  |         +|   0|  0|  16|          15|          15|
    |add_ln58_540_fu_141909_p2  |         +|   0|  0|  17|          13|          13|
    |add_ln58_541_fu_141915_p2  |         +|   0|  0|  17|          13|          13|
    |add_ln58_542_fu_141921_p2  |         +|   0|  0|  20|          13|          13|
    |add_ln58_543_fu_143349_p2  |         +|   0|  0|  21|          14|          14|
    |add_ln58_544_fu_141927_p2  |         +|   0|  0|  17|          10|          10|
    |add_ln58_545_fu_143358_p2  |         +|   0|  0|  16|          14|          14|
    |add_ln58_546_fu_141933_p2  |         +|   0|  0|  18|          11|          11|
    |add_ln58_547_fu_143367_p2  |         +|   0|  0|  20|          13|          13|
    |add_ln58_548_fu_143376_p2  |         +|   0|  0|  16|          14|          14|
    |add_ln58_549_fu_143386_p2  |         +|   0|  0|  16|          15|          15|
    |add_ln58_550_fu_143392_p2  |         +|   0|  0|  19|          12|          12|
    |add_ln58_551_fu_143402_p2  |         +|   0|  0|  16|          15|          15|
    |add_ln58_552_fu_136500_p2  |         +|   0|  0|  18|          11|          10|
    |add_ln58_553_fu_136510_p2  |         +|   0|  0|  20|          13|          13|
    |add_ln58_554_fu_141939_p2  |         +|   0|  0|  17|          13|          13|
    |add_ln58_555_fu_141944_p2  |         +|   0|  0|  17|          13|          13|
    |add_ln58_556_fu_141950_p2  |         +|   0|  0|  19|          12|          12|
    |add_ln58_557_fu_143418_p2  |         +|   0|  0|  21|          14|          14|
    |add_ln58_558_fu_143424_p2  |         +|   0|  0|  16|          14|          14|
    |add_ln58_559_fu_141956_p2  |         +|   0|  0|  18|          11|          11|
    |add_ln58_560_fu_143433_p2  |         +|   0|  0|  16|          14|          14|
    |add_ln58_561_fu_141962_p2  |         +|   0|  0|  20|          13|          13|
    |add_ln58_562_fu_141968_p2  |         +|   0|  0|  19|          12|          12|
    |add_ln58_563_fu_143449_p2  |         +|   0|  0|  20|          13|          13|
    |add_ln58_564_fu_143459_p2  |         +|   0|  0|  21|          14|          14|
    |add_ln58_565_fu_143469_p2  |         +|   0|  0|  22|          15|          15|
    |add_ln58_566_fu_141974_p2  |         +|   0|  0|  18|          11|          11|
    |add_ln58_567_fu_141980_p2  |         +|   0|  0|  17|          11|          11|
    |add_ln58_568_fu_141986_p2  |         +|   0|  0|  17|          11|          11|
    |add_ln58_569_fu_141996_p2  |         +|   0|  0|  17|          13|          13|
    |add_ln58_570_fu_142002_p2  |         +|   0|  0|  17|          13|          13|
    |add_ln58_571_fu_143482_p2  |         +|   0|  0|  21|          14|          14|
    |add_ln58_572_fu_142008_p2  |         +|   0|  0|  20|          13|          13|
    |add_ln58_573_fu_142018_p2  |         +|   0|  0|  21|          14|          14|
    |add_ln58_574_fu_143495_p2  |         +|   0|  0|  22|          15|          15|
    |add_ln58_575_fu_142024_p2  |         +|   0|  0|  19|          12|          12|
    |add_ln58_576_fu_143504_p2  |         +|   0|  0|  16|          15|          15|
    |add_ln58_577_fu_142030_p2  |         +|   0|  0|  16|           9|           9|
    |add_ln58_578_fu_142040_p2  |         +|   0|  0|  17|          10|          10|
    |add_ln58_579_fu_143513_p2  |         +|   0|  0|  16|          15|          15|
    |add_ln58_580_fu_142046_p2  |         +|   0|  0|  16|          14|          14|
    |add_ln58_581_fu_142052_p2  |         +|   0|  0|  16|          14|          14|
    |add_ln58_582_fu_142062_p2  |         +|   0|  0|  20|          13|          13|
    |add_ln58_583_fu_142072_p2  |         +|   0|  0|  16|          15|          15|
    |add_ln58_584_fu_142078_p2  |         +|   0|  0|  16|          15|          15|
    |add_ln58_585_fu_142084_p2  |         +|   0|  0|  20|          13|          13|
    |add_ln58_586_fu_143526_p2  |         +|   0|  0|  16|          15|          15|
    |add_ln58_587_fu_142090_p2  |         +|   0|  0|  19|          12|          12|
    |add_ln58_588_fu_142096_p2  |         +|   0|  0|  17|          10|          10|
    |add_ln58_589_fu_142106_p2  |         +|   0|  0|  18|          11|          11|
    |add_ln58_590_fu_143537_p2  |         +|   0|  0|  20|          13|          13|
    |add_ln58_591_fu_143547_p2  |         +|   0|  0|  16|          15|          15|
    |add_ln58_592_fu_142112_p2  |         +|   0|  0|  18|          11|          11|
    |add_ln58_593_fu_142122_p2  |         +|   0|  0|  17|          12|          12|
    |add_ln58_594_fu_142128_p2  |         +|   0|  0|  17|          12|          12|
    |add_ln58_595_fu_142138_p2  |         +|   0|  0|  20|          13|          13|
    |add_ln58_596_fu_142144_p2  |         +|   0|  0|  17|          10|          10|
    |add_ln58_597_fu_142154_p2  |         +|   0|  0|  20|          13|          13|
    |add_ln58_598_fu_143563_p2  |         +|   0|  0|  16|          14|          14|
    |add_ln58_599_fu_143569_p2  |         +|   0|  0|  16|          14|          14|
    |add_ln58_600_fu_143579_p2  |         +|   0|  0|  16|          15|          15|
    |add_ln58_601_fu_142160_p2  |         +|   0|  0|  19|          12|          12|
    |add_ln58_602_fu_142166_p2  |         +|   0|  0|  19|          12|          12|
    |add_ln58_603_fu_143591_p2  |         +|   0|  0|  20|          13|          13|
    |add_ln58_604_fu_143601_p2  |         +|   0|  0|  16|          15|          15|
    |add_ln58_605_fu_142172_p2  |         +|   0|  0|  19|          12|          12|
    |add_ln58_606_fu_142182_p2  |         +|   0|  0|  20|          13|          13|
    |add_ln58_607_fu_142192_p2  |         +|   0|  0|  16|          14|          14|
    |add_ln58_608_fu_142198_p2  |         +|   0|  0|  16|          14|          14|
    |add_ln58_609_fu_143614_p2  |         +|   0|  0|  22|          15|          15|
    |add_ln58_610_fu_142204_p2  |         +|   0|  0|  17|          10|          10|
    |add_ln58_611_fu_143623_p2  |         +|   0|  0|  16|          15|          15|
    |add_ln58_612_fu_142210_p2  |         +|   0|  0|  17|          13|          13|
    |add_ln58_613_fu_142216_p2  |         +|   0|  0|  16|           9|           9|
    |add_ln58_614_fu_142226_p2  |         +|   0|  0|  17|          13|          13|
    |add_ln58_615_fu_143632_p2  |         +|   0|  0|  16|          15|          15|
    |add_ln58_616_fu_142247_p2  |         +|   0|  0|  17|          10|          10|
    |add_ln58_617_fu_142257_p2  |         +|   0|  0|  19|          12|          12|
    |add_ln58_618_fu_143645_p2  |         +|   0|  0|  20|          13|          13|
    |add_ln58_619_fu_142263_p2  |         +|   0|  0|  19|          12|          12|
    |add_ln58_620_fu_143658_p2  |         +|   0|  0|  16|          14|          14|
    |add_ln58_621_fu_143664_p2  |         +|   0|  0|  16|          14|          14|
    |add_ln58_622_fu_142269_p2  |         +|   0|  0|  20|          13|          13|
    |add_ln58_623_fu_143677_p2  |         +|   0|  0|  16|          15|          15|
    |add_ln58_624_fu_142275_p2  |         +|   0|  0|  19|          12|          12|
    |add_ln58_625_fu_142281_p2  |         +|   0|  0|  16|           9|           9|
    |add_ln58_626_fu_143689_p2  |         +|   0|  0|  18|          11|          11|
    |add_ln58_627_fu_143699_p2  |         +|   0|  0|  21|          14|          14|
    |add_ln58_628_fu_143709_p2  |         +|   0|  0|  16|          15|          15|
    |add_ln58_fu_141127_p2      |         +|   0|  0|  17|          13|          10|
    |sub_ln42_17_fu_136148_p2   |         -|   0|  0|  22|          15|          15|
    |sub_ln42_18_fu_137000_p2   |         -|   0|  0|  21|          14|          14|
    |sub_ln42_19_fu_137055_p2   |         -|   0|  0|  23|          16|          16|
    |sub_ln42_20_fu_136303_p2   |         -|   0|  0|  19|          12|          12|
    |sub_ln42_21_fu_137324_p2   |         -|   0|  0|  23|          16|          16|
    |sub_ln42_22_fu_138050_p2   |         -|   0|  0|  21|          14|          14|
    |sub_ln42_23_fu_138128_p2   |         -|   0|  0|  22|          15|          15|
    |sub_ln42_24_fu_138460_p2   |         -|   0|  0|  21|          14|          14|
    |sub_ln42_25_fu_138495_p2   |         -|   0|  0|  22|          15|          15|
    |sub_ln42_26_fu_138519_p2   |         -|   0|  0|  19|          12|          12|
    |sub_ln42_27_fu_138568_p2   |         -|   0|  0|  23|          16|          16|
    |sub_ln42_28_fu_138694_p2   |         -|   0|  0|  23|          16|          16|
    |sub_ln42_29_fu_138793_p2   |         -|   0|  0|  21|          14|          14|
    |sub_ln42_30_fu_138817_p2   |         -|   0|  0|  19|          12|          12|
    |sub_ln42_31_fu_138908_p2   |         -|   0|  0|  20|          13|          13|
    |sub_ln42_32_fu_139052_p2   |         -|   0|  0|  21|          14|          14|
    |sub_ln42_33_fu_139090_p2   |         -|   0|  0|  22|          15|          15|
    |sub_ln42_34_fu_139302_p2   |         -|   0|  0|  22|          15|          15|
    |sub_ln42_35_fu_139453_p2   |         -|   0|  0|  21|          14|          14|
    |sub_ln42_36_fu_139569_p2   |         -|   0|  0|  20|          13|          13|
    |sub_ln42_37_fu_139738_p2   |         -|   0|  0|  21|          14|          14|
    |sub_ln42_38_fu_139973_p2   |         -|   0|  0|  20|          13|          13|
    |sub_ln42_39_fu_140018_p2   |         -|   0|  0|  23|          16|          16|
    |sub_ln42_40_fu_140062_p2   |         -|   0|  0|  23|          16|          16|
    |sub_ln42_41_fu_142475_p2   |         -|   0|  0|  23|          16|          16|
    |sub_ln42_42_fu_142506_p2   |         -|   0|  0|  23|          16|          16|
    |sub_ln42_43_fu_140388_p2   |         -|   0|  0|  20|          13|          13|
    |sub_ln42_44_fu_140684_p2   |         -|   0|  0|  19|          12|          12|
    |sub_ln42_45_fu_140999_p2   |         -|   0|  0|  21|          14|          14|
    |sub_ln42_46_fu_141111_p2   |         -|   0|  0|  23|          16|          16|
    |sub_ln42_fu_135839_p2      |         -|   0|  0|  22|          15|          15|
    |sub_ln73_100_fu_137710_p2  |         -|   0|  0|  23|           1|          16|
    |sub_ln73_101_fu_137720_p2  |         -|   0|  0|  24|          17|          17|
    |sub_ln73_102_fu_137853_p2  |         -|   0|  0|  22|           1|          15|
    |sub_ln73_103_fu_137929_p2  |         -|   0|  0|  23|          16|          16|
    |sub_ln73_104_fu_137960_p2  |         -|   0|  0|  21|           1|          14|
    |sub_ln73_105_fu_137991_p2  |         -|   0|  0|  20|           1|          13|
    |sub_ln73_106_fu_138088_p2  |         -|   0|  0|  22|          15|          15|
    |sub_ln73_107_fu_138156_p2  |         -|   0|  0|  19|           1|          12|
    |sub_ln73_108_fu_138166_p2  |         -|   0|  0|  20|          13|          13|
    |sub_ln73_109_fu_138225_p2  |         -|   0|  0|  21|          14|          14|
    |sub_ln73_110_fu_138304_p2  |         -|   0|  0|  21|          14|          14|
    |sub_ln73_111_fu_138382_p2  |         -|   0|  0|  20|           1|          13|
    |sub_ln73_112_fu_138392_p2  |         -|   0|  0|  21|          14|          14|
    |sub_ln73_113_fu_138640_p2  |         -|   0|  0|  22|          15|          15|
    |sub_ln73_114_fu_139127_p2  |         -|   0|  0|  20|           1|          13|
    |sub_ln73_115_fu_139145_p2  |         -|   0|  0|  21|          14|          14|
    |sub_ln73_116_fu_139182_p2  |         -|   0|  0|  19|           1|          12|
    |sub_ln73_117_fu_139264_p2  |         -|   0|  0|  20|          13|          13|
    |sub_ln73_118_fu_139433_p2  |         -|   0|  0|  21|          14|          14|
    |sub_ln73_119_fu_139469_p2  |         -|   0|  0|  21|           1|          14|
    |sub_ln73_120_fu_139490_p2  |         -|   0|  0|  22|          15|          15|
    |sub_ln73_121_fu_139527_p2  |         -|   0|  0|  20|           1|          13|
    |sub_ln73_122_fu_139694_p2  |         -|   0|  0|  19|           1|          12|
    |sub_ln73_123_fu_139704_p2  |         -|   0|  0|  20|          13|          13|
    |sub_ln73_124_fu_139799_p2  |         -|   0|  0|  19|           1|          12|
    |sub_ln73_125_fu_139809_p2  |         -|   0|  0|  20|          13|          13|
    |sub_ln73_126_fu_139868_p2  |         -|   0|  0|  21|          14|          14|
    |sub_ln73_127_fu_139914_p2  |         -|   0|  0|  20|          13|          13|
    |sub_ln73_128_fu_139949_p2  |         -|   0|  0|  22|          15|          15|
    |sub_ln73_129_fu_142423_p2  |         -|   0|  0|  22|          15|          15|
    |sub_ln73_130_fu_142455_p2  |         -|   0|  0|  23|          16|          16|
    |sub_ln73_131_fu_140543_p2  |         -|   0|  0|  21|          14|          14|
    |sub_ln73_132_fu_142563_p2  |         -|   0|  0|  22|          15|          15|
    |sub_ln73_133_fu_140640_p2  |         -|   0|  0|  20|           1|          13|
    |sub_ln73_134_fu_140650_p2  |         -|   0|  0|  21|          14|          14|
    |sub_ln73_135_fu_140784_p2  |         -|   0|  0|  22|           1|          15|
    |sub_ln73_136_fu_140794_p2  |         -|   0|  0|  23|          16|          16|
    |sub_ln73_137_fu_140850_p2  |         -|   0|  0|  20|          13|          13|
    |sub_ln73_138_fu_140912_p2  |         -|   0|  0|  22|          15|          15|
    |sub_ln73_139_fu_141036_p2  |         -|   0|  0|  23|          16|          16|
    |sub_ln73_140_fu_137371_p2  |         -|   0|  0|  21|          14|          14|
    |sub_ln73_141_fu_137833_p2  |         -|   0|  0|  22|          15|          15|
    |sub_ln73_142_fu_139387_p2  |         -|   0|  0|  22|          15|          15|
    |sub_ln73_143_fu_141080_p2  |         -|   0|  0|  21|          14|          14|
    |sub_ln73_4_fu_139674_p2    |         -|   0|  0|  17|           1|          10|
    |sub_ln73_5_fu_140443_p2    |         -|   0|  0|  17|           1|          10|
    |sub_ln73_74_fu_136571_p2   |         -|   0|  0|  19|          12|          12|
    |sub_ln73_75_fu_135764_p2   |         -|   0|  0|  21|           1|          14|
    |sub_ln73_76_fu_136601_p2   |         -|   0|  0|  22|          15|          15|
    |sub_ln73_77_fu_136667_p2   |         -|   0|  0|  20|           1|          13|
    |sub_ln73_78_fu_135939_p2   |         -|   0|  0|  21|           1|          14|
    |sub_ln73_79_fu_136708_p2   |         -|   0|  0|  22|          15|          15|
    |sub_ln73_80_fu_136728_p2   |         -|   0|  0|  20|          13|          13|
    |sub_ln73_81_fu_136770_p2   |         -|   0|  0|  18|           1|          11|
    |sub_ln73_82_fu_136081_p2   |         -|   0|  0|  22|          15|          15|
    |sub_ln73_83_fu_136857_p2   |         -|   0|  0|  23|           1|          16|
    |sub_ln73_84_fu_136882_p2   |         -|   0|  0|  24|          17|          17|
    |sub_ln73_85_fu_136923_p2   |         -|   0|  0|  24|          17|          17|
    |sub_ln73_86_fu_136943_p2   |         -|   0|  0|  21|           1|          14|
    |sub_ln73_87_fu_137084_p2   |         -|   0|  0|  20|          13|          13|
    |sub_ln73_88_fu_136236_p2   |         -|   0|  0|  22|          15|          15|
    |sub_ln73_89_fu_136277_p2   |         -|   0|  0|  19|           1|          12|
    |sub_ln73_90_fu_136287_p2   |         -|   0|  0|  20|          13|          13|
    |sub_ln73_91_fu_137165_p2   |         -|   0|  0|  21|           1|          14|
    |sub_ln73_92_fu_136360_p2   |         -|   0|  0|  20|           1|          13|
    |sub_ln73_93_fu_137351_p2   |         -|   0|  0|  21|          14|          14|
    |sub_ln73_94_fu_137391_p2   |         -|   0|  0|  22|          15|          15|
    |sub_ln73_95_fu_137461_p2   |         -|   0|  0|  23|          16|          16|
    |sub_ln73_96_fu_137561_p2   |         -|   0|  0|  23|          16|          16|
    |sub_ln73_97_fu_137613_p2   |         -|   0|  0|  22|          15|          15|
    |sub_ln73_98_fu_137633_p2   |         -|   0|  0|  21|           1|          14|
    |sub_ln73_99_fu_137667_p2   |         -|   0|  0|  19|           1|          12|
    |sub_ln73_fu_137690_p2      |         -|   0|  0|  17|           1|          10|
    |ap_block_pp0_stage0_11001  |        or|   0|  0|   2|           1|           1|
    |ap_enable_pp0              |       xor|   0|  0|   2|           1|           2|
    +---------------------------+----------+----+---+----+------------+------------+
    |Total                      |          |   0|  0|7615|        4948|        5264|
    +---------------------------+----------+----+---+----+------------+------------+

    * Multiplexer: 
    +--------------+----+-----------+-----+-----------+
    |     Name     | LUT| Input Size| Bits| Total Bits|
    +--------------+----+-----------+-----+-----------+
    |ap_done       |   9|          2|    1|          2|
    |ap_return_0   |   9|          2|   16|         32|
    |ap_return_1   |   9|          2|   16|         32|
    |ap_return_10  |   9|          2|   16|         32|
    |ap_return_11  |   9|          2|   16|         32|
    |ap_return_12  |   9|          2|   16|         32|
    |ap_return_13  |   9|          2|   16|         32|
    |ap_return_14  |   9|          2|   16|         32|
    |ap_return_15  |   9|          2|   16|         32|
    |ap_return_16  |   9|          2|   16|         32|
    |ap_return_17  |   9|          2|   16|         32|
    |ap_return_18  |   9|          2|   16|         32|
    |ap_return_19  |   9|          2|   16|         32|
    |ap_return_2   |   9|          2|   16|         32|
    |ap_return_3   |   9|          2|   16|         32|
    |ap_return_4   |   9|          2|   16|         32|
    |ap_return_5   |   9|          2|   16|         32|
    |ap_return_6   |   9|          2|   16|         32|
    |ap_return_7   |   9|          2|   16|         32|
    |ap_return_8   |   9|          2|   16|         32|
    |ap_return_9   |   9|          2|   16|         32|
    +--------------+----+-----------+-----+-----------+
    |Total         | 189|         42|  321|        642|
    +--------------+----+-----------+-----+-----------+

    * Register: 
    +-------------------------------------+----+----+-----+-----------+
    |                 Name                | FF | LUT| Bits| Const Bits|
    +-------------------------------------+----+----+-----+-----------+
    |add_ln58_352_reg_144296              |  10|   0|   10|          0|
    |add_ln58_356_reg_144301              |  11|   0|   11|          0|
    |add_ln58_360_reg_144306              |  10|   0|   10|          0|
    |add_ln58_363_reg_144311              |  13|   0|   13|          0|
    |add_ln58_367_reg_144316              |  11|   0|   11|          0|
    |add_ln58_368_reg_144321              |  10|   0|   10|          0|
    |add_ln58_371_reg_144529              |  13|   0|   13|          0|
    |add_ln58_372_reg_144534              |  11|   0|   11|          0|
    |add_ln58_374_reg_144539              |  12|   0|   12|          0|
    |add_ln58_375_reg_144544              |  10|   0|   10|          0|
    |add_ln58_379_reg_144549              |  12|   0|   12|          0|
    |add_ln58_380_reg_144554              |   9|   0|    9|          0|
    |add_ln58_386_reg_144559              |  13|   0|   13|          0|
    |add_ln58_387_reg_144564              |  13|   0|   13|          0|
    |add_ln58_391_reg_144569              |  12|   0|   12|          0|
    |add_ln58_393_reg_144574              |  11|   0|   11|          0|
    |add_ln58_394_reg_144579              |  10|   0|   10|          0|
    |add_ln58_401_reg_144584              |  12|   0|   12|          0|
    |add_ln58_402_reg_144589              |  14|   0|   14|          0|
    |add_ln58_405_reg_144594              |  11|   0|   11|          0|
    |add_ln58_408_reg_144599              |  11|   0|   11|          0|
    |add_ln58_414_reg_144604              |  13|   0|   13|          0|
    |add_ln58_416_reg_144609              |  12|   0|   12|          0|
    |add_ln58_420_reg_144614              |  11|   0|   11|          0|
    |add_ln58_428_reg_144619              |  12|   0|   12|          0|
    |add_ln58_434_reg_144624              |  11|   0|   11|          0|
    |add_ln58_439_reg_144629              |  12|   0|   12|          0|
    |add_ln58_442_reg_144634              |  10|   0|   10|          0|
    |add_ln58_448_reg_144639              |  11|   0|   11|          0|
    |add_ln58_452_reg_144644              |  13|   0|   13|          0|
    |add_ln58_453_reg_144649              |  12|   0|   12|          0|
    |add_ln58_456_reg_144654              |  13|   0|   13|          0|
    |add_ln58_465_reg_144659              |  12|   0|   12|          0|
    |add_ln58_466_reg_144664              |  13|   0|   13|          0|
    |add_ln58_470_reg_144669              |  12|   0|   12|          0|
    |add_ln58_472_reg_144674              |  11|   0|   11|          0|
    |add_ln58_474_reg_144679              |  11|   0|   11|          0|
    |add_ln58_479_reg_144684              |  11|   0|   11|          0|
    |add_ln58_481_reg_144689              |  13|   0|   13|          0|
    |add_ln58_483_reg_144694              |  12|   0|   12|          0|
    |add_ln58_486_reg_144699              |  13|   0|   13|          0|
    |add_ln58_487_reg_144704              |  12|   0|   12|          0|
    |add_ln58_493_reg_144709              |  13|   0|   13|          0|
    |add_ln58_496_reg_144714              |  14|   0|   14|          0|
    |add_ln58_499_reg_144719              |  13|   0|   13|          0|
    |add_ln58_503_reg_144724              |  11|   0|   11|          0|
    |add_ln58_509_reg_144729              |  14|   0|   14|          0|
    |add_ln58_512_reg_144734              |  12|   0|   12|          0|
    |add_ln58_515_reg_144739              |  12|   0|   12|          0|
    |add_ln58_517_reg_144744              |  12|   0|   12|          0|
    |add_ln58_520_reg_144749              |   9|   0|    9|          0|
    |add_ln58_522_reg_144754              |  13|   0|   13|          0|
    |add_ln58_523_reg_144759              |  13|   0|   13|          0|
    |add_ln58_527_reg_144326              |  11|   0|   11|          0|
    |add_ln58_528_reg_144331              |  12|   0|   12|          0|
    |add_ln58_533_reg_144764              |  14|   0|   14|          0|
    |add_ln58_534_reg_144769              |  13|   0|   13|          0|
    |add_ln58_537_reg_144774              |  11|   0|   11|          0|
    |add_ln58_541_reg_144779              |  13|   0|   13|          0|
    |add_ln58_542_reg_144784              |  13|   0|   13|          0|
    |add_ln58_544_reg_144789              |  10|   0|   10|          0|
    |add_ln58_546_reg_144794              |  11|   0|   11|          0|
    |add_ln58_553_reg_144336              |  13|   0|   13|          0|
    |add_ln58_555_reg_144799              |  13|   0|   13|          0|
    |add_ln58_556_reg_144804              |  12|   0|   12|          0|
    |add_ln58_559_reg_144809              |  11|   0|   11|          0|
    |add_ln58_561_reg_144814              |  13|   0|   13|          0|
    |add_ln58_562_reg_144819              |  12|   0|   12|          0|
    |add_ln58_570_reg_144824              |  13|   0|   13|          0|
    |add_ln58_573_reg_144829              |  14|   0|   14|          0|
    |add_ln58_575_reg_144834              |  12|   0|   12|          0|
    |add_ln58_578_reg_144839              |  10|   0|   10|          0|
    |add_ln58_584_reg_144844              |  15|   0|   15|          0|
    |add_ln58_585_reg_144849              |  13|   0|   13|          0|
    |add_ln58_587_reg_144854              |  12|   0|   12|          0|
    |add_ln58_589_reg_144859              |  11|   0|   11|          0|
    |add_ln58_595_reg_144864              |  13|   0|   13|          0|
    |add_ln58_597_reg_144869              |  13|   0|   13|          0|
    |add_ln58_601_reg_144874              |  12|   0|   12|          0|
    |add_ln58_602_reg_144879              |  12|   0|   12|          0|
    |add_ln58_608_reg_144884              |  14|   0|   14|          0|
    |add_ln58_610_reg_144889              |  10|   0|   10|          0|
    |add_ln58_614_reg_144894              |  13|   0|   13|          0|
    |add_ln58_617_reg_144899              |  12|   0|   12|          0|
    |add_ln58_619_reg_144904              |  12|   0|   12|          0|
    |add_ln58_622_reg_144909              |  13|   0|   13|          0|
    |add_ln58_624_reg_144914              |  12|   0|   12|          0|
    |add_ln58_625_reg_144919              |   9|   0|    9|          0|
    |ap_CS_fsm                            |   1|   0|    1|          0|
    |ap_done_reg                          |   1|   0|    1|          0|
    |ap_enable_reg_pp0_iter1              |   1|   0|    1|          0|
    |ap_enable_reg_pp0_iter2              |   1|   0|    1|          0|
    |ap_enable_reg_pp0_iter3              |   1|   0|    1|          0|
    |ap_return_0_preg                     |  16|   0|   16|          0|
    |ap_return_10_preg                    |  16|   0|   16|          0|
    |ap_return_11_preg                    |  16|   0|   16|          0|
    |ap_return_12_preg                    |  16|   0|   16|          0|
    |ap_return_13_preg                    |  16|   0|   16|          0|
    |ap_return_14_preg                    |  16|   0|   16|          0|
    |ap_return_15_preg                    |  16|   0|   16|          0|
    |ap_return_16_preg                    |  16|   0|   16|          0|
    |ap_return_17_preg                    |  16|   0|   16|          0|
    |ap_return_18_preg                    |  16|   0|   16|          0|
    |ap_return_19_preg                    |  16|   0|   16|          0|
    |ap_return_1_preg                     |  16|   0|   16|          0|
    |ap_return_2_preg                     |  16|   0|   16|          0|
    |ap_return_3_preg                     |  16|   0|   16|          0|
    |ap_return_4_preg                     |  16|   0|   16|          0|
    |ap_return_5_preg                     |  16|   0|   16|          0|
    |ap_return_6_preg                     |  16|   0|   16|          0|
    |ap_return_7_preg                     |  16|   0|   16|          0|
    |ap_return_8_preg                     |  16|   0|   16|          0|
    |ap_return_9_preg                     |  16|   0|   16|          0|
    |mult_110_reg_144351                  |   9|   0|    9|          0|
    |mult_111_reg_144052                  |   6|   0|    6|          0|
    |mult_111_reg_144052_pp0_iter1_reg    |   6|   0|    6|          0|
    |mult_112_reg_144057                  |   8|   0|    8|          0|
    |mult_112_reg_144057_pp0_iter1_reg    |   8|   0|    8|          0|
    |mult_113_reg_144062                  |   5|   0|    5|          0|
    |mult_113_reg_144062_pp0_iter1_reg    |   5|   0|    5|          0|
    |mult_115_reg_144073                  |   6|   0|    6|          0|
    |mult_115_reg_144073_pp0_iter1_reg    |   6|   0|    6|          0|
    |mult_116_reg_144084                  |   7|   0|    7|          0|
    |mult_116_reg_144084_pp0_iter1_reg    |   7|   0|    7|          0|
    |mult_117_reg_144079                  |   5|   0|    5|          0|
    |mult_117_reg_144079_pp0_iter1_reg    |   5|   0|    5|          0|
    |mult_119_reg_144382                  |   9|   0|    9|          0|
    |mult_120_reg_144377                  |   8|   0|    8|          0|
    |mult_121_reg_144387                  |  10|   0|   10|          0|
    |mult_123_reg_144089                  |   8|   0|    8|          0|
    |mult_123_reg_144089_pp0_iter1_reg    |   8|   0|    8|          0|
    |mult_124_reg_144418                  |   9|   0|    9|          0|
    |mult_127_reg_144094                  |   8|   0|    8|          0|
    |mult_127_reg_144094_pp0_iter1_reg    |   8|   0|    8|          0|
    |mult_128_reg_144433                  |   9|   0|    9|          0|
    |mult_130_reg_144438                  |   8|   0|    8|          0|
    |mult_133_reg_144474                  |  10|   0|   10|          0|
    |mult_135_reg_144484                  |   9|   0|    9|          0|
    |mult_137_reg_144104                  |   4|   0|    4|          0|
    |mult_138_reg_144109                  |   5|   0|    5|          0|
    |mult_138_reg_144109_pp0_iter1_reg    |   5|   0|    5|          0|
    |mult_139_reg_144504                  |   9|   0|    9|          0|
    |mult_141_reg_144514                  |   9|   0|    9|          0|
    |mult_142_reg_144519                  |  10|   0|   10|          0|
    |mult_s_reg_144046                    |   5|   0|    5|          0|
    |mult_s_reg_144046_pp0_iter1_reg      |   5|   0|    5|          0|
    |p_read1049_reg_143885                |   9|   0|    9|          0|
    |p_read1049_reg_143885_pp0_iter1_reg  |   9|   0|    9|          0|
    |p_read1150_reg_143870                |   9|   0|    9|          0|
    |p_read1251_reg_143853                |   9|   0|    9|          0|
    |p_read1352_reg_143839                |   9|   0|    9|          0|
    |p_read1352_reg_143839_pp0_iter1_reg  |   9|   0|    9|          0|
    |p_read140_reg_144018                 |   9|   0|    9|          0|
    |p_read140_reg_144018_pp0_iter1_reg   |   9|   0|    9|          0|
    |p_read241_reg_144003                 |   9|   0|    9|          0|
    |p_read241_reg_144003_pp0_iter1_reg   |   9|   0|    9|          0|
    |p_read342_reg_143987                 |   9|   0|    9|          0|
    |p_read342_reg_143987_pp0_iter1_reg   |   9|   0|    9|          0|
    |p_read39_reg_144032                  |   9|   0|    9|          0|
    |p_read39_reg_144032_pp0_iter1_reg    |   9|   0|    9|          0|
    |p_read443_reg_143973                 |   9|   0|    9|          0|
    |p_read443_reg_143973_pp0_iter1_reg   |   9|   0|    9|          0|
    |p_read544_reg_143959                 |   9|   0|    9|          0|
    |p_read544_reg_143959_pp0_iter1_reg   |   9|   0|    9|          0|
    |p_read645_reg_143945                 |   9|   0|    9|          0|
    |p_read645_reg_143945_pp0_iter1_reg   |   9|   0|    9|          0|
    |p_read746_reg_143929                 |   9|   0|    9|          0|
    |p_read746_reg_143929_pp0_iter1_reg   |   9|   0|    9|          0|
    |p_read847_reg_143916                 |   9|   0|    9|          0|
    |p_read847_reg_143916_pp0_iter1_reg   |   9|   0|    9|          0|
    |p_read948_reg_143901                 |   9|   0|    9|          0|
    |p_read948_reg_143901_pp0_iter1_reg   |   9|   0|    9|          0|
    |shl_ln42_47_reg_144453               |   9|   0|   11|          2|
    |shl_ln42_49_reg_144458               |   9|   0|   12|          3|
    |shl_ln73_103_reg_144216              |   9|   0|   11|          2|
    |shl_ln73_104_reg_144233              |   9|   0|   12|          3|
    |shl_ln73_105_reg_144249              |   9|   0|   11|          2|
    |sub_ln73_75_reg_144137               |  10|   0|   14|          4|
    |sub_ln73_78_reg_144169               |  10|   0|   14|          4|
    |sub_ln73_92_reg_144269               |  10|   0|   13|          3|
    |tmp_156_reg_144127                   |  10|   0|   10|          0|
    |tmp_157_reg_144132                   |  10|   0|   10|          0|
    |tmp_159_reg_144179                   |   8|   0|    8|          0|
    |tmp_160_reg_144194                   |   9|   0|    9|          0|
    |tmp_168_reg_144228                   |  10|   0|   10|          0|
    |tmp_169_reg_144238                   |   9|   0|    9|          0|
    |tmp_180_reg_144281                   |   9|   0|    9|          0|
    |tmp_182_reg_144341                   |  11|   0|   11|          0|
    |tmp_183_reg_144286                   |   9|   0|    9|          0|
    |tmp_184_reg_144291                   |  11|   0|   11|          0|
    |tmp_192_reg_144068                   |   4|   0|    4|          0|
    |tmp_192_reg_144068_pp0_iter1_reg     |   4|   0|    4|          0|
    |tmp_196_reg_144362                   |  11|   0|   11|          0|
    |tmp_199_reg_144367                   |  10|   0|   10|          0|
    |tmp_204_reg_144392                   |  11|   0|   11|          0|
    |tmp_213_reg_144099                   |   5|   0|    5|          0|
    |tmp_213_reg_144099_pp0_iter1_reg     |   5|   0|    5|          0|
    |tmp_214_reg_144443                   |  11|   0|   11|          0|
    |tmp_216_reg_144448                   |  11|   0|   11|          0|
    |tmp_219_reg_144469                   |  10|   0|   10|          0|
    |tmp_221_reg_144479                   |  11|   0|   11|          0|
    |tmp_226_reg_144494                   |  10|   0|   10|          0|
    |tmp_233_reg_144524                   |  11|   0|   11|          0|
    |tmp_reg_144122                       |   8|   0|    8|          0|
    |trunc_ln17_16_reg_144142             |  10|   0|   10|          0|
    |trunc_ln17_17_reg_144147             |   9|   0|    9|          0|
    |trunc_ln17_19_reg_144164             |  11|   0|   11|          0|
    |trunc_ln17_20_reg_144189             |  11|   0|   11|          0|
    |trunc_ln42_118_reg_144174            |   9|   0|    9|          0|
    |trunc_ln42_119_reg_144184            |  11|   0|   11|          0|
    |trunc_ln42_124_reg_144199            |  10|   0|   10|          0|
    |trunc_ln42_127_reg_144211            |  10|   0|   10|          0|
    |trunc_ln42_133_reg_144223            |   9|   0|    9|          0|
    |trunc_ln42_136_reg_144254            |   8|   0|    8|          0|
    |trunc_ln42_140_reg_144259            |   7|   0|    7|          0|
    |trunc_ln42_141_reg_144264            |  10|   0|   10|          0|
    |trunc_ln42_170_reg_144356            |  11|   0|   11|          0|
    |trunc_ln42_179_reg_144372            |  11|   0|   11|          0|
    |trunc_ln42_187_reg_144397            |   9|   0|    9|          0|
    |trunc_ln42_190_reg_144403            |  12|   0|   12|          0|
    |trunc_ln42_192_reg_144408            |  10|   0|   10|          0|
    |trunc_ln42_195_reg_144413            |   9|   0|    9|          0|
    |trunc_ln42_198_reg_144423            |  10|   0|   10|          0|
    |trunc_ln42_199_reg_144428            |  11|   0|   11|          0|
    |trunc_ln42_214_reg_144464            |  11|   0|   11|          0|
    |trunc_ln42_224_reg_144489            |  11|   0|   11|          0|
    |trunc_ln42_232_reg_144499            |  11|   0|   11|          0|
    |trunc_ln42_235_reg_144509            |  10|   0|   10|          0|
    |zext_ln17_119_reg_144346             |  11|   0|   13|          2|
    |zext_ln42_47_reg_144274              |   9|   0|   16|          7|
    |zext_ln73_182_reg_144114             |   9|   0|   16|          7|
    |zext_ln73_188_reg_144152             |   9|   0|   16|          7|
    |zext_ln73_191_reg_144158             |   9|   0|   13|          4|
    |zext_ln73_200_reg_144204             |   9|   0|   15|          6|
    |zext_ln73_210_reg_144243             |   9|   0|   15|          6|
    |mult_137_reg_144104                  |  64|  32|    4|          0|
    |p_read1150_reg_143870                |  64|  32|    9|          0|
    |p_read1251_reg_143853                |  64|  32|    9|          0|
    +-------------------------------------+----+----+-----+-----------+
    |Total                                |2641|  96| 2533|         62|
    +-------------------------------------+----+----+-----+-----------+



================================================================
== Interface
================================================================
* Summary: 
+--------------+-----+-----+------------+-----------------------------------------------------------------------------+--------------+
|   RTL Ports  | Dir | Bits|  Protocol  |                                Source Object                                |    C Type    |
+--------------+-----+-----+------------+-----------------------------------------------------------------------------+--------------+
|ap_clk        |   in|    1|  ap_ctrl_hs|  dense_latency<ap_ufixed<9, 0, 4, 0, 0>, ap_fixed<16, 6, 5, 3, 0>, config14>|  return value|
|ap_rst        |   in|    1|  ap_ctrl_hs|  dense_latency<ap_ufixed<9, 0, 4, 0, 0>, ap_fixed<16, 6, 5, 3, 0>, config14>|  return value|
|ap_start      |   in|    1|  ap_ctrl_hs|  dense_latency<ap_ufixed<9, 0, 4, 0, 0>, ap_fixed<16, 6, 5, 3, 0>, config14>|  return value|
|ap_done       |  out|    1|  ap_ctrl_hs|  dense_latency<ap_ufixed<9, 0, 4, 0, 0>, ap_fixed<16, 6, 5, 3, 0>, config14>|  return value|
|ap_continue   |   in|    1|  ap_ctrl_hs|  dense_latency<ap_ufixed<9, 0, 4, 0, 0>, ap_fixed<16, 6, 5, 3, 0>, config14>|  return value|
|ap_idle       |  out|    1|  ap_ctrl_hs|  dense_latency<ap_ufixed<9, 0, 4, 0, 0>, ap_fixed<16, 6, 5, 3, 0>, config14>|  return value|
|ap_ready      |  out|    1|  ap_ctrl_hs|  dense_latency<ap_ufixed<9, 0, 4, 0, 0>, ap_fixed<16, 6, 5, 3, 0>, config14>|  return value|
|ap_return_0   |  out|   16|  ap_ctrl_hs|  dense_latency<ap_ufixed<9, 0, 4, 0, 0>, ap_fixed<16, 6, 5, 3, 0>, config14>|  return value|
|ap_return_1   |  out|   16|  ap_ctrl_hs|  dense_latency<ap_ufixed<9, 0, 4, 0, 0>, ap_fixed<16, 6, 5, 3, 0>, config14>|  return value|
|ap_return_2   |  out|   16|  ap_ctrl_hs|  dense_latency<ap_ufixed<9, 0, 4, 0, 0>, ap_fixed<16, 6, 5, 3, 0>, config14>|  return value|
|ap_return_3   |  out|   16|  ap_ctrl_hs|  dense_latency<ap_ufixed<9, 0, 4, 0, 0>, ap_fixed<16, 6, 5, 3, 0>, config14>|  return value|
|ap_return_4   |  out|   16|  ap_ctrl_hs|  dense_latency<ap_ufixed<9, 0, 4, 0, 0>, ap_fixed<16, 6, 5, 3, 0>, config14>|  return value|
|ap_return_5   |  out|   16|  ap_ctrl_hs|  dense_latency<ap_ufixed<9, 0, 4, 0, 0>, ap_fixed<16, 6, 5, 3, 0>, config14>|  return value|
|ap_return_6   |  out|   16|  ap_ctrl_hs|  dense_latency<ap_ufixed<9, 0, 4, 0, 0>, ap_fixed<16, 6, 5, 3, 0>, config14>|  return value|
|ap_return_7   |  out|   16|  ap_ctrl_hs|  dense_latency<ap_ufixed<9, 0, 4, 0, 0>, ap_fixed<16, 6, 5, 3, 0>, config14>|  return value|
|ap_return_8   |  out|   16|  ap_ctrl_hs|  dense_latency<ap_ufixed<9, 0, 4, 0, 0>, ap_fixed<16, 6, 5, 3, 0>, config14>|  return value|
|ap_return_9   |  out|   16|  ap_ctrl_hs|  dense_latency<ap_ufixed<9, 0, 4, 0, 0>, ap_fixed<16, 6, 5, 3, 0>, config14>|  return value|
|ap_return_10  |  out|   16|  ap_ctrl_hs|  dense_latency<ap_ufixed<9, 0, 4, 0, 0>, ap_fixed<16, 6, 5, 3, 0>, config14>|  return value|
|ap_return_11  |  out|   16|  ap_ctrl_hs|  dense_latency<ap_ufixed<9, 0, 4, 0, 0>, ap_fixed<16, 6, 5, 3, 0>, config14>|  return value|
|ap_return_12  |  out|   16|  ap_ctrl_hs|  dense_latency<ap_ufixed<9, 0, 4, 0, 0>, ap_fixed<16, 6, 5, 3, 0>, config14>|  return value|
|ap_return_13  |  out|   16|  ap_ctrl_hs|  dense_latency<ap_ufixed<9, 0, 4, 0, 0>, ap_fixed<16, 6, 5, 3, 0>, config14>|  return value|
|ap_return_14  |  out|   16|  ap_ctrl_hs|  dense_latency<ap_ufixed<9, 0, 4, 0, 0>, ap_fixed<16, 6, 5, 3, 0>, config14>|  return value|
|ap_return_15  |  out|   16|  ap_ctrl_hs|  dense_latency<ap_ufixed<9, 0, 4, 0, 0>, ap_fixed<16, 6, 5, 3, 0>, config14>|  return value|
|ap_return_16  |  out|   16|  ap_ctrl_hs|  dense_latency<ap_ufixed<9, 0, 4, 0, 0>, ap_fixed<16, 6, 5, 3, 0>, config14>|  return value|
|ap_return_17  |  out|   16|  ap_ctrl_hs|  dense_latency<ap_ufixed<9, 0, 4, 0, 0>, ap_fixed<16, 6, 5, 3, 0>, config14>|  return value|
|ap_return_18  |  out|   16|  ap_ctrl_hs|  dense_latency<ap_ufixed<9, 0, 4, 0, 0>, ap_fixed<16, 6, 5, 3, 0>, config14>|  return value|
|ap_return_19  |  out|   16|  ap_ctrl_hs|  dense_latency<ap_ufixed<9, 0, 4, 0, 0>, ap_fixed<16, 6, 5, 3, 0>, config14>|  return value|
|p_read        |   in|    9|     ap_none|                                                                       p_read|        scalar|
|p_read1       |   in|    9|     ap_none|                                                                      p_read1|        scalar|
|p_read2       |   in|    9|     ap_none|                                                                      p_read2|        scalar|
|p_read3       |   in|    9|     ap_none|                                                                      p_read3|        scalar|
|p_read4       |   in|    9|     ap_none|                                                                      p_read4|        scalar|
|p_read5       |   in|    9|     ap_none|                                                                      p_read5|        scalar|
|p_read6       |   in|    9|     ap_none|                                                                      p_read6|        scalar|
|p_read7       |   in|    9|     ap_none|                                                                      p_read7|        scalar|
|p_read8       |   in|    9|     ap_none|                                                                      p_read8|        scalar|
|p_read9       |   in|    9|     ap_none|                                                                      p_read9|        scalar|
|p_read10      |   in|    9|     ap_none|                                                                     p_read10|        scalar|
|p_read11      |   in|    9|     ap_none|                                                                     p_read11|        scalar|
|p_read12      |   in|    9|     ap_none|                                                                     p_read12|        scalar|
|p_read13      |   in|    9|     ap_none|                                                                     p_read13|        scalar|
+--------------+-----+-----+------------+-----------------------------------------------------------------------------+--------------+

