

================================================================
== Vitis HLS Report for 'dense_latency_ap_ufixed_9_0_4_0_0_ap_fixed_16_6_5_3_0_config20_s'
================================================================
* Date:           Mon Oct 14 11:22:23 2024

* Version:        2023.2 (Build 4023990 on Oct 11 2023)
* Project:        JetTaggerNN_prj
* Solution:       solution1 (Vivado IP Flow Target)
* Product family: virtexuplus
* Target device:  xcvu9p-flga2104-2L-e


================================================================
== Performance Estimates
================================================================
+ Timing: 
    * Summary: 
    +--------+---------+----------+------------+
    |  Clock |  Target | Estimated| Uncertainty|
    +--------+---------+----------+------------+
    |ap_clk  |  2.80 ns|  2.435 ns|     0.35 ns|
    +--------+---------+----------+------------+

+ Latency: 
    * Summary: 
    +---------+---------+----------+----------+-----+-----+---------+
    |  Latency (cycles) |  Latency (absolute) |  Interval | Pipeline|
    |   min   |   max   |    min   |    max   | min | max |   Type  |
    +---------+---------+----------+----------+-----+-----+---------+
    |        3|        3|  8.400 ns|  8.400 ns|    1|    1|      yes|
    +---------+---------+----------+----------+-----+-----+---------+

    + Detail: 
        * Instance: 
        N/A

        * Loop: 
        N/A



================================================================
== Utilization Estimates
================================================================
* Summary: 
+---------------------+---------+------+---------+---------+-----+
|         Name        | BRAM_18K|  DSP |    FF   |   LUT   | URAM|
+---------------------+---------+------+---------+---------+-----+
|DSP                  |        -|     -|        -|        -|    -|
|Expression           |        -|     -|        0|     3269|    -|
|FIFO                 |        -|     -|        -|        -|    -|
|Instance             |        -|    73|        0|     4331|    -|
|Memory               |        -|     -|        -|        -|    -|
|Multiplexer          |        -|     -|        -|       81|    -|
|Register             |        -|     -|     2138|        -|    -|
+---------------------+---------+------+---------+---------+-----+
|Total                |        0|    73|     2138|     7681|    0|
+---------------------+---------+------+---------+---------+-----+
|Available SLR        |     1440|  2280|   788160|   394080|  320|
+---------------------+---------+------+---------+---------+-----+
|Utilization SLR (%)  |        0|     3|       ~0|        1|    0|
+---------------------+---------+------+---------+---------+-----+
|Available            |     4320|  6840|  2364480|  1182240|  960|
+---------------------+---------+------+---------+---------+-----+
|Utilization (%)      |        0|     1|       ~0|       ~0|    0|
+---------------------+---------+------+---------+---------+-----+

+ Detail: 
    * Instance: 
    +---------------------------+---------------------+---------+----+---+----+-----+
    |          Instance         |        Module       | BRAM_18K| DSP| FF| LUT| URAM|
    +---------------------------+---------------------+---------+----+---+----+-----+
    |mul_9ns_10ns_18_1_1_U5631  |mul_9ns_10ns_18_1_1  |        0|   0|  0|  62|    0|
    |mul_9ns_10ns_18_1_1_U5642  |mul_9ns_10ns_18_1_1  |        0|   0|  0|  62|    0|
    |mul_9ns_10ns_18_1_1_U5651  |mul_9ns_10ns_18_1_1  |        0|   0|  0|  62|    0|
    |mul_9ns_10ns_18_1_1_U5652  |mul_9ns_10ns_18_1_1  |        0|   0|  0|  62|    0|
    |mul_9ns_10ns_18_1_1_U5653  |mul_9ns_10ns_18_1_1  |        0|   0|  0|  62|    0|
    |mul_9ns_10ns_18_1_1_U5661  |mul_9ns_10ns_18_1_1  |        0|   0|  0|  62|    0|
    |mul_9ns_10ns_18_1_1_U5680  |mul_9ns_10ns_18_1_1  |        0|   0|  0|  62|    0|
    |mul_9ns_10ns_18_1_1_U5695  |mul_9ns_10ns_18_1_1  |        0|   0|  0|  62|    0|
    |mul_9ns_10ns_18_1_1_U5696  |mul_9ns_10ns_18_1_1  |        0|   0|  0|  62|    0|
    |mul_9ns_10ns_18_1_1_U5701  |mul_9ns_10ns_18_1_1  |        0|   0|  0|  62|    0|
    |mul_9ns_10ns_18_1_1_U5708  |mul_9ns_10ns_18_1_1  |        0|   0|  0|  62|    0|
    |mul_9ns_10ns_18_1_1_U5712  |mul_9ns_10ns_18_1_1  |        0|   0|  0|  62|    0|
    |mul_9ns_10ns_18_1_1_U5726  |mul_9ns_10ns_18_1_1  |        0|   0|  0|  62|    0|
    |mul_9ns_10ns_18_1_1_U5734  |mul_9ns_10ns_18_1_1  |        0|   0|  0|  62|    0|
    |mul_9ns_10ns_18_1_1_U5747  |mul_9ns_10ns_18_1_1  |        0|   0|  0|  62|    0|
    |mul_9ns_10ns_18_1_1_U5750  |mul_9ns_10ns_18_1_1  |        0|   0|  0|  62|    0|
    |mul_9ns_10ns_18_1_1_U5753  |mul_9ns_10ns_18_1_1  |        0|   0|  0|  62|    0|
    |mul_9ns_10ns_18_1_1_U5765  |mul_9ns_10ns_18_1_1  |        0|   0|  0|  62|    0|
    |mul_9ns_10s_19_1_1_U5682   |mul_9ns_10s_19_1_1   |        0|   0|  0|  62|    0|
    |mul_9ns_10s_19_1_1_U5693   |mul_9ns_10s_19_1_1   |        0|   0|  0|  62|    0|
    |mul_9ns_10s_19_1_1_U5694   |mul_9ns_10s_19_1_1   |        0|   0|  0|  62|    0|
    |mul_9ns_10s_19_1_1_U5698   |mul_9ns_10s_19_1_1   |        0|   0|  0|  62|    0|
    |mul_9ns_10s_19_1_1_U5700   |mul_9ns_10s_19_1_1   |        0|   0|  0|  62|    0|
    |mul_9ns_10s_19_1_1_U5703   |mul_9ns_10s_19_1_1   |        0|   0|  0|  62|    0|
    |mul_9ns_10s_19_1_1_U5716   |mul_9ns_10s_19_1_1   |        0|   0|  0|  62|    0|
    |mul_9ns_10s_19_1_1_U5739   |mul_9ns_10s_19_1_1   |        0|   0|  0|  62|    0|
    |mul_9ns_10s_19_1_1_U5743   |mul_9ns_10s_19_1_1   |        0|   0|  0|  62|    0|
    |mul_9ns_10s_19_1_1_U5757   |mul_9ns_10s_19_1_1   |        0|   0|  0|  62|    0|
    |mul_9ns_10s_19_1_1_U5762   |mul_9ns_10s_19_1_1   |        0|   0|  0|  62|    0|
    |mul_9ns_10s_19_1_1_U5766   |mul_9ns_10s_19_1_1   |        0|   0|  0|  62|    0|
    |mul_9ns_11ns_19_1_1_U5629  |mul_9ns_11ns_19_1_1  |        0|   1|  0|   6|    0|
    |mul_9ns_11ns_19_1_1_U5633  |mul_9ns_11ns_19_1_1  |        0|   1|  0|   6|    0|
    |mul_9ns_11ns_19_1_1_U5641  |mul_9ns_11ns_19_1_1  |        0|   1|  0|   6|    0|
    |mul_9ns_11ns_19_1_1_U5650  |mul_9ns_11ns_19_1_1  |        0|   1|  0|   6|    0|
    |mul_9ns_11ns_19_1_1_U5657  |mul_9ns_11ns_19_1_1  |        0|   1|  0|   6|    0|
    |mul_9ns_11ns_19_1_1_U5671  |mul_9ns_11ns_19_1_1  |        0|   1|  0|   6|    0|
    |mul_9ns_11ns_19_1_1_U5685  |mul_9ns_11ns_19_1_1  |        0|   1|  0|   6|    0|
    |mul_9ns_11ns_19_1_1_U5688  |mul_9ns_11ns_19_1_1  |        0|   1|  0|   6|    0|
    |mul_9ns_11ns_19_1_1_U5691  |mul_9ns_11ns_19_1_1  |        0|   1|  0|   6|    0|
    |mul_9ns_11ns_19_1_1_U5718  |mul_9ns_11ns_19_1_1  |        0|   1|  0|   6|    0|
    |mul_9ns_11ns_19_1_1_U5727  |mul_9ns_11ns_19_1_1  |        0|   1|  0|   6|    0|
    |mul_9ns_11ns_19_1_1_U5730  |mul_9ns_11ns_19_1_1  |        0|   1|  0|   6|    0|
    |mul_9ns_11ns_19_1_1_U5732  |mul_9ns_11ns_19_1_1  |        0|   1|  0|   6|    0|
    |mul_9ns_11ns_19_1_1_U5744  |mul_9ns_11ns_19_1_1  |        0|   1|  0|   6|    0|
    |mul_9ns_11ns_19_1_1_U5748  |mul_9ns_11ns_19_1_1  |        0|   1|  0|   6|    0|
    |mul_9ns_11ns_19_1_1_U5760  |mul_9ns_11ns_19_1_1  |        0|   1|  0|   6|    0|
    |mul_9ns_11ns_19_1_1_U5769  |mul_9ns_11ns_19_1_1  |        0|   1|  0|   6|    0|
    |mul_9ns_11s_20_1_1_U5625   |mul_9ns_11s_20_1_1   |        0|   1|  0|   6|    0|
    |mul_9ns_11s_20_1_1_U5626   |mul_9ns_11s_20_1_1   |        0|   1|  0|   6|    0|
    |mul_9ns_11s_20_1_1_U5627   |mul_9ns_11s_20_1_1   |        0|   1|  0|   6|    0|
    |mul_9ns_11s_20_1_1_U5630   |mul_9ns_11s_20_1_1   |        0|   1|  0|   6|    0|
    |mul_9ns_11s_20_1_1_U5635   |mul_9ns_11s_20_1_1   |        0|   1|  0|   6|    0|
    |mul_9ns_11s_20_1_1_U5637   |mul_9ns_11s_20_1_1   |        0|   1|  0|   6|    0|
    |mul_9ns_11s_20_1_1_U5639   |mul_9ns_11s_20_1_1   |        0|   1|  0|   6|    0|
    |mul_9ns_11s_20_1_1_U5640   |mul_9ns_11s_20_1_1   |        0|   1|  0|   6|    0|
    |mul_9ns_11s_20_1_1_U5645   |mul_9ns_11s_20_1_1   |        0|   1|  0|   6|    0|
    |mul_9ns_11s_20_1_1_U5646   |mul_9ns_11s_20_1_1   |        0|   1|  0|   6|    0|
    |mul_9ns_11s_20_1_1_U5648   |mul_9ns_11s_20_1_1   |        0|   1|  0|   6|    0|
    |mul_9ns_11s_20_1_1_U5659   |mul_9ns_11s_20_1_1   |        0|   1|  0|   6|    0|
    |mul_9ns_11s_20_1_1_U5660   |mul_9ns_11s_20_1_1   |        0|   1|  0|   6|    0|
    |mul_9ns_11s_20_1_1_U5664   |mul_9ns_11s_20_1_1   |        0|   1|  0|   6|    0|
    |mul_9ns_11s_20_1_1_U5667   |mul_9ns_11s_20_1_1   |        0|   1|  0|   6|    0|
    |mul_9ns_11s_20_1_1_U5668   |mul_9ns_11s_20_1_1   |        0|   1|  0|   6|    0|
    |mul_9ns_11s_20_1_1_U5670   |mul_9ns_11s_20_1_1   |        0|   1|  0|   6|    0|
    |mul_9ns_11s_20_1_1_U5687   |mul_9ns_11s_20_1_1   |        0|   1|  0|   6|    0|
    |mul_9ns_11s_20_1_1_U5690   |mul_9ns_11s_20_1_1   |        0|   1|  0|   6|    0|
    |mul_9ns_11s_20_1_1_U5704   |mul_9ns_11s_20_1_1   |        0|   1|  0|   6|    0|
    |mul_9ns_11s_20_1_1_U5706   |mul_9ns_11s_20_1_1   |        0|   1|  0|   6|    0|
    |mul_9ns_11s_20_1_1_U5710   |mul_9ns_11s_20_1_1   |        0|   1|  0|   6|    0|
    |mul_9ns_11s_20_1_1_U5715   |mul_9ns_11s_20_1_1   |        0|   1|  0|   6|    0|
    |mul_9ns_11s_20_1_1_U5717   |mul_9ns_11s_20_1_1   |        0|   1|  0|   6|    0|
    |mul_9ns_11s_20_1_1_U5719   |mul_9ns_11s_20_1_1   |        0|   1|  0|   6|    0|
    |mul_9ns_11s_20_1_1_U5725   |mul_9ns_11s_20_1_1   |        0|   1|  0|   6|    0|
    |mul_9ns_11s_20_1_1_U5738   |mul_9ns_11s_20_1_1   |        0|   1|  0|   6|    0|
    |mul_9ns_11s_20_1_1_U5741   |mul_9ns_11s_20_1_1   |        0|   1|  0|   6|    0|
    |mul_9ns_11s_20_1_1_U5752   |mul_9ns_11s_20_1_1   |        0|   1|  0|   6|    0|
    |mul_9ns_11s_20_1_1_U5755   |mul_9ns_11s_20_1_1   |        0|   1|  0|   6|    0|
    |mul_9ns_11s_20_1_1_U5756   |mul_9ns_11s_20_1_1   |        0|   1|  0|   6|    0|
    |mul_9ns_11s_20_1_1_U5761   |mul_9ns_11s_20_1_1   |        0|   1|  0|   6|    0|
    |mul_9ns_11s_20_1_1_U5763   |mul_9ns_11s_20_1_1   |        0|   1|  0|   6|    0|
    |mul_9ns_12ns_20_1_1_U5647  |mul_9ns_12ns_20_1_1  |        0|   1|  0|   5|    0|
    |mul_9ns_12ns_20_1_1_U5678  |mul_9ns_12ns_20_1_1  |        0|   1|  0|   5|    0|
    |mul_9ns_12ns_20_1_1_U5689  |mul_9ns_12ns_20_1_1  |        0|   1|  0|   5|    0|
    |mul_9ns_12ns_20_1_1_U5692  |mul_9ns_12ns_20_1_1  |        0|   1|  0|   5|    0|
    |mul_9ns_12ns_20_1_1_U5697  |mul_9ns_12ns_20_1_1  |        0|   1|  0|   5|    0|
    |mul_9ns_12ns_20_1_1_U5699  |mul_9ns_12ns_20_1_1  |        0|   1|  0|   5|    0|
    |mul_9ns_12ns_20_1_1_U5713  |mul_9ns_12ns_20_1_1  |        0|   1|  0|   5|    0|
    |mul_9ns_12ns_20_1_1_U5722  |mul_9ns_12ns_20_1_1  |        0|   1|  0|   5|    0|
    |mul_9ns_12ns_20_1_1_U5731  |mul_9ns_12ns_20_1_1  |        0|   1|  0|   5|    0|
    |mul_9ns_12ns_20_1_1_U5737  |mul_9ns_12ns_20_1_1  |        0|   1|  0|   5|    0|
    |mul_9ns_12s_21_1_1_U5636   |mul_9ns_12s_21_1_1   |        0|   1|  0|   5|    0|
    |mul_9ns_12s_21_1_1_U5638   |mul_9ns_12s_21_1_1   |        0|   1|  0|   5|    0|
    |mul_9ns_12s_21_1_1_U5644   |mul_9ns_12s_21_1_1   |        0|   1|  0|   5|    0|
    |mul_9ns_12s_21_1_1_U5663   |mul_9ns_12s_21_1_1   |        0|   1|  0|   5|    0|
    |mul_9ns_12s_21_1_1_U5673   |mul_9ns_12s_21_1_1   |        0|   1|  0|   5|    0|
    |mul_9ns_12s_21_1_1_U5676   |mul_9ns_12s_21_1_1   |        0|   1|  0|   5|    0|
    |mul_9ns_12s_21_1_1_U5679   |mul_9ns_12s_21_1_1   |        0|   1|  0|   5|    0|
    |mul_9ns_12s_21_1_1_U5720   |mul_9ns_12s_21_1_1   |        0|   1|  0|   5|    0|
    |mul_9ns_12s_21_1_1_U5745   |mul_9ns_12s_21_1_1   |        0|   1|  0|   5|    0|
    |mul_9ns_12s_21_1_1_U5749   |mul_9ns_12s_21_1_1   |        0|   1|  0|   5|    0|
    |mul_9ns_12s_21_1_1_U5759   |mul_9ns_12s_21_1_1   |        0|   1|  0|   5|    0|
    |mul_9ns_13s_22_1_1_U5632   |mul_9ns_13s_22_1_1   |        0|   1|  0|   4|    0|
    |mul_9ns_13s_22_1_1_U5742   |mul_9ns_13s_22_1_1   |        0|   1|  0|   4|    0|
    |mul_9ns_6ns_14_1_1_U5723   |mul_9ns_6ns_14_1_1   |        0|   0|  0|  49|    0|
    |mul_9ns_6s_15_1_1_U5665    |mul_9ns_6s_15_1_1    |        0|   0|  0|  49|    0|
    |mul_9ns_6s_15_1_1_U5721    |mul_9ns_6s_15_1_1    |        0|   0|  0|  49|    0|
    |mul_9ns_7ns_15_1_1_U5672   |mul_9ns_7ns_15_1_1   |        0|   0|  0|  49|    0|
    |mul_9ns_7ns_15_1_1_U5675   |mul_9ns_7ns_15_1_1   |        0|   0|  0|  49|    0|
    |mul_9ns_7ns_15_1_1_U5702   |mul_9ns_7ns_15_1_1   |        0|   0|  0|  49|    0|
    |mul_9ns_7ns_15_1_1_U5705   |mul_9ns_7ns_15_1_1   |        0|   0|  0|  49|    0|
    |mul_9ns_7ns_15_1_1_U5758   |mul_9ns_7ns_15_1_1   |        0|   0|  0|  49|    0|
    |mul_9ns_7s_16_1_1_U5643    |mul_9ns_7s_16_1_1    |        0|   0|  0|  49|    0|
    |mul_9ns_8ns_16_1_1_U5684   |mul_9ns_8ns_16_1_1   |        0|   0|  0|  49|    0|
    |mul_9ns_8ns_16_1_1_U5686   |mul_9ns_8ns_16_1_1   |        0|   0|  0|  49|    0|
    |mul_9ns_8ns_16_1_1_U5711   |mul_9ns_8ns_16_1_1   |        0|   0|  0|  49|    0|
    |mul_9ns_8ns_16_1_1_U5764   |mul_9ns_8ns_16_1_1   |        0|   0|  0|  49|    0|
    |mul_9ns_8s_17_1_1_U5654    |mul_9ns_8s_17_1_1    |        0|   0|  0|  49|    0|
    |mul_9ns_8s_17_1_1_U5662    |mul_9ns_8s_17_1_1    |        0|   0|  0|  49|    0|
    |mul_9ns_8s_17_1_1_U5674    |mul_9ns_8s_17_1_1    |        0|   0|  0|  49|    0|
    |mul_9ns_8s_17_1_1_U5683    |mul_9ns_8s_17_1_1    |        0|   0|  0|  49|    0|
    |mul_9ns_8s_17_1_1_U5724    |mul_9ns_8s_17_1_1    |        0|   0|  0|  49|    0|
    |mul_9ns_8s_17_1_1_U5740    |mul_9ns_8s_17_1_1    |        0|   0|  0|  49|    0|
    |mul_9ns_8s_17_1_1_U5746    |mul_9ns_8s_17_1_1    |        0|   0|  0|  49|    0|
    |mul_9ns_9ns_17_1_1_U5649   |mul_9ns_9ns_17_1_1   |        0|   0|  0|  49|    0|
    |mul_9ns_9ns_17_1_1_U5656   |mul_9ns_9ns_17_1_1   |        0|   0|  0|  49|    0|
    |mul_9ns_9ns_17_1_1_U5658   |mul_9ns_9ns_17_1_1   |        0|   0|  0|  49|    0|
    |mul_9ns_9ns_17_1_1_U5666   |mul_9ns_9ns_17_1_1   |        0|   0|  0|  49|    0|
    |mul_9ns_9ns_17_1_1_U5681   |mul_9ns_9ns_17_1_1   |        0|   0|  0|  49|    0|
    |mul_9ns_9ns_17_1_1_U5707   |mul_9ns_9ns_17_1_1   |        0|   0|  0|  49|    0|
    |mul_9ns_9ns_17_1_1_U5728   |mul_9ns_9ns_17_1_1   |        0|   0|  0|  49|    0|
    |mul_9ns_9ns_17_1_1_U5729   |mul_9ns_9ns_17_1_1   |        0|   0|  0|  49|    0|
    |mul_9ns_9ns_17_1_1_U5733   |mul_9ns_9ns_17_1_1   |        0|   0|  0|  49|    0|
    |mul_9ns_9ns_17_1_1_U5735   |mul_9ns_9ns_17_1_1   |        0|   0|  0|  49|    0|
    |mul_9ns_9ns_17_1_1_U5754   |mul_9ns_9ns_17_1_1   |        0|   0|  0|  49|    0|
    |mul_9ns_9ns_17_1_1_U5767   |mul_9ns_9ns_17_1_1   |        0|   0|  0|  49|    0|
    |mul_9ns_9ns_17_1_1_U5768   |mul_9ns_9ns_17_1_1   |        0|   0|  0|  49|    0|
    |mul_9ns_9s_18_1_1_U5628    |mul_9ns_9s_18_1_1    |        0|   0|  0|  49|    0|
    |mul_9ns_9s_18_1_1_U5634    |mul_9ns_9s_18_1_1    |        0|   0|  0|  49|    0|
    |mul_9ns_9s_18_1_1_U5655    |mul_9ns_9s_18_1_1    |        0|   0|  0|  49|    0|
    |mul_9ns_9s_18_1_1_U5669    |mul_9ns_9s_18_1_1    |        0|   0|  0|  49|    0|
    |mul_9ns_9s_18_1_1_U5677    |mul_9ns_9s_18_1_1    |        0|   0|  0|  49|    0|
    |mul_9ns_9s_18_1_1_U5709    |mul_9ns_9s_18_1_1    |        0|   0|  0|  49|    0|
    |mul_9ns_9s_18_1_1_U5714    |mul_9ns_9s_18_1_1    |        0|   0|  0|  49|    0|
    |mul_9ns_9s_18_1_1_U5736    |mul_9ns_9s_18_1_1    |        0|   0|  0|  49|    0|
    |mul_9ns_9s_18_1_1_U5751    |mul_9ns_9s_18_1_1    |        0|   0|  0|  49|    0|
    +---------------------------+---------------------+---------+----+---+----+-----+
    |Total                      |                     |        0|  73|  0|4331|    0|
    +---------------------------+---------------------+---------+----+---+----+-----+

    * DSP: 
    N/A

    * Memory: 
    N/A

    * FIFO: 
    N/A

    * Expression: 
    +---------------------------+----------+----+---+----+------------+------------+
    |       Variable Name       | Operation| DSP| FF| LUT| Bitwidth P0| Bitwidth P1|
    +---------------------------+----------+----+---+----+------------+------------+
    |add_ln42_1_fu_152341_p2    |         +|   0|  0|  23|          16|          16|
    |add_ln42_fu_150994_p2      |         +|   0|  0|  19|          12|          12|
    |add_ln58_100_fu_153838_p2  |         +|   0|  0|  17|          13|          13|
    |add_ln58_101_fu_153848_p2  |         +|   0|  0|  21|          14|          14|
    |add_ln58_102_fu_152859_p2  |         +|   0|  0|  18|          11|          11|
    |add_ln58_103_fu_153857_p2  |         +|   0|  0|  21|          14|          14|
    |add_ln58_104_fu_153867_p2  |         +|   0|  0|  21|          14|          14|
    |add_ln58_105_fu_153877_p2  |         +|   0|  0|  20|          13|          13|
    |add_ln58_106_fu_153887_p2  |         +|   0|  0|  16|          15|          15|
    |add_ln58_107_fu_153893_p2  |         +|   0|  0|  16|          15|          15|
    |add_ln58_108_fu_152865_p2  |         +|   0|  0|  19|          12|          12|
    |add_ln58_109_fu_153902_p2  |         +|   0|  0|  18|          11|          10|
    |add_ln58_110_fu_153912_p2  |         +|   0|  0|  17|          13|          13|
    |add_ln58_111_fu_152871_p2  |         +|   0|  0|  17|          11|          11|
    |add_ln58_112_fu_152885_p2  |         +|   0|  0|  17|          11|          11|
    |add_ln58_113_fu_153921_p2  |         +|   0|  0|  17|          13|          13|
    |add_ln58_114_fu_154417_p2  |         +|   0|  0|  16|          16|          16|
    |add_ln58_115_fu_154423_p2  |         +|   0|  0|  16|          16|          16|
    |add_ln58_116_fu_153927_p2  |         +|   0|  0|  18|          11|          11|
    |add_ln58_117_fu_153943_p2  |         +|   0|  0|  17|          12|          12|
    |add_ln58_118_fu_153949_p2  |         +|   0|  0|  17|          12|          12|
    |add_ln58_119_fu_153965_p2  |         +|   0|  0|  17|          11|          11|
    |add_ln58_120_fu_153975_p2  |         +|   0|  0|  17|          11|          11|
    |add_ln58_121_fu_153985_p2  |         +|   0|  0|  20|          13|          13|
    |add_ln58_122_fu_153994_p2  |         +|   0|  0|  21|          14|          14|
    |add_ln58_123_fu_154004_p2  |         +|   0|  0|  20|          13|          13|
    |add_ln58_124_fu_154014_p2  |         +|   0|  0|  20|          13|          13|
    |add_ln58_125_fu_154024_p2  |         +|   0|  0|  21|          14|          14|
    |add_ln58_126_fu_154034_p2  |         +|   0|  0|  22|          15|          15|
    |add_ln58_127_fu_154040_p2  |         +|   0|  0|  17|          13|          13|
    |add_ln58_128_fu_152891_p2  |         +|   0|  0|  18|          11|          11|
    |add_ln58_129_fu_154049_p2  |         +|   0|  0|  17|          13|          13|
    |add_ln58_130_fu_152897_p2  |         +|   0|  0|  17|          10|          10|
    |add_ln58_131_fu_152903_p2  |         +|   0|  0|  17|          10|          10|
    |add_ln58_132_fu_154065_p2  |         +|   0|  0|  18|          11|          11|
    |add_ln58_133_fu_154075_p2  |         +|   0|  0|  21|          14|          14|
    |add_ln58_134_fu_154438_p2  |         +|   0|  0|  16|          16|          16|
    |add_ln58_135_fu_154444_p2  |         +|   0|  0|  16|          16|          16|
    |add_ln58_136_fu_154084_p2  |         +|   0|  0|  19|          12|          12|
    |add_ln58_137_fu_154093_p2  |         +|   0|  0|  19|          12|          12|
    |add_ln58_138_fu_154105_p2  |         +|   0|  0|  17|          12|          12|
    |add_ln58_139_fu_154111_p2  |         +|   0|  0|  17|          12|          12|
    |add_ln58_13_fu_153234_p2   |         +|   0|  0|  17|          13|          13|
    |add_ln58_140_fu_154121_p2  |         +|   0|  0|  20|          13|          13|
    |add_ln58_141_fu_154131_p2  |         +|   0|  0|  21|          14|          14|
    |add_ln58_142_fu_154137_p2  |         +|   0|  0|  22|          15|          15|
    |add_ln58_143_fu_154143_p2  |         +|   0|  0|  20|          13|          13|
    |add_ln58_144_fu_154153_p2  |         +|   0|  0|  21|          14|          14|
    |add_ln58_145_fu_154459_p2  |         +|   0|  0|  23|          16|          16|
    |add_ln58_146_fu_152909_p2  |         +|   0|  0|  19|          12|          12|
    |add_ln58_147_fu_154162_p2  |         +|   0|  0|  20|          13|          13|
    |add_ln58_148_fu_152923_p2  |         +|   0|  0|  18|          11|          11|
    |add_ln58_149_fu_154175_p2  |         +|   0|  0|  21|          14|          14|
    |add_ln58_14_fu_153244_p2   |         +|   0|  0|  16|          14|          14|
    |add_ln58_150_fu_154468_p2  |         +|   0|  0|  16|          16|          16|
    |add_ln58_151_fu_154474_p2  |         +|   0|  0|  16|          16|          16|
    |add_ln58_152_fu_152929_p2  |         +|   0|  0|  17|          10|           8|
    |add_ln58_153_fu_154184_p2  |         +|   0|  0|  19|          12|          12|
    |add_ln58_154_fu_154196_p2  |         +|   0|  0|  20|          13|          13|
    |add_ln58_155_fu_154209_p2  |         +|   0|  0|  19|          12|          12|
    |add_ln58_156_fu_154218_p2  |         +|   0|  0|  17|          13|          13|
    |add_ln58_157_fu_154227_p2  |         +|   0|  0|  17|          13|          13|
    |add_ln58_158_fu_154237_p2  |         +|   0|  0|  21|          14|          14|
    |add_ln58_159_fu_154243_p2  |         +|   0|  0|  18|          11|          11|
    |add_ln58_15_fu_153250_p2   |         +|   0|  0|  16|          14|          14|
    |add_ln58_160_fu_154255_p2  |         +|   0|  0|  19|          12|          12|
    |add_ln58_161_fu_154268_p2  |         +|   0|  0|  22|          15|          15|
    |add_ln58_162_fu_154274_p2  |         +|   0|  0|  16|          15|          15|
    |add_ln58_163_fu_154280_p2  |         +|   0|  0|  16|          15|          15|
    |add_ln58_164_fu_154286_p2  |         +|   0|  0|  21|          14|          14|
    |add_ln58_165_fu_154296_p2  |         +|   0|  0|  20|          13|          13|
    |add_ln58_166_fu_154306_p2  |         +|   0|  0|  16|          15|          15|
    |add_ln58_167_fu_154312_p2  |         +|   0|  0|  17|          13|          13|
    |add_ln58_168_fu_154321_p2  |         +|   0|  0|  17|          13|          13|
    |add_ln58_169_fu_154331_p2  |         +|   0|  0|  16|          15|          15|
    |add_ln58_16_fu_153260_p2   |         +|   0|  0|  18|          11|          10|
    |add_ln58_170_fu_154489_p2  |         +|   0|  0|  16|          16|          16|
    |add_ln58_171_fu_154495_p2  |         +|   0|  0|  16|          16|          16|
    |add_ln58_17_fu_153273_p2   |         +|   0|  0|  17|          11|          11|
    |add_ln58_18_fu_153279_p2   |         +|   0|  0|  17|          11|          11|
    |add_ln58_19_fu_153289_p2   |         +|   0|  0|  17|          12|          12|
    |add_ln58_20_fu_152733_p2   |         +|   0|  0|  17|          10|          10|
    |add_ln58_21_fu_153298_p2   |         +|   0|  0|  17|          12|          12|
    |add_ln58_22_fu_153307_p2   |         +|   0|  0|  16|          14|          14|
    |add_ln58_23_fu_153313_p2   |         +|   0|  0|  16|          14|          14|
    |add_ln58_24_fu_153323_p2   |         +|   0|  0|  20|          13|          13|
    |add_ln58_25_fu_153333_p2   |         +|   0|  0|  20|          13|          13|
    |add_ln58_26_fu_153343_p2   |         +|   0|  0|  21|          14|          14|
    |add_ln58_27_fu_153353_p2   |         +|   0|  0|  22|          15|          15|
    |add_ln58_28_fu_152739_p2   |         +|   0|  0|  19|          12|          12|
    |add_ln58_29_fu_152745_p2   |         +|   0|  0|  19|          12|          12|
    |add_ln58_30_fu_153365_p2   |         +|   0|  0|  20|          13|          13|
    |add_ln58_31_fu_152751_p2   |         +|   0|  0|  17|          11|          11|
    |add_ln58_32_fu_152761_p2   |         +|   0|  0|  17|          11|          11|
    |add_ln58_33_fu_153378_p2   |         +|   0|  0|  21|          14|          14|
    |add_ln58_34_fu_154346_p2   |         +|   0|  0|  16|          16|          16|
    |add_ln58_35_fu_154352_p2   |         +|   0|  0|  16|          16|          16|
    |add_ln58_36_fu_153384_p2   |         +|   0|  0|  19|          12|          12|
    |add_ln58_37_fu_153393_p2   |         +|   0|  0|  17|          12|          12|
    |add_ln58_38_fu_153402_p2   |         +|   0|  0|  17|          12|          12|
    |add_ln58_39_fu_153412_p2   |         +|   0|  0|  19|          12|          12|
    |add_ln58_40_fu_152767_p2   |         +|   0|  0|  18|          11|          11|
    |add_ln58_41_fu_153425_p2   |         +|   0|  0|  17|          13|          13|
    |add_ln58_42_fu_153434_p2   |         +|   0|  0|  17|          13|          13|
    |add_ln58_43_fu_153444_p2   |         +|   0|  0|  21|          14|          14|
    |add_ln58_44_fu_152777_p2   |         +|   0|  0|  17|          10|          10|
    |add_ln58_45_fu_153453_p2   |         +|   0|  0|  21|          14|          14|
    |add_ln58_46_fu_153463_p2   |         +|   0|  0|  20|          13|          13|
    |add_ln58_47_fu_153473_p2   |         +|   0|  0|  22|          15|          15|
    |add_ln58_48_fu_153479_p2   |         +|   0|  0|  16|          15|          15|
    |add_ln58_49_fu_152783_p2   |         +|   0|  0|  19|          12|          12|
    |add_ln58_50_fu_152789_p2   |         +|   0|  0|  18|          11|          11|
    |add_ln58_51_fu_153491_p2   |         +|   0|  0|  17|          13|          13|
    |add_ln58_52_fu_152803_p2   |         +|   0|  0|  16|           9|           9|
    |add_ln58_53_fu_153500_p2   |         +|   0|  0|  17|          13|          13|
    |add_ln58_54_fu_153510_p2   |         +|   0|  0|  16|          15|          15|
    |add_ln58_55_fu_154364_p2   |         +|   0|  0|  23|          16|          16|
    |add_ln58_56_fu_153516_p2   |         +|   0|  0|  18|          11|          10|
    |add_ln58_57_fu_152809_p2   |         +|   0|  0|  18|          11|          11|
    |add_ln58_58_fu_153528_p2   |         +|   0|  0|  19|          12|          12|
    |add_ln58_59_fu_153541_p2   |         +|   0|  0|  19|          12|          12|
    |add_ln58_60_fu_153550_p2   |         +|   0|  0|  20|          13|          13|
    |add_ln58_61_fu_153560_p2   |         +|   0|  0|  21|          14|          14|
    |add_ln58_62_fu_152815_p2   |         +|   0|  0|  15|           8|           8|
    |add_ln58_63_fu_153569_p2   |         +|   0|  0|  16|          14|          14|
    |add_ln58_64_fu_153575_p2   |         +|   0|  0|  16|          14|          14|
    |add_ln58_65_fu_153585_p2   |         +|   0|  0|  20|          13|          13|
    |add_ln58_66_fu_153595_p2   |         +|   0|  0|  20|          13|          13|
    |add_ln58_67_fu_153605_p2   |         +|   0|  0|  21|          14|          14|
    |add_ln58_68_fu_153615_p2   |         +|   0|  0|  22|          15|          15|
    |add_ln58_69_fu_153621_p2   |         +|   0|  0|  20|          13|          13|
    |add_ln58_70_fu_152821_p2   |         +|   0|  0|  19|          12|          12|
    |add_ln58_71_fu_153634_p2   |         +|   0|  0|  16|          14|          14|
    |add_ln58_72_fu_152827_p2   |         +|   0|  0|  19|          12|          12|
    |add_ln58_73_fu_153643_p2   |         +|   0|  0|  16|          14|          14|
    |add_ln58_74_fu_154379_p2   |         +|   0|  0|  16|          16|          16|
    |add_ln58_75_fu_154385_p2   |         +|   0|  0|  16|          16|          16|
    |add_ln58_76_fu_153649_p2   |         +|   0|  0|  19|          12|          10|
    |add_ln58_77_fu_153659_p2   |         +|   0|  0|  18|          11|          11|
    |add_ln58_78_fu_153668_p2   |         +|   0|  0|  17|          13|          13|
    |add_ln58_79_fu_153683_p2   |         +|   0|  0|  17|          12|          12|
    |add_ln58_80_fu_153689_p2   |         +|   0|  0|  17|          12|          12|
    |add_ln58_81_fu_153699_p2   |         +|   0|  0|  17|          13|          13|
    |add_ln58_82_fu_153705_p2   |         +|   0|  0|  21|          14|          14|
    |add_ln58_83_fu_153715_p2   |         +|   0|  0|  20|          13|          13|
    |add_ln58_84_fu_153725_p2   |         +|   0|  0|  22|          15|          15|
    |add_ln58_85_fu_153735_p2   |         +|   0|  0|  20|          13|          13|
    |add_ln58_86_fu_153745_p2   |         +|   0|  0|  20|          13|          13|
    |add_ln58_87_fu_153755_p2   |         +|   0|  0|  21|          14|          14|
    |add_ln58_88_fu_153765_p2   |         +|   0|  0|  23|          16|          16|
    |add_ln58_89_fu_152833_p2   |         +|   0|  0|  19|          12|          12|
    |add_ln58_90_fu_152839_p2   |         +|   0|  0|  18|          11|          11|
    |add_ln58_91_fu_153777_p2   |         +|   0|  0|  17|          13|          13|
    |add_ln58_92_fu_152853_p2   |         +|   0|  0|  17|          10|          10|
    |add_ln58_93_fu_153786_p2   |         +|   0|  0|  17|          13|          13|
    |add_ln58_94_fu_154397_p2   |         +|   0|  0|  16|          16|          16|
    |add_ln58_95_fu_154402_p2   |         +|   0|  0|  16|          16|          16|
    |add_ln58_96_fu_153795_p2   |         +|   0|  0|  19|          12|          12|
    |add_ln58_97_fu_153804_p2   |         +|   0|  0|  18|          11|          11|
    |add_ln58_98_fu_153813_p2   |         +|   0|  0|  20|          13|          13|
    |add_ln58_99_fu_153829_p2   |         +|   0|  0|  17|          13|          13|
    |add_ln58_fu_153228_p2      |         +|   0|  0|  17|          13|          12|
    |add_ln73_fu_153167_p2      |         +|   0|  0|  24|          17|          17|
    |sub_ln42_1_fu_151962_p2    |         -|   0|  0|  23|          16|          16|
    |sub_ln42_fu_150641_p2      |         -|   0|  0|  21|          14|          14|
    |sub_ln73_10_fu_151065_p2   |         -|   0|  0|  26|          19|          19|
    |sub_ln73_11_fu_151370_p2   |         -|   0|  0|  25|          18|          18|
    |sub_ln73_12_fu_151544_p2   |         -|   0|  0|  25|           1|          18|
    |sub_ln73_16_fu_152035_p2   |         -|   0|  0|  22|          15|          15|
    |sub_ln73_17_fu_152606_p2   |         -|   0|  0|  24|           1|          17|
    |sub_ln73_18_fu_152627_p2   |         -|   0|  0|  25|          18|          18|
    |sub_ln73_8_fu_150418_p2    |         -|   0|  0|  23|          16|          16|
    |sub_ln73_9_fu_153038_p2    |         -|   0|  0|  26|          19|          19|
    |sub_ln73_fu_151795_p2      |         -|   0|  0|  27|          20|          20|
    |ap_block_pp0_stage0_11001  |        or|   0|  0|   2|           1|           1|
    |ap_enable_pp0              |       xor|   0|  0|   2|           1|           2|
    +---------------------------+----------+----+---+----+------------+------------+
    |Total                      |          |   0|  0|3269|        2290|        2316|
    +---------------------------+----------+----+---+----+------------+------------+

    * Multiplexer: 
    +-------------+----+-----------+-----+-----------+
    |     Name    | LUT| Input Size| Bits| Total Bits|
    +-------------+----+-----------+-----+-----------+
    |ap_done      |   9|          2|    1|          2|
    |ap_return_0  |   9|          2|   16|         32|
    |ap_return_1  |   9|          2|   16|         32|
    |ap_return_2  |   9|          2|   16|         32|
    |ap_return_3  |   9|          2|   16|         32|
    |ap_return_4  |   9|          2|   16|         32|
    |ap_return_5  |   9|          2|   16|         32|
    |ap_return_6  |   9|          2|   16|         32|
    |ap_return_7  |   9|          2|   16|         32|
    +-------------+----+-----------+-----+-----------+
    |Total        |  81|         18|  129|        258|
    +-------------+----+-----------+-----+-----------+

    * Register: 
    +-------------------------------------+----+----+-----+-----------+
    |                 Name                | FF | LUT| Bits| Const Bits|
    +-------------------------------------+----+----+-----+-----------+
    |add_ln58_101_reg_155452              |  14|   0|   14|          0|
    |add_ln58_102_reg_155352              |  11|   0|   11|          0|
    |add_ln58_107_reg_155457              |  15|   0|   15|          0|
    |add_ln58_108_reg_155357              |  12|   0|   12|          0|
    |add_ln58_112_reg_155362              |  11|   0|   11|          0|
    |add_ln58_113_reg_155462              |  13|   0|   13|          0|
    |add_ln58_121_reg_155467              |  13|   0|   13|          0|
    |add_ln58_126_reg_155472              |  15|   0|   15|          0|
    |add_ln58_128_reg_155367              |  11|   0|   11|          0|
    |add_ln58_130_reg_155372              |  10|   0|   10|          0|
    |add_ln58_131_reg_155377              |  10|   0|   10|          0|
    |add_ln58_133_reg_155477              |  14|   0|   14|          0|
    |add_ln58_141_reg_155482              |  14|   0|   14|          0|
    |add_ln58_142_reg_155487              |  15|   0|   15|          0|
    |add_ln58_144_reg_155492              |  14|   0|   14|          0|
    |add_ln58_146_reg_155382              |  12|   0|   12|          0|
    |add_ln58_148_reg_155387              |  11|   0|   11|          0|
    |add_ln58_149_reg_155497              |  14|   0|   14|          0|
    |add_ln58_152_reg_155392              |  10|   0|   10|          0|
    |add_ln58_158_reg_155502              |  14|   0|   14|          0|
    |add_ln58_163_reg_155507              |  15|   0|   15|          0|
    |add_ln58_169_reg_155512              |  15|   0|   15|          0|
    |add_ln58_20_reg_155272               |  10|   0|   10|          0|
    |add_ln58_21_reg_155397               |  12|   0|   12|          0|
    |add_ln58_27_reg_155402               |  15|   0|   15|          0|
    |add_ln58_28_reg_155277               |  12|   0|   12|          0|
    |add_ln58_29_reg_155282               |  12|   0|   12|          0|
    |add_ln58_32_reg_155287               |  11|   0|   11|          0|
    |add_ln58_33_reg_155407               |  14|   0|   14|          0|
    |add_ln58_40_reg_155292               |  11|   0|   11|          0|
    |add_ln58_43_reg_155412               |  14|   0|   14|          0|
    |add_ln58_44_reg_155297               |  10|   0|   10|          0|
    |add_ln58_49_reg_155302               |  12|   0|   12|          0|
    |add_ln58_50_reg_155307               |  11|   0|   11|          0|
    |add_ln58_52_reg_155312               |   9|   0|    9|          0|
    |add_ln58_54_reg_155417               |  15|   0|   15|          0|
    |add_ln58_57_reg_155317               |  11|   0|   11|          0|
    |add_ln58_61_reg_155422               |  14|   0|   14|          0|
    |add_ln58_62_reg_155322               |   8|   0|    8|          0|
    |add_ln58_68_reg_155427               |  15|   0|   15|          0|
    |add_ln58_70_reg_155327               |  12|   0|   12|          0|
    |add_ln58_72_reg_155332               |  12|   0|   12|          0|
    |add_ln58_73_reg_155432               |  14|   0|   14|          0|
    |add_ln58_81_reg_155437               |  13|   0|   13|          0|
    |add_ln58_88_reg_155442               |  16|   0|   16|          0|
    |add_ln58_89_reg_155337               |  12|   0|   12|          0|
    |add_ln58_90_reg_155342               |  11|   0|   11|          0|
    |add_ln58_92_reg_155347               |  10|   0|   10|          0|
    |add_ln58_93_reg_155447               |  13|   0|   13|          0|
    |ap_CS_fsm                            |   1|   0|    1|          0|
    |ap_done_reg                          |   1|   0|    1|          0|
    |ap_enable_reg_pp0_iter1              |   1|   0|    1|          0|
    |ap_enable_reg_pp0_iter2              |   1|   0|    1|          0|
    |ap_enable_reg_pp0_iter3              |   1|   0|    1|          0|
    |ap_return_0_preg                     |  16|   0|   16|          0|
    |ap_return_1_preg                     |  16|   0|   16|          0|
    |ap_return_2_preg                     |  16|   0|   16|          0|
    |ap_return_3_preg                     |  16|   0|   16|          0|
    |ap_return_4_preg                     |  16|   0|   16|          0|
    |ap_return_5_preg                     |  16|   0|   16|          0|
    |ap_return_6_preg                     |  16|   0|   16|          0|
    |ap_return_7_preg                     |  16|   0|   16|          0|
    |mult_10_reg_154792                   |  12|   0|   12|          0|
    |mult_11_reg_154802                   |  12|   0|   12|          0|
    |mult_12_reg_154812                   |  12|   0|   12|          0|
    |mult_15_reg_154817                   |  12|   0|   12|          0|
    |mult_16_reg_154862                   |  14|   0|   14|          0|
    |mult_19_reg_154887                   |  13|   0|   13|          0|
    |mult_20_reg_154892                   |  13|   0|   13|          0|
    |mult_25_reg_154912                   |  12|   0|   12|          0|
    |mult_28_reg_154917                   |  12|   0|   12|          0|
    |mult_2_reg_154742                    |  12|   0|   12|          0|
    |mult_30_reg_154932                   |  12|   0|   12|          0|
    |mult_31_reg_154937                   |  12|   0|   12|          0|
    |mult_36_reg_154947                   |  12|   0|   12|          0|
    |mult_37_reg_154952                   |  12|   0|   12|          0|
    |mult_39_reg_154957                   |  12|   0|   12|          0|
    |mult_3_reg_154747                    |  12|   0|   12|          0|
    |mult_42_reg_154962                   |  12|   0|   12|          0|
    |mult_43_reg_154967                   |  12|   0|   12|          0|
    |mult_45_reg_154977                   |  12|   0|   12|          0|
    |mult_46_reg_154987                   |  12|   0|   12|          0|
    |mult_47_reg_154992                   |  12|   0|   12|          0|
    |mult_48_reg_154997                   |  12|   0|   12|          0|
    |mult_4_reg_154752                    |  13|   0|   13|          0|
    |mult_50_reg_155027                   |  14|   0|   14|          0|
    |mult_51_reg_155032                   |  11|   0|   11|          0|
    |mult_54_reg_155042                   |  12|   0|   12|          0|
    |mult_55_reg_155047                   |  10|   0|   10|          0|
    |mult_58_reg_155057                   |  12|   0|   12|          0|
    |mult_59_reg_155062                   |  13|   0|   13|          0|
    |mult_60_reg_155067                   |  13|   0|   13|          0|
    |mult_61_reg_155077                   |  13|   0|   13|          0|
    |mult_62_reg_155092                   |  12|   0|   12|          0|
    |mult_63_reg_155097                   |  12|   0|   12|          0|
    |mult_65_reg_155127                   |  12|   0|   12|          0|
    |mult_66_reg_155132                   |  12|   0|   12|          0|
    |mult_68_reg_155147                   |  12|   0|   12|          0|
    |mult_69_reg_155152                   |  12|   0|   12|          0|
    |mult_6_reg_154762                    |  13|   0|   13|          0|
    |mult_71_reg_155167                   |  12|   0|   12|          0|
    |mult_72_reg_155172                   |  13|   0|   13|          0|
    |mult_73_reg_155187                   |  13|   0|   13|          0|
    |mult_74_reg_155192                   |  12|   0|   12|          0|
    |mult_76_reg_155217                   |  12|   0|   12|          0|
    |mult_79_reg_155227                   |  12|   0|   12|          0|
    |mult_7_reg_154767                    |  12|   0|   12|          0|
    |mult_83_reg_155247                   |   9|   0|    9|          0|
    |mult_85_reg_155252                   |  12|   0|   12|          0|
    |mult_8_reg_154772                    |  13|   0|   13|          0|
    |mult_9_reg_154787                    |  12|   0|   12|          0|
    |mult_reg_154737                      |  13|   0|   13|          0|
    |mult_s_reg_154732                    |   8|   0|    8|          0|
    |p_read1066_reg_154676                |   9|   0|    9|          0|
    |p_read1066_reg_154676_pp0_iter1_reg  |   9|   0|    9|          0|
    |p_read1167_reg_154666                |   9|   0|    9|          0|
    |p_read1268_reg_154658                |   9|   0|    9|          0|
    |p_read1369_reg_154650                |   9|   0|    9|          0|
    |p_read1470_reg_154642                |   9|   0|    9|          0|
    |p_read1571_reg_154633                |   9|   0|    9|          0|
    |p_read161_reg_154723                 |   9|   0|    9|          0|
    |p_read1772_reg_154624                |   9|   0|    9|          0|
    |p_read1873_reg_154615                |   9|   0|    9|          0|
    |p_read2074_reg_154605                |   9|   0|    9|          0|
    |p_read2475_reg_154594                |   9|   0|    9|          0|
    |p_read2475_reg_154594_pp0_iter1_reg  |   9|   0|    9|          0|
    |p_read2576_reg_154585                |   9|   0|    9|          0|
    |p_read262_reg_154715                 |   9|   0|    9|          0|
    |p_read2677_reg_154575                |   9|   0|    9|          0|
    |p_read2778_reg_154567                |   9|   0|    9|          0|
    |p_read2979_reg_154560                |   9|   0|    9|          0|
    |p_read3080_reg_154549                |   9|   0|    9|          0|
    |p_read363_reg_154707                 |   9|   0|    9|          0|
    |p_read464_reg_154697                 |   9|   0|    9|          0|
    |p_read765_reg_154687                 |   9|   0|    9|          0|
    |tmp_100_reg_155177                   |  10|   0|   10|          0|
    |tmp_101_reg_155197                   |  11|   0|   11|          0|
    |tmp_102_reg_155202                   |   8|   0|    8|          0|
    |tmp_103_reg_155207                   |   7|   0|    7|          0|
    |tmp_104_reg_155222                   |   9|   0|    9|          0|
    |tmp_106_reg_155232                   |   7|   0|    7|          0|
    |tmp_108_reg_155242                   |   9|   0|    9|          0|
    |tmp_110_reg_155257                   |  10|   0|   10|          0|
    |tmp_111_reg_155262                   |  11|   0|   11|          0|
    |tmp_112_reg_155267                   |  11|   0|   11|          0|
    |tmp_56_reg_154782                    |  11|   0|   11|          0|
    |tmp_57_reg_154797                    |  11|   0|   11|          0|
    |tmp_59_reg_154807                    |   9|   0|    9|          0|
    |tmp_60_reg_154822                    |   9|   0|    9|          0|
    |tmp_61_reg_154827                    |  12|   0|   12|          0|
    |tmp_62_reg_154832                    |  10|   0|   10|          0|
    |tmp_64_reg_154842                    |   7|   0|    7|          0|
    |tmp_65_reg_154847                    |  10|   0|   10|          0|
    |tmp_66_reg_154852                    |   9|   0|    9|          0|
    |tmp_67_reg_154857                    |  12|   0|   12|          0|
    |tmp_68_reg_154867                    |   8|   0|    8|          0|
    |tmp_69_reg_154872                    |  11|   0|   11|          0|
    |tmp_70_reg_154877                    |  12|   0|   12|          0|
    |tmp_72_reg_154897                    |  10|   0|   10|          0|
    |tmp_73_reg_154902                    |  11|   0|   11|          0|
    |tmp_74_reg_154907                    |  10|   0|   10|          0|
    |tmp_75_reg_154927                    |  10|   0|   10|          0|
    |tmp_76_reg_154942                    |  11|   0|   11|          0|
    |tmp_77_reg_154972                    |  12|   0|   12|          0|
    |tmp_80_reg_154982                    |  10|   0|   10|          0|
    |tmp_81_reg_155007                    |  10|   0|   10|          0|
    |tmp_83_reg_155017                    |   9|   0|    9|          0|
    |tmp_84_reg_155022                    |  10|   0|   10|          0|
    |tmp_85_reg_155052                    |   7|   0|    7|          0|
    |tmp_87_reg_155082                    |  12|   0|   12|          0|
    |tmp_90_reg_155102                    |   8|   0|    8|          0|
    |tmp_91_reg_155107                    |   8|   0|    8|          0|
    |tmp_92_reg_155112                    |  10|   0|   10|          0|
    |tmp_93_reg_155117                    |  10|   0|   10|          0|
    |tmp_94_reg_155122                    |   9|   0|    9|          0|
    |tmp_96_reg_155142                    |  10|   0|   10|          0|
    |tmp_99_reg_155157                    |   8|   0|    8|          0|
    |tmp_reg_154757                       |  12|   0|   12|          0|
    |trunc_ln17_10_reg_155137             |  12|   0|   12|          0|
    |trunc_ln17_11_reg_155162             |  11|   0|   11|          0|
    |trunc_ln17_12_reg_155182             |  11|   0|   11|          0|
    |trunc_ln17_13_reg_155212             |  12|   0|   12|          0|
    |trunc_ln17_14_reg_155237             |  11|   0|   11|          0|
    |trunc_ln17_1_reg_154777              |  11|   0|   11|          0|
    |trunc_ln17_2_reg_154882              |  11|   0|   11|          0|
    |trunc_ln17_3_reg_154922              |  11|   0|   11|          0|
    |trunc_ln17_4_reg_155002              |  11|   0|   11|          0|
    |trunc_ln17_5_reg_155012              |  11|   0|   11|          0|
    |trunc_ln17_6_reg_155037              |  11|   0|   11|          0|
    |trunc_ln17_7_reg_155072              |  12|   0|   12|          0|
    |trunc_ln17_8_reg_155087              |  12|   0|   12|          0|
    |trunc_ln17_s_reg_154837              |  10|   0|   10|          0|
    +-------------------------------------+----+----+-----+-----------+
    |Total                                |2138|   0| 2138|          0|
    +-------------------------------------+----+----+-----+-----------+



================================================================
== Interface
================================================================
* Summary: 
+-------------+-----+-----+------------+-----------------------------------------------------------------------------+--------------+
|  RTL Ports  | Dir | Bits|  Protocol  |                                Source Object                                |    C Type    |
+-------------+-----+-----+------------+-----------------------------------------------------------------------------+--------------+
|ap_clk       |   in|    1|  ap_ctrl_hs|  dense_latency<ap_ufixed<9, 0, 4, 0, 0>, ap_fixed<16, 6, 5, 3, 0>, config20>|  return value|
|ap_rst       |   in|    1|  ap_ctrl_hs|  dense_latency<ap_ufixed<9, 0, 4, 0, 0>, ap_fixed<16, 6, 5, 3, 0>, config20>|  return value|
|ap_start     |   in|    1|  ap_ctrl_hs|  dense_latency<ap_ufixed<9, 0, 4, 0, 0>, ap_fixed<16, 6, 5, 3, 0>, config20>|  return value|
|ap_done      |  out|    1|  ap_ctrl_hs|  dense_latency<ap_ufixed<9, 0, 4, 0, 0>, ap_fixed<16, 6, 5, 3, 0>, config20>|  return value|
|ap_continue  |   in|    1|  ap_ctrl_hs|  dense_latency<ap_ufixed<9, 0, 4, 0, 0>, ap_fixed<16, 6, 5, 3, 0>, config20>|  return value|
|ap_idle      |  out|    1|  ap_ctrl_hs|  dense_latency<ap_ufixed<9, 0, 4, 0, 0>, ap_fixed<16, 6, 5, 3, 0>, config20>|  return value|
|ap_ready     |  out|    1|  ap_ctrl_hs|  dense_latency<ap_ufixed<9, 0, 4, 0, 0>, ap_fixed<16, 6, 5, 3, 0>, config20>|  return value|
|ap_return_0  |  out|   16|  ap_ctrl_hs|  dense_latency<ap_ufixed<9, 0, 4, 0, 0>, ap_fixed<16, 6, 5, 3, 0>, config20>|  return value|
|ap_return_1  |  out|   16|  ap_ctrl_hs|  dense_latency<ap_ufixed<9, 0, 4, 0, 0>, ap_fixed<16, 6, 5, 3, 0>, config20>|  return value|
|ap_return_2  |  out|   16|  ap_ctrl_hs|  dense_latency<ap_ufixed<9, 0, 4, 0, 0>, ap_fixed<16, 6, 5, 3, 0>, config20>|  return value|
|ap_return_3  |  out|   16|  ap_ctrl_hs|  dense_latency<ap_ufixed<9, 0, 4, 0, 0>, ap_fixed<16, 6, 5, 3, 0>, config20>|  return value|
|ap_return_4  |  out|   16|  ap_ctrl_hs|  dense_latency<ap_ufixed<9, 0, 4, 0, 0>, ap_fixed<16, 6, 5, 3, 0>, config20>|  return value|
|ap_return_5  |  out|   16|  ap_ctrl_hs|  dense_latency<ap_ufixed<9, 0, 4, 0, 0>, ap_fixed<16, 6, 5, 3, 0>, config20>|  return value|
|ap_return_6  |  out|   16|  ap_ctrl_hs|  dense_latency<ap_ufixed<9, 0, 4, 0, 0>, ap_fixed<16, 6, 5, 3, 0>, config20>|  return value|
|ap_return_7  |  out|   16|  ap_ctrl_hs|  dense_latency<ap_ufixed<9, 0, 4, 0, 0>, ap_fixed<16, 6, 5, 3, 0>, config20>|  return value|
|p_read1      |   in|    9|     ap_none|                                                                      p_read1|        scalar|
|p_read2      |   in|    9|     ap_none|                                                                      p_read2|        scalar|
|p_read3      |   in|    9|     ap_none|                                                                      p_read3|        scalar|
|p_read4      |   in|    9|     ap_none|                                                                      p_read4|        scalar|
|p_read7      |   in|    9|     ap_none|                                                                      p_read7|        scalar|
|p_read10     |   in|    9|     ap_none|                                                                     p_read10|        scalar|
|p_read11     |   in|    9|     ap_none|                                                                     p_read11|        scalar|
|p_read12     |   in|    9|     ap_none|                                                                     p_read12|        scalar|
|p_read13     |   in|    9|     ap_none|                                                                     p_read13|        scalar|
|p_read14     |   in|    9|     ap_none|                                                                     p_read14|        scalar|
|p_read15     |   in|    9|     ap_none|                                                                     p_read15|        scalar|
|p_read17     |   in|    9|     ap_none|                                                                     p_read17|        scalar|
|p_read18     |   in|    9|     ap_none|                                                                     p_read18|        scalar|
|p_read20     |   in|    9|     ap_none|                                                                     p_read20|        scalar|
|p_read24     |   in|    9|     ap_none|                                                                     p_read24|        scalar|
|p_read25     |   in|    9|     ap_none|                                                                     p_read25|        scalar|
|p_read26     |   in|    9|     ap_none|                                                                     p_read26|        scalar|
|p_read27     |   in|    9|     ap_none|                                                                     p_read27|        scalar|
|p_read29     |   in|    9|     ap_none|                                                                     p_read29|        scalar|
|p_read30     |   in|    9|     ap_none|                                                                     p_read30|        scalar|
+-------------+-----+-----+------------+-----------------------------------------------------------------------------+--------------+

