

================================================================
== Vitis HLS Report for 'relu_ap_fixed_16_6_5_3_0_ap_ufixed_9_0_4_0_0_relu_config13_s'
================================================================
* Date:           Mon Oct 14 11:22:14 2024

* Version:        2023.2 (Build 4023990 on Oct 11 2023)
* Project:        JetTaggerNN_prj
* Solution:       solution1 (Vivado IP Flow Target)
* Product family: virtexuplus
* Target device:  xcvu9p-flga2104-2L-e


================================================================
== Performance Estimates
================================================================
+ Timing: 
    * Summary: 
    +--------+---------+----------+------------+
    |  Clock |  Target | Estimated| Uncertainty|
    +--------+---------+----------+------------+
    |ap_clk  |  2.80 ns|  2.218 ns|     0.35 ns|
    +--------+---------+----------+------------+

+ Latency: 
    * Summary: 
    +---------+---------+----------+----------+-----+-----+---------+
    |  Latency (cycles) |  Latency (absolute) |  Interval | Pipeline|
    |   min   |   max   |    min   |    max   | min | max |   Type  |
    +---------+---------+----------+----------+-----+-----+---------+
    |        1|        1|  2.800 ns|  2.800 ns|    1|    1|      yes|
    +---------+---------+----------+----------+-----+-----+---------+

    + Detail: 
        * Instance: 
        N/A

        * Loop: 
        N/A



================================================================
== Utilization Estimates
================================================================
* Summary: 
+---------------------+---------+------+---------+---------+-----+
|         Name        | BRAM_18K|  DSP |    FF   |   LUT   | URAM|
+---------------------+---------+------+---------+---------+-----+
|DSP                  |        -|     -|        -|        -|    -|
|Expression           |        -|     -|        0|     1754|    -|
|FIFO                 |        -|     -|        -|        -|    -|
|Instance             |        -|     -|        -|        -|    -|
|Memory               |        -|     -|        -|        -|    -|
|Multiplexer          |        -|     -|        -|      261|    -|
|Register             |        -|     -|      437|        -|    -|
+---------------------+---------+------+---------+---------+-----+
|Total                |        0|     0|      437|     2015|    0|
+---------------------+---------+------+---------+---------+-----+
|Available SLR        |     1440|  2280|   788160|   394080|  320|
+---------------------+---------+------+---------+---------+-----+
|Utilization SLR (%)  |        0|     0|       ~0|       ~0|    0|
+---------------------+---------+------+---------+---------+-----+
|Available            |     4320|  6840|  2364480|  1182240|  960|
+---------------------+---------+------+---------+---------+-----+
|Utilization (%)      |        0|     0|       ~0|       ~0|    0|
+---------------------+---------+------+---------+---------+-----+

+ Detail: 
    * Instance: 
    N/A

    * DSP: 
    N/A

    * Memory: 
    N/A

    * FIFO: 
    N/A

    * Expression: 
    +-----------------------------+----------+----+---+----+------------+------------+
    |        Variable Name        | Operation| DSP| FF| LUT| Bitwidth P0| Bitwidth P1|
    +-----------------------------+----------+----+---+----+------------+------------+
    |add_ln46_958_fu_338_p2       |         +|   0|  0|  16|           9|           9|
    |add_ln46_959_fu_468_p2       |         +|   0|  0|  16|           9|           9|
    |add_ln46_960_fu_598_p2       |         +|   0|  0|  16|           9|           9|
    |add_ln46_961_fu_728_p2       |         +|   0|  0|  16|           9|           9|
    |add_ln46_962_fu_858_p2       |         +|   0|  0|  16|           9|           9|
    |add_ln46_963_fu_988_p2       |         +|   0|  0|  16|           9|           9|
    |add_ln46_964_fu_1118_p2      |         +|   0|  0|  16|           9|           9|
    |add_ln46_965_fu_1248_p2      |         +|   0|  0|  16|           9|           9|
    |add_ln46_966_fu_1378_p2      |         +|   0|  0|  16|           9|           9|
    |add_ln46_967_fu_1508_p2      |         +|   0|  0|  16|           9|           9|
    |add_ln46_968_fu_1638_p2      |         +|   0|  0|  16|           9|           9|
    |add_ln46_969_fu_1768_p2      |         +|   0|  0|  16|           9|           9|
    |add_ln46_970_fu_1898_p2      |         +|   0|  0|  16|           9|           9|
    |add_ln46_fu_208_p2           |         +|   0|  0|  16|           9|           9|
    |and_ln46_2880_fu_278_p2      |       and|   0|  0|   2|           1|           1|
    |and_ln46_2881_fu_1987_p2     |       and|   0|  0|   2|           1|           1|
    |and_ln46_2882_fu_328_p2      |       and|   0|  0|   2|           1|           1|
    |and_ln46_2883_fu_408_p2      |       and|   0|  0|   2|           1|           1|
    |and_ln46_2884_fu_2047_p2     |       and|   0|  0|   2|           1|           1|
    |and_ln46_2885_fu_458_p2      |       and|   0|  0|   2|           1|           1|
    |and_ln46_2886_fu_538_p2      |       and|   0|  0|   2|           1|           1|
    |and_ln46_2887_fu_2107_p2     |       and|   0|  0|   2|           1|           1|
    |and_ln46_2888_fu_588_p2      |       and|   0|  0|   2|           1|           1|
    |and_ln46_2889_fu_668_p2      |       and|   0|  0|   2|           1|           1|
    |and_ln46_2890_fu_2167_p2     |       and|   0|  0|   2|           1|           1|
    |and_ln46_2891_fu_718_p2      |       and|   0|  0|   2|           1|           1|
    |and_ln46_2892_fu_798_p2      |       and|   0|  0|   2|           1|           1|
    |and_ln46_2893_fu_2227_p2     |       and|   0|  0|   2|           1|           1|
    |and_ln46_2894_fu_848_p2      |       and|   0|  0|   2|           1|           1|
    |and_ln46_2895_fu_928_p2      |       and|   0|  0|   2|           1|           1|
    |and_ln46_2896_fu_2287_p2     |       and|   0|  0|   2|           1|           1|
    |and_ln46_2897_fu_978_p2      |       and|   0|  0|   2|           1|           1|
    |and_ln46_2898_fu_1058_p2     |       and|   0|  0|   2|           1|           1|
    |and_ln46_2899_fu_2347_p2     |       and|   0|  0|   2|           1|           1|
    |and_ln46_2900_fu_1108_p2     |       and|   0|  0|   2|           1|           1|
    |and_ln46_2901_fu_1188_p2     |       and|   0|  0|   2|           1|           1|
    |and_ln46_2902_fu_2407_p2     |       and|   0|  0|   2|           1|           1|
    |and_ln46_2903_fu_1238_p2     |       and|   0|  0|   2|           1|           1|
    |and_ln46_2904_fu_1318_p2     |       and|   0|  0|   2|           1|           1|
    |and_ln46_2905_fu_2467_p2     |       and|   0|  0|   2|           1|           1|
    |and_ln46_2906_fu_1368_p2     |       and|   0|  0|   2|           1|           1|
    |and_ln46_2907_fu_1448_p2     |       and|   0|  0|   2|           1|           1|
    |and_ln46_2908_fu_2527_p2     |       and|   0|  0|   2|           1|           1|
    |and_ln46_2909_fu_1498_p2     |       and|   0|  0|   2|           1|           1|
    |and_ln46_2910_fu_1578_p2     |       and|   0|  0|   2|           1|           1|
    |and_ln46_2911_fu_2587_p2     |       and|   0|  0|   2|           1|           1|
    |and_ln46_2912_fu_1628_p2     |       and|   0|  0|   2|           1|           1|
    |and_ln46_2913_fu_1708_p2     |       and|   0|  0|   2|           1|           1|
    |and_ln46_2914_fu_2647_p2     |       and|   0|  0|   2|           1|           1|
    |and_ln46_2915_fu_1758_p2     |       and|   0|  0|   2|           1|           1|
    |and_ln46_2916_fu_1838_p2     |       and|   0|  0|   2|           1|           1|
    |and_ln46_2917_fu_2707_p2     |       and|   0|  0|   2|           1|           1|
    |and_ln46_2918_fu_1888_p2     |       and|   0|  0|   2|           1|           1|
    |and_ln46_2919_fu_1968_p2     |       and|   0|  0|   2|           1|           1|
    |and_ln46_2920_fu_2767_p2     |       and|   0|  0|   2|           1|           1|
    |and_ln46_3873_fu_272_p2      |       and|   0|  0|   2|           1|           1|
    |and_ln46_3874_fu_1996_p2     |       and|   0|  0|   2|           1|           1|
    |and_ln46_3875_fu_402_p2      |       and|   0|  0|   2|           1|           1|
    |and_ln46_3876_fu_2056_p2     |       and|   0|  0|   2|           1|           1|
    |and_ln46_3877_fu_532_p2      |       and|   0|  0|   2|           1|           1|
    |and_ln46_3878_fu_2116_p2     |       and|   0|  0|   2|           1|           1|
    |and_ln46_3879_fu_662_p2      |       and|   0|  0|   2|           1|           1|
    |and_ln46_3880_fu_2176_p2     |       and|   0|  0|   2|           1|           1|
    |and_ln46_3881_fu_792_p2      |       and|   0|  0|   2|           1|           1|
    |and_ln46_3882_fu_2236_p2     |       and|   0|  0|   2|           1|           1|
    |and_ln46_3883_fu_922_p2      |       and|   0|  0|   2|           1|           1|
    |and_ln46_3884_fu_2296_p2     |       and|   0|  0|   2|           1|           1|
    |and_ln46_3885_fu_1052_p2     |       and|   0|  0|   2|           1|           1|
    |and_ln46_3886_fu_2356_p2     |       and|   0|  0|   2|           1|           1|
    |and_ln46_3887_fu_1182_p2     |       and|   0|  0|   2|           1|           1|
    |and_ln46_3888_fu_2416_p2     |       and|   0|  0|   2|           1|           1|
    |and_ln46_3889_fu_1312_p2     |       and|   0|  0|   2|           1|           1|
    |and_ln46_3890_fu_2476_p2     |       and|   0|  0|   2|           1|           1|
    |and_ln46_3891_fu_1442_p2     |       and|   0|  0|   2|           1|           1|
    |and_ln46_3892_fu_2536_p2     |       and|   0|  0|   2|           1|           1|
    |and_ln46_3893_fu_1572_p2     |       and|   0|  0|   2|           1|           1|
    |and_ln46_3894_fu_2596_p2     |       and|   0|  0|   2|           1|           1|
    |and_ln46_3895_fu_1702_p2     |       and|   0|  0|   2|           1|           1|
    |and_ln46_3896_fu_2656_p2     |       and|   0|  0|   2|           1|           1|
    |and_ln46_3897_fu_1832_p2     |       and|   0|  0|   2|           1|           1|
    |and_ln46_3898_fu_2716_p2     |       and|   0|  0|   2|           1|           1|
    |and_ln46_3899_fu_1962_p2     |       and|   0|  0|   2|           1|           1|
    |and_ln46_3900_fu_2776_p2     |       and|   0|  0|   2|           1|           1|
    |and_ln46_fu_198_p2           |       and|   0|  0|   2|           1|           1|
    |icmp_ln45_958_fu_288_p2      |      icmp|   0|  0|  23|          16|           1|
    |icmp_ln45_959_fu_418_p2      |      icmp|   0|  0|  23|          16|           1|
    |icmp_ln45_960_fu_548_p2      |      icmp|   0|  0|  23|          16|           1|
    |icmp_ln45_961_fu_678_p2      |      icmp|   0|  0|  23|          16|           1|
    |icmp_ln45_962_fu_808_p2      |      icmp|   0|  0|  23|          16|           1|
    |icmp_ln45_963_fu_938_p2      |      icmp|   0|  0|  23|          16|           1|
    |icmp_ln45_964_fu_1068_p2     |      icmp|   0|  0|  23|          16|           1|
    |icmp_ln45_965_fu_1198_p2     |      icmp|   0|  0|  23|          16|           1|
    |icmp_ln45_966_fu_1328_p2     |      icmp|   0|  0|  23|          16|           1|
    |icmp_ln45_967_fu_1458_p2     |      icmp|   0|  0|  23|          16|           1|
    |icmp_ln45_968_fu_1588_p2     |      icmp|   0|  0|  23|          16|           1|
    |icmp_ln45_969_fu_1718_p2     |      icmp|   0|  0|  23|          16|           1|
    |icmp_ln45_970_fu_1848_p2     |      icmp|   0|  0|  23|          16|           1|
    |icmp_ln45_fu_158_p2          |      icmp|   0|  0|  23|          16|           1|
    |icmp_ln46_1919_fu_230_p2     |      icmp|   0|  0|  13|           6|           1|
    |icmp_ln46_1920_fu_354_p2     |      icmp|   0|  0|  13|           6|           2|
    |icmp_ln46_1921_fu_360_p2     |      icmp|   0|  0|  13|           6|           1|
    |icmp_ln46_1922_fu_484_p2     |      icmp|   0|  0|  13|           6|           2|
    |icmp_ln46_1923_fu_490_p2     |      icmp|   0|  0|  13|           6|           1|
    |icmp_ln46_1924_fu_614_p2     |      icmp|   0|  0|  13|           6|           2|
    |icmp_ln46_1925_fu_620_p2     |      icmp|   0|  0|  13|           6|           1|
    |icmp_ln46_1926_fu_744_p2     |      icmp|   0|  0|  13|           6|           2|
    |icmp_ln46_1927_fu_750_p2     |      icmp|   0|  0|  13|           6|           1|
    |icmp_ln46_1928_fu_874_p2     |      icmp|   0|  0|  13|           6|           2|
    |icmp_ln46_1929_fu_880_p2     |      icmp|   0|  0|  13|           6|           1|
    |icmp_ln46_1930_fu_1004_p2    |      icmp|   0|  0|  13|           6|           2|
    |icmp_ln46_1931_fu_1010_p2    |      icmp|   0|  0|  13|           6|           1|
    |icmp_ln46_1932_fu_1134_p2    |      icmp|   0|  0|  13|           6|           2|
    |icmp_ln46_1933_fu_1140_p2    |      icmp|   0|  0|  13|           6|           1|
    |icmp_ln46_1934_fu_1264_p2    |      icmp|   0|  0|  13|           6|           2|
    |icmp_ln46_1935_fu_1270_p2    |      icmp|   0|  0|  13|           6|           1|
    |icmp_ln46_1936_fu_1394_p2    |      icmp|   0|  0|  13|           6|           2|
    |icmp_ln46_1937_fu_1400_p2    |      icmp|   0|  0|  13|           6|           1|
    |icmp_ln46_1938_fu_1524_p2    |      icmp|   0|  0|  13|           6|           2|
    |icmp_ln46_1939_fu_1530_p2    |      icmp|   0|  0|  13|           6|           1|
    |icmp_ln46_1940_fu_1654_p2    |      icmp|   0|  0|  13|           6|           2|
    |icmp_ln46_1941_fu_1660_p2    |      icmp|   0|  0|  13|           6|           1|
    |icmp_ln46_1942_fu_1784_p2    |      icmp|   0|  0|  13|           6|           2|
    |icmp_ln46_1943_fu_1790_p2    |      icmp|   0|  0|  13|           6|           1|
    |icmp_ln46_1944_fu_1914_p2    |      icmp|   0|  0|  13|           6|           2|
    |icmp_ln46_1945_fu_1920_p2    |      icmp|   0|  0|  13|           6|           1|
    |icmp_ln46_fu_224_p2          |      icmp|   0|  0|  13|           6|           2|
    |ap_block_pp0_stage0_11001    |        or|   0|  0|   2|           1|           1|
    |or_ln46_1919_fu_2001_p2      |        or|   0|  0|   2|           1|           1|
    |or_ln46_1920_fu_396_p2       |        or|   0|  0|   2|           1|           1|
    |or_ln46_1921_fu_2061_p2      |        or|   0|  0|   2|           1|           1|
    |or_ln46_1922_fu_526_p2       |        or|   0|  0|   2|           1|           1|
    |or_ln46_1923_fu_2121_p2      |        or|   0|  0|   2|           1|           1|
    |or_ln46_1924_fu_656_p2       |        or|   0|  0|   2|           1|           1|
    |or_ln46_1925_fu_2181_p2      |        or|   0|  0|   2|           1|           1|
    |or_ln46_1926_fu_786_p2       |        or|   0|  0|   2|           1|           1|
    |or_ln46_1927_fu_2241_p2      |        or|   0|  0|   2|           1|           1|
    |or_ln46_1928_fu_916_p2       |        or|   0|  0|   2|           1|           1|
    |or_ln46_1929_fu_2301_p2      |        or|   0|  0|   2|           1|           1|
    |or_ln46_1930_fu_1046_p2      |        or|   0|  0|   2|           1|           1|
    |or_ln46_1931_fu_2361_p2      |        or|   0|  0|   2|           1|           1|
    |or_ln46_1932_fu_1176_p2      |        or|   0|  0|   2|           1|           1|
    |or_ln46_1933_fu_2421_p2      |        or|   0|  0|   2|           1|           1|
    |or_ln46_1934_fu_1306_p2      |        or|   0|  0|   2|           1|           1|
    |or_ln46_1935_fu_2481_p2      |        or|   0|  0|   2|           1|           1|
    |or_ln46_1936_fu_1436_p2      |        or|   0|  0|   2|           1|           1|
    |or_ln46_1937_fu_2541_p2      |        or|   0|  0|   2|           1|           1|
    |or_ln46_1938_fu_1566_p2      |        or|   0|  0|   2|           1|           1|
    |or_ln46_1939_fu_2601_p2      |        or|   0|  0|   2|           1|           1|
    |or_ln46_1940_fu_1696_p2      |        or|   0|  0|   2|           1|           1|
    |or_ln46_1941_fu_2661_p2      |        or|   0|  0|   2|           1|           1|
    |or_ln46_1942_fu_1826_p2      |        or|   0|  0|   2|           1|           1|
    |or_ln46_1943_fu_2721_p2      |        or|   0|  0|   2|           1|           1|
    |or_ln46_1944_fu_1956_p2      |        or|   0|  0|   2|           1|           1|
    |or_ln46_1945_fu_2781_p2      |        or|   0|  0|   2|           1|           1|
    |or_ln46_fu_266_p2            |        or|   0|  0|   2|           1|           1|
    |select_ln45_958_fu_2087_p3   |    select|   0|  0|   9|           1|           9|
    |select_ln45_959_fu_2147_p3   |    select|   0|  0|   9|           1|           9|
    |select_ln45_960_fu_2207_p3   |    select|   0|  0|   9|           1|           9|
    |select_ln45_961_fu_2267_p3   |    select|   0|  0|   9|           1|           9|
    |select_ln45_962_fu_2327_p3   |    select|   0|  0|   9|           1|           9|
    |select_ln45_963_fu_2387_p3   |    select|   0|  0|   9|           1|           9|
    |select_ln45_964_fu_2447_p3   |    select|   0|  0|   9|           1|           9|
    |select_ln45_965_fu_2507_p3   |    select|   0|  0|   9|           1|           9|
    |select_ln45_966_fu_2567_p3   |    select|   0|  0|   9|           1|           9|
    |select_ln45_967_fu_2627_p3   |    select|   0|  0|   9|           1|           9|
    |select_ln45_968_fu_2687_p3   |    select|   0|  0|   9|           1|           9|
    |select_ln45_969_fu_2747_p3   |    select|   0|  0|   9|           1|           9|
    |select_ln45_970_fu_2807_p3   |    select|   0|  0|   9|           1|           9|
    |select_ln45_fu_2027_p3       |    select|   0|  0|   9|           1|           9|
    |select_ln46_2880_fu_2013_p3  |    select|   0|  0|   9|           1|           9|
    |select_ln46_2881_fu_2020_p3  |    select|   0|  0|   9|           1|           9|
    |select_ln46_2882_fu_380_p3   |    select|   0|  0|   2|           1|           1|
    |select_ln46_2883_fu_2073_p3  |    select|   0|  0|   9|           1|           9|
    |select_ln46_2884_fu_2080_p3  |    select|   0|  0|   9|           1|           9|
    |select_ln46_2885_fu_510_p3   |    select|   0|  0|   2|           1|           1|
    |select_ln46_2886_fu_2133_p3  |    select|   0|  0|   9|           1|           9|
    |select_ln46_2887_fu_2140_p3  |    select|   0|  0|   9|           1|           9|
    |select_ln46_2888_fu_640_p3   |    select|   0|  0|   2|           1|           1|
    |select_ln46_2889_fu_2193_p3  |    select|   0|  0|   9|           1|           9|
    |select_ln46_2890_fu_2200_p3  |    select|   0|  0|   9|           1|           9|
    |select_ln46_2891_fu_770_p3   |    select|   0|  0|   2|           1|           1|
    |select_ln46_2892_fu_2253_p3  |    select|   0|  0|   9|           1|           9|
    |select_ln46_2893_fu_2260_p3  |    select|   0|  0|   9|           1|           9|
    |select_ln46_2894_fu_900_p3   |    select|   0|  0|   2|           1|           1|
    |select_ln46_2895_fu_2313_p3  |    select|   0|  0|   9|           1|           9|
    |select_ln46_2896_fu_2320_p3  |    select|   0|  0|   9|           1|           9|
    |select_ln46_2897_fu_1030_p3  |    select|   0|  0|   2|           1|           1|
    |select_ln46_2898_fu_2373_p3  |    select|   0|  0|   9|           1|           9|
    |select_ln46_2899_fu_2380_p3  |    select|   0|  0|   9|           1|           9|
    |select_ln46_2900_fu_1160_p3  |    select|   0|  0|   2|           1|           1|
    |select_ln46_2901_fu_2433_p3  |    select|   0|  0|   9|           1|           9|
    |select_ln46_2902_fu_2440_p3  |    select|   0|  0|   9|           1|           9|
    |select_ln46_2903_fu_1290_p3  |    select|   0|  0|   2|           1|           1|
    |select_ln46_2904_fu_2493_p3  |    select|   0|  0|   9|           1|           9|
    |select_ln46_2905_fu_2500_p3  |    select|   0|  0|   9|           1|           9|
    |select_ln46_2906_fu_1420_p3  |    select|   0|  0|   2|           1|           1|
    |select_ln46_2907_fu_2553_p3  |    select|   0|  0|   9|           1|           9|
    |select_ln46_2908_fu_2560_p3  |    select|   0|  0|   9|           1|           9|
    |select_ln46_2909_fu_1550_p3  |    select|   0|  0|   2|           1|           1|
    |select_ln46_2910_fu_2613_p3  |    select|   0|  0|   9|           1|           9|
    |select_ln46_2911_fu_2620_p3  |    select|   0|  0|   9|           1|           9|
    |select_ln46_2912_fu_1680_p3  |    select|   0|  0|   2|           1|           1|
    |select_ln46_2913_fu_2673_p3  |    select|   0|  0|   9|           1|           9|
    |select_ln46_2914_fu_2680_p3  |    select|   0|  0|   9|           1|           9|
    |select_ln46_2915_fu_1810_p3  |    select|   0|  0|   2|           1|           1|
    |select_ln46_2916_fu_2733_p3  |    select|   0|  0|   9|           1|           9|
    |select_ln46_2917_fu_2740_p3  |    select|   0|  0|   9|           1|           9|
    |select_ln46_2918_fu_1940_p3  |    select|   0|  0|   2|           1|           1|
    |select_ln46_2919_fu_2793_p3  |    select|   0|  0|   9|           1|           9|
    |select_ln46_2920_fu_2800_p3  |    select|   0|  0|   9|           1|           9|
    |select_ln46_3873_fu_258_p3   |    select|   0|  0|   2|           1|           1|
    |select_ln46_3874_fu_2007_p3  |    select|   0|  0|   9|           1|           9|
    |select_ln46_3875_fu_388_p3   |    select|   0|  0|   2|           1|           1|
    |select_ln46_3876_fu_2067_p3  |    select|   0|  0|   9|           1|           9|
    |select_ln46_3877_fu_518_p3   |    select|   0|  0|   2|           1|           1|
    |select_ln46_3878_fu_2127_p3  |    select|   0|  0|   9|           1|           9|
    |select_ln46_3879_fu_648_p3   |    select|   0|  0|   2|           1|           1|
    |select_ln46_3880_fu_2187_p3  |    select|   0|  0|   9|           1|           9|
    |select_ln46_3881_fu_778_p3   |    select|   0|  0|   2|           1|           1|
    |select_ln46_3882_fu_2247_p3  |    select|   0|  0|   9|           1|           9|
    |select_ln46_3883_fu_908_p3   |    select|   0|  0|   2|           1|           1|
    |select_ln46_3884_fu_2307_p3  |    select|   0|  0|   9|           1|           9|
    |select_ln46_3885_fu_1038_p3  |    select|   0|  0|   2|           1|           1|
    |select_ln46_3886_fu_2367_p3  |    select|   0|  0|   9|           1|           9|
    |select_ln46_3887_fu_1168_p3  |    select|   0|  0|   2|           1|           1|
    |select_ln46_3888_fu_2427_p3  |    select|   0|  0|   9|           1|           9|
    |select_ln46_3889_fu_1298_p3  |    select|   0|  0|   2|           1|           1|
    |select_ln46_3890_fu_2487_p3  |    select|   0|  0|   9|           1|           9|
    |select_ln46_3891_fu_1428_p3  |    select|   0|  0|   2|           1|           1|
    |select_ln46_3892_fu_2547_p3  |    select|   0|  0|   9|           1|           9|
    |select_ln46_3893_fu_1558_p3  |    select|   0|  0|   2|           1|           1|
    |select_ln46_3894_fu_2607_p3  |    select|   0|  0|   9|           1|           9|
    |select_ln46_3895_fu_1688_p3  |    select|   0|  0|   2|           1|           1|
    |select_ln46_3896_fu_2667_p3  |    select|   0|  0|   9|           1|           9|
    |select_ln46_3897_fu_1818_p3  |    select|   0|  0|   2|           1|           1|
    |select_ln46_3898_fu_2727_p3  |    select|   0|  0|   9|           1|           9|
    |select_ln46_3899_fu_1948_p3  |    select|   0|  0|   2|           1|           1|
    |select_ln46_3900_fu_2787_p3  |    select|   0|  0|   9|           1|           9|
    |select_ln46_fu_250_p3        |    select|   0|  0|   2|           1|           1|
    |ap_enable_pp0                |       xor|   0|  0|   2|           1|           2|
    |xor_ln46_1919_fu_1982_p2     |       xor|   0|  0|   2|           2|           1|
    |xor_ln46_1920_fu_2037_p2     |       xor|   0|  0|   2|           1|           2|
    |xor_ln46_1921_fu_2042_p2     |       xor|   0|  0|   2|           2|           1|
    |xor_ln46_1922_fu_2097_p2     |       xor|   0|  0|   2|           1|           2|
    |xor_ln46_1923_fu_2102_p2     |       xor|   0|  0|   2|           2|           1|
    |xor_ln46_1924_fu_2157_p2     |       xor|   0|  0|   2|           1|           2|
    |xor_ln46_1925_fu_2162_p2     |       xor|   0|  0|   2|           2|           1|
    |xor_ln46_1926_fu_2217_p2     |       xor|   0|  0|   2|           1|           2|
    |xor_ln46_1927_fu_2222_p2     |       xor|   0|  0|   2|           2|           1|
    |xor_ln46_1928_fu_2277_p2     |       xor|   0|  0|   2|           1|           2|
    |xor_ln46_1929_fu_2282_p2     |       xor|   0|  0|   2|           2|           1|
    |xor_ln46_1930_fu_2337_p2     |       xor|   0|  0|   2|           1|           2|
    |xor_ln46_1931_fu_2342_p2     |       xor|   0|  0|   2|           2|           1|
    |xor_ln46_1932_fu_2397_p2     |       xor|   0|  0|   2|           1|           2|
    |xor_ln46_1933_fu_2402_p2     |       xor|   0|  0|   2|           2|           1|
    |xor_ln46_1934_fu_2457_p2     |       xor|   0|  0|   2|           1|           2|
    |xor_ln46_1935_fu_2462_p2     |       xor|   0|  0|   2|           2|           1|
    |xor_ln46_1936_fu_2517_p2     |       xor|   0|  0|   2|           1|           2|
    |xor_ln46_1937_fu_2522_p2     |       xor|   0|  0|   2|           2|           1|
    |xor_ln46_1938_fu_2577_p2     |       xor|   0|  0|   2|           1|           2|
    |xor_ln46_1939_fu_2582_p2     |       xor|   0|  0|   2|           2|           1|
    |xor_ln46_1940_fu_2637_p2     |       xor|   0|  0|   2|           1|           2|
    |xor_ln46_1941_fu_2642_p2     |       xor|   0|  0|   2|           2|           1|
    |xor_ln46_1942_fu_2697_p2     |       xor|   0|  0|   2|           1|           2|
    |xor_ln46_1943_fu_2702_p2     |       xor|   0|  0|   2|           2|           1|
    |xor_ln46_1944_fu_2757_p2     |       xor|   0|  0|   2|           1|           2|
    |xor_ln46_1945_fu_2762_p2     |       xor|   0|  0|   2|           2|           1|
    |xor_ln46_2400_fu_244_p2      |       xor|   0|  0|   2|           1|           2|
    |xor_ln46_2401_fu_374_p2      |       xor|   0|  0|   2|           1|           2|
    |xor_ln46_2402_fu_504_p2      |       xor|   0|  0|   2|           1|           2|
    |xor_ln46_2403_fu_634_p2      |       xor|   0|  0|   2|           1|           2|
    |xor_ln46_2404_fu_764_p2      |       xor|   0|  0|   2|           1|           2|
    |xor_ln46_2405_fu_894_p2      |       xor|   0|  0|   2|           1|           2|
    |xor_ln46_2406_fu_1024_p2     |       xor|   0|  0|   2|           1|           2|
    |xor_ln46_2407_fu_1154_p2     |       xor|   0|  0|   2|           1|           2|
    |xor_ln46_2408_fu_1284_p2     |       xor|   0|  0|   2|           1|           2|
    |xor_ln46_2409_fu_1414_p2     |       xor|   0|  0|   2|           1|           2|
    |xor_ln46_2410_fu_1544_p2     |       xor|   0|  0|   2|           1|           2|
    |xor_ln46_2411_fu_1674_p2     |       xor|   0|  0|   2|           1|           2|
    |xor_ln46_2412_fu_1804_p2     |       xor|   0|  0|   2|           1|           2|
    |xor_ln46_2413_fu_1934_p2     |       xor|   0|  0|   2|           1|           2|
    |xor_ln46_fu_1977_p2          |       xor|   0|  0|   2|           1|           2|
    +-----------------------------+----------+----+---+----+------------+------------+
    |Total                        |          |   0|  0|1754|         758|         885|
    +-----------------------------+----------+----+---+----+------------+------------+

    * Multiplexer: 
    +--------------+----+-----------+-----+-----------+
    |     Name     | LUT| Input Size| Bits| Total Bits|
    +--------------+----+-----------+-----+-----------+
    |ap_done       |   9|          2|    1|          2|
    |ap_return_0   |   9|          2|    9|         18|
    |ap_return_1   |   9|          2|    9|         18|
    |ap_return_10  |   9|          2|    9|         18|
    |ap_return_11  |   9|          2|    9|         18|
    |ap_return_12  |   9|          2|    9|         18|
    |ap_return_13  |   9|          2|    9|         18|
    |ap_return_14  |   9|          2|    9|         18|
    |ap_return_15  |   9|          2|    9|         18|
    |ap_return_16  |   9|          2|    9|         18|
    |ap_return_17  |   9|          2|    9|         18|
    |ap_return_18  |   9|          2|    9|         18|
    |ap_return_19  |   9|          2|    9|         18|
    |ap_return_2   |   9|          2|    9|         18|
    |ap_return_20  |   9|          2|    9|         18|
    |ap_return_21  |   9|          2|    9|         18|
    |ap_return_22  |   9|          2|    9|         18|
    |ap_return_23  |   9|          2|    9|         18|
    |ap_return_24  |   9|          2|    9|         18|
    |ap_return_25  |   9|          2|    9|         18|
    |ap_return_26  |   9|          2|    9|         18|
    |ap_return_27  |   9|          2|    9|         18|
    |ap_return_3   |   9|          2|    9|         18|
    |ap_return_4   |   9|          2|    9|         18|
    |ap_return_5   |   9|          2|    9|         18|
    |ap_return_6   |   9|          2|    9|         18|
    |ap_return_7   |   9|          2|    9|         18|
    |ap_return_8   |   9|          2|    9|         18|
    |ap_return_9   |   9|          2|    9|         18|
    +--------------+----+-----------+-----+-----------+
    |Total         | 261|         58|  253|        506|
    +--------------+----+-----------+-----+-----------+

    * Register: 
    +-------------------------+---+----+-----+-----------+
    |           Name          | FF| LUT| Bits| Const Bits|
    +-------------------------+---+----+-----+-----------+
    |add_ln46_958_reg_3023    |  9|   0|    9|          0|
    |add_ln46_959_reg_3053    |  9|   0|    9|          0|
    |add_ln46_960_reg_3083    |  9|   0|    9|          0|
    |add_ln46_961_reg_3113    |  9|   0|    9|          0|
    |add_ln46_962_reg_3143    |  9|   0|    9|          0|
    |add_ln46_963_reg_3173    |  9|   0|    9|          0|
    |add_ln46_964_reg_3203    |  9|   0|    9|          0|
    |add_ln46_965_reg_3233    |  9|   0|    9|          0|
    |add_ln46_966_reg_3263    |  9|   0|    9|          0|
    |add_ln46_967_reg_3293    |  9|   0|    9|          0|
    |add_ln46_968_reg_3323    |  9|   0|    9|          0|
    |add_ln46_969_reg_3353    |  9|   0|    9|          0|
    |add_ln46_970_reg_3383    |  9|   0|    9|          0|
    |add_ln46_reg_2993        |  9|   0|    9|          0|
    |and_ln46_2880_reg_3006   |  1|   0|    1|          0|
    |and_ln46_2883_reg_3036   |  1|   0|    1|          0|
    |and_ln46_2886_reg_3066   |  1|   0|    1|          0|
    |and_ln46_2889_reg_3096   |  1|   0|    1|          0|
    |and_ln46_2892_reg_3126   |  1|   0|    1|          0|
    |and_ln46_2895_reg_3156   |  1|   0|    1|          0|
    |and_ln46_2898_reg_3186   |  1|   0|    1|          0|
    |and_ln46_2901_reg_3216   |  1|   0|    1|          0|
    |and_ln46_2904_reg_3246   |  1|   0|    1|          0|
    |and_ln46_2907_reg_3276   |  1|   0|    1|          0|
    |and_ln46_2910_reg_3306   |  1|   0|    1|          0|
    |and_ln46_2913_reg_3336   |  1|   0|    1|          0|
    |and_ln46_2916_reg_3366   |  1|   0|    1|          0|
    |and_ln46_2919_reg_3396   |  1|   0|    1|          0|
    |ap_CS_fsm                |  1|   0|    1|          0|
    |ap_done_reg              |  1|   0|    1|          0|
    |ap_enable_reg_pp0_iter1  |  1|   0|    1|          0|
    |ap_return_0_preg         |  9|   0|    9|          0|
    |ap_return_10_preg        |  9|   0|    9|          0|
    |ap_return_11_preg        |  9|   0|    9|          0|
    |ap_return_12_preg        |  9|   0|    9|          0|
    |ap_return_13_preg        |  9|   0|    9|          0|
    |ap_return_14_preg        |  9|   0|    9|          0|
    |ap_return_15_preg        |  9|   0|    9|          0|
    |ap_return_16_preg        |  9|   0|    9|          0|
    |ap_return_17_preg        |  9|   0|    9|          0|
    |ap_return_18_preg        |  9|   0|    9|          0|
    |ap_return_19_preg        |  9|   0|    9|          0|
    |ap_return_1_preg         |  9|   0|    9|          0|
    |ap_return_20_preg        |  9|   0|    9|          0|
    |ap_return_21_preg        |  9|   0|    9|          0|
    |ap_return_22_preg        |  9|   0|    9|          0|
    |ap_return_23_preg        |  9|   0|    9|          0|
    |ap_return_24_preg        |  9|   0|    9|          0|
    |ap_return_25_preg        |  9|   0|    9|          0|
    |ap_return_26_preg        |  9|   0|    9|          0|
    |ap_return_27_preg        |  9|   0|    9|          0|
    |ap_return_2_preg         |  9|   0|    9|          0|
    |ap_return_3_preg         |  9|   0|    9|          0|
    |ap_return_4_preg         |  9|   0|    9|          0|
    |ap_return_5_preg         |  9|   0|    9|          0|
    |ap_return_6_preg         |  9|   0|    9|          0|
    |ap_return_7_preg         |  9|   0|    9|          0|
    |ap_return_8_preg         |  9|   0|    9|          0|
    |ap_return_9_preg         |  9|   0|    9|          0|
    |icmp_ln45_958_reg_3012   |  1|   0|    1|          0|
    |icmp_ln45_959_reg_3042   |  1|   0|    1|          0|
    |icmp_ln45_960_reg_3072   |  1|   0|    1|          0|
    |icmp_ln45_961_reg_3102   |  1|   0|    1|          0|
    |icmp_ln45_962_reg_3132   |  1|   0|    1|          0|
    |icmp_ln45_963_reg_3162   |  1|   0|    1|          0|
    |icmp_ln45_964_reg_3192   |  1|   0|    1|          0|
    |icmp_ln45_965_reg_3222   |  1|   0|    1|          0|
    |icmp_ln45_966_reg_3252   |  1|   0|    1|          0|
    |icmp_ln45_967_reg_3282   |  1|   0|    1|          0|
    |icmp_ln45_968_reg_3312   |  1|   0|    1|          0|
    |icmp_ln45_969_reg_3342   |  1|   0|    1|          0|
    |icmp_ln45_970_reg_3372   |  1|   0|    1|          0|
    |icmp_ln45_reg_2982       |  1|   0|    1|          0|
    |or_ln46_1920_reg_3030    |  1|   0|    1|          0|
    |or_ln46_1922_reg_3060    |  1|   0|    1|          0|
    |or_ln46_1924_reg_3090    |  1|   0|    1|          0|
    |or_ln46_1926_reg_3120    |  1|   0|    1|          0|
    |or_ln46_1928_reg_3150    |  1|   0|    1|          0|
    |or_ln46_1930_reg_3180    |  1|   0|    1|          0|
    |or_ln46_1932_reg_3210    |  1|   0|    1|          0|
    |or_ln46_1934_reg_3240    |  1|   0|    1|          0|
    |or_ln46_1936_reg_3270    |  1|   0|    1|          0|
    |or_ln46_1938_reg_3300    |  1|   0|    1|          0|
    |or_ln46_1940_reg_3330    |  1|   0|    1|          0|
    |or_ln46_1942_reg_3360    |  1|   0|    1|          0|
    |or_ln46_1944_reg_3390    |  1|   0|    1|          0|
    |or_ln46_reg_3000         |  1|   0|    1|          0|
    |tmp_4792_reg_3017        |  1|   0|    1|          0|
    |tmp_4796_reg_3047        |  1|   0|    1|          0|
    |tmp_4800_reg_3077        |  1|   0|    1|          0|
    |tmp_4805_reg_3107        |  1|   0|    1|          0|
    |tmp_4810_reg_3137        |  1|   0|    1|          0|
    |tmp_4815_reg_3167        |  1|   0|    1|          0|
    |tmp_4820_reg_3197        |  1|   0|    1|          0|
    |tmp_4825_reg_3227        |  1|   0|    1|          0|
    |tmp_4830_reg_3257        |  1|   0|    1|          0|
    |tmp_4835_reg_3287        |  1|   0|    1|          0|
    |tmp_4840_reg_3317        |  1|   0|    1|          0|
    |tmp_4845_reg_3347        |  1|   0|    1|          0|
    |tmp_4850_reg_3377        |  1|   0|    1|          0|
    |tmp_reg_2987             |  1|   0|    1|          0|
    +-------------------------+---+----+-----+-----------+
    |Total                    |437|   0|  437|          0|
    +-------------------------+---+----+-----+-----------+



================================================================
== Interface
================================================================
* Summary: 
+--------------+-----+-----+------------+-------------------------------------------------------------------------+--------------+
|   RTL Ports  | Dir | Bits|  Protocol  |                              Source Object                              |    C Type    |
+--------------+-----+-----+------------+-------------------------------------------------------------------------+--------------+
|ap_clk        |   in|    1|  ap_ctrl_hs|  relu<ap_fixed<16, 6, 5, 3, 0>, ap_ufixed<9, 0, 4, 0, 0>, relu_config13>|  return value|
|ap_rst        |   in|    1|  ap_ctrl_hs|  relu<ap_fixed<16, 6, 5, 3, 0>, ap_ufixed<9, 0, 4, 0, 0>, relu_config13>|  return value|
|ap_start      |   in|    1|  ap_ctrl_hs|  relu<ap_fixed<16, 6, 5, 3, 0>, ap_ufixed<9, 0, 4, 0, 0>, relu_config13>|  return value|
|ap_done       |  out|    1|  ap_ctrl_hs|  relu<ap_fixed<16, 6, 5, 3, 0>, ap_ufixed<9, 0, 4, 0, 0>, relu_config13>|  return value|
|ap_continue   |   in|    1|  ap_ctrl_hs|  relu<ap_fixed<16, 6, 5, 3, 0>, ap_ufixed<9, 0, 4, 0, 0>, relu_config13>|  return value|
|ap_idle       |  out|    1|  ap_ctrl_hs|  relu<ap_fixed<16, 6, 5, 3, 0>, ap_ufixed<9, 0, 4, 0, 0>, relu_config13>|  return value|
|ap_ready      |  out|    1|  ap_ctrl_hs|  relu<ap_fixed<16, 6, 5, 3, 0>, ap_ufixed<9, 0, 4, 0, 0>, relu_config13>|  return value|
|ap_return_0   |  out|    9|  ap_ctrl_hs|  relu<ap_fixed<16, 6, 5, 3, 0>, ap_ufixed<9, 0, 4, 0, 0>, relu_config13>|  return value|
|ap_return_1   |  out|    9|  ap_ctrl_hs|  relu<ap_fixed<16, 6, 5, 3, 0>, ap_ufixed<9, 0, 4, 0, 0>, relu_config13>|  return value|
|ap_return_2   |  out|    9|  ap_ctrl_hs|  relu<ap_fixed<16, 6, 5, 3, 0>, ap_ufixed<9, 0, 4, 0, 0>, relu_config13>|  return value|
|ap_return_3   |  out|    9|  ap_ctrl_hs|  relu<ap_fixed<16, 6, 5, 3, 0>, ap_ufixed<9, 0, 4, 0, 0>, relu_config13>|  return value|
|ap_return_4   |  out|    9|  ap_ctrl_hs|  relu<ap_fixed<16, 6, 5, 3, 0>, ap_ufixed<9, 0, 4, 0, 0>, relu_config13>|  return value|
|ap_return_5   |  out|    9|  ap_ctrl_hs|  relu<ap_fixed<16, 6, 5, 3, 0>, ap_ufixed<9, 0, 4, 0, 0>, relu_config13>|  return value|
|ap_return_6   |  out|    9|  ap_ctrl_hs|  relu<ap_fixed<16, 6, 5, 3, 0>, ap_ufixed<9, 0, 4, 0, 0>, relu_config13>|  return value|
|ap_return_7   |  out|    9|  ap_ctrl_hs|  relu<ap_fixed<16, 6, 5, 3, 0>, ap_ufixed<9, 0, 4, 0, 0>, relu_config13>|  return value|
|ap_return_8   |  out|    9|  ap_ctrl_hs|  relu<ap_fixed<16, 6, 5, 3, 0>, ap_ufixed<9, 0, 4, 0, 0>, relu_config13>|  return value|
|ap_return_9   |  out|    9|  ap_ctrl_hs|  relu<ap_fixed<16, 6, 5, 3, 0>, ap_ufixed<9, 0, 4, 0, 0>, relu_config13>|  return value|
|ap_return_10  |  out|    9|  ap_ctrl_hs|  relu<ap_fixed<16, 6, 5, 3, 0>, ap_ufixed<9, 0, 4, 0, 0>, relu_config13>|  return value|
|ap_return_11  |  out|    9|  ap_ctrl_hs|  relu<ap_fixed<16, 6, 5, 3, 0>, ap_ufixed<9, 0, 4, 0, 0>, relu_config13>|  return value|
|ap_return_12  |  out|    9|  ap_ctrl_hs|  relu<ap_fixed<16, 6, 5, 3, 0>, ap_ufixed<9, 0, 4, 0, 0>, relu_config13>|  return value|
|ap_return_13  |  out|    9|  ap_ctrl_hs|  relu<ap_fixed<16, 6, 5, 3, 0>, ap_ufixed<9, 0, 4, 0, 0>, relu_config13>|  return value|
|ap_return_14  |  out|    9|  ap_ctrl_hs|  relu<ap_fixed<16, 6, 5, 3, 0>, ap_ufixed<9, 0, 4, 0, 0>, relu_config13>|  return value|
|ap_return_15  |  out|    9|  ap_ctrl_hs|  relu<ap_fixed<16, 6, 5, 3, 0>, ap_ufixed<9, 0, 4, 0, 0>, relu_config13>|  return value|
|ap_return_16  |  out|    9|  ap_ctrl_hs|  relu<ap_fixed<16, 6, 5, 3, 0>, ap_ufixed<9, 0, 4, 0, 0>, relu_config13>|  return value|
|ap_return_17  |  out|    9|  ap_ctrl_hs|  relu<ap_fixed<16, 6, 5, 3, 0>, ap_ufixed<9, 0, 4, 0, 0>, relu_config13>|  return value|
|ap_return_18  |  out|    9|  ap_ctrl_hs|  relu<ap_fixed<16, 6, 5, 3, 0>, ap_ufixed<9, 0, 4, 0, 0>, relu_config13>|  return value|
|ap_return_19  |  out|    9|  ap_ctrl_hs|  relu<ap_fixed<16, 6, 5, 3, 0>, ap_ufixed<9, 0, 4, 0, 0>, relu_config13>|  return value|
|ap_return_20  |  out|    9|  ap_ctrl_hs|  relu<ap_fixed<16, 6, 5, 3, 0>, ap_ufixed<9, 0, 4, 0, 0>, relu_config13>|  return value|
|ap_return_21  |  out|    9|  ap_ctrl_hs|  relu<ap_fixed<16, 6, 5, 3, 0>, ap_ufixed<9, 0, 4, 0, 0>, relu_config13>|  return value|
|ap_return_22  |  out|    9|  ap_ctrl_hs|  relu<ap_fixed<16, 6, 5, 3, 0>, ap_ufixed<9, 0, 4, 0, 0>, relu_config13>|  return value|
|ap_return_23  |  out|    9|  ap_ctrl_hs|  relu<ap_fixed<16, 6, 5, 3, 0>, ap_ufixed<9, 0, 4, 0, 0>, relu_config13>|  return value|
|ap_return_24  |  out|    9|  ap_ctrl_hs|  relu<ap_fixed<16, 6, 5, 3, 0>, ap_ufixed<9, 0, 4, 0, 0>, relu_config13>|  return value|
|ap_return_25  |  out|    9|  ap_ctrl_hs|  relu<ap_fixed<16, 6, 5, 3, 0>, ap_ufixed<9, 0, 4, 0, 0>, relu_config13>|  return value|
|ap_return_26  |  out|    9|  ap_ctrl_hs|  relu<ap_fixed<16, 6, 5, 3, 0>, ap_ufixed<9, 0, 4, 0, 0>, relu_config13>|  return value|
|ap_return_27  |  out|    9|  ap_ctrl_hs|  relu<ap_fixed<16, 6, 5, 3, 0>, ap_ufixed<9, 0, 4, 0, 0>, relu_config13>|  return value|
|p_read        |   in|   16|     ap_none|                                                                   p_read|        scalar|
|p_read1       |   in|   16|     ap_none|                                                                  p_read1|        scalar|
|p_read2       |   in|   16|     ap_none|                                                                  p_read2|        scalar|
|p_read3       |   in|   16|     ap_none|                                                                  p_read3|        scalar|
|p_read4       |   in|   16|     ap_none|                                                                  p_read4|        scalar|
|p_read5       |   in|   16|     ap_none|                                                                  p_read5|        scalar|
|p_read6       |   in|   16|     ap_none|                                                                  p_read6|        scalar|
|p_read7       |   in|   16|     ap_none|                                                                  p_read7|        scalar|
|p_read8       |   in|   16|     ap_none|                                                                  p_read8|        scalar|
|p_read9       |   in|   16|     ap_none|                                                                  p_read9|        scalar|
|p_read10      |   in|   16|     ap_none|                                                                 p_read10|        scalar|
|p_read11      |   in|   16|     ap_none|                                                                 p_read11|        scalar|
|p_read12      |   in|   16|     ap_none|                                                                 p_read12|        scalar|
|p_read13      |   in|   16|     ap_none|                                                                 p_read13|        scalar|
+--------------+-----+-----+------------+-------------------------------------------------------------------------+--------------+

