

================================================================
== Vitis HLS Report for 'softmax_stable_ap_fixed_ap_fixed_16_6_5_3_0_softmax_config24_s'
================================================================
* Date:           Mon Oct 14 11:22:25 2024

* Version:        2023.2 (Build 4023990 on Oct 11 2023)
* Project:        JetTaggerNN_prj
* Solution:       solution1 (Vivado IP Flow Target)
* Product family: virtexuplus
* Target device:  xcvu9p-flga2104-2L-e


================================================================
== Performance Estimates
================================================================
+ Timing: 
    * Summary: 
    +--------+---------+----------+------------+
    |  Clock |  Target | Estimated| Uncertainty|
    +--------+---------+----------+------------+
    |ap_clk  |  2.80 ns|  2.300 ns|     0.35 ns|
    +--------+---------+----------+------------+

+ Latency: 
    * Summary: 
    +---------+---------+-----------+-----------+-----+-----+---------+
    |  Latency (cycles) |   Latency (absolute)  |  Interval | Pipeline|
    |   min   |   max   |    min    |    max    | min | max |   Type  |
    +---------+---------+-----------+-----------+-----+-----+---------+
    |        7|        7|  19.600 ns|  19.600 ns|    1|    1|      yes|
    +---------+---------+-----------+-----------+-----+-----+---------+

    + Detail: 
        * Instance: 
        N/A

        * Loop: 
        N/A



================================================================
== Utilization Estimates
================================================================
* Summary: 
+---------------------+---------+------+---------+---------+-----+
|         Name        | BRAM_18K|  DSP |    FF   |   LUT   | URAM|
+---------------------+---------+------+---------+---------+-----+
|DSP                  |        -|     -|        -|        -|    -|
|Expression           |        -|     -|        0|     1189|    -|
|FIFO                 |        -|     -|        -|        -|    -|
|Instance             |        -|     8|        0|       40|    -|
|Memory               |       10|     -|        0|        0|    -|
|Multiplexer          |        -|     -|        -|       81|    -|
|Register             |        -|     -|     1187|      256|    -|
+---------------------+---------+------+---------+---------+-----+
|Total                |       10|     8|     1187|     1566|    0|
+---------------------+---------+------+---------+---------+-----+
|Available SLR        |     1440|  2280|   788160|   394080|  320|
+---------------------+---------+------+---------+---------+-----+
|Utilization SLR (%)  |       ~0|    ~0|       ~0|       ~0|    0|
+---------------------+---------+------+---------+---------+-----+
|Available            |     4320|  6840|  2364480|  1182240|  960|
+---------------------+---------+------+---------+---------+-----+
|Utilization (%)      |       ~0|    ~0|       ~0|       ~0|    0|
+---------------------+---------+------+---------+---------+-----+

+ Detail: 
    * Instance: 
    +---------------------------+---------------------+---------+----+---+----+-----+
    |          Instance         |        Module       | BRAM_18K| DSP| FF| LUT| URAM|
    +---------------------------+---------------------+---------+----+---+----+-----+
    |mul_18s_17ns_26_1_1_U5823  |mul_18s_17ns_26_1_1  |        0|   1|  0|   5|    0|
    |mul_18s_17ns_26_1_1_U5824  |mul_18s_17ns_26_1_1  |        0|   1|  0|   5|    0|
    |mul_18s_17ns_26_1_1_U5825  |mul_18s_17ns_26_1_1  |        0|   1|  0|   5|    0|
    |mul_18s_17ns_26_1_1_U5826  |mul_18s_17ns_26_1_1  |        0|   1|  0|   5|    0|
    |mul_18s_17ns_26_1_1_U5827  |mul_18s_17ns_26_1_1  |        0|   1|  0|   5|    0|
    |mul_18s_17ns_26_1_1_U5828  |mul_18s_17ns_26_1_1  |        0|   1|  0|   5|    0|
    |mul_18s_17ns_26_1_1_U5829  |mul_18s_17ns_26_1_1  |        0|   1|  0|   5|    0|
    |mul_18s_17ns_26_1_1_U5830  |mul_18s_17ns_26_1_1  |        0|   1|  0|   5|    0|
    +---------------------------+---------------------+---------+----+---+----+-----+
    |Total                      |                     |        0|   8|  0|  40|    0|
    +---------------------------+---------------------+---------+----+---+----+-----+

    * DSP: 
    N/A

    * Memory: 
    +----------------+----------------------------------------------------------------------------------+---------+---+----+-----+------+-----+------+-------------+
    |     Memory     |                                      Module                                      | BRAM_18K| FF| LUT| URAM| Words| Bits| Banks| W*Bits*Banks|
    +----------------+----------------------------------------------------------------------------------+---------+---+----+-----+------+-----+------+-------------+
    |exp_table_U     |softmax_stable_ap_fixed_ap_fixed_16_6_5_3_0_softmax_config24_s_exp_table_ROM_bkb  |        8|  0|   0|    0|  1024|   17|     1|        17408|
    |invert_table_U  |softmax_stable_ap_fixed_ap_fixed_16_6_5_3_0_softmax_config24_s_invert_table_Rcud  |        2|  0|   0|    0|  1024|   18|     1|        18432|
    +----------------+----------------------------------------------------------------------------------+---------+---+----+-----+------+-----+------+-------------+
    |Total           |                                                                                  |       10|  0|   0|    0|  2048|   35|     2|        35840|
    +----------------+----------------------------------------------------------------------------------+---------+---+----+-----+------+-----+------+-------------+

    * FIFO: 
    N/A

    * Expression: 
    +----------------------------+----------+----+---+----+------------+------------+
    |        Variable Name       | Operation| DSP| FF| LUT| Bitwidth P0| Bitwidth P1|
    +----------------------------+----------+----+---+----+------------+------------+
    |add_ln50_1_fu_1347_p2       |         +|   0|  0|  25|          18|          18|
    |add_ln50_2_fu_1033_p2       |         +|   0|  0|  25|          18|          18|
    |add_ln50_3_fu_1063_p2       |         +|   0|  0|  25|          18|          18|
    |add_ln50_4_fu_1155_p2       |         +|   0|  0|  26|          19|          19|
    |add_ln50_5_fu_1093_p2       |         +|   0|  0|  25|          18|          18|
    |add_ln50_6_fu_1123_p2       |         +|   0|  0|  25|          18|          18|
    |add_ln50_7_fu_1253_p2       |         +|   0|  0|  26|          19|          19|
    |add_ln50_8_fu_1151_p2       |         +|   0|  0|  25|          18|          18|
    |add_ln50_9_fu_1249_p2       |         +|   0|  0|  25|          18|          18|
    |add_ln50_fu_1351_p2         |         +|   0|  0|  26|          19|          19|
    |sub_ln245_1_fu_479_p2       |         -|   0|  0|  24|          17|          17|
    |sub_ln245_2_fu_522_p2       |         -|   0|  0|  24|          17|          17|
    |sub_ln245_3_fu_565_p2       |         -|   0|  0|  24|          17|          17|
    |sub_ln245_4_fu_608_p2       |         -|   0|  0|  24|          17|          17|
    |sub_ln245_5_fu_651_p2       |         -|   0|  0|  24|          17|          17|
    |sub_ln245_6_fu_694_p2       |         -|   0|  0|  24|          17|          17|
    |sub_ln245_7_fu_737_p2       |         -|   0|  0|  24|          17|          17|
    |sub_ln245_fu_436_p2         |         -|   0|  0|  24|          17|          17|
    |and_ln245_1_fu_507_p2       |       and|   0|  0|   2|           1|           1|
    |and_ln245_2_fu_550_p2       |       and|   0|  0|   2|           1|           1|
    |and_ln245_3_fu_593_p2       |       and|   0|  0|   2|           1|           1|
    |and_ln245_4_fu_636_p2       |       and|   0|  0|   2|           1|           1|
    |and_ln245_5_fu_679_p2       |       and|   0|  0|   2|           1|           1|
    |and_ln245_6_fu_722_p2       |       and|   0|  0|   2|           1|           1|
    |and_ln245_7_fu_765_p2       |       and|   0|  0|   2|           1|           1|
    |and_ln245_fu_464_p2         |       and|   0|  0|   2|           1|           1|
    |and_ln50_1_fu_1183_p2       |       and|   0|  0|   2|           1|           1|
    |and_ln50_2_fu_1195_p2       |       and|   0|  0|   2|           1|           1|
    |and_ln50_3_fu_1281_p2       |       and|   0|  0|   2|           1|           1|
    |and_ln50_4_fu_1293_p2       |       and|   0|  0|   2|           1|           1|
    |and_ln50_fu_1379_p2         |       and|   0|  0|   2|           1|           1|
    |icmp_ln65_1_fu_308_p2       |      icmp|   0|  0|  23|          16|          16|
    |icmp_ln65_2_fu_348_p2       |      icmp|   0|  0|  23|          16|          16|
    |icmp_ln65_3_fu_314_p2       |      icmp|   0|  0|  23|          16|          16|
    |icmp_ln65_4_fu_320_p2       |      icmp|   0|  0|  23|          16|          16|
    |icmp_ln65_5_fu_390_p2       |      icmp|   0|  0|  23|          16|          16|
    |icmp_ln65_6_fu_410_p2       |      icmp|   0|  0|  23|          16|          16|
    |icmp_ln65_fu_302_p2         |      icmp|   0|  0|  23|          16|          16|
    |ap_block_pp0_stage0_01001   |        or|   0|  0|   2|           1|           1|
    |or_ln50_1_fu_1311_p2        |        or|   0|  0|   2|           1|           1|
    |or_ln50_fu_1213_p2          |        or|   0|  0|   2|           1|           1|
    |select_ln245_10_fu_932_p3   |    select|   0|  0|  11|           1|           9|
    |select_ln245_11_fu_950_p3   |    select|   0|  0|  10|           1|          10|
    |select_ln245_12_fu_963_p3   |    select|   0|  0|  11|           1|           9|
    |select_ln245_13_fu_981_p3   |    select|   0|  0|  10|           1|          10|
    |select_ln245_14_fu_994_p3   |    select|   0|  0|  11|           1|           9|
    |select_ln245_15_fu_1012_p3  |    select|   0|  0|  10|           1|          10|
    |select_ln245_1_fu_795_p3    |    select|   0|  0|  10|           1|          10|
    |select_ln245_2_fu_808_p3    |    select|   0|  0|  11|           1|           9|
    |select_ln245_3_fu_826_p3    |    select|   0|  0|  10|           1|          10|
    |select_ln245_4_fu_839_p3    |    select|   0|  0|  11|           1|           9|
    |select_ln245_5_fu_857_p3    |    select|   0|  0|  10|           1|          10|
    |select_ln245_6_fu_870_p3    |    select|   0|  0|  11|           1|           9|
    |select_ln245_7_fu_888_p3    |    select|   0|  0|  10|           1|          10|
    |select_ln245_8_fu_901_p3    |    select|   0|  0|  11|           1|           9|
    |select_ln245_9_fu_919_p3    |    select|   0|  0|  10|           1|          10|
    |select_ln245_fu_777_p3      |    select|   0|  0|  11|           1|           9|
    |select_ln50_10_fu_1325_p3   |    select|   0|  0|  19|           1|          19|
    |select_ln50_11_fu_1333_p3   |    select|   0|  0|  18|           1|          18|
    |select_ln50_1_fu_1409_p3    |    select|   0|  0|  10|           1|          10|
    |select_ln50_2_fu_1047_p3    |    select|   0|  0|  18|           1|          17|
    |select_ln50_3_fu_1077_p3    |    select|   0|  0|  18|           1|          17|
    |select_ln50_4_fu_1219_p3    |    select|   0|  0|  18|           1|          17|
    |select_ln50_5_fu_1227_p3    |    select|   0|  0|  19|           1|          19|
    |select_ln50_6_fu_1235_p3    |    select|   0|  0|  18|           1|          18|
    |select_ln50_7_fu_1107_p3    |    select|   0|  0|  18|           1|          17|
    |select_ln50_8_fu_1137_p3    |    select|   0|  0|  18|           1|          17|
    |select_ln50_9_fu_1317_p3    |    select|   0|  0|  18|           1|          17|
    |select_ln50_fu_1391_p3      |    select|   0|  0|  11|           1|           9|
    |select_ln65_1_fu_342_p3     |    select|   0|  0|  16|           1|          16|
    |select_ln65_2_fu_360_p3     |    select|   0|  0|  16|           1|          16|
    |select_ln65_3_fu_373_p3     |    select|   0|  0|  16|           1|          16|
    |select_ln65_4_fu_384_p3     |    select|   0|  0|  16|           1|          16|
    |select_ln65_5_fu_402_p3     |    select|   0|  0|  16|           1|          16|
    |select_ln65_fu_331_p3       |    select|   0|  0|  16|           1|          16|
    |x_max_fu_422_p3             |    select|   0|  0|  16|           1|          16|
    |ap_enable_pp0               |       xor|   0|  0|   2|           1|           2|
    |xor_ln245_10_fu_673_p2      |       xor|   0|  0|   2|           1|           2|
    |xor_ln245_11_fu_685_p2      |       xor|   0|  0|   2|           1|           1|
    |xor_ln245_12_fu_716_p2      |       xor|   0|  0|   2|           1|           2|
    |xor_ln245_13_fu_728_p2      |       xor|   0|  0|   2|           1|           1|
    |xor_ln245_14_fu_759_p2      |       xor|   0|  0|   2|           1|           2|
    |xor_ln245_15_fu_771_p2      |       xor|   0|  0|   2|           1|           1|
    |xor_ln245_1_fu_470_p2       |       xor|   0|  0|   2|           1|           1|
    |xor_ln245_2_fu_501_p2       |       xor|   0|  0|   2|           1|           2|
    |xor_ln245_3_fu_513_p2       |       xor|   0|  0|   2|           1|           1|
    |xor_ln245_4_fu_544_p2       |       xor|   0|  0|   2|           1|           2|
    |xor_ln245_5_fu_556_p2       |       xor|   0|  0|   2|           1|           1|
    |xor_ln245_6_fu_587_p2       |       xor|   0|  0|   2|           1|           2|
    |xor_ln245_7_fu_599_p2       |       xor|   0|  0|   2|           1|           1|
    |xor_ln245_8_fu_630_p2       |       xor|   0|  0|   2|           1|           2|
    |xor_ln245_9_fu_642_p2       |       xor|   0|  0|   2|           1|           1|
    |xor_ln245_fu_458_p2         |       xor|   0|  0|   2|           1|           2|
    |xor_ln50_1_fu_1385_p2       |       xor|   0|  0|   2|           1|           1|
    |xor_ln50_2_fu_1177_p2       |       xor|   0|  0|   2|           1|           2|
    |xor_ln50_3_fu_1189_p2       |       xor|   0|  0|   2|           1|           2|
    |xor_ln50_4_fu_1201_p2       |       xor|   0|  0|   2|           1|           1|
    |xor_ln50_5_fu_1207_p2       |       xor|   0|  0|   2|           1|           2|
    |xor_ln50_6_fu_1275_p2       |       xor|   0|  0|   2|           1|           2|
    |xor_ln50_7_fu_1287_p2       |       xor|   0|  0|   2|           1|           2|
    |xor_ln50_8_fu_1299_p2       |       xor|   0|  0|   2|           1|           1|
    |xor_ln50_9_fu_1305_p2       |       xor|   0|  0|   2|           1|           2|
    |xor_ln50_fu_1373_p2         |       xor|   0|  0|   2|           1|           2|
    |xor_ln65_1_fu_337_p2        |       xor|   0|  0|   2|           1|           2|
    |xor_ln65_2_fu_354_p2        |       xor|   0|  0|   2|           1|           2|
    |xor_ln65_3_fu_368_p2        |       xor|   0|  0|   2|           1|           2|
    |xor_ln65_4_fu_379_p2        |       xor|   0|  0|   2|           1|           2|
    |xor_ln65_5_fu_396_p2        |       xor|   0|  0|   2|           1|           2|
    |xor_ln65_6_fu_416_p2        |       xor|   0|  0|   2|           1|           2|
    |xor_ln65_fu_326_p2          |       xor|   0|  0|   2|           1|           2|
    +----------------------------+----------+----+---+----+------------+------------+
    |Total                       |          |   0|  0|1189|         516|         963|
    +----------------------------+----------+----+---+----+------------+------------+

    * Multiplexer: 
    +---------------+----+-----------+-----+-----------+
    |      Name     | LUT| Input Size| Bits| Total Bits|
    +---------------+----+-----------+-----+-----------+
    |ap_done        |   9|          2|    1|          2|
    |layer24_out_0  |   9|          2|   16|         32|
    |layer24_out_1  |   9|          2|   16|         32|
    |layer24_out_2  |   9|          2|   16|         32|
    |layer24_out_3  |   9|          2|   16|         32|
    |layer24_out_4  |   9|          2|   16|         32|
    |layer24_out_5  |   9|          2|   16|         32|
    |layer24_out_6  |   9|          2|   16|         32|
    |layer24_out_7  |   9|          2|   16|         32|
    +---------------+----+-----------+-----+-----------+
    |Total          |  81|         18|  129|        258|
    +---------------+----+-----------+-----+-----------+

    * Register: 
    +---------------------------------+----+----+-----+-----------+
    |               Name              | FF | LUT| Bits| Const Bits|
    +---------------------------------+----+----+-----+-----------+
    |ap_CS_fsm                        |   1|   0|    1|          0|
    |ap_done_reg                      |   1|   0|    1|          0|
    |ap_enable_reg_pp0_iter1          |   1|   0|    1|          0|
    |ap_enable_reg_pp0_iter2          |   1|   0|    1|          0|
    |ap_enable_reg_pp0_iter3          |   1|   0|    1|          0|
    |ap_enable_reg_pp0_iter4          |   1|   0|    1|          0|
    |ap_enable_reg_pp0_iter5          |   1|   0|    1|          0|
    |ap_enable_reg_pp0_iter6          |   1|   0|    1|          0|
    |ap_enable_reg_pp0_iter7          |   1|   0|    1|          0|
    |exp_res_1_reg_1703               |  17|   0|   17|          0|
    |exp_res_2_reg_1708               |  17|   0|   17|          0|
    |exp_res_3_reg_1713               |  17|   0|   17|          0|
    |exp_res_4_reg_1718               |  17|   0|   17|          0|
    |exp_res_5_reg_1723               |  17|   0|   17|          0|
    |exp_res_6_reg_1728               |  17|   0|   17|          0|
    |exp_res_7_reg_1733               |  17|   0|   17|          0|
    |exp_res_reg_1698                 |  17|   0|   17|          0|
    |icmp_ln65_1_reg_1638             |   1|   0|    1|          0|
    |icmp_ln65_3_reg_1643             |   1|   0|    1|          0|
    |icmp_ln65_4_reg_1648             |   1|   0|    1|          0|
    |icmp_ln65_reg_1633               |   1|   0|    1|          0|
    |inv_exp_sum_reg_1779             |  18|   0|   18|          0|
    |layer24_out_0_preg               |  16|   0|   16|          0|
    |layer24_out_1_preg               |  16|   0|   16|          0|
    |layer24_out_2_preg               |  16|   0|   16|          0|
    |layer24_out_3_preg               |  16|   0|   16|          0|
    |layer24_out_4_preg               |  16|   0|   16|          0|
    |layer24_out_5_preg               |  16|   0|   16|          0|
    |layer24_out_6_preg               |  16|   0|   16|          0|
    |layer24_out_7_preg               |  16|   0|   16|          0|
    |p_read_1_reg_1585                |  16|   0|   16|          0|
    |p_read_1_reg_1585_pp0_iter1_reg  |  16|   0|   16|          0|
    |p_read_2_reg_1591                |  16|   0|   16|          0|
    |p_read_2_reg_1591_pp0_iter1_reg  |  16|   0|   16|          0|
    |p_read_3_reg_1597                |  16|   0|   16|          0|
    |p_read_3_reg_1597_pp0_iter1_reg  |  16|   0|   16|          0|
    |p_read_4_reg_1603                |  16|   0|   16|          0|
    |p_read_4_reg_1603_pp0_iter1_reg  |  16|   0|   16|          0|
    |p_read_5_reg_1609                |  16|   0|   16|          0|
    |p_read_5_reg_1609_pp0_iter1_reg  |  16|   0|   16|          0|
    |p_read_6_reg_1615                |  16|   0|   16|          0|
    |p_read_6_reg_1615_pp0_iter1_reg  |  16|   0|   16|          0|
    |p_read_7_reg_1621                |  16|   0|   16|          0|
    |p_read_7_reg_1621_pp0_iter1_reg  |  16|   0|   16|          0|
    |p_read_8_reg_1627                |  16|   0|   16|          0|
    |p_read_8_reg_1627_pp0_iter1_reg  |  16|   0|   16|          0|
    |select_ln50_11_reg_1768          |  18|   0|   18|          0|
    |select_ln50_2_reg_1738           |  18|   0|   18|          0|
    |select_ln50_3_reg_1744           |  18|   0|   18|          0|
    |select_ln50_6_reg_1762           |  18|   0|   18|          0|
    |select_ln50_7_reg_1750           |  18|   0|   18|          0|
    |select_ln50_8_reg_1756           |  18|   0|   18|          0|
    |x_max_reg_1653                   |  16|   0|   16|          0|
    |exp_res_1_reg_1703               |  64|  32|   17|          0|
    |exp_res_2_reg_1708               |  64|  32|   17|          0|
    |exp_res_3_reg_1713               |  64|  32|   17|          0|
    |exp_res_4_reg_1718               |  64|  32|   17|          0|
    |exp_res_5_reg_1723               |  64|  32|   17|          0|
    |exp_res_6_reg_1728               |  64|  32|   17|          0|
    |exp_res_7_reg_1733               |  64|  32|   17|          0|
    |exp_res_reg_1698                 |  64|  32|   17|          0|
    +---------------------------------+----+----+-----+-----------+
    |Total                            |1187| 256|  811|          0|
    +---------------------------------+----+----+-----+-----------+



================================================================
== Interface
================================================================
* Summary: 
+----------------------+-----+-----+------------+----------------------------------------------------------------+--------------+
|       RTL Ports      | Dir | Bits|  Protocol  |                          Source Object                         |    C Type    |
+----------------------+-----+-----+------------+----------------------------------------------------------------+--------------+
|ap_clk                |   in|    1|  ap_ctrl_hs|  softmax_stable<ap_fixed,ap_fixed<16,6,5,3,0>,softmax_config24>|  return value|
|ap_rst                |   in|    1|  ap_ctrl_hs|  softmax_stable<ap_fixed,ap_fixed<16,6,5,3,0>,softmax_config24>|  return value|
|ap_start              |   in|    1|  ap_ctrl_hs|  softmax_stable<ap_fixed,ap_fixed<16,6,5,3,0>,softmax_config24>|  return value|
|ap_done               |  out|    1|  ap_ctrl_hs|  softmax_stable<ap_fixed,ap_fixed<16,6,5,3,0>,softmax_config24>|  return value|
|ap_continue           |   in|    1|  ap_ctrl_hs|  softmax_stable<ap_fixed,ap_fixed<16,6,5,3,0>,softmax_config24>|  return value|
|ap_idle               |  out|    1|  ap_ctrl_hs|  softmax_stable<ap_fixed,ap_fixed<16,6,5,3,0>,softmax_config24>|  return value|
|ap_ready              |  out|    1|  ap_ctrl_hs|  softmax_stable<ap_fixed,ap_fixed<16,6,5,3,0>,softmax_config24>|  return value|
|p_read                |   in|   16|     ap_none|                                                          p_read|        scalar|
|p_read1               |   in|   16|     ap_none|                                                         p_read1|        scalar|
|p_read2               |   in|   16|     ap_none|                                                         p_read2|        scalar|
|p_read3               |   in|   16|     ap_none|                                                         p_read3|        scalar|
|p_read4               |   in|   16|     ap_none|                                                         p_read4|        scalar|
|p_read5               |   in|   16|     ap_none|                                                         p_read5|        scalar|
|p_read6               |   in|   16|     ap_none|                                                         p_read6|        scalar|
|p_read7               |   in|   16|     ap_none|                                                         p_read7|        scalar|
|layer24_out_0         |  out|   16|      ap_vld|                                                   layer24_out_0|       pointer|
|layer24_out_0_ap_vld  |  out|    1|      ap_vld|                                                   layer24_out_0|       pointer|
|layer24_out_1         |  out|   16|      ap_vld|                                                   layer24_out_1|       pointer|
|layer24_out_1_ap_vld  |  out|    1|      ap_vld|                                                   layer24_out_1|       pointer|
|layer24_out_2         |  out|   16|      ap_vld|                                                   layer24_out_2|       pointer|
|layer24_out_2_ap_vld  |  out|    1|      ap_vld|                                                   layer24_out_2|       pointer|
|layer24_out_3         |  out|   16|      ap_vld|                                                   layer24_out_3|       pointer|
|layer24_out_3_ap_vld  |  out|    1|      ap_vld|                                                   layer24_out_3|       pointer|
|layer24_out_4         |  out|   16|      ap_vld|                                                   layer24_out_4|       pointer|
|layer24_out_4_ap_vld  |  out|    1|      ap_vld|                                                   layer24_out_4|       pointer|
|layer24_out_5         |  out|   16|      ap_vld|                                                   layer24_out_5|       pointer|
|layer24_out_5_ap_vld  |  out|    1|      ap_vld|                                                   layer24_out_5|       pointer|
|layer24_out_6         |  out|   16|      ap_vld|                                                   layer24_out_6|       pointer|
|layer24_out_6_ap_vld  |  out|    1|      ap_vld|                                                   layer24_out_6|       pointer|
|layer24_out_7         |  out|   16|      ap_vld|                                                   layer24_out_7|       pointer|
|layer24_out_7_ap_vld  |  out|    1|      ap_vld|                                                   layer24_out_7|       pointer|
+----------------------+-----+-----+------------+----------------------------------------------------------------+--------------+

