

================================================================
== Vitis HLS Report for 'dense_latency_ap_ufixed_9_0_4_0_0_ap_fixed_16_6_5_3_0_config16_s'
================================================================
* Date:           Sat Oct 12 13:28:34 2024

* Version:        2023.2 (Build 4023990 on Oct 11 2023)
* Project:        JetTagger_prj
* Solution:       solution1 (Vivado IP Flow Target)
* Product family: virtexuplus
* Target device:  xcvu9p-flga2104-2L-e


================================================================
== Performance Estimates
================================================================
+ Timing: 
    * Summary: 
    +--------+---------+----------+------------+
    |  Clock |  Target | Estimated| Uncertainty|
    +--------+---------+----------+------------+
    |ap_clk  |  2.80 ns|  2.331 ns|     0.35 ns|
    +--------+---------+----------+------------+

+ Latency: 
    * Summary: 
    +---------+---------+----------+----------+-----+-----+---------+
    |  Latency (cycles) |  Latency (absolute) |  Interval | Pipeline|
    |   min   |   max   |    min   |    max   | min | max |   Type  |
    +---------+---------+----------+----------+-----+-----+---------+
    |        3|        3|  8.400 ns|  8.400 ns|    1|    1|      yes|
    +---------+---------+----------+----------+-----+-----+---------+

    + Detail: 
        * Instance: 
        N/A

        * Loop: 
        N/A



================================================================
== Utilization Estimates
================================================================
* Summary: 
+---------------------+---------+------+---------+---------+-----+
|         Name        | BRAM_18K|  DSP |    FF   |   LUT   | URAM|
+---------------------+---------+------+---------+---------+-----+
|DSP                  |        -|     -|        -|        -|    -|
|Expression           |        -|     -|        0|     5080|    -|
|FIFO                 |        -|     -|        -|        -|    -|
|Instance             |        -|     0|        0|     4459|    -|
|Memory               |        -|     -|        -|        -|    -|
|Multiplexer          |        -|     -|        -|      126|    -|
|Register             |        -|     -|     1727|        -|    -|
+---------------------+---------+------+---------+---------+-----+
|Total                |        0|     0|     1727|     9665|    0|
+---------------------+---------+------+---------+---------+-----+
|Available SLR        |     1440|  2280|   788160|   394080|  320|
+---------------------+---------+------+---------+---------+-----+
|Utilization SLR (%)  |        0|     0|       ~0|        2|    0|
+---------------------+---------+------+---------+---------+-----+
|Available            |     4320|  6840|  2364480|  1182240|  960|
+---------------------+---------+------+---------+---------+-----+
|Utilization (%)      |        0|     0|       ~0|       ~0|    0|
+---------------------+---------+------+---------+---------+-----+

+ Detail: 
    * Instance: 
    +--------------------------+--------------------+---------+----+---+----+-----+
    |         Instance         |       Module       | BRAM_18K| DSP| FF| LUT| URAM|
    +--------------------------+--------------------+---------+----+---+----+-----+
    |mul_9ns_5ns_13_1_1_U5500  |mul_9ns_5ns_13_1_1  |        0|   0|  0|  49|    0|
    |mul_9ns_5ns_13_1_1_U5510  |mul_9ns_5ns_13_1_1  |        0|   0|  0|  49|    0|
    |mul_9ns_5ns_13_1_1_U5514  |mul_9ns_5ns_13_1_1  |        0|   0|  0|  49|    0|
    |mul_9ns_5ns_13_1_1_U5521  |mul_9ns_5ns_13_1_1  |        0|   0|  0|  49|    0|
    |mul_9ns_5ns_13_1_1_U5570  |mul_9ns_5ns_13_1_1  |        0|   0|  0|  49|    0|
    |mul_9ns_5s_14_1_1_U5527   |mul_9ns_5s_14_1_1   |        0|   0|  0|  49|    0|
    |mul_9ns_5s_14_1_1_U5536   |mul_9ns_5s_14_1_1   |        0|   0|  0|  49|    0|
    |mul_9ns_5s_14_1_1_U5546   |mul_9ns_5s_14_1_1   |        0|   0|  0|  49|    0|
    |mul_9ns_5s_14_1_1_U5556   |mul_9ns_5s_14_1_1   |        0|   0|  0|  49|    0|
    |mul_9ns_6ns_14_1_1_U5490  |mul_9ns_6ns_14_1_1  |        0|   0|  0|  49|    0|
    |mul_9ns_6ns_14_1_1_U5491  |mul_9ns_6ns_14_1_1  |        0|   0|  0|  49|    0|
    |mul_9ns_6ns_14_1_1_U5495  |mul_9ns_6ns_14_1_1  |        0|   0|  0|  49|    0|
    |mul_9ns_6ns_14_1_1_U5496  |mul_9ns_6ns_14_1_1  |        0|   0|  0|  49|    0|
    |mul_9ns_6ns_14_1_1_U5498  |mul_9ns_6ns_14_1_1  |        0|   0|  0|  49|    0|
    |mul_9ns_6ns_14_1_1_U5502  |mul_9ns_6ns_14_1_1  |        0|   0|  0|  49|    0|
    |mul_9ns_6ns_14_1_1_U5524  |mul_9ns_6ns_14_1_1  |        0|   0|  0|  49|    0|
    |mul_9ns_6ns_14_1_1_U5528  |mul_9ns_6ns_14_1_1  |        0|   0|  0|  49|    0|
    |mul_9ns_6ns_14_1_1_U5538  |mul_9ns_6ns_14_1_1  |        0|   0|  0|  49|    0|
    |mul_9ns_6ns_14_1_1_U5559  |mul_9ns_6ns_14_1_1  |        0|   0|  0|  49|    0|
    |mul_9ns_6ns_14_1_1_U5565  |mul_9ns_6ns_14_1_1  |        0|   0|  0|  49|    0|
    |mul_9ns_6ns_14_1_1_U5566  |mul_9ns_6ns_14_1_1  |        0|   0|  0|  49|    0|
    |mul_9ns_6s_15_1_1_U5501   |mul_9ns_6s_15_1_1   |        0|   0|  0|  49|    0|
    |mul_9ns_6s_15_1_1_U5503   |mul_9ns_6s_15_1_1   |        0|   0|  0|  49|    0|
    |mul_9ns_6s_15_1_1_U5507   |mul_9ns_6s_15_1_1   |        0|   0|  0|  49|    0|
    |mul_9ns_6s_15_1_1_U5508   |mul_9ns_6s_15_1_1   |        0|   0|  0|  49|    0|
    |mul_9ns_6s_15_1_1_U5511   |mul_9ns_6s_15_1_1   |        0|   0|  0|  49|    0|
    |mul_9ns_6s_15_1_1_U5522   |mul_9ns_6s_15_1_1   |        0|   0|  0|  49|    0|
    |mul_9ns_6s_15_1_1_U5526   |mul_9ns_6s_15_1_1   |        0|   0|  0|  49|    0|
    |mul_9ns_6s_15_1_1_U5532   |mul_9ns_6s_15_1_1   |        0|   0|  0|  49|    0|
    |mul_9ns_6s_15_1_1_U5539   |mul_9ns_6s_15_1_1   |        0|   0|  0|  49|    0|
    |mul_9ns_6s_15_1_1_U5541   |mul_9ns_6s_15_1_1   |        0|   0|  0|  49|    0|
    |mul_9ns_6s_15_1_1_U5548   |mul_9ns_6s_15_1_1   |        0|   0|  0|  49|    0|
    |mul_9ns_6s_15_1_1_U5557   |mul_9ns_6s_15_1_1   |        0|   0|  0|  49|    0|
    |mul_9ns_6s_15_1_1_U5560   |mul_9ns_6s_15_1_1   |        0|   0|  0|  49|    0|
    |mul_9ns_6s_15_1_1_U5561   |mul_9ns_6s_15_1_1   |        0|   0|  0|  49|    0|
    |mul_9ns_6s_15_1_1_U5573   |mul_9ns_6s_15_1_1   |        0|   0|  0|  49|    0|
    |mul_9ns_7ns_15_1_1_U5488  |mul_9ns_7ns_15_1_1  |        0|   0|  0|  49|    0|
    |mul_9ns_7ns_15_1_1_U5489  |mul_9ns_7ns_15_1_1  |        0|   0|  0|  49|    0|
    |mul_9ns_7ns_15_1_1_U5492  |mul_9ns_7ns_15_1_1  |        0|   0|  0|  49|    0|
    |mul_9ns_7ns_15_1_1_U5493  |mul_9ns_7ns_15_1_1  |        0|   0|  0|  49|    0|
    |mul_9ns_7ns_15_1_1_U5512  |mul_9ns_7ns_15_1_1  |        0|   0|  0|  49|    0|
    |mul_9ns_7ns_15_1_1_U5513  |mul_9ns_7ns_15_1_1  |        0|   0|  0|  49|    0|
    |mul_9ns_7ns_15_1_1_U5530  |mul_9ns_7ns_15_1_1  |        0|   0|  0|  49|    0|
    |mul_9ns_7ns_15_1_1_U5531  |mul_9ns_7ns_15_1_1  |        0|   0|  0|  49|    0|
    |mul_9ns_7ns_15_1_1_U5542  |mul_9ns_7ns_15_1_1  |        0|   0|  0|  49|    0|
    |mul_9ns_7ns_15_1_1_U5549  |mul_9ns_7ns_15_1_1  |        0|   0|  0|  49|    0|
    |mul_9ns_7ns_15_1_1_U5552  |mul_9ns_7ns_15_1_1  |        0|   0|  0|  49|    0|
    |mul_9ns_7ns_15_1_1_U5572  |mul_9ns_7ns_15_1_1  |        0|   0|  0|  49|    0|
    |mul_9ns_7ns_15_1_1_U5574  |mul_9ns_7ns_15_1_1  |        0|   0|  0|  49|    0|
    |mul_9ns_7s_16_1_1_U5504   |mul_9ns_7s_16_1_1   |        0|   0|  0|  49|    0|
    |mul_9ns_7s_16_1_1_U5505   |mul_9ns_7s_16_1_1   |        0|   0|  0|  49|    0|
    |mul_9ns_7s_16_1_1_U5506   |mul_9ns_7s_16_1_1   |        0|   0|  0|  49|    0|
    |mul_9ns_7s_16_1_1_U5509   |mul_9ns_7s_16_1_1   |        0|   0|  0|  49|    0|
    |mul_9ns_7s_16_1_1_U5519   |mul_9ns_7s_16_1_1   |        0|   0|  0|  49|    0|
    |mul_9ns_7s_16_1_1_U5520   |mul_9ns_7s_16_1_1   |        0|   0|  0|  49|    0|
    |mul_9ns_7s_16_1_1_U5529   |mul_9ns_7s_16_1_1   |        0|   0|  0|  49|    0|
    |mul_9ns_7s_16_1_1_U5533   |mul_9ns_7s_16_1_1   |        0|   0|  0|  49|    0|
    |mul_9ns_7s_16_1_1_U5534   |mul_9ns_7s_16_1_1   |        0|   0|  0|  49|    0|
    |mul_9ns_7s_16_1_1_U5537   |mul_9ns_7s_16_1_1   |        0|   0|  0|  49|    0|
    |mul_9ns_7s_16_1_1_U5547   |mul_9ns_7s_16_1_1   |        0|   0|  0|  49|    0|
    |mul_9ns_7s_16_1_1_U5551   |mul_9ns_7s_16_1_1   |        0|   0|  0|  49|    0|
    |mul_9ns_7s_16_1_1_U5554   |mul_9ns_7s_16_1_1   |        0|   0|  0|  49|    0|
    |mul_9ns_7s_16_1_1_U5569   |mul_9ns_7s_16_1_1   |        0|   0|  0|  49|    0|
    |mul_9ns_7s_16_1_1_U5571   |mul_9ns_7s_16_1_1   |        0|   0|  0|  49|    0|
    |mul_9ns_7s_16_1_1_U5576   |mul_9ns_7s_16_1_1   |        0|   0|  0|  49|    0|
    |mul_9ns_8ns_16_1_1_U5497  |mul_9ns_8ns_16_1_1  |        0|   0|  0|  49|    0|
    |mul_9ns_8ns_16_1_1_U5517  |mul_9ns_8ns_16_1_1  |        0|   0|  0|  49|    0|
    |mul_9ns_8ns_16_1_1_U5523  |mul_9ns_8ns_16_1_1  |        0|   0|  0|  49|    0|
    |mul_9ns_8ns_16_1_1_U5544  |mul_9ns_8ns_16_1_1  |        0|   0|  0|  49|    0|
    |mul_9ns_8ns_16_1_1_U5550  |mul_9ns_8ns_16_1_1  |        0|   0|  0|  49|    0|
    |mul_9ns_8ns_16_1_1_U5558  |mul_9ns_8ns_16_1_1  |        0|   0|  0|  49|    0|
    |mul_9ns_8ns_16_1_1_U5562  |mul_9ns_8ns_16_1_1  |        0|   0|  0|  49|    0|
    |mul_9ns_8ns_16_1_1_U5567  |mul_9ns_8ns_16_1_1  |        0|   0|  0|  49|    0|
    |mul_9ns_8s_17_1_1_U5487   |mul_9ns_8s_17_1_1   |        0|   0|  0|  49|    0|
    |mul_9ns_8s_17_1_1_U5494   |mul_9ns_8s_17_1_1   |        0|   0|  0|  49|    0|
    |mul_9ns_8s_17_1_1_U5515   |mul_9ns_8s_17_1_1   |        0|   0|  0|  49|    0|
    |mul_9ns_8s_17_1_1_U5516   |mul_9ns_8s_17_1_1   |        0|   0|  0|  49|    0|
    |mul_9ns_8s_17_1_1_U5518   |mul_9ns_8s_17_1_1   |        0|   0|  0|  49|    0|
    |mul_9ns_8s_17_1_1_U5525   |mul_9ns_8s_17_1_1   |        0|   0|  0|  49|    0|
    |mul_9ns_8s_17_1_1_U5535   |mul_9ns_8s_17_1_1   |        0|   0|  0|  49|    0|
    |mul_9ns_8s_17_1_1_U5540   |mul_9ns_8s_17_1_1   |        0|   0|  0|  49|    0|
    |mul_9ns_8s_17_1_1_U5543   |mul_9ns_8s_17_1_1   |        0|   0|  0|  49|    0|
    |mul_9ns_8s_17_1_1_U5545   |mul_9ns_8s_17_1_1   |        0|   0|  0|  49|    0|
    |mul_9ns_8s_17_1_1_U5553   |mul_9ns_8s_17_1_1   |        0|   0|  0|  49|    0|
    |mul_9ns_8s_17_1_1_U5555   |mul_9ns_8s_17_1_1   |        0|   0|  0|  49|    0|
    |mul_9ns_8s_17_1_1_U5563   |mul_9ns_8s_17_1_1   |        0|   0|  0|  49|    0|
    |mul_9ns_8s_17_1_1_U5564   |mul_9ns_8s_17_1_1   |        0|   0|  0|  49|    0|
    |mul_9ns_8s_17_1_1_U5568   |mul_9ns_8s_17_1_1   |        0|   0|  0|  49|    0|
    |mul_9ns_8s_17_1_1_U5575   |mul_9ns_8s_17_1_1   |        0|   0|  0|  49|    0|
    |mul_9ns_8s_17_1_1_U5577   |mul_9ns_8s_17_1_1   |        0|   0|  0|  49|    0|
    |mul_9ns_9s_18_1_1_U5499   |mul_9ns_9s_18_1_1   |        0|   0|  0|  49|    0|
    +--------------------------+--------------------+---------+----+---+----+-----+
    |Total                     |                    |        0|   0|  0|4459|    0|
    +--------------------------+--------------------+---------+----+---+----+-----+

    * DSP: 
    N/A

    * Memory: 
    N/A

    * FIFO: 
    N/A

    * Expression: 
    +---------------------------+----------+----+---+----+------------+------------+
    |       Variable Name       | Operation| DSP| FF| LUT| Bitwidth P0| Bitwidth P1|
    +---------------------------+----------+----+---+----+------------+------------+
    |add_ln42_10_fu_63131_p2    |         +|   0|  0|  22|          15|          15|
    |add_ln42_11_fu_63737_p2    |         +|   0|  0|  22|          15|          15|
    |add_ln42_12_fu_63876_p2    |         +|   0|  0|  20|          13|          13|
    |add_ln42_13_fu_64026_p2    |         +|   0|  0|  19|          12|          12|
    |add_ln42_2_fu_60367_p2     |         +|   0|  0|  19|          12|          12|
    |add_ln42_3_fu_60692_p2     |         +|   0|  0|  21|          14|          14|
    |add_ln42_4_fu_60921_p2     |         +|   0|  0|  23|          16|          16|
    |add_ln42_5_fu_61005_p2     |         +|   0|  0|  23|          16|          16|
    |add_ln42_6_fu_61032_p2     |         +|   0|  0|  20|          13|          13|
    |add_ln42_7_fu_61926_p2     |         +|   0|  0|  21|          14|          14|
    |add_ln42_8_fu_62573_p2     |         +|   0|  0|  19|          12|          12|
    |add_ln42_9_fu_62947_p2     |         +|   0|  0|  19|          12|          12|
    |add_ln42_fu_60297_p2       |         +|   0|  0|  22|          15|          15|
    |add_ln58_172_fu_64439_p2   |         +|   0|  0|  17|          11|          10|
    |add_ln58_173_fu_61405_p2   |         +|   0|  0|  18|          11|          11|
    |add_ln58_174_fu_61415_p2   |         +|   0|  0|  17|          13|           9|
    |add_ln58_175_fu_64445_p2   |         +|   0|  0|  18|          11|          11|
    |add_ln58_176_fu_61421_p2   |         +|   0|  0|  17|          12|          12|
    |add_ln58_177_fu_64455_p2   |         +|   0|  0|  16|           9|           7|
    |add_ln58_178_fu_64465_p2   |         +|   0|  0|  18|          11|          11|
    |add_ln58_179_fu_61427_p2   |         +|   0|  0|  17|          10|           9|
    |add_ln58_180_fu_61437_p2   |         +|   0|  0|  19|          12|          12|
    |add_ln58_181_fu_61443_p2   |         +|   0|  0|  17|          11|          11|
    |add_ln58_182_fu_61449_p2   |         +|   0|  0|  17|          11|          11|
    |add_ln58_183_fu_61455_p2   |         +|   0|  0|  17|          12|          12|
    |add_ln58_184_fu_64483_p2   |         +|   0|  0|  17|          13|          13|
    |add_ln58_185_fu_64489_p2   |         +|   0|  0|  19|          12|          12|
    |add_ln58_186_fu_64499_p2   |         +|   0|  0|  17|          13|          13|
    |add_ln58_187_fu_64505_p2   |         +|   0|  0|  17|          13|          13|
    |add_ln58_188_fu_64511_p2   |         +|   0|  0|  20|          13|          13|
    |add_ln58_189_fu_65188_p2   |         +|   0|  0|  22|          15|          15|
    |add_ln58_190_fu_64517_p2   |         +|   0|  0|  17|          10|          10|
    |add_ln58_191_fu_65197_p2   |         +|   0|  0|  16|          15|          15|
    |add_ln58_192_fu_64523_p2   |         +|   0|  0|  17|          10|          10|
    |add_ln58_193_fu_64533_p2   |         +|   0|  0|  16|           9|           9|
    |add_ln58_194_fu_64543_p2   |         +|   0|  0|  18|          11|          11|
    |add_ln58_195_fu_65206_p2   |         +|   0|  0|  16|          15|          15|
    |add_ln58_196_fu_64549_p2   |         +|   0|  0|  17|          11|          11|
    |add_ln58_197_fu_61461_p2   |         +|   0|  0|  19|          12|          12|
    |add_ln58_198_fu_64562_p2   |         +|   0|  0|  17|          13|          13|
    |add_ln58_199_fu_64568_p2   |         +|   0|  0|  17|          13|          13|
    |add_ln58_200_fu_64574_p2   |         +|   0|  0|  19|          12|          12|
    |add_ln58_201_fu_64584_p2   |         +|   0|  0|  20|          13|          13|
    |add_ln58_202_fu_65222_p2   |         +|   0|  0|  21|          14|          14|
    |add_ln58_203_fu_64590_p2   |         +|   0|  0|  18|          11|          11|
    |add_ln58_204_fu_65235_p2   |         +|   0|  0|  17|          12|          12|
    |add_ln58_205_fu_64596_p2   |         +|   0|  0|  16|           9|           9|
    |add_ln58_206_fu_64606_p2   |         +|   0|  0|  17|          10|          10|
    |add_ln58_207_fu_65244_p2   |         +|   0|  0|  17|          12|          12|
    |add_ln58_208_fu_65254_p2   |         +|   0|  0|  22|          15|          15|
    |add_ln58_209_fu_61467_p2   |         +|   0|  0|  19|          12|           9|
    |add_ln58_210_fu_61477_p2   |         +|   0|  0|  17|          13|          13|
    |add_ln58_211_fu_61483_p2   |         +|   0|  0|  17|          13|          13|
    |add_ln58_212_fu_64612_p2   |         +|   0|  0|  17|          13|          13|
    |add_ln58_213_fu_61489_p2   |         +|   0|  0|  16|           9|           9|
    |add_ln58_214_fu_61499_p2   |         +|   0|  0|  17|          10|          10|
    |add_ln58_215_fu_64620_p2   |         +|   0|  0|  17|          13|          13|
    |add_ln58_216_fu_65267_p2   |         +|   0|  0|  16|          14|          14|
    |add_ln58_217_fu_64626_p2   |         +|   0|  0|  20|          13|          13|
    |add_ln58_218_fu_65276_p2   |         +|   0|  0|  16|          14|          14|
    |add_ln58_219_fu_64632_p2   |         +|   0|  0|  19|          12|          12|
    |add_ln58_220_fu_64642_p2   |         +|   0|  0|  18|          11|          11|
    |add_ln58_221_fu_64652_p2   |         +|   0|  0|  20|          13|          13|
    |add_ln58_222_fu_65289_p2   |         +|   0|  0|  22|          15|          15|
    |add_ln58_223_fu_64658_p2   |         +|   0|  0|  20|          13|          13|
    |add_ln58_224_fu_64664_p2   |         +|   0|  0|  19|          12|          12|
    |add_ln58_225_fu_65305_p2   |         +|   0|  0|  16|          14|          14|
    |add_ln58_226_fu_65311_p2   |         +|   0|  0|  16|          14|          14|
    |add_ln58_227_fu_64670_p2   |         +|   0|  0|  20|          13|          13|
    |add_ln58_228_fu_65324_p2   |         +|   0|  0|  16|          15|          15|
    |add_ln58_229_fu_64676_p2   |         +|   0|  0|  18|          11|          11|
    |add_ln58_230_fu_64682_p2   |         +|   0|  0|  15|           8|           8|
    |add_ln58_231_fu_64692_p2   |         +|   0|  0|  18|          11|          11|
    |add_ln58_232_fu_65336_p2   |         +|   0|  0|  19|          12|          12|
    |add_ln58_233_fu_65346_p2   |         +|   0|  0|  16|          15|          15|
    |add_ln58_234_fu_64698_p2   |         +|   0|  0|  20|          13|           6|
    |add_ln58_235_fu_64708_p2   |         +|   0|  0|  16|          14|          14|
    |add_ln58_236_fu_64714_p2   |         +|   0|  0|  16|          14|          14|
    |add_ln58_237_fu_64724_p2   |         +|   0|  0|  20|          13|          13|
    |add_ln58_238_fu_64734_p2   |         +|   0|  0|  16|          15|          15|
    |add_ln58_239_fu_64740_p2   |         +|   0|  0|  16|          15|          15|
    |add_ln58_240_fu_64746_p2   |         +|   0|  0|  19|          12|          12|
    |add_ln58_241_fu_64756_p2   |         +|   0|  0|  21|          14|          14|
    |add_ln58_242_fu_65359_p2   |         +|   0|  0|  16|          15|          15|
    |add_ln58_243_fu_64762_p2   |         +|   0|  0|  17|          12|          12|
    |add_ln58_244_fu_64768_p2   |         +|   0|  0|  18|           9|           9|
    |add_ln58_245_fu_64774_p2   |         +|   0|  0|  18|           9|           9|
    |add_ln58_246_fu_64784_p2   |         +|   0|  0|  17|          12|          12|
    |add_ln58_247_fu_65367_p2   |         +|   0|  0|  16|          15|          15|
    |add_ln58_248_fu_64790_p2   |         +|   0|  0|  17|          13|          13|
    |add_ln58_249_fu_64796_p2   |         +|   0|  0|  19|          12|          12|
    |add_ln58_250_fu_65383_p2   |         +|   0|  0|  21|          14|          14|
    |add_ln58_251_fu_65389_p2   |         +|   0|  0|  16|          14|          14|
    |add_ln58_252_fu_64802_p2   |         +|   0|  0|  19|          12|          12|
    |add_ln58_253_fu_65398_p2   |         +|   0|  0|  16|          14|          14|
    |add_ln58_254_fu_64808_p2   |         +|   0|  0|  19|          12|          12|
    |add_ln58_255_fu_64814_p2   |         +|   0|  0|  17|          10|          10|
    |add_ln58_256_fu_64824_p2   |         +|   0|  0|  18|          11|          11|
    |add_ln58_257_fu_65414_p2   |         +|   0|  0|  20|          13|          13|
    |add_ln58_258_fu_65424_p2   |         +|   0|  0|  22|          15|          15|
    |add_ln58_259_fu_61505_p2   |         +|   0|  0|  16|          14|          11|
    |add_ln58_260_fu_61511_p2   |         +|   0|  0|  16|          14|          14|
    |add_ln58_261_fu_61517_p2   |         +|   0|  0|  19|          12|          12|
    |add_ln58_262_fu_64836_p2   |         +|   0|  0|  16|          15|          15|
    |add_ln58_263_fu_64842_p2   |         +|   0|  0|  16|          15|          15|
    |add_ln58_264_fu_64848_p2   |         +|   0|  0|  20|          13|          13|
    |add_ln58_265_fu_65440_p2   |         +|   0|  0|  21|          14|          14|
    |add_ln58_266_fu_65450_p2   |         +|   0|  0|  16|          16|          16|
    |add_ln58_267_fu_64854_p2   |         +|   0|  0|  18|          11|          11|
    |add_ln58_268_fu_64860_p2   |         +|   0|  0|  14|           7|           7|
    |add_ln58_269_fu_64870_p2   |         +|   0|  0|  18|          11|          11|
    |add_ln58_270_fu_65462_p2   |         +|   0|  0|  19|          12|          12|
    |add_ln58_271_fu_65472_p2   |         +|   0|  0|  16|          16|          16|
    |add_ln58_272_fu_61523_p2   |         +|   0|  0|  17|          10|          10|
    |add_ln58_273_fu_61533_p2   |         +|   0|  0|  17|          12|          12|
    |add_ln58_274_fu_61539_p2   |         +|   0|  0|  17|          12|          12|
    |add_ln58_275_fu_64876_p2   |         +|   0|  0|  19|          12|          12|
    |add_ln58_276_fu_65484_p2   |         +|   0|  0|  16|          14|          14|
    |add_ln58_277_fu_65490_p2   |         +|   0|  0|  16|          14|          14|
    |add_ln58_278_fu_64882_p2   |         +|   0|  0|  20|          13|          13|
    |add_ln58_279_fu_65503_p2   |         +|   0|  0|  21|          14|          14|
    |add_ln58_280_fu_65513_p2   |         +|   0|  0|  16|          15|          15|
    |add_ln58_281_fu_64888_p2   |         +|   0|  0|  17|          12|          12|
    |add_ln58_282_fu_61545_p2   |         +|   0|  0|  14|           7|           7|
    |add_ln58_283_fu_64897_p2   |         +|   0|  0|  17|          10|          10|
    |add_ln58_284_fu_64907_p2   |         +|   0|  0|  17|          12|          12|
    |add_ln58_285_fu_65522_p2   |         +|   0|  0|  16|          15|          15|
    |add_ln58_286_fu_64913_p2   |         +|   0|  0|  17|          13|          13|
    |add_ln58_287_fu_64919_p2   |         +|   0|  0|  17|          13|          13|
    |add_ln58_288_fu_64929_p2   |         +|   0|  0|  21|          14|          14|
    |add_ln58_289_fu_64935_p2   |         +|   0|  0|  19|          12|          12|
    |add_ln58_290_fu_65538_p2   |         +|   0|  0|  22|          15|          15|
    |add_ln58_291_fu_65544_p2   |         +|   0|  0|  16|          15|          15|
    |add_ln58_292_fu_64941_p2   |         +|   0|  0|  19|          12|          12|
    |add_ln58_293_fu_65553_p2   |         +|   0|  0|  16|          15|          15|
    |add_ln58_294_fu_64947_p2   |         +|   0|  0|  18|          11|          11|
    |add_ln58_295_fu_64953_p2   |         +|   0|  0|  16|           9|           9|
    |add_ln58_296_fu_65569_p2   |         +|   0|  0|  19|          12|          12|
    |add_ln58_297_fu_65579_p2   |         +|   0|  0|  23|          16|          16|
    |add_ln58_298_fu_61551_p2   |         +|   0|  0|  17|          13|          13|
    |add_ln58_299_fu_61557_p2   |         +|   0|  0|  20|          13|          13|
    |add_ln58_300_fu_65591_p2   |         +|   0|  0|  16|          14|          14|
    |add_ln58_301_fu_64959_p2   |         +|   0|  0|  19|          12|          12|
    |add_ln58_302_fu_64965_p2   |         +|   0|  0|  18|          11|          11|
    |add_ln58_303_fu_65603_p2   |         +|   0|  0|  16|          14|          14|
    |add_ln58_304_fu_65613_p2   |         +|   0|  0|  22|          15|          15|
    |add_ln58_305_fu_64971_p2   |         +|   0|  0|  20|          13|          13|
    |add_ln58_306_fu_65626_p2   |         +|   0|  0|  16|          14|          14|
    |add_ln58_307_fu_64977_p2   |         +|   0|  0|  19|          12|          12|
    |add_ln58_308_fu_65635_p2   |         +|   0|  0|  20|          13|          13|
    |add_ln58_309_fu_65645_p2   |         +|   0|  0|  16|          14|          14|
    |add_ln58_310_fu_65655_p2   |         +|   0|  0|  23|          16|          16|
    |add_ln58_311_fu_61563_p2   |         +|   0|  0|  17|          12|          11|
    |add_ln58_312_fu_61569_p2   |         +|   0|  0|  18|          11|          11|
    |add_ln58_313_fu_61575_p2   |         +|   0|  0|  17|          12|          12|
    |add_ln58_314_fu_64989_p2   |         +|   0|  0|  17|          13|          13|
    |add_ln58_315_fu_64995_p2   |         +|   0|  0|  17|          13|          13|
    |add_ln58_316_fu_65005_p2   |         +|   0|  0|  20|          13|          13|
    |add_ln58_317_fu_65015_p2   |         +|   0|  0|  22|          15|          15|
    |add_ln58_318_fu_65661_p2   |         +|   0|  0|  16|          15|          15|
    |add_ln58_319_fu_65021_p2   |         +|   0|  0|  20|          13|          13|
    |add_ln58_320_fu_65669_p2   |         +|   0|  0|  16|          15|          15|
    |add_ln58_321_fu_65027_p2   |         +|   0|  0|  19|          12|          12|
    |add_ln58_322_fu_65033_p2   |         +|   0|  0|  19|          12|          12|
    |add_ln58_323_fu_65685_p2   |         +|   0|  0|  20|          13|          13|
    |add_ln58_324_fu_65695_p2   |         +|   0|  0|  23|          16|          16|
    |add_ln58_325_fu_61581_p2   |         +|   0|  0|  16|           9|           8|
    |add_ln58_326_fu_61591_p2   |         +|   0|  0|  18|          11|          11|
    |add_ln58_327_fu_65042_p2   |         +|   0|  0|  21|          14|          14|
    |add_ln58_328_fu_65048_p2   |         +|   0|  0|  20|          13|          13|
    |add_ln58_329_fu_65707_p2   |         +|   0|  0|  16|          15|          15|
    |add_ln58_330_fu_65713_p2   |         +|   0|  0|  16|          15|          15|
    |add_ln58_331_fu_65054_p2   |         +|   0|  0|  18|          10|          10|
    |add_ln58_332_fu_65060_p2   |         +|   0|  0|  18|          10|          10|
    |add_ln58_333_fu_65722_p2   |         +|   0|  0|  16|          15|          15|
    |add_ln58_334_fu_65728_p2   |         +|   0|  0|  17|          13|          13|
    |add_ln58_335_fu_65066_p2   |         +|   0|  0|  15|           8|           8|
    |add_ln58_336_fu_65076_p2   |         +|   0|  0|  17|          10|          10|
    |add_ln58_337_fu_65737_p2   |         +|   0|  0|  17|          13|          13|
    |add_ln58_338_fu_65747_p2   |         +|   0|  0|  16|          15|          15|
    |add_ln58_339_fu_65082_p2   |         +|   0|  0|  17|          12|          12|
    |add_ln58_340_fu_65088_p2   |         +|   0|  0|  17|          12|          12|
    |add_ln58_341_fu_65094_p2   |         +|   0|  0|  17|          12|          12|
    |add_ln58_342_fu_65100_p2   |         +|   0|  0|  17|          12|          12|
    |add_ln58_343_fu_65106_p2   |         +|   0|  0|  17|          13|          13|
    |add_ln58_344_fu_65112_p2   |         +|   0|  0|  17|          13|          13|
    |add_ln58_345_fu_65763_p2   |         +|   0|  0|  16|          14|          14|
    |add_ln58_346_fu_65118_p2   |         +|   0|  0|  17|          10|          10|
    |add_ln58_347_fu_65772_p2   |         +|   0|  0|  16|          14|          14|
    |add_ln58_348_fu_65124_p2   |         +|   0|  0|  20|          13|          13|
    |add_ln58_349_fu_65130_p2   |         +|   0|  0|  17|          10|          10|
    |add_ln58_350_fu_65788_p2   |         +|   0|  0|  21|          14|          14|
    |add_ln58_351_fu_65798_p2   |         +|   0|  0|  22|          15|          15|
    |add_ln58_fu_61395_p2       |         +|   0|  0|  17|          10|           8|
    |sub_ln42_10_fu_62802_p2    |         -|   0|  0|  22|          15|          15|
    |sub_ln42_11_fu_63303_p2    |         -|   0|  0|  21|          14|          14|
    |sub_ln42_12_fu_63452_p2    |         -|   0|  0|  20|          13|          13|
    |sub_ln42_13_fu_63612_p2    |         -|   0|  0|  21|          14|          14|
    |sub_ln42_14_fu_63692_p2    |         -|   0|  0|  23|          16|          16|
    |sub_ln42_15_fu_63852_p2    |         -|   0|  0|  20|          13|          13|
    |sub_ln42_16_fu_64415_p2    |         -|   0|  0|  21|          14|          14|
    |sub_ln42_2_fu_60628_p2     |         -|   0|  0|  22|          15|          15|
    |sub_ln42_3_fu_60859_p2     |         -|   0|  0|  23|          16|          16|
    |sub_ln42_4_fu_60955_p2     |         -|   0|  0|  22|          15|          15|
    |sub_ln42_5_fu_61754_p2     |         -|   0|  0|  22|          15|          15|
    |sub_ln42_6_fu_61192_p2     |         -|   0|  0|  20|          13|          13|
    |sub_ln42_7_fu_62019_p2     |         -|   0|  0|  22|          15|          15|
    |sub_ln42_8_fu_62366_p2     |         -|   0|  0|  21|          14|          14|
    |sub_ln42_9_fu_62621_p2     |         -|   0|  0|  19|          12|          12|
    |sub_ln42_fu_60593_p2       |         -|   0|  0|  21|          14|          14|
    |sub_ln73_19_fu_60336_p2    |         -|   0|  0|  22|           1|          15|
    |sub_ln73_1_fu_62460_p2     |         -|   0|  0|  17|           1|          10|
    |sub_ln73_20_fu_60432_p2    |         -|   0|  0|  21|          14|          14|
    |sub_ln73_21_fu_60558_p2    |         -|   0|  0|  19|          12|          12|
    |sub_ln73_22_fu_61621_p2    |         -|   0|  0|  18|           1|          11|
    |sub_ln73_23_fu_60662_p2    |         -|   0|  0|  21|           1|          14|
    |sub_ln73_24_fu_60672_p2    |         -|   0|  0|  22|          15|          15|
    |sub_ln73_25_fu_60723_p2    |         -|   0|  0|  22|          15|          15|
    |sub_ln73_26_fu_61655_p2    |         -|   0|  0|  24|           1|          17|
    |sub_ln73_27_fu_61665_p2    |         -|   0|  0|  25|          18|          18|
    |sub_ln73_28_fu_60886_p2    |         -|   0|  0|  21|          14|          14|
    |sub_ln73_29_fu_60971_p2    |         -|   0|  0|  23|           1|          16|
    |sub_ln73_2_fu_63237_p2     |         -|   0|  0|  17|           1|          10|
    |sub_ln73_30_fu_60985_p2    |         -|   0|  0|  24|          17|          17|
    |sub_ln73_31_fu_61778_p2    |         -|   0|  0|  22|           1|          15|
    |sub_ln73_32_fu_61796_p2    |         -|   0|  0|  23|          16|          16|
    |sub_ln73_33_fu_61827_p2    |         -|   0|  0|  21|           1|          14|
    |sub_ln73_34_fu_61837_p2    |         -|   0|  0|  22|          15|          15|
    |sub_ln73_35_fu_61871_p2    |         -|   0|  0|  20|          13|          13|
    |sub_ln73_36_fu_61208_p2    |         -|   0|  0|  20|           1|          13|
    |sub_ln73_37_fu_61967_p2    |         -|   0|  0|  22|           1|          15|
    |sub_ln73_38_fu_61988_p2    |         -|   0|  0|  23|          16|          16|
    |sub_ln73_39_fu_62112_p2    |         -|   0|  0|  23|           1|          16|
    |sub_ln73_3_fu_61295_p2     |         -|   0|  0|  17|           1|          10|
    |sub_ln73_40_fu_62126_p2    |         -|   0|  0|  24|          17|          17|
    |sub_ln73_41_fu_62198_p2    |         -|   0|  0|  21|          14|          14|
    |sub_ln73_42_fu_62272_p2    |         -|   0|  0|  20|          13|          13|
    |sub_ln73_43_fu_62404_p2    |         -|   0|  0|  18|           1|          11|
    |sub_ln73_44_fu_62539_p2    |         -|   0|  0|  21|          14|          14|
    |sub_ln73_45_fu_61269_p2    |         -|   0|  0|  18|           1|          11|
    |sub_ln73_46_fu_62656_p2    |         -|   0|  0|  22|          15|          15|
    |sub_ln73_47_fu_62712_p2    |         -|   0|  0|  21|           1|          14|
    |sub_ln73_48_fu_62737_p2    |         -|   0|  0|  22|          15|          15|
    |sub_ln73_49_fu_62779_p2    |         -|   0|  0|  22|          15|          15|
    |sub_ln73_50_fu_62865_p2    |         -|   0|  0|  23|           1|          16|
    |sub_ln73_51_fu_62875_p2    |         -|   0|  0|  24|          17|          17|
    |sub_ln73_52_fu_63002_p2    |         -|   0|  0|  21|           1|          14|
    |sub_ln73_53_fu_63066_p2    |         -|   0|  0|  22|          15|          15|
    |sub_ln73_54_fu_63111_p2    |         -|   0|  0|  19|          12|          12|
    |sub_ln73_55_fu_63168_p2    |         -|   0|  0|  20|           1|          13|
    |sub_ln73_56_fu_63359_p2    |         -|   0|  0|  18|           1|          11|
    |sub_ln73_57_fu_63512_p2    |         -|   0|  0|  20|           1|          13|
    |sub_ln73_58_fu_63522_p2    |         -|   0|  0|  21|          14|          14|
    |sub_ln73_59_fu_63577_p2    |         -|   0|  0|  19|          12|          12|
    |sub_ln73_60_fu_63661_p2    |         -|   0|  0|  22|          15|          15|
    |sub_ln73_61_fu_63790_p2    |         -|   0|  0|  21|          14|          14|
    |sub_ln73_62_fu_61329_p2    |         -|   0|  0|  22|           1|          15|
    |sub_ln73_63_fu_61339_p2    |         -|   0|  0|  23|          16|          16|
    |sub_ln73_64_fu_63910_p2    |         -|   0|  0|  21|           1|          14|
    |sub_ln73_65_fu_63934_p2    |         -|   0|  0|  18|           1|          11|
    |sub_ln73_66_fu_64136_p2    |         -|   0|  0|  22|           1|          15|
    |sub_ln73_67_fu_64157_p2    |         -|   0|  0|  23|          16|          16|
    |sub_ln73_68_fu_61369_p2    |         -|   0|  0|  19|           1|          12|
    |sub_ln73_69_fu_61379_p2    |         -|   0|  0|  20|          13|          13|
    |sub_ln73_70_fu_64276_p2    |         -|   0|  0|  21|          14|          14|
    |sub_ln73_71_fu_64313_p2    |         -|   0|  0|  21|           1|          14|
    |sub_ln73_72_fu_64323_p2    |         -|   0|  0|  22|          15|          15|
    |sub_ln73_73_fu_64343_p2    |         -|   0|  0|  18|           1|          11|
    |sub_ln73_fu_61090_p2       |         -|   0|  0|  17|           1|          10|
    |ap_block_pp0_stage0_11001  |        or|   0|  0|   2|           1|           1|
    |ap_enable_pp0              |       xor|   0|  0|   2|           1|           2|
    +---------------------------+----------+----+---+----+------------+------------+
    |Total                      |          |   0|  0|5080|        3157|        3485|
    +---------------------------+----------+----+---+----+------------+------------+

    * Multiplexer: 
    +--------------+----+-----------+-----+-----------+
    |     Name     | LUT| Input Size| Bits| Total Bits|
    +--------------+----+-----------+-----+-----------+
    |ap_done       |   9|          2|    1|          2|
    |ap_return_0   |   9|          2|   16|         32|
    |ap_return_1   |   9|          2|   16|         32|
    |ap_return_10  |   9|          2|   16|         32|
    |ap_return_11  |   9|          2|   16|         32|
    |ap_return_12  |   9|          2|   16|         32|
    |ap_return_2   |   9|          2|   16|         32|
    |ap_return_3   |   9|          2|   16|         32|
    |ap_return_4   |   9|          2|   16|         32|
    |ap_return_5   |   9|          2|   16|         32|
    |ap_return_6   |   9|          2|   16|         32|
    |ap_return_7   |   9|          2|   16|         32|
    |ap_return_8   |   9|          2|   16|         32|
    |ap_return_9   |   9|          2|   16|         32|
    +--------------+----+-----------+-----+-----------+
    |Total         | 126|         28|  209|        418|
    +--------------+----+-----------+-----+-----------+

    * Register: 
    +--------------------------------------+----+----+-----+-----------+
    |                 Name                 | FF | LUT| Bits| Const Bits|
    +--------------------------------------+----+----+-----+-----------+
    |add_ln58_180_reg_66218                |  12|   0|   12|          0|
    |add_ln58_182_reg_66223                |  11|   0|   11|          0|
    |add_ln58_183_reg_66228                |  12|   0|   12|          0|
    |add_ln58_187_reg_66363                |  13|   0|   13|          0|
    |add_ln58_188_reg_66368                |  13|   0|   13|          0|
    |add_ln58_190_reg_66373                |  10|   0|   10|          0|
    |add_ln58_194_reg_66378                |  11|   0|   11|          0|
    |add_ln58_197_reg_66233                |  12|   0|   12|          0|
    |add_ln58_199_reg_66383                |  13|   0|   13|          0|
    |add_ln58_201_reg_66388                |  13|   0|   13|          0|
    |add_ln58_203_reg_66393                |  11|   0|   11|          0|
    |add_ln58_206_reg_66398                |  10|   0|   10|          0|
    |add_ln58_211_reg_66238                |  13|   0|   13|          0|
    |add_ln58_214_reg_66243                |  10|   0|   10|          0|
    |add_ln58_215_reg_66403                |  13|   0|   13|          0|
    |add_ln58_217_reg_66408                |  13|   0|   13|          0|
    |add_ln58_221_reg_66413                |  13|   0|   13|          0|
    |add_ln58_223_reg_66418                |  13|   0|   13|          0|
    |add_ln58_224_reg_66423                |  12|   0|   12|          0|
    |add_ln58_227_reg_66428                |  13|   0|   13|          0|
    |add_ln58_229_reg_66433                |  11|   0|   11|          0|
    |add_ln58_231_reg_66438                |  11|   0|   11|          0|
    |add_ln58_239_reg_66443                |  15|   0|   15|          0|
    |add_ln58_241_reg_66448                |  14|   0|   14|          0|
    |add_ln58_246_reg_66453                |  12|   0|   12|          0|
    |add_ln58_248_reg_66458                |  13|   0|   13|          0|
    |add_ln58_249_reg_66463                |  12|   0|   12|          0|
    |add_ln58_252_reg_66468                |  12|   0|   12|          0|
    |add_ln58_254_reg_66473                |  12|   0|   12|          0|
    |add_ln58_256_reg_66478                |  11|   0|   11|          0|
    |add_ln58_260_reg_66248                |  14|   0|   14|          0|
    |add_ln58_261_reg_66253                |  12|   0|   12|          0|
    |add_ln58_263_reg_66483                |  15|   0|   15|          0|
    |add_ln58_264_reg_66488                |  13|   0|   13|          0|
    |add_ln58_267_reg_66493                |  11|   0|   11|          0|
    |add_ln58_269_reg_66498                |  11|   0|   11|          0|
    |add_ln58_274_reg_66258                |  12|   0|   12|          0|
    |add_ln58_274_reg_66258_pp0_iter2_reg  |  12|   0|   12|          0|
    |add_ln58_275_reg_66503                |  12|   0|   12|          0|
    |add_ln58_278_reg_66508                |  13|   0|   13|          0|
    |add_ln58_282_reg_66263                |   7|   0|    7|          0|
    |add_ln58_284_reg_66513                |  12|   0|   12|          0|
    |add_ln58_288_reg_66518                |  14|   0|   14|          0|
    |add_ln58_289_reg_66523                |  12|   0|   12|          0|
    |add_ln58_292_reg_66528                |  12|   0|   12|          0|
    |add_ln58_294_reg_66533                |  11|   0|   11|          0|
    |add_ln58_295_reg_66538                |   9|   0|    9|          0|
    |add_ln58_298_reg_66268                |  13|   0|   13|          0|
    |add_ln58_298_reg_66268_pp0_iter2_reg  |  13|   0|   13|          0|
    |add_ln58_299_reg_66273                |  13|   0|   13|          0|
    |add_ln58_299_reg_66273_pp0_iter2_reg  |  13|   0|   13|          0|
    |add_ln58_301_reg_66543                |  12|   0|   12|          0|
    |add_ln58_302_reg_66548                |  11|   0|   11|          0|
    |add_ln58_305_reg_66553                |  13|   0|   13|          0|
    |add_ln58_307_reg_66558                |  12|   0|   12|          0|
    |add_ln58_312_reg_66278                |  11|   0|   11|          0|
    |add_ln58_313_reg_66283                |  12|   0|   12|          0|
    |add_ln58_317_reg_66563                |  15|   0|   15|          0|
    |add_ln58_319_reg_66568                |  13|   0|   13|          0|
    |add_ln58_321_reg_66573                |  12|   0|   12|          0|
    |add_ln58_322_reg_66578                |  12|   0|   12|          0|
    |add_ln58_326_reg_66288                |  11|   0|   11|          0|
    |add_ln58_327_reg_66583                |  14|   0|   14|          0|
    |add_ln58_328_reg_66588                |  13|   0|   13|          0|
    |add_ln58_332_reg_66593                |  10|   0|   10|          0|
    |add_ln58_336_reg_66598                |  10|   0|   10|          0|
    |add_ln58_342_reg_66603                |  12|   0|   12|          0|
    |add_ln58_344_reg_66608                |  13|   0|   13|          0|
    |add_ln58_346_reg_66613                |  10|   0|   10|          0|
    |add_ln58_348_reg_66618                |  13|   0|   13|          0|
    |add_ln58_349_reg_66623                |  10|   0|   10|          0|
    |ap_CS_fsm                             |   1|   0|    1|          0|
    |ap_done_reg                           |   1|   0|    1|          0|
    |ap_enable_reg_pp0_iter1               |   1|   0|    1|          0|
    |ap_enable_reg_pp0_iter2               |   1|   0|    1|          0|
    |ap_enable_reg_pp0_iter3               |   1|   0|    1|          0|
    |ap_return_0_preg                      |  16|   0|   16|          0|
    |ap_return_10_preg                     |  16|   0|   16|          0|
    |ap_return_11_preg                     |  16|   0|   16|          0|
    |ap_return_12_preg                     |  16|   0|   16|          0|
    |ap_return_1_preg                      |  16|   0|   16|          0|
    |ap_return_2_preg                      |  16|   0|   16|          0|
    |ap_return_3_preg                      |  16|   0|   16|          0|
    |ap_return_4_preg                      |  16|   0|   16|          0|
    |ap_return_5_preg                      |  16|   0|   16|          0|
    |ap_return_6_preg                      |  16|   0|   16|          0|
    |ap_return_7_preg                      |  16|   0|   16|          0|
    |ap_return_8_preg                      |  16|   0|   16|          0|
    |ap_return_9_preg                      |  16|   0|   16|          0|
    |mult_102_reg_66348                    |   8|   0|    8|          0|
    |mult_103_reg_66092                    |   8|   0|    8|          0|
    |mult_103_reg_66092_pp0_iter1_reg      |   8|   0|    8|          0|
    |mult_104_reg_66097                    |   7|   0|    7|          0|
    |mult_104_reg_66097_pp0_iter1_reg      |   7|   0|    7|          0|
    |mult_107_reg_66107                    |   5|   0|    5|          0|
    |mult_107_reg_66107_pp0_iter1_reg      |   5|   0|    5|          0|
    |mult_108_reg_66112                    |   4|   0|    4|          0|
    |mult_108_reg_66112_pp0_iter1_reg      |   4|   0|    4|          0|
    |mult_91_reg_66077                     |   8|   0|    8|          0|
    |mult_94_reg_66308                     |  10|   0|   10|          0|
    |mult_97_reg_66328                     |   9|   0|    9|          0|
    |mult_98_reg_66338                     |   8|   0|    8|          0|
    |mult_99_reg_66343                     |   9|   0|    9|          0|
    |mult_s_reg_66072                      |   8|   0|    8|          0|
    |p_read1035_reg_65922                  |   9|   0|    9|          0|
    |p_read1035_reg_65922_pp0_iter1_reg    |   9|   0|    9|          0|
    |p_read1136_reg_65909                  |   9|   0|    9|          0|
    |p_read1136_reg_65909_pp0_iter1_reg    |   9|   0|    9|          0|
    |p_read1237_reg_65898                  |   9|   0|    9|          0|
    |p_read1237_reg_65898_pp0_iter1_reg    |   9|   0|    9|          0|
    |p_read126_reg_66043                   |   9|   0|    9|          0|
    |p_read126_reg_66043_pp0_iter1_reg     |   9|   0|    9|          0|
    |p_read1338_reg_65886                  |   9|   0|    9|          0|
    |p_read1338_reg_65886_pp0_iter1_reg    |   9|   0|    9|          0|
    |p_read227_reg_66030                   |   9|   0|    9|          0|
    |p_read25_reg_66058                    |   9|   0|    9|          0|
    |p_read328_reg_66016                   |   9|   0|    9|          0|
    |p_read328_reg_66016_pp0_iter1_reg     |   9|   0|    9|          0|
    |p_read429_reg_66001                   |   9|   0|    9|          0|
    |p_read429_reg_66001_pp0_iter1_reg     |   9|   0|    9|          0|
    |p_read530_reg_65989                   |   9|   0|    9|          0|
    |p_read530_reg_65989_pp0_iter1_reg     |   9|   0|    9|          0|
    |p_read631_reg_65975                   |   9|   0|    9|          0|
    |p_read631_reg_65975_pp0_iter1_reg     |   9|   0|    9|          0|
    |p_read732_reg_65962                   |   9|   0|    9|          0|
    |p_read732_reg_65962_pp0_iter1_reg     |   9|   0|    9|          0|
    |p_read833_reg_65950                   |   9|   0|    9|          0|
    |p_read833_reg_65950_pp0_iter1_reg     |   9|   0|    9|          0|
    |p_read934_reg_65938                   |   9|   0|    9|          0|
    |p_read934_reg_65938_pp0_iter1_reg     |   9|   0|    9|          0|
    |shl_ln73_75_reg_66202                 |   9|   0|   10|          1|
    |tmp_114_reg_66132                     |   9|   0|    9|          0|
    |tmp_116_reg_66137                     |   8|   0|    8|          0|
    |tmp_121_reg_66147                     |  11|   0|   11|          0|
    |tmp_124_reg_66162                     |   9|   0|    9|          0|
    |tmp_125_reg_66167                     |   8|   0|    8|          0|
    |tmp_129_reg_66187                     |  10|   0|   10|          0|
    |tmp_130_reg_66197                     |  10|   0|   10|          0|
    |tmp_139_reg_66313                     |  10|   0|   10|          0|
    |tmp_141_reg_66082                     |   5|   0|    5|          0|
    |tmp_141_reg_66082_pp0_iter1_reg       |   5|   0|    5|          0|
    |tmp_143_reg_66318                     |  11|   0|   11|          0|
    |tmp_149_reg_66087                     |   4|   0|    4|          0|
    |tmp_149_reg_66087_pp0_iter1_reg       |   4|   0|    4|          0|
    |tmp_152_reg_66102                     |   4|   0|    4|          0|
    |tmp_152_reg_66102_pp0_iter1_reg       |   4|   0|    4|          0|
    |tmp_153_reg_66353                     |  10|   0|   10|          0|
    |tmp_154_reg_66358                     |  10|   0|   10|          0|
    |trunc_ln17_10_reg_66127               |  11|   0|   11|          0|
    |trunc_ln42_100_reg_66213              |   8|   0|    8|          0|
    |trunc_ln42_14_reg_66142               |   9|   0|    9|          0|
    |trunc_ln42_17_reg_66152               |   9|   0|    9|          0|
    |trunc_ln42_18_reg_66157               |  10|   0|   10|          0|
    |trunc_ln42_22_reg_66172               |  10|   0|   10|          0|
    |trunc_ln42_27_reg_66177               |  11|   0|   11|          0|
    |trunc_ln42_30_reg_66182               |   8|   0|    8|          0|
    |trunc_ln42_37_reg_66293               |  11|   0|   11|          0|
    |trunc_ln42_38_reg_66192               |  10|   0|   10|          0|
    |trunc_ln42_4_reg_66122                |  12|   0|   12|          0|
    |trunc_ln42_58_reg_66298               |  10|   0|   10|          0|
    |trunc_ln42_62_reg_66303               |  12|   0|   12|          0|
    |trunc_ln42_73_reg_66323               |  10|   0|   10|          0|
    |trunc_ln42_78_reg_66333               |  12|   0|   12|          0|
    |trunc_ln42_87_reg_66208               |  11|   0|   11|          0|
    |trunc_ln7_reg_66117                   |  10|   0|   10|          0|
    +--------------------------------------+----+----+-----+-----------+
    |Total                                 |1727|   0| 1728|          1|
    +--------------------------------------+----+----+-----+-----------+



================================================================
== Interface
================================================================
* Summary: 
+--------------+-----+-----+------------+-----------------------------------------------------------------------------+--------------+
|   RTL Ports  | Dir | Bits|  Protocol  |                                Source Object                                |    C Type    |
+--------------+-----+-----+------------+-----------------------------------------------------------------------------+--------------+
|ap_clk        |   in|    1|  ap_ctrl_hs|  dense_latency<ap_ufixed<9, 0, 4, 0, 0>, ap_fixed<16, 6, 5, 3, 0>, config16>|  return value|
|ap_rst        |   in|    1|  ap_ctrl_hs|  dense_latency<ap_ufixed<9, 0, 4, 0, 0>, ap_fixed<16, 6, 5, 3, 0>, config16>|  return value|
|ap_start      |   in|    1|  ap_ctrl_hs|  dense_latency<ap_ufixed<9, 0, 4, 0, 0>, ap_fixed<16, 6, 5, 3, 0>, config16>|  return value|
|ap_done       |  out|    1|  ap_ctrl_hs|  dense_latency<ap_ufixed<9, 0, 4, 0, 0>, ap_fixed<16, 6, 5, 3, 0>, config16>|  return value|
|ap_continue   |   in|    1|  ap_ctrl_hs|  dense_latency<ap_ufixed<9, 0, 4, 0, 0>, ap_fixed<16, 6, 5, 3, 0>, config16>|  return value|
|ap_idle       |  out|    1|  ap_ctrl_hs|  dense_latency<ap_ufixed<9, 0, 4, 0, 0>, ap_fixed<16, 6, 5, 3, 0>, config16>|  return value|
|ap_ready      |  out|    1|  ap_ctrl_hs|  dense_latency<ap_ufixed<9, 0, 4, 0, 0>, ap_fixed<16, 6, 5, 3, 0>, config16>|  return value|
|ap_return_0   |  out|   16|  ap_ctrl_hs|  dense_latency<ap_ufixed<9, 0, 4, 0, 0>, ap_fixed<16, 6, 5, 3, 0>, config16>|  return value|
|ap_return_1   |  out|   16|  ap_ctrl_hs|  dense_latency<ap_ufixed<9, 0, 4, 0, 0>, ap_fixed<16, 6, 5, 3, 0>, config16>|  return value|
|ap_return_2   |  out|   16|  ap_ctrl_hs|  dense_latency<ap_ufixed<9, 0, 4, 0, 0>, ap_fixed<16, 6, 5, 3, 0>, config16>|  return value|
|ap_return_3   |  out|   16|  ap_ctrl_hs|  dense_latency<ap_ufixed<9, 0, 4, 0, 0>, ap_fixed<16, 6, 5, 3, 0>, config16>|  return value|
|ap_return_4   |  out|   16|  ap_ctrl_hs|  dense_latency<ap_ufixed<9, 0, 4, 0, 0>, ap_fixed<16, 6, 5, 3, 0>, config16>|  return value|
|ap_return_5   |  out|   16|  ap_ctrl_hs|  dense_latency<ap_ufixed<9, 0, 4, 0, 0>, ap_fixed<16, 6, 5, 3, 0>, config16>|  return value|
|ap_return_6   |  out|   16|  ap_ctrl_hs|  dense_latency<ap_ufixed<9, 0, 4, 0, 0>, ap_fixed<16, 6, 5, 3, 0>, config16>|  return value|
|ap_return_7   |  out|   16|  ap_ctrl_hs|  dense_latency<ap_ufixed<9, 0, 4, 0, 0>, ap_fixed<16, 6, 5, 3, 0>, config16>|  return value|
|ap_return_8   |  out|   16|  ap_ctrl_hs|  dense_latency<ap_ufixed<9, 0, 4, 0, 0>, ap_fixed<16, 6, 5, 3, 0>, config16>|  return value|
|ap_return_9   |  out|   16|  ap_ctrl_hs|  dense_latency<ap_ufixed<9, 0, 4, 0, 0>, ap_fixed<16, 6, 5, 3, 0>, config16>|  return value|
|ap_return_10  |  out|   16|  ap_ctrl_hs|  dense_latency<ap_ufixed<9, 0, 4, 0, 0>, ap_fixed<16, 6, 5, 3, 0>, config16>|  return value|
|ap_return_11  |  out|   16|  ap_ctrl_hs|  dense_latency<ap_ufixed<9, 0, 4, 0, 0>, ap_fixed<16, 6, 5, 3, 0>, config16>|  return value|
|ap_return_12  |  out|   16|  ap_ctrl_hs|  dense_latency<ap_ufixed<9, 0, 4, 0, 0>, ap_fixed<16, 6, 5, 3, 0>, config16>|  return value|
|p_read        |   in|    9|     ap_none|                                                                       p_read|        scalar|
|p_read1       |   in|    9|     ap_none|                                                                      p_read1|        scalar|
|p_read2       |   in|    9|     ap_none|                                                                      p_read2|        scalar|
|p_read3       |   in|    9|     ap_none|                                                                      p_read3|        scalar|
|p_read4       |   in|    9|     ap_none|                                                                      p_read4|        scalar|
|p_read5       |   in|    9|     ap_none|                                                                      p_read5|        scalar|
|p_read6       |   in|    9|     ap_none|                                                                      p_read6|        scalar|
|p_read7       |   in|    9|     ap_none|                                                                      p_read7|        scalar|
|p_read8       |   in|    9|     ap_none|                                                                      p_read8|        scalar|
|p_read9       |   in|    9|     ap_none|                                                                      p_read9|        scalar|
|p_read10      |   in|    9|     ap_none|                                                                     p_read10|        scalar|
|p_read11      |   in|    9|     ap_none|                                                                     p_read11|        scalar|
|p_read12      |   in|    9|     ap_none|                                                                     p_read12|        scalar|
|p_read13      |   in|    9|     ap_none|                                                                     p_read13|        scalar|
+--------------+-----+-----+------------+-----------------------------------------------------------------------------+--------------+

