

================================================================
== Vitis HLS Report for 'relu_ap_fixed_16_6_5_3_0_ap_ufixed_9_0_4_0_0_relu_config18_s'
================================================================
* Date:           Sat Oct 12 13:28:36 2024

* Version:        2023.2 (Build 4023990 on Oct 11 2023)
* Project:        JetTagger_prj
* Solution:       solution1 (Vivado IP Flow Target)
* Product family: virtexuplus
* Target device:  xcvu9p-flga2104-2L-e


================================================================
== Performance Estimates
================================================================
+ Timing: 
    * Summary: 
    +--------+---------+----------+------------+
    |  Clock |  Target | Estimated| Uncertainty|
    +--------+---------+----------+------------+
    |ap_clk  |  2.80 ns|  2.218 ns|     0.35 ns|
    +--------+---------+----------+------------+

+ Latency: 
    * Summary: 
    +---------+---------+----------+----------+-----+-----+---------+
    |  Latency (cycles) |  Latency (absolute) |  Interval | Pipeline|
    |   min   |   max   |    min   |    max   | min | max |   Type  |
    +---------+---------+----------+----------+-----+-----+---------+
    |        1|        1|  2.800 ns|  2.800 ns|    1|    1|      yes|
    +---------+---------+----------+----------+-----+-----+---------+

    + Detail: 
        * Instance: 
        N/A

        * Loop: 
        N/A



================================================================
== Utilization Estimates
================================================================
* Summary: 
+---------------------+---------+------+---------+---------+-----+
|         Name        | BRAM_18K|  DSP |    FF   |   LUT   | URAM|
+---------------------+---------+------+---------+---------+-----+
|DSP                  |        -|     -|        -|        -|    -|
|Expression           |        -|     -|        0|     2504|    -|
|FIFO                 |        -|     -|        -|        -|    -|
|Instance             |        -|     -|        -|        -|    -|
|Memory               |        -|     -|        -|        -|    -|
|Multiplexer          |        -|     -|        -|      189|    -|
|Register             |        -|     -|      443|        -|    -|
+---------------------+---------+------+---------+---------+-----+
|Total                |        0|     0|      443|     2693|    0|
+---------------------+---------+------+---------+---------+-----+
|Available SLR        |     1440|  2280|   788160|   394080|  320|
+---------------------+---------+------+---------+---------+-----+
|Utilization SLR (%)  |        0|     0|       ~0|       ~0|    0|
+---------------------+---------+------+---------+---------+-----+
|Available            |     4320|  6840|  2364480|  1182240|  960|
+---------------------+---------+------+---------+---------+-----+
|Utilization (%)      |        0|     0|       ~0|       ~0|    0|
+---------------------+---------+------+---------+---------+-----+

+ Detail: 
    * Instance: 
    N/A

    * DSP: 
    N/A

    * Memory: 
    N/A

    * FIFO: 
    N/A

    * Expression: 
    +-----------------------------+----------+----+---+----+------------+------------+
    |        Variable Name        | Operation| DSP| FF| LUT| Bitwidth P0| Bitwidth P1|
    +-----------------------------+----------+----+---+----+------------+------------+
    |add_ln46_939_fu_386_p2       |         +|   0|  0|  16|           9|           9|
    |add_ln46_940_fu_516_p2       |         +|   0|  0|  16|           9|           9|
    |add_ln46_941_fu_646_p2       |         +|   0|  0|  16|           9|           9|
    |add_ln46_942_fu_776_p2       |         +|   0|  0|  16|           9|           9|
    |add_ln46_943_fu_906_p2       |         +|   0|  0|  16|           9|           9|
    |add_ln46_944_fu_1036_p2      |         +|   0|  0|  16|           9|           9|
    |add_ln46_945_fu_1166_p2      |         +|   0|  0|  16|           9|           9|
    |add_ln46_946_fu_1296_p2      |         +|   0|  0|  16|           9|           9|
    |add_ln46_947_fu_1426_p2      |         +|   0|  0|  16|           9|           9|
    |add_ln46_948_fu_1556_p2      |         +|   0|  0|  16|           9|           9|
    |add_ln46_949_fu_1686_p2      |         +|   0|  0|  16|           9|           9|
    |add_ln46_950_fu_1816_p2      |         +|   0|  0|  16|           9|           9|
    |add_ln46_951_fu_1946_p2      |         +|   0|  0|  16|           9|           9|
    |add_ln46_952_fu_2076_p2      |         +|   0|  0|  16|           9|           9|
    |add_ln46_953_fu_2206_p2      |         +|   0|  0|  16|           9|           9|
    |add_ln46_954_fu_2336_p2      |         +|   0|  0|  16|           9|           9|
    |add_ln46_955_fu_2466_p2      |         +|   0|  0|  16|           9|           9|
    |add_ln46_956_fu_2596_p2      |         +|   0|  0|  16|           9|           9|
    |add_ln46_957_fu_2726_p2      |         +|   0|  0|  16|           9|           9|
    |add_ln46_fu_256_p2           |         +|   0|  0|  16|           9|           9|
    |and_ln46_2821_fu_326_p2      |       and|   0|  0|   2|           1|           1|
    |and_ln46_2822_fu_2815_p2     |       and|   0|  0|   2|           1|           1|
    |and_ln46_2823_fu_376_p2      |       and|   0|  0|   2|           1|           1|
    |and_ln46_2824_fu_456_p2      |       and|   0|  0|   2|           1|           1|
    |and_ln46_2825_fu_2875_p2     |       and|   0|  0|   2|           1|           1|
    |and_ln46_2826_fu_506_p2      |       and|   0|  0|   2|           1|           1|
    |and_ln46_2827_fu_586_p2      |       and|   0|  0|   2|           1|           1|
    |and_ln46_2828_fu_2935_p2     |       and|   0|  0|   2|           1|           1|
    |and_ln46_2829_fu_636_p2      |       and|   0|  0|   2|           1|           1|
    |and_ln46_2830_fu_716_p2      |       and|   0|  0|   2|           1|           1|
    |and_ln46_2831_fu_2995_p2     |       and|   0|  0|   2|           1|           1|
    |and_ln46_2832_fu_766_p2      |       and|   0|  0|   2|           1|           1|
    |and_ln46_2833_fu_846_p2      |       and|   0|  0|   2|           1|           1|
    |and_ln46_2834_fu_3055_p2     |       and|   0|  0|   2|           1|           1|
    |and_ln46_2835_fu_896_p2      |       and|   0|  0|   2|           1|           1|
    |and_ln46_2836_fu_976_p2      |       and|   0|  0|   2|           1|           1|
    |and_ln46_2837_fu_3115_p2     |       and|   0|  0|   2|           1|           1|
    |and_ln46_2838_fu_1026_p2     |       and|   0|  0|   2|           1|           1|
    |and_ln46_2839_fu_1106_p2     |       and|   0|  0|   2|           1|           1|
    |and_ln46_2840_fu_3175_p2     |       and|   0|  0|   2|           1|           1|
    |and_ln46_2841_fu_1156_p2     |       and|   0|  0|   2|           1|           1|
    |and_ln46_2842_fu_1236_p2     |       and|   0|  0|   2|           1|           1|
    |and_ln46_2843_fu_3235_p2     |       and|   0|  0|   2|           1|           1|
    |and_ln46_2844_fu_1286_p2     |       and|   0|  0|   2|           1|           1|
    |and_ln46_2845_fu_1366_p2     |       and|   0|  0|   2|           1|           1|
    |and_ln46_2846_fu_3295_p2     |       and|   0|  0|   2|           1|           1|
    |and_ln46_2847_fu_1416_p2     |       and|   0|  0|   2|           1|           1|
    |and_ln46_2848_fu_1496_p2     |       and|   0|  0|   2|           1|           1|
    |and_ln46_2849_fu_3355_p2     |       and|   0|  0|   2|           1|           1|
    |and_ln46_2850_fu_1546_p2     |       and|   0|  0|   2|           1|           1|
    |and_ln46_2851_fu_1626_p2     |       and|   0|  0|   2|           1|           1|
    |and_ln46_2852_fu_3415_p2     |       and|   0|  0|   2|           1|           1|
    |and_ln46_2853_fu_1676_p2     |       and|   0|  0|   2|           1|           1|
    |and_ln46_2854_fu_1756_p2     |       and|   0|  0|   2|           1|           1|
    |and_ln46_2855_fu_3475_p2     |       and|   0|  0|   2|           1|           1|
    |and_ln46_2856_fu_1806_p2     |       and|   0|  0|   2|           1|           1|
    |and_ln46_2857_fu_1886_p2     |       and|   0|  0|   2|           1|           1|
    |and_ln46_2858_fu_3535_p2     |       and|   0|  0|   2|           1|           1|
    |and_ln46_2859_fu_1936_p2     |       and|   0|  0|   2|           1|           1|
    |and_ln46_2860_fu_2016_p2     |       and|   0|  0|   2|           1|           1|
    |and_ln46_2861_fu_3595_p2     |       and|   0|  0|   2|           1|           1|
    |and_ln46_2862_fu_2066_p2     |       and|   0|  0|   2|           1|           1|
    |and_ln46_2863_fu_2146_p2     |       and|   0|  0|   2|           1|           1|
    |and_ln46_2864_fu_3655_p2     |       and|   0|  0|   2|           1|           1|
    |and_ln46_2865_fu_2196_p2     |       and|   0|  0|   2|           1|           1|
    |and_ln46_2866_fu_2276_p2     |       and|   0|  0|   2|           1|           1|
    |and_ln46_2867_fu_3715_p2     |       and|   0|  0|   2|           1|           1|
    |and_ln46_2868_fu_2326_p2     |       and|   0|  0|   2|           1|           1|
    |and_ln46_2869_fu_2406_p2     |       and|   0|  0|   2|           1|           1|
    |and_ln46_2870_fu_3775_p2     |       and|   0|  0|   2|           1|           1|
    |and_ln46_2871_fu_2456_p2     |       and|   0|  0|   2|           1|           1|
    |and_ln46_2872_fu_2536_p2     |       and|   0|  0|   2|           1|           1|
    |and_ln46_2873_fu_3835_p2     |       and|   0|  0|   2|           1|           1|
    |and_ln46_2874_fu_2586_p2     |       and|   0|  0|   2|           1|           1|
    |and_ln46_2875_fu_2666_p2     |       and|   0|  0|   2|           1|           1|
    |and_ln46_2876_fu_3895_p2     |       and|   0|  0|   2|           1|           1|
    |and_ln46_2877_fu_2716_p2     |       and|   0|  0|   2|           1|           1|
    |and_ln46_2878_fu_2796_p2     |       and|   0|  0|   2|           1|           1|
    |and_ln46_2879_fu_3955_p2     |       and|   0|  0|   2|           1|           1|
    |and_ln46_3833_fu_320_p2      |       and|   0|  0|   2|           1|           1|
    |and_ln46_3834_fu_2824_p2     |       and|   0|  0|   2|           1|           1|
    |and_ln46_3835_fu_450_p2      |       and|   0|  0|   2|           1|           1|
    |and_ln46_3836_fu_2884_p2     |       and|   0|  0|   2|           1|           1|
    |and_ln46_3837_fu_580_p2      |       and|   0|  0|   2|           1|           1|
    |and_ln46_3838_fu_2944_p2     |       and|   0|  0|   2|           1|           1|
    |and_ln46_3839_fu_710_p2      |       and|   0|  0|   2|           1|           1|
    |and_ln46_3840_fu_3004_p2     |       and|   0|  0|   2|           1|           1|
    |and_ln46_3841_fu_840_p2      |       and|   0|  0|   2|           1|           1|
    |and_ln46_3842_fu_3064_p2     |       and|   0|  0|   2|           1|           1|
    |and_ln46_3843_fu_970_p2      |       and|   0|  0|   2|           1|           1|
    |and_ln46_3844_fu_3124_p2     |       and|   0|  0|   2|           1|           1|
    |and_ln46_3845_fu_1100_p2     |       and|   0|  0|   2|           1|           1|
    |and_ln46_3846_fu_3184_p2     |       and|   0|  0|   2|           1|           1|
    |and_ln46_3847_fu_1230_p2     |       and|   0|  0|   2|           1|           1|
    |and_ln46_3848_fu_3244_p2     |       and|   0|  0|   2|           1|           1|
    |and_ln46_3849_fu_1360_p2     |       and|   0|  0|   2|           1|           1|
    |and_ln46_3850_fu_3304_p2     |       and|   0|  0|   2|           1|           1|
    |and_ln46_3851_fu_1490_p2     |       and|   0|  0|   2|           1|           1|
    |and_ln46_3852_fu_3364_p2     |       and|   0|  0|   2|           1|           1|
    |and_ln46_3853_fu_1620_p2     |       and|   0|  0|   2|           1|           1|
    |and_ln46_3854_fu_3424_p2     |       and|   0|  0|   2|           1|           1|
    |and_ln46_3855_fu_1750_p2     |       and|   0|  0|   2|           1|           1|
    |and_ln46_3856_fu_3484_p2     |       and|   0|  0|   2|           1|           1|
    |and_ln46_3857_fu_1880_p2     |       and|   0|  0|   2|           1|           1|
    |and_ln46_3858_fu_3544_p2     |       and|   0|  0|   2|           1|           1|
    |and_ln46_3859_fu_2010_p2     |       and|   0|  0|   2|           1|           1|
    |and_ln46_3860_fu_3604_p2     |       and|   0|  0|   2|           1|           1|
    |and_ln46_3861_fu_2140_p2     |       and|   0|  0|   2|           1|           1|
    |and_ln46_3862_fu_3664_p2     |       and|   0|  0|   2|           1|           1|
    |and_ln46_3863_fu_2270_p2     |       and|   0|  0|   2|           1|           1|
    |and_ln46_3864_fu_3724_p2     |       and|   0|  0|   2|           1|           1|
    |and_ln46_3865_fu_2400_p2     |       and|   0|  0|   2|           1|           1|
    |and_ln46_3866_fu_3784_p2     |       and|   0|  0|   2|           1|           1|
    |and_ln46_3867_fu_2530_p2     |       and|   0|  0|   2|           1|           1|
    |and_ln46_3868_fu_3844_p2     |       and|   0|  0|   2|           1|           1|
    |and_ln46_3869_fu_2660_p2     |       and|   0|  0|   2|           1|           1|
    |and_ln46_3870_fu_3904_p2     |       and|   0|  0|   2|           1|           1|
    |and_ln46_3871_fu_2790_p2     |       and|   0|  0|   2|           1|           1|
    |and_ln46_3872_fu_3964_p2     |       and|   0|  0|   2|           1|           1|
    |and_ln46_fu_246_p2           |       and|   0|  0|   2|           1|           1|
    |icmp_ln45_939_fu_336_p2      |      icmp|   0|  0|  23|          16|           1|
    |icmp_ln45_940_fu_466_p2      |      icmp|   0|  0|  23|          16|           1|
    |icmp_ln45_941_fu_596_p2      |      icmp|   0|  0|  23|          16|           1|
    |icmp_ln45_942_fu_726_p2      |      icmp|   0|  0|  23|          16|           1|
    |icmp_ln45_943_fu_856_p2      |      icmp|   0|  0|  23|          16|           1|
    |icmp_ln45_944_fu_986_p2      |      icmp|   0|  0|  23|          16|           1|
    |icmp_ln45_945_fu_1116_p2     |      icmp|   0|  0|  23|          16|           1|
    |icmp_ln45_946_fu_1246_p2     |      icmp|   0|  0|  23|          16|           1|
    |icmp_ln45_947_fu_1376_p2     |      icmp|   0|  0|  23|          16|           1|
    |icmp_ln45_948_fu_1506_p2     |      icmp|   0|  0|  23|          16|           1|
    |icmp_ln45_949_fu_1636_p2     |      icmp|   0|  0|  23|          16|           1|
    |icmp_ln45_950_fu_1766_p2     |      icmp|   0|  0|  23|          16|           1|
    |icmp_ln45_951_fu_1896_p2     |      icmp|   0|  0|  23|          16|           1|
    |icmp_ln45_952_fu_2026_p2     |      icmp|   0|  0|  23|          16|           1|
    |icmp_ln45_953_fu_2156_p2     |      icmp|   0|  0|  23|          16|           1|
    |icmp_ln45_954_fu_2286_p2     |      icmp|   0|  0|  23|          16|           1|
    |icmp_ln45_955_fu_2416_p2     |      icmp|   0|  0|  23|          16|           1|
    |icmp_ln45_956_fu_2546_p2     |      icmp|   0|  0|  23|          16|           1|
    |icmp_ln45_957_fu_2676_p2     |      icmp|   0|  0|  23|          16|           1|
    |icmp_ln45_fu_206_p2          |      icmp|   0|  0|  23|          16|           1|
    |icmp_ln46_1880_fu_278_p2     |      icmp|   0|  0|  13|           6|           1|
    |icmp_ln46_1881_fu_402_p2     |      icmp|   0|  0|  13|           6|           2|
    |icmp_ln46_1882_fu_408_p2     |      icmp|   0|  0|  13|           6|           1|
    |icmp_ln46_1883_fu_532_p2     |      icmp|   0|  0|  13|           6|           2|
    |icmp_ln46_1884_fu_538_p2     |      icmp|   0|  0|  13|           6|           1|
    |icmp_ln46_1885_fu_662_p2     |      icmp|   0|  0|  13|           6|           2|
    |icmp_ln46_1886_fu_668_p2     |      icmp|   0|  0|  13|           6|           1|
    |icmp_ln46_1887_fu_792_p2     |      icmp|   0|  0|  13|           6|           2|
    |icmp_ln46_1888_fu_798_p2     |      icmp|   0|  0|  13|           6|           1|
    |icmp_ln46_1889_fu_922_p2     |      icmp|   0|  0|  13|           6|           2|
    |icmp_ln46_1890_fu_928_p2     |      icmp|   0|  0|  13|           6|           1|
    |icmp_ln46_1891_fu_1052_p2    |      icmp|   0|  0|  13|           6|           2|
    |icmp_ln46_1892_fu_1058_p2    |      icmp|   0|  0|  13|           6|           1|
    |icmp_ln46_1893_fu_1182_p2    |      icmp|   0|  0|  13|           6|           2|
    |icmp_ln46_1894_fu_1188_p2    |      icmp|   0|  0|  13|           6|           1|
    |icmp_ln46_1895_fu_1312_p2    |      icmp|   0|  0|  13|           6|           2|
    |icmp_ln46_1896_fu_1318_p2    |      icmp|   0|  0|  13|           6|           1|
    |icmp_ln46_1897_fu_1442_p2    |      icmp|   0|  0|  13|           6|           2|
    |icmp_ln46_1898_fu_1448_p2    |      icmp|   0|  0|  13|           6|           1|
    |icmp_ln46_1899_fu_1572_p2    |      icmp|   0|  0|  13|           6|           2|
    |icmp_ln46_1900_fu_1578_p2    |      icmp|   0|  0|  13|           6|           1|
    |icmp_ln46_1901_fu_1702_p2    |      icmp|   0|  0|  13|           6|           2|
    |icmp_ln46_1902_fu_1708_p2    |      icmp|   0|  0|  13|           6|           1|
    |icmp_ln46_1903_fu_1832_p2    |      icmp|   0|  0|  13|           6|           2|
    |icmp_ln46_1904_fu_1838_p2    |      icmp|   0|  0|  13|           6|           1|
    |icmp_ln46_1905_fu_1962_p2    |      icmp|   0|  0|  13|           6|           2|
    |icmp_ln46_1906_fu_1968_p2    |      icmp|   0|  0|  13|           6|           1|
    |icmp_ln46_1907_fu_2092_p2    |      icmp|   0|  0|  13|           6|           2|
    |icmp_ln46_1908_fu_2098_p2    |      icmp|   0|  0|  13|           6|           1|
    |icmp_ln46_1909_fu_2222_p2    |      icmp|   0|  0|  13|           6|           2|
    |icmp_ln46_1910_fu_2228_p2    |      icmp|   0|  0|  13|           6|           1|
    |icmp_ln46_1911_fu_2352_p2    |      icmp|   0|  0|  13|           6|           2|
    |icmp_ln46_1912_fu_2358_p2    |      icmp|   0|  0|  13|           6|           1|
    |icmp_ln46_1913_fu_2482_p2    |      icmp|   0|  0|  13|           6|           2|
    |icmp_ln46_1914_fu_2488_p2    |      icmp|   0|  0|  13|           6|           1|
    |icmp_ln46_1915_fu_2612_p2    |      icmp|   0|  0|  13|           6|           2|
    |icmp_ln46_1916_fu_2618_p2    |      icmp|   0|  0|  13|           6|           1|
    |icmp_ln46_1917_fu_2742_p2    |      icmp|   0|  0|  13|           6|           2|
    |icmp_ln46_1918_fu_2748_p2    |      icmp|   0|  0|  13|           6|           1|
    |icmp_ln46_fu_272_p2          |      icmp|   0|  0|  13|           6|           2|
    |ap_block_pp0_stage0_11001    |        or|   0|  0|   2|           1|           1|
    |or_ln46_1880_fu_2829_p2      |        or|   0|  0|   2|           1|           1|
    |or_ln46_1881_fu_444_p2       |        or|   0|  0|   2|           1|           1|
    |or_ln46_1882_fu_2889_p2      |        or|   0|  0|   2|           1|           1|
    |or_ln46_1883_fu_574_p2       |        or|   0|  0|   2|           1|           1|
    |or_ln46_1884_fu_2949_p2      |        or|   0|  0|   2|           1|           1|
    |or_ln46_1885_fu_704_p2       |        or|   0|  0|   2|           1|           1|
    |or_ln46_1886_fu_3009_p2      |        or|   0|  0|   2|           1|           1|
    |or_ln46_1887_fu_834_p2       |        or|   0|  0|   2|           1|           1|
    |or_ln46_1888_fu_3069_p2      |        or|   0|  0|   2|           1|           1|
    |or_ln46_1889_fu_964_p2       |        or|   0|  0|   2|           1|           1|
    |or_ln46_1890_fu_3129_p2      |        or|   0|  0|   2|           1|           1|
    |or_ln46_1891_fu_1094_p2      |        or|   0|  0|   2|           1|           1|
    |or_ln46_1892_fu_3189_p2      |        or|   0|  0|   2|           1|           1|
    |or_ln46_1893_fu_1224_p2      |        or|   0|  0|   2|           1|           1|
    |or_ln46_1894_fu_3249_p2      |        or|   0|  0|   2|           1|           1|
    |or_ln46_1895_fu_1354_p2      |        or|   0|  0|   2|           1|           1|
    |or_ln46_1896_fu_3309_p2      |        or|   0|  0|   2|           1|           1|
    |or_ln46_1897_fu_1484_p2      |        or|   0|  0|   2|           1|           1|
    |or_ln46_1898_fu_3369_p2      |        or|   0|  0|   2|           1|           1|
    |or_ln46_1899_fu_1614_p2      |        or|   0|  0|   2|           1|           1|
    |or_ln46_1900_fu_3429_p2      |        or|   0|  0|   2|           1|           1|
    |or_ln46_1901_fu_1744_p2      |        or|   0|  0|   2|           1|           1|
    |or_ln46_1902_fu_3489_p2      |        or|   0|  0|   2|           1|           1|
    |or_ln46_1903_fu_1874_p2      |        or|   0|  0|   2|           1|           1|
    |or_ln46_1904_fu_3549_p2      |        or|   0|  0|   2|           1|           1|
    |or_ln46_1905_fu_2004_p2      |        or|   0|  0|   2|           1|           1|
    |or_ln46_1906_fu_3609_p2      |        or|   0|  0|   2|           1|           1|
    |or_ln46_1907_fu_2134_p2      |        or|   0|  0|   2|           1|           1|
    |or_ln46_1908_fu_3669_p2      |        or|   0|  0|   2|           1|           1|
    |or_ln46_1909_fu_2264_p2      |        or|   0|  0|   2|           1|           1|
    |or_ln46_1910_fu_3729_p2      |        or|   0|  0|   2|           1|           1|
    |or_ln46_1911_fu_2394_p2      |        or|   0|  0|   2|           1|           1|
    |or_ln46_1912_fu_3789_p2      |        or|   0|  0|   2|           1|           1|
    |or_ln46_1913_fu_2524_p2      |        or|   0|  0|   2|           1|           1|
    |or_ln46_1914_fu_3849_p2      |        or|   0|  0|   2|           1|           1|
    |or_ln46_1915_fu_2654_p2      |        or|   0|  0|   2|           1|           1|
    |or_ln46_1916_fu_3909_p2      |        or|   0|  0|   2|           1|           1|
    |or_ln46_1917_fu_2784_p2      |        or|   0|  0|   2|           1|           1|
    |or_ln46_1918_fu_3969_p2      |        or|   0|  0|   2|           1|           1|
    |or_ln46_fu_314_p2            |        or|   0|  0|   2|           1|           1|
    |select_ln45_939_fu_2915_p3   |    select|   0|  0|   9|           1|           9|
    |select_ln45_940_fu_2975_p3   |    select|   0|  0|   9|           1|           9|
    |select_ln45_941_fu_3035_p3   |    select|   0|  0|   9|           1|           9|
    |select_ln45_942_fu_3095_p3   |    select|   0|  0|   9|           1|           9|
    |select_ln45_943_fu_3155_p3   |    select|   0|  0|   9|           1|           9|
    |select_ln45_944_fu_3215_p3   |    select|   0|  0|   9|           1|           9|
    |select_ln45_945_fu_3275_p3   |    select|   0|  0|   9|           1|           9|
    |select_ln45_946_fu_3335_p3   |    select|   0|  0|   9|           1|           9|
    |select_ln45_947_fu_3395_p3   |    select|   0|  0|   9|           1|           9|
    |select_ln45_948_fu_3455_p3   |    select|   0|  0|   9|           1|           9|
    |select_ln45_949_fu_3515_p3   |    select|   0|  0|   9|           1|           9|
    |select_ln45_950_fu_3575_p3   |    select|   0|  0|   9|           1|           9|
    |select_ln45_951_fu_3635_p3   |    select|   0|  0|   9|           1|           9|
    |select_ln45_952_fu_3695_p3   |    select|   0|  0|   9|           1|           9|
    |select_ln45_953_fu_3755_p3   |    select|   0|  0|   9|           1|           9|
    |select_ln45_954_fu_3815_p3   |    select|   0|  0|   9|           1|           9|
    |select_ln45_955_fu_3875_p3   |    select|   0|  0|   9|           1|           9|
    |select_ln45_956_fu_3935_p3   |    select|   0|  0|   9|           1|           9|
    |select_ln45_957_fu_3995_p3   |    select|   0|  0|   9|           1|           9|
    |select_ln45_fu_2855_p3       |    select|   0|  0|   9|           1|           9|
    |select_ln46_2821_fu_2841_p3  |    select|   0|  0|   9|           1|           9|
    |select_ln46_2822_fu_2848_p3  |    select|   0|  0|   9|           1|           9|
    |select_ln46_2823_fu_428_p3   |    select|   0|  0|   2|           1|           1|
    |select_ln46_2824_fu_2901_p3  |    select|   0|  0|   9|           1|           9|
    |select_ln46_2825_fu_2908_p3  |    select|   0|  0|   9|           1|           9|
    |select_ln46_2826_fu_558_p3   |    select|   0|  0|   2|           1|           1|
    |select_ln46_2827_fu_2961_p3  |    select|   0|  0|   9|           1|           9|
    |select_ln46_2828_fu_2968_p3  |    select|   0|  0|   9|           1|           9|
    |select_ln46_2829_fu_688_p3   |    select|   0|  0|   2|           1|           1|
    |select_ln46_2830_fu_3021_p3  |    select|   0|  0|   9|           1|           9|
    |select_ln46_2831_fu_3028_p3  |    select|   0|  0|   9|           1|           9|
    |select_ln46_2832_fu_818_p3   |    select|   0|  0|   2|           1|           1|
    |select_ln46_2833_fu_3081_p3  |    select|   0|  0|   9|           1|           9|
    |select_ln46_2834_fu_3088_p3  |    select|   0|  0|   9|           1|           9|
    |select_ln46_2835_fu_948_p3   |    select|   0|  0|   2|           1|           1|
    |select_ln46_2836_fu_3141_p3  |    select|   0|  0|   9|           1|           9|
    |select_ln46_2837_fu_3148_p3  |    select|   0|  0|   9|           1|           9|
    |select_ln46_2838_fu_1078_p3  |    select|   0|  0|   2|           1|           1|
    |select_ln46_2839_fu_3201_p3  |    select|   0|  0|   9|           1|           9|
    |select_ln46_2840_fu_3208_p3  |    select|   0|  0|   9|           1|           9|
    |select_ln46_2841_fu_1208_p3  |    select|   0|  0|   2|           1|           1|
    |select_ln46_2842_fu_3261_p3  |    select|   0|  0|   9|           1|           9|
    |select_ln46_2843_fu_3268_p3  |    select|   0|  0|   9|           1|           9|
    |select_ln46_2844_fu_1338_p3  |    select|   0|  0|   2|           1|           1|
    |select_ln46_2845_fu_3321_p3  |    select|   0|  0|   9|           1|           9|
    |select_ln46_2846_fu_3328_p3  |    select|   0|  0|   9|           1|           9|
    |select_ln46_2847_fu_1468_p3  |    select|   0|  0|   2|           1|           1|
    |select_ln46_2848_fu_3381_p3  |    select|   0|  0|   9|           1|           9|
    |select_ln46_2849_fu_3388_p3  |    select|   0|  0|   9|           1|           9|
    |select_ln46_2850_fu_1598_p3  |    select|   0|  0|   2|           1|           1|
    |select_ln46_2851_fu_3441_p3  |    select|   0|  0|   9|           1|           9|
    |select_ln46_2852_fu_3448_p3  |    select|   0|  0|   9|           1|           9|
    |select_ln46_2853_fu_1728_p3  |    select|   0|  0|   2|           1|           1|
    |select_ln46_2854_fu_3501_p3  |    select|   0|  0|   9|           1|           9|
    |select_ln46_2855_fu_3508_p3  |    select|   0|  0|   9|           1|           9|
    |select_ln46_2856_fu_1858_p3  |    select|   0|  0|   2|           1|           1|
    |select_ln46_2857_fu_3561_p3  |    select|   0|  0|   9|           1|           9|
    |select_ln46_2858_fu_3568_p3  |    select|   0|  0|   9|           1|           9|
    |select_ln46_2859_fu_1988_p3  |    select|   0|  0|   2|           1|           1|
    |select_ln46_2860_fu_3621_p3  |    select|   0|  0|   9|           1|           9|
    |select_ln46_2861_fu_3628_p3  |    select|   0|  0|   9|           1|           9|
    |select_ln46_2862_fu_2118_p3  |    select|   0|  0|   2|           1|           1|
    |select_ln46_2863_fu_3681_p3  |    select|   0|  0|   9|           1|           9|
    |select_ln46_2864_fu_3688_p3  |    select|   0|  0|   9|           1|           9|
    |select_ln46_2865_fu_2248_p3  |    select|   0|  0|   2|           1|           1|
    |select_ln46_2866_fu_3741_p3  |    select|   0|  0|   9|           1|           9|
    |select_ln46_2867_fu_3748_p3  |    select|   0|  0|   9|           1|           9|
    |select_ln46_2868_fu_2378_p3  |    select|   0|  0|   2|           1|           1|
    |select_ln46_2869_fu_3801_p3  |    select|   0|  0|   9|           1|           9|
    |select_ln46_2870_fu_3808_p3  |    select|   0|  0|   9|           1|           9|
    |select_ln46_2871_fu_2508_p3  |    select|   0|  0|   2|           1|           1|
    |select_ln46_2872_fu_3861_p3  |    select|   0|  0|   9|           1|           9|
    |select_ln46_2873_fu_3868_p3  |    select|   0|  0|   9|           1|           9|
    |select_ln46_2874_fu_2638_p3  |    select|   0|  0|   2|           1|           1|
    |select_ln46_2875_fu_3921_p3  |    select|   0|  0|   9|           1|           9|
    |select_ln46_2876_fu_3928_p3  |    select|   0|  0|   9|           1|           9|
    |select_ln46_2877_fu_2768_p3  |    select|   0|  0|   2|           1|           1|
    |select_ln46_2878_fu_3981_p3  |    select|   0|  0|   9|           1|           9|
    |select_ln46_2879_fu_3988_p3  |    select|   0|  0|   9|           1|           9|
    |select_ln46_3833_fu_306_p3   |    select|   0|  0|   2|           1|           1|
    |select_ln46_3834_fu_2835_p3  |    select|   0|  0|   9|           1|           9|
    |select_ln46_3835_fu_436_p3   |    select|   0|  0|   2|           1|           1|
    |select_ln46_3836_fu_2895_p3  |    select|   0|  0|   9|           1|           9|
    |select_ln46_3837_fu_566_p3   |    select|   0|  0|   2|           1|           1|
    |select_ln46_3838_fu_2955_p3  |    select|   0|  0|   9|           1|           9|
    |select_ln46_3839_fu_696_p3   |    select|   0|  0|   2|           1|           1|
    |select_ln46_3840_fu_3015_p3  |    select|   0|  0|   9|           1|           9|
    |select_ln46_3841_fu_826_p3   |    select|   0|  0|   2|           1|           1|
    |select_ln46_3842_fu_3075_p3  |    select|   0|  0|   9|           1|           9|
    |select_ln46_3843_fu_956_p3   |    select|   0|  0|   2|           1|           1|
    |select_ln46_3844_fu_3135_p3  |    select|   0|  0|   9|           1|           9|
    |select_ln46_3845_fu_1086_p3  |    select|   0|  0|   2|           1|           1|
    |select_ln46_3846_fu_3195_p3  |    select|   0|  0|   9|           1|           9|
    |select_ln46_3847_fu_1216_p3  |    select|   0|  0|   2|           1|           1|
    |select_ln46_3848_fu_3255_p3  |    select|   0|  0|   9|           1|           9|
    |select_ln46_3849_fu_1346_p3  |    select|   0|  0|   2|           1|           1|
    |select_ln46_3850_fu_3315_p3  |    select|   0|  0|   9|           1|           9|
    |select_ln46_3851_fu_1476_p3  |    select|   0|  0|   2|           1|           1|
    |select_ln46_3852_fu_3375_p3  |    select|   0|  0|   9|           1|           9|
    |select_ln46_3853_fu_1606_p3  |    select|   0|  0|   2|           1|           1|
    |select_ln46_3854_fu_3435_p3  |    select|   0|  0|   9|           1|           9|
    |select_ln46_3855_fu_1736_p3  |    select|   0|  0|   2|           1|           1|
    |select_ln46_3856_fu_3495_p3  |    select|   0|  0|   9|           1|           9|
    |select_ln46_3857_fu_1866_p3  |    select|   0|  0|   2|           1|           1|
    |select_ln46_3858_fu_3555_p3  |    select|   0|  0|   9|           1|           9|
    |select_ln46_3859_fu_1996_p3  |    select|   0|  0|   2|           1|           1|
    |select_ln46_3860_fu_3615_p3  |    select|   0|  0|   9|           1|           9|
    |select_ln46_3861_fu_2126_p3  |    select|   0|  0|   2|           1|           1|
    |select_ln46_3862_fu_3675_p3  |    select|   0|  0|   9|           1|           9|
    |select_ln46_3863_fu_2256_p3  |    select|   0|  0|   2|           1|           1|
    |select_ln46_3864_fu_3735_p3  |    select|   0|  0|   9|           1|           9|
    |select_ln46_3865_fu_2386_p3  |    select|   0|  0|   2|           1|           1|
    |select_ln46_3866_fu_3795_p3  |    select|   0|  0|   9|           1|           9|
    |select_ln46_3867_fu_2516_p3  |    select|   0|  0|   2|           1|           1|
    |select_ln46_3868_fu_3855_p3  |    select|   0|  0|   9|           1|           9|
    |select_ln46_3869_fu_2646_p3  |    select|   0|  0|   2|           1|           1|
    |select_ln46_3870_fu_3915_p3  |    select|   0|  0|   9|           1|           9|
    |select_ln46_3871_fu_2776_p3  |    select|   0|  0|   2|           1|           1|
    |select_ln46_3872_fu_3975_p3  |    select|   0|  0|   9|           1|           9|
    |select_ln46_fu_298_p3        |    select|   0|  0|   2|           1|           1|
    |ap_enable_pp0                |       xor|   0|  0|   2|           1|           2|
    |xor_ln46_1880_fu_2810_p2     |       xor|   0|  0|   2|           2|           1|
    |xor_ln46_1881_fu_2865_p2     |       xor|   0|  0|   2|           1|           2|
    |xor_ln46_1882_fu_2870_p2     |       xor|   0|  0|   2|           2|           1|
    |xor_ln46_1883_fu_2925_p2     |       xor|   0|  0|   2|           1|           2|
    |xor_ln46_1884_fu_2930_p2     |       xor|   0|  0|   2|           2|           1|
    |xor_ln46_1885_fu_2985_p2     |       xor|   0|  0|   2|           1|           2|
    |xor_ln46_1886_fu_2990_p2     |       xor|   0|  0|   2|           2|           1|
    |xor_ln46_1887_fu_3045_p2     |       xor|   0|  0|   2|           1|           2|
    |xor_ln46_1888_fu_3050_p2     |       xor|   0|  0|   2|           2|           1|
    |xor_ln46_1889_fu_3105_p2     |       xor|   0|  0|   2|           1|           2|
    |xor_ln46_1890_fu_3110_p2     |       xor|   0|  0|   2|           2|           1|
    |xor_ln46_1891_fu_3165_p2     |       xor|   0|  0|   2|           1|           2|
    |xor_ln46_1892_fu_3170_p2     |       xor|   0|  0|   2|           2|           1|
    |xor_ln46_1893_fu_3225_p2     |       xor|   0|  0|   2|           1|           2|
    |xor_ln46_1894_fu_3230_p2     |       xor|   0|  0|   2|           2|           1|
    |xor_ln46_1895_fu_3285_p2     |       xor|   0|  0|   2|           1|           2|
    |xor_ln46_1896_fu_3290_p2     |       xor|   0|  0|   2|           2|           1|
    |xor_ln46_1897_fu_3345_p2     |       xor|   0|  0|   2|           1|           2|
    |xor_ln46_1898_fu_3350_p2     |       xor|   0|  0|   2|           2|           1|
    |xor_ln46_1899_fu_3405_p2     |       xor|   0|  0|   2|           1|           2|
    |xor_ln46_1900_fu_3410_p2     |       xor|   0|  0|   2|           2|           1|
    |xor_ln46_1901_fu_3465_p2     |       xor|   0|  0|   2|           1|           2|
    |xor_ln46_1902_fu_3470_p2     |       xor|   0|  0|   2|           2|           1|
    |xor_ln46_1903_fu_3525_p2     |       xor|   0|  0|   2|           1|           2|
    |xor_ln46_1904_fu_3530_p2     |       xor|   0|  0|   2|           2|           1|
    |xor_ln46_1905_fu_3585_p2     |       xor|   0|  0|   2|           1|           2|
    |xor_ln46_1906_fu_3590_p2     |       xor|   0|  0|   2|           2|           1|
    |xor_ln46_1907_fu_3645_p2     |       xor|   0|  0|   2|           1|           2|
    |xor_ln46_1908_fu_3650_p2     |       xor|   0|  0|   2|           2|           1|
    |xor_ln46_1909_fu_3705_p2     |       xor|   0|  0|   2|           1|           2|
    |xor_ln46_1910_fu_3710_p2     |       xor|   0|  0|   2|           2|           1|
    |xor_ln46_1911_fu_3765_p2     |       xor|   0|  0|   2|           1|           2|
    |xor_ln46_1912_fu_3770_p2     |       xor|   0|  0|   2|           2|           1|
    |xor_ln46_1913_fu_3825_p2     |       xor|   0|  0|   2|           1|           2|
    |xor_ln46_1914_fu_3830_p2     |       xor|   0|  0|   2|           2|           1|
    |xor_ln46_1915_fu_3885_p2     |       xor|   0|  0|   2|           1|           2|
    |xor_ln46_1916_fu_3890_p2     |       xor|   0|  0|   2|           2|           1|
    |xor_ln46_1917_fu_3945_p2     |       xor|   0|  0|   2|           1|           2|
    |xor_ln46_1918_fu_3950_p2     |       xor|   0|  0|   2|           2|           1|
    |xor_ln46_2380_fu_292_p2      |       xor|   0|  0|   2|           1|           2|
    |xor_ln46_2381_fu_422_p2      |       xor|   0|  0|   2|           1|           2|
    |xor_ln46_2382_fu_552_p2      |       xor|   0|  0|   2|           1|           2|
    |xor_ln46_2383_fu_682_p2      |       xor|   0|  0|   2|           1|           2|
    |xor_ln46_2384_fu_812_p2      |       xor|   0|  0|   2|           1|           2|
    |xor_ln46_2385_fu_942_p2      |       xor|   0|  0|   2|           1|           2|
    |xor_ln46_2386_fu_1072_p2     |       xor|   0|  0|   2|           1|           2|
    |xor_ln46_2387_fu_1202_p2     |       xor|   0|  0|   2|           1|           2|
    |xor_ln46_2388_fu_1332_p2     |       xor|   0|  0|   2|           1|           2|
    |xor_ln46_2389_fu_1462_p2     |       xor|   0|  0|   2|           1|           2|
    |xor_ln46_2390_fu_1592_p2     |       xor|   0|  0|   2|           1|           2|
    |xor_ln46_2391_fu_1722_p2     |       xor|   0|  0|   2|           1|           2|
    |xor_ln46_2392_fu_1852_p2     |       xor|   0|  0|   2|           1|           2|
    |xor_ln46_2393_fu_1982_p2     |       xor|   0|  0|   2|           1|           2|
    |xor_ln46_2394_fu_2112_p2     |       xor|   0|  0|   2|           1|           2|
    |xor_ln46_2395_fu_2242_p2     |       xor|   0|  0|   2|           1|           2|
    |xor_ln46_2396_fu_2372_p2     |       xor|   0|  0|   2|           1|           2|
    |xor_ln46_2397_fu_2502_p2     |       xor|   0|  0|   2|           1|           2|
    |xor_ln46_2398_fu_2632_p2     |       xor|   0|  0|   2|           1|           2|
    |xor_ln46_2399_fu_2762_p2     |       xor|   0|  0|   2|           1|           2|
    |xor_ln46_fu_2805_p2          |       xor|   0|  0|   2|           1|           2|
    +-----------------------------+----------+----+---+----+------------+------------+
    |Total                        |          |   0|  0|2504|        1082|        1263|
    +-----------------------------+----------+----+---+----+------------+------------+

    * Multiplexer: 
    +--------------+----+-----------+-----+-----------+
    |     Name     | LUT| Input Size| Bits| Total Bits|
    +--------------+----+-----------+-----+-----------+
    |ap_done       |   9|          2|    1|          2|
    |ap_return_0   |   9|          2|    9|         18|
    |ap_return_1   |   9|          2|    9|         18|
    |ap_return_10  |   9|          2|    9|         18|
    |ap_return_11  |   9|          2|    9|         18|
    |ap_return_12  |   9|          2|    9|         18|
    |ap_return_13  |   9|          2|    9|         18|
    |ap_return_14  |   9|          2|    9|         18|
    |ap_return_15  |   9|          2|    9|         18|
    |ap_return_16  |   9|          2|    9|         18|
    |ap_return_17  |   9|          2|    9|         18|
    |ap_return_18  |   9|          2|    9|         18|
    |ap_return_19  |   9|          2|    9|         18|
    |ap_return_2   |   9|          2|    9|         18|
    |ap_return_3   |   9|          2|    9|         18|
    |ap_return_4   |   9|          2|    9|         18|
    |ap_return_5   |   9|          2|    9|         18|
    |ap_return_6   |   9|          2|    9|         18|
    |ap_return_7   |   9|          2|    9|         18|
    |ap_return_8   |   9|          2|    9|         18|
    |ap_return_9   |   9|          2|    9|         18|
    +--------------+----+-----------+-----+-----------+
    |Total         | 189|         42|  181|        362|
    +--------------+----+-----------+-----+-----------+

    * Register: 
    +-------------------------+---+----+-----+-----------+
    |           Name          | FF| LUT| Bits| Const Bits|
    +-------------------------+---+----+-----+-----------+
    |add_ln46_939_reg_4163    |  9|   0|    9|          0|
    |add_ln46_940_reg_4193    |  9|   0|    9|          0|
    |add_ln46_941_reg_4223    |  9|   0|    9|          0|
    |add_ln46_942_reg_4253    |  9|   0|    9|          0|
    |add_ln46_943_reg_4283    |  9|   0|    9|          0|
    |add_ln46_944_reg_4313    |  9|   0|    9|          0|
    |add_ln46_945_reg_4343    |  9|   0|    9|          0|
    |add_ln46_946_reg_4373    |  9|   0|    9|          0|
    |add_ln46_947_reg_4403    |  9|   0|    9|          0|
    |add_ln46_948_reg_4433    |  9|   0|    9|          0|
    |add_ln46_949_reg_4463    |  9|   0|    9|          0|
    |add_ln46_950_reg_4493    |  9|   0|    9|          0|
    |add_ln46_951_reg_4523    |  9|   0|    9|          0|
    |add_ln46_952_reg_4553    |  9|   0|    9|          0|
    |add_ln46_953_reg_4583    |  9|   0|    9|          0|
    |add_ln46_954_reg_4613    |  9|   0|    9|          0|
    |add_ln46_955_reg_4643    |  9|   0|    9|          0|
    |add_ln46_956_reg_4673    |  9|   0|    9|          0|
    |add_ln46_957_reg_4703    |  9|   0|    9|          0|
    |add_ln46_reg_4133        |  9|   0|    9|          0|
    |and_ln46_2821_reg_4146   |  1|   0|    1|          0|
    |and_ln46_2824_reg_4176   |  1|   0|    1|          0|
    |and_ln46_2827_reg_4206   |  1|   0|    1|          0|
    |and_ln46_2830_reg_4236   |  1|   0|    1|          0|
    |and_ln46_2833_reg_4266   |  1|   0|    1|          0|
    |and_ln46_2836_reg_4296   |  1|   0|    1|          0|
    |and_ln46_2839_reg_4326   |  1|   0|    1|          0|
    |and_ln46_2842_reg_4356   |  1|   0|    1|          0|
    |and_ln46_2845_reg_4386   |  1|   0|    1|          0|
    |and_ln46_2848_reg_4416   |  1|   0|    1|          0|
    |and_ln46_2851_reg_4446   |  1|   0|    1|          0|
    |and_ln46_2854_reg_4476   |  1|   0|    1|          0|
    |and_ln46_2857_reg_4506   |  1|   0|    1|          0|
    |and_ln46_2860_reg_4536   |  1|   0|    1|          0|
    |and_ln46_2863_reg_4566   |  1|   0|    1|          0|
    |and_ln46_2866_reg_4596   |  1|   0|    1|          0|
    |and_ln46_2869_reg_4626   |  1|   0|    1|          0|
    |and_ln46_2872_reg_4656   |  1|   0|    1|          0|
    |and_ln46_2875_reg_4686   |  1|   0|    1|          0|
    |and_ln46_2878_reg_4716   |  1|   0|    1|          0|
    |ap_CS_fsm                |  1|   0|    1|          0|
    |ap_done_reg              |  1|   0|    1|          0|
    |ap_enable_reg_pp0_iter1  |  1|   0|    1|          0|
    |ap_return_0_preg         |  9|   0|    9|          0|
    |ap_return_10_preg        |  9|   0|    9|          0|
    |ap_return_11_preg        |  9|   0|    9|          0|
    |ap_return_12_preg        |  9|   0|    9|          0|
    |ap_return_13_preg        |  9|   0|    9|          0|
    |ap_return_14_preg        |  9|   0|    9|          0|
    |ap_return_15_preg        |  9|   0|    9|          0|
    |ap_return_16_preg        |  9|   0|    9|          0|
    |ap_return_17_preg        |  9|   0|    9|          0|
    |ap_return_18_preg        |  9|   0|    9|          0|
    |ap_return_19_preg        |  9|   0|    9|          0|
    |ap_return_1_preg         |  9|   0|    9|          0|
    |ap_return_2_preg         |  9|   0|    9|          0|
    |ap_return_3_preg         |  9|   0|    9|          0|
    |ap_return_4_preg         |  9|   0|    9|          0|
    |ap_return_5_preg         |  9|   0|    9|          0|
    |ap_return_6_preg         |  9|   0|    9|          0|
    |ap_return_7_preg         |  9|   0|    9|          0|
    |ap_return_8_preg         |  9|   0|    9|          0|
    |ap_return_9_preg         |  9|   0|    9|          0|
    |icmp_ln45_939_reg_4152   |  1|   0|    1|          0|
    |icmp_ln45_940_reg_4182   |  1|   0|    1|          0|
    |icmp_ln45_941_reg_4212   |  1|   0|    1|          0|
    |icmp_ln45_942_reg_4242   |  1|   0|    1|          0|
    |icmp_ln45_943_reg_4272   |  1|   0|    1|          0|
    |icmp_ln45_944_reg_4302   |  1|   0|    1|          0|
    |icmp_ln45_945_reg_4332   |  1|   0|    1|          0|
    |icmp_ln45_946_reg_4362   |  1|   0|    1|          0|
    |icmp_ln45_947_reg_4392   |  1|   0|    1|          0|
    |icmp_ln45_948_reg_4422   |  1|   0|    1|          0|
    |icmp_ln45_949_reg_4452   |  1|   0|    1|          0|
    |icmp_ln45_950_reg_4482   |  1|   0|    1|          0|
    |icmp_ln45_951_reg_4512   |  1|   0|    1|          0|
    |icmp_ln45_952_reg_4542   |  1|   0|    1|          0|
    |icmp_ln45_953_reg_4572   |  1|   0|    1|          0|
    |icmp_ln45_954_reg_4602   |  1|   0|    1|          0|
    |icmp_ln45_955_reg_4632   |  1|   0|    1|          0|
    |icmp_ln45_956_reg_4662   |  1|   0|    1|          0|
    |icmp_ln45_957_reg_4692   |  1|   0|    1|          0|
    |icmp_ln45_reg_4122       |  1|   0|    1|          0|
    |or_ln46_1881_reg_4170    |  1|   0|    1|          0|
    |or_ln46_1883_reg_4200    |  1|   0|    1|          0|
    |or_ln46_1885_reg_4230    |  1|   0|    1|          0|
    |or_ln46_1887_reg_4260    |  1|   0|    1|          0|
    |or_ln46_1889_reg_4290    |  1|   0|    1|          0|
    |or_ln46_1891_reg_4320    |  1|   0|    1|          0|
    |or_ln46_1893_reg_4350    |  1|   0|    1|          0|
    |or_ln46_1895_reg_4380    |  1|   0|    1|          0|
    |or_ln46_1897_reg_4410    |  1|   0|    1|          0|
    |or_ln46_1899_reg_4440    |  1|   0|    1|          0|
    |or_ln46_1901_reg_4470    |  1|   0|    1|          0|
    |or_ln46_1903_reg_4500    |  1|   0|    1|          0|
    |or_ln46_1905_reg_4530    |  1|   0|    1|          0|
    |or_ln46_1907_reg_4560    |  1|   0|    1|          0|
    |or_ln46_1909_reg_4590    |  1|   0|    1|          0|
    |or_ln46_1911_reg_4620    |  1|   0|    1|          0|
    |or_ln46_1913_reg_4650    |  1|   0|    1|          0|
    |or_ln46_1915_reg_4680    |  1|   0|    1|          0|
    |or_ln46_1917_reg_4710    |  1|   0|    1|          0|
    |or_ln46_reg_4140         |  1|   0|    1|          0|
    |tmp_4696_reg_4157        |  1|   0|    1|          0|
    |tmp_4700_reg_4187        |  1|   0|    1|          0|
    |tmp_4704_reg_4217        |  1|   0|    1|          0|
    |tmp_4709_reg_4247        |  1|   0|    1|          0|
    |tmp_4714_reg_4277        |  1|   0|    1|          0|
    |tmp_4719_reg_4307        |  1|   0|    1|          0|
    |tmp_4724_reg_4337        |  1|   0|    1|          0|
    |tmp_4729_reg_4367        |  1|   0|    1|          0|
    |tmp_4734_reg_4397        |  1|   0|    1|          0|
    |tmp_4739_reg_4427        |  1|   0|    1|          0|
    |tmp_4744_reg_4457        |  1|   0|    1|          0|
    |tmp_4749_reg_4487        |  1|   0|    1|          0|
    |tmp_4754_reg_4517        |  1|   0|    1|          0|
    |tmp_4759_reg_4547        |  1|   0|    1|          0|
    |tmp_4764_reg_4577        |  1|   0|    1|          0|
    |tmp_4769_reg_4607        |  1|   0|    1|          0|
    |tmp_4774_reg_4637        |  1|   0|    1|          0|
    |tmp_4779_reg_4667        |  1|   0|    1|          0|
    |tmp_4784_reg_4697        |  1|   0|    1|          0|
    |tmp_reg_4127             |  1|   0|    1|          0|
    +-------------------------+---+----+-----+-----------+
    |Total                    |443|   0|  443|          0|
    +-------------------------+---+----+-----+-----------+



================================================================
== Interface
================================================================
* Summary: 
+--------------+-----+-----+------------+-------------------------------------------------------------------------+--------------+
|   RTL Ports  | Dir | Bits|  Protocol  |                              Source Object                              |    C Type    |
+--------------+-----+-----+------------+-------------------------------------------------------------------------+--------------+
|ap_clk        |   in|    1|  ap_ctrl_hs|  relu<ap_fixed<16, 6, 5, 3, 0>, ap_ufixed<9, 0, 4, 0, 0>, relu_config18>|  return value|
|ap_rst        |   in|    1|  ap_ctrl_hs|  relu<ap_fixed<16, 6, 5, 3, 0>, ap_ufixed<9, 0, 4, 0, 0>, relu_config18>|  return value|
|ap_start      |   in|    1|  ap_ctrl_hs|  relu<ap_fixed<16, 6, 5, 3, 0>, ap_ufixed<9, 0, 4, 0, 0>, relu_config18>|  return value|
|ap_done       |  out|    1|  ap_ctrl_hs|  relu<ap_fixed<16, 6, 5, 3, 0>, ap_ufixed<9, 0, 4, 0, 0>, relu_config18>|  return value|
|ap_continue   |   in|    1|  ap_ctrl_hs|  relu<ap_fixed<16, 6, 5, 3, 0>, ap_ufixed<9, 0, 4, 0, 0>, relu_config18>|  return value|
|ap_idle       |  out|    1|  ap_ctrl_hs|  relu<ap_fixed<16, 6, 5, 3, 0>, ap_ufixed<9, 0, 4, 0, 0>, relu_config18>|  return value|
|ap_ready      |  out|    1|  ap_ctrl_hs|  relu<ap_fixed<16, 6, 5, 3, 0>, ap_ufixed<9, 0, 4, 0, 0>, relu_config18>|  return value|
|ap_return_0   |  out|    9|  ap_ctrl_hs|  relu<ap_fixed<16, 6, 5, 3, 0>, ap_ufixed<9, 0, 4, 0, 0>, relu_config18>|  return value|
|ap_return_1   |  out|    9|  ap_ctrl_hs|  relu<ap_fixed<16, 6, 5, 3, 0>, ap_ufixed<9, 0, 4, 0, 0>, relu_config18>|  return value|
|ap_return_2   |  out|    9|  ap_ctrl_hs|  relu<ap_fixed<16, 6, 5, 3, 0>, ap_ufixed<9, 0, 4, 0, 0>, relu_config18>|  return value|
|ap_return_3   |  out|    9|  ap_ctrl_hs|  relu<ap_fixed<16, 6, 5, 3, 0>, ap_ufixed<9, 0, 4, 0, 0>, relu_config18>|  return value|
|ap_return_4   |  out|    9|  ap_ctrl_hs|  relu<ap_fixed<16, 6, 5, 3, 0>, ap_ufixed<9, 0, 4, 0, 0>, relu_config18>|  return value|
|ap_return_5   |  out|    9|  ap_ctrl_hs|  relu<ap_fixed<16, 6, 5, 3, 0>, ap_ufixed<9, 0, 4, 0, 0>, relu_config18>|  return value|
|ap_return_6   |  out|    9|  ap_ctrl_hs|  relu<ap_fixed<16, 6, 5, 3, 0>, ap_ufixed<9, 0, 4, 0, 0>, relu_config18>|  return value|
|ap_return_7   |  out|    9|  ap_ctrl_hs|  relu<ap_fixed<16, 6, 5, 3, 0>, ap_ufixed<9, 0, 4, 0, 0>, relu_config18>|  return value|
|ap_return_8   |  out|    9|  ap_ctrl_hs|  relu<ap_fixed<16, 6, 5, 3, 0>, ap_ufixed<9, 0, 4, 0, 0>, relu_config18>|  return value|
|ap_return_9   |  out|    9|  ap_ctrl_hs|  relu<ap_fixed<16, 6, 5, 3, 0>, ap_ufixed<9, 0, 4, 0, 0>, relu_config18>|  return value|
|ap_return_10  |  out|    9|  ap_ctrl_hs|  relu<ap_fixed<16, 6, 5, 3, 0>, ap_ufixed<9, 0, 4, 0, 0>, relu_config18>|  return value|
|ap_return_11  |  out|    9|  ap_ctrl_hs|  relu<ap_fixed<16, 6, 5, 3, 0>, ap_ufixed<9, 0, 4, 0, 0>, relu_config18>|  return value|
|ap_return_12  |  out|    9|  ap_ctrl_hs|  relu<ap_fixed<16, 6, 5, 3, 0>, ap_ufixed<9, 0, 4, 0, 0>, relu_config18>|  return value|
|ap_return_13  |  out|    9|  ap_ctrl_hs|  relu<ap_fixed<16, 6, 5, 3, 0>, ap_ufixed<9, 0, 4, 0, 0>, relu_config18>|  return value|
|ap_return_14  |  out|    9|  ap_ctrl_hs|  relu<ap_fixed<16, 6, 5, 3, 0>, ap_ufixed<9, 0, 4, 0, 0>, relu_config18>|  return value|
|ap_return_15  |  out|    9|  ap_ctrl_hs|  relu<ap_fixed<16, 6, 5, 3, 0>, ap_ufixed<9, 0, 4, 0, 0>, relu_config18>|  return value|
|ap_return_16  |  out|    9|  ap_ctrl_hs|  relu<ap_fixed<16, 6, 5, 3, 0>, ap_ufixed<9, 0, 4, 0, 0>, relu_config18>|  return value|
|ap_return_17  |  out|    9|  ap_ctrl_hs|  relu<ap_fixed<16, 6, 5, 3, 0>, ap_ufixed<9, 0, 4, 0, 0>, relu_config18>|  return value|
|ap_return_18  |  out|    9|  ap_ctrl_hs|  relu<ap_fixed<16, 6, 5, 3, 0>, ap_ufixed<9, 0, 4, 0, 0>, relu_config18>|  return value|
|ap_return_19  |  out|    9|  ap_ctrl_hs|  relu<ap_fixed<16, 6, 5, 3, 0>, ap_ufixed<9, 0, 4, 0, 0>, relu_config18>|  return value|
|p_read        |   in|   16|     ap_none|                                                                   p_read|        scalar|
|p_read1       |   in|   16|     ap_none|                                                                  p_read1|        scalar|
|p_read2       |   in|   16|     ap_none|                                                                  p_read2|        scalar|
|p_read3       |   in|   16|     ap_none|                                                                  p_read3|        scalar|
|p_read4       |   in|   16|     ap_none|                                                                  p_read4|        scalar|
|p_read5       |   in|   16|     ap_none|                                                                  p_read5|        scalar|
|p_read6       |   in|   16|     ap_none|                                                                  p_read6|        scalar|
|p_read7       |   in|   16|     ap_none|                                                                  p_read7|        scalar|
|p_read8       |   in|   16|     ap_none|                                                                  p_read8|        scalar|
|p_read9       |   in|   16|     ap_none|                                                                  p_read9|        scalar|
|p_read10      |   in|   16|     ap_none|                                                                 p_read10|        scalar|
|p_read11      |   in|   16|     ap_none|                                                                 p_read11|        scalar|
|p_read12      |   in|   16|     ap_none|                                                                 p_read12|        scalar|
|p_read13      |   in|   16|     ap_none|                                                                 p_read13|        scalar|
|p_read14      |   in|   16|     ap_none|                                                                 p_read14|        scalar|
|p_read15      |   in|   16|     ap_none|                                                                 p_read15|        scalar|
|p_read16      |   in|   16|     ap_none|                                                                 p_read16|        scalar|
|p_read17      |   in|   16|     ap_none|                                                                 p_read17|        scalar|
|p_read18      |   in|   16|     ap_none|                                                                 p_read18|        scalar|
|p_read19      |   in|   16|     ap_none|                                                                 p_read19|        scalar|
+--------------+-----+-----+------------+-------------------------------------------------------------------------+--------------+

