==============================================================
Vitis HLS - High-Level Synthesis from C, C++ and OpenCL v2023.2 (64-bit)
Tool Version Limit: 2023.10
Copyright 1986-2022 Xilinx, Inc. All Rights Reserved.
Copyright 2022-2023 Advanced Micro Devices, Inc. All Rights Reserved.

==============================================================
INFO: [HLS 200-1505] Using default flow_target 'vivado'
INFO: [HLS 200-1510] Running: config_array_partition -maximum_size 4096 
INFO: [XFORM 203-101] Allowed max sub elements number after partition is 4096.
ERROR: [HLS 200-642] The 'config_array_partition -maximum_size' command is not supported.
INFO: [HLS 200-1510] Running: config_compile -name_max_length 80 
INFO: [XFORM 203-1161] The maximum of name length is set to 80.
INFO: [HLS 200-1510] Running: set_part xcvu9p-flga2104-2L-e 
INFO: [HLS 200-1611] Setting target device to 'xcvu9p-flga2104-2L-e'
INFO: [XFORM 203-1161] The maximum of name length is set to 80.
INFO: [HLS 200-1510] Running: config_schedule -enable_dsp_full_reg=false 
INFO: [HLS 200-1510] Running: create_clock -period 2.8 -name default 
INFO: [SYN 201-201] Setting up clock 'default' with a period of 2.8ns.
INFO: [HLS 200-1510] Running: set_clock_uncertainty 27% default 
INFO: [SYN 201-201] Setting up clock 'default' with an uncertainty of 0.756ns.
INFO: [HLS 200-1510] Running: csynth_design 
INFO: [HLS 200-111] Finished File checks and directory preparation: CPU user time: 0.06 seconds. CPU system time: 0.01 seconds. Elapsed time: 0.06 seconds; current allocated memory: 260.664 MB.
INFO: [HLS 200-10] Analyzing design file 'firmware/JetTagger.cpp' ... 
WARNING: [HLS 207-5573] ALLOCATION pragma is ignored, because Instances value is not valid function pointer expression  (firmware/nnet_utils/nnet_pooling.h:128:43)
INFO: [HLS 207-4235] in instantiation of function template specialization 'nnet::global_pooling1d_cl<ap_fixed<18, 9, AP_RND_CONV, AP_SAT, 0>, ap_fixed<16, 6, AP_TRN, AP_WRAP, 0>, config10>' requested here (firmware/JetTagger.cpp:73:8)
WARNING: [HLS 214-113] Either use an argument of the function or declare the variable inside the dataflow loop body (firmware/JetTagger.cpp:49:83)
WARNING: [HLS 214-113] Either use an argument of the function or declare the variable inside the dataflow loop body (firmware/JetTagger.cpp:49:87)
WARNING: [HLS 214-113] Either use an argument of the function or declare the variable inside the dataflow loop body (firmware/JetTagger.cpp:53:114)
WARNING: [HLS 214-113] Either use an argument of the function or declare the variable inside the dataflow loop body (firmware/JetTagger.cpp:53:119)
WARNING: [HLS 214-113] Either use an argument of the function or declare the variable inside the dataflow loop body (firmware/JetTagger.cpp:61:97)
WARNING: [HLS 214-113] Either use an argument of the function or declare the variable inside the dataflow loop body (firmware/JetTagger.cpp:61:102)
WARNING: [HLS 214-113] Either use an argument of the function or declare the variable inside the dataflow loop body (firmware/JetTagger.cpp:77:84)
WARNING: [HLS 214-113] Either use an argument of the function or declare the variable inside the dataflow loop body (firmware/JetTagger.cpp:77:89)
WARNING: [HLS 214-113] Either use an argument of the function or declare the variable inside the dataflow loop body (firmware/JetTagger.cpp:85:86)
WARNING: [HLS 214-113] Either use an argument of the function or declare the variable inside the dataflow loop body (firmware/JetTagger.cpp:85:91)
WARNING: [HLS 214-113] Either use an argument of the function or declare the variable inside the dataflow loop body (firmware/JetTagger.cpp:89:84)
WARNING: [HLS 214-113] Either use an argument of the function or declare the variable inside the dataflow loop body (firmware/JetTagger.cpp:89:89)
WARNING: [HLS 214-113] Either use an argument of the function or declare the variable inside the dataflow loop body (firmware/JetTagger.cpp:101:88)
WARNING: [HLS 214-113] Either use an argument of the function or declare the variable inside the dataflow loop body (firmware/JetTagger.cpp:101:93)
WARNING: [HLS 214-113] Either use an argument of the function or declare the variable inside the dataflow loop body (firmware/JetTagger.cpp:103:89)
WARNING: [HLS 214-113] Either use an argument of the function or declare the variable inside the dataflow loop body (firmware/JetTagger.cpp:103:94)
WARNING: [HLS 200-471] Dataflow form checks found 16 issue(s) in file firmware/JetTagger.cpp
WARNING: [HLS 207-5292] unused parameter 'keep' (firmware/nnet_utils/nnet_helpers.h:285:99)
WARNING: [HLS 207-5292] unused parameter 'data' (firmware/nnet_utils/nnet_code_gen.h:11:36)
WARNING: [HLS 207-5292] unused parameter 'buffer' (firmware/nnet_utils/nnet_code_gen.h:12:36)
WARNING: [HLS 207-5292] unused parameter 'partition' (firmware/nnet_utils/nnet_code_gen.h:13:44)
WARNING: [HLS 207-5292] unused parameter 'data' (firmware/nnet_utils/nnet_code_gen.h:21:24)
WARNING: [HLS 207-5292] unused parameter 'buffer' (firmware/nnet_utils/nnet_code_gen.h:22:24)
WARNING: [HLS 207-5292] unused parameter 'partition' (firmware/nnet_utils/nnet_code_gen.h:23:32)
INFO: [HLS 200-111] Finished Source Code Analysis and Preprocessing: CPU user time: 11.63 seconds. CPU system time: 0.91 seconds. Elapsed time: 14.19 seconds; current allocated memory: 269.508 MB.
INFO: [HLS 200-777] Using interface defaults for 'Vivado' flow target.
INFO: [HLS 200-1995] There were 20,345 instructions in the design after the 'Compile/Link' phase of compilation. See the Design Size Report for more details: /data/dhoang/CL2TaggerFirmware/JetTagger/JetTagger_prj/solution1/syn/report/csynth_design_size.rpt
WARNING: [HLS 200-1995] There were 787,846 instructions in the design after the 'Unroll/Inline' phase of compilation. See the Design Size Report for more details: /data/dhoang/CL2TaggerFirmware/JetTagger/JetTagger_prj/solution1/syn/report/csynth_design_size.rpt
WARNING: [HLS 200-1995] There were 419,133 instructions in the design after the 'Unroll/Inline (step 2)' phase of compilation. See the Design Size Report for more details: /data/dhoang/CL2TaggerFirmware/JetTagger/JetTagger_prj/solution1/syn/report/csynth_design_size.rpt
WARNING: [HLS 200-1995] There were 395,529 instructions in the design after the 'Unroll/Inline (step 3)' phase of compilation. See the Design Size Report for more details: /data/dhoang/CL2TaggerFirmware/JetTagger/JetTagger_prj/solution1/syn/report/csynth_design_size.rpt
WARNING: [HLS 200-1995] There were 372,627 instructions in the design after the 'Unroll/Inline (step 4)' phase of compilation. See the Design Size Report for more details: /data/dhoang/CL2TaggerFirmware/JetTagger/JetTagger_prj/solution1/syn/report/csynth_design_size.rpt
WARNING: [HLS 200-1995] There were 359,800 instructions in the design after the 'Array/Struct' phase of compilation. See the Design Size Report for more details: /data/dhoang/CL2TaggerFirmware/JetTagger/JetTagger_prj/solution1/syn/report/csynth_design_size.rpt
WARNING: [HLS 200-1995] There were 333,019 instructions in the design after the 'Array/Struct (step 2)' phase of compilation. See the Design Size Report for more details: /data/dhoang/CL2TaggerFirmware/JetTagger/JetTagger_prj/solution1/syn/report/csynth_design_size.rpt
WARNING: [HLS 200-1995] There were 333,019 instructions in the design after the 'Array/Struct (step 3)' phase of compilation. See the Design Size Report for more details: /data/dhoang/CL2TaggerFirmware/JetTagger/JetTagger_prj/solution1/syn/report/csynth_design_size.rpt
WARNING: [HLS 200-1995] There were 333,691 instructions in the design after the 'Array/Struct (step 4)' phase of compilation. See the Design Size Report for more details: /data/dhoang/CL2TaggerFirmware/JetTagger/JetTagger_prj/solution1/syn/report/csynth_design_size.rpt
WARNING: [HLS 200-1995] There were 332,683 instructions in the design after the 'Array/Struct (step 5)' phase of compilation. See the Design Size Report for more details: /data/dhoang/CL2TaggerFirmware/JetTagger/JetTagger_prj/solution1/syn/report/csynth_design_size.rpt
WARNING: [HLS 200-1995] There were 330,222 instructions in the design after the 'Performance' phase of compilation. See the Design Size Report for more details: /data/dhoang/CL2TaggerFirmware/JetTagger/JetTagger_prj/solution1/syn/report/csynth_design_size.rpt
WARNING: [HLS 200-1995] There were 328,809 instructions in the design after the 'Performance (step 2)' phase of compilation. See the Design Size Report for more details: /data/dhoang/CL2TaggerFirmware/JetTagger/JetTagger_prj/solution1/syn/report/csynth_design_size.rpt
WARNING: [HLS 200-1995] There were 328,793 instructions in the design after the 'Performance (step 3)' phase of compilation. See the Design Size Report for more details: /data/dhoang/CL2TaggerFirmware/JetTagger/JetTagger_prj/solution1/syn/report/csynth_design_size.rpt
WARNING: [HLS 200-1995] There were 327,961 instructions in the design after the 'Performance (step 4)' phase of compilation. See the Design Size Report for more details: /data/dhoang/CL2TaggerFirmware/JetTagger/JetTagger_prj/solution1/syn/report/csynth_design_size.rpt
WARNING: [HLS 200-1995] There were 327,971 instructions in the design after the 'HW Transforms' phase of compilation. See the Design Size Report for more details: /data/dhoang/CL2TaggerFirmware/JetTagger/JetTagger_prj/solution1/syn/report/csynth_design_size.rpt
WARNING: [HLS 200-1995] There were 327,989 instructions in the design after the 'HW Transforms (step 2)' phase of compilation. See the Design Size Report for more details: /data/dhoang/CL2TaggerFirmware/JetTagger/JetTagger_prj/solution1/syn/report/csynth_design_size.rpt
WARNING: [HLS 214-273] In function 'void nnet::dense<ap_fixed<16, 6, (ap_q_mode)5, (ap_o_mode)3, 0>, ap_fixed<31, 15, (ap_q_mode)5, (ap_o_mode)3, 0>, config11>(ap_fixed<16, 6, (ap_q_mode)5, (ap_o_mode)3, 0>*, ap_fixed<31, 15, (ap_q_mode)5, (ap_o_mode)3, 0>*, config11::weight_t*, config11::bias_t*)', Pragma conflict happens on 'INLINE' and DATAFLOW pragmas: Inline into dataflow region may break the canonical form (firmware/nnet_utils/nnet_dense.h:38:0)
WARNING: [HLS 214-273] In function 'void nnet::dense<ap_ufixed<9, 0, (ap_q_mode)4, (ap_o_mode)0, 0>, ap_fixed<24, 9, (ap_q_mode)5, (ap_o_mode)3, 0>, config14>(ap_ufixed<9, 0, (ap_q_mode)4, (ap_o_mode)0, 0>*, ap_fixed<24, 9, (ap_q_mode)5, (ap_o_mode)3, 0>*, config14::weight_t*, config14::bias_t*)', Pragma conflict happens on 'INLINE' and DATAFLOW pragmas: Inline into dataflow region may break the canonical form (firmware/nnet_utils/nnet_dense.h:38:0)
WARNING: [HLS 214-273] In function 'void nnet::dense<ap_ufixed<9, 0, (ap_q_mode)4, (ap_o_mode)0, 0>, ap_fixed<24, 9, (ap_q_mode)5, (ap_o_mode)3, 0>, config16>(ap_ufixed<9, 0, (ap_q_mode)4, (ap_o_mode)0, 0>*, ap_fixed<24, 9, (ap_q_mode)5, (ap_o_mode)3, 0>*, config16::weight_t*, config16::bias_t*)', Pragma conflict happens on 'INLINE' and DATAFLOW pragmas: Inline into dataflow region may break the canonical form (firmware/nnet_utils/nnet_dense.h:38:0)
WARNING: [HLS 214-273] In function 'void nnet::dense<ap_ufixed<9, 0, (ap_q_mode)4, (ap_o_mode)0, 0>, ap_fixed<31, 13, (ap_q_mode)5, (ap_o_mode)3, 0>, config20>(ap_ufixed<9, 0, (ap_q_mode)4, (ap_o_mode)0, 0>*, ap_fixed<31, 13, (ap_q_mode)5, (ap_o_mode)3, 0>*, config20::weight_t*, config20::bias_t*)', Pragma conflict happens on 'INLINE' and DATAFLOW pragmas: Inline into dataflow region may break the canonical form (firmware/nnet_utils/nnet_dense.h:38:0)
WARNING: [HLS 214-273] In function 'void nnet::dense<ap_ufixed<9, 0, (ap_q_mode)4, (ap_o_mode)0, 0>, ap_fixed<31, 13, (ap_q_mode)5, (ap_o_mode)3, 0>, config22>(ap_ufixed<9, 0, (ap_q_mode)4, (ap_o_mode)0, 0>*, ap_fixed<31, 13, (ap_q_mode)5, (ap_o_mode)3, 0>*, config22::weight_t*, config22::bias_t*)', Pragma conflict happens on 'INLINE' and DATAFLOW pragmas: Inline into dataflow region may break the canonical form (firmware/nnet_utils/nnet_dense.h:38:0)
WARNING: [HLS 214-273] In function 'void nnet::softmax<ap_fixed<31, 13, (ap_q_mode)5, (ap_o_mode)3, 0>, ap_fixed<16, 6, (ap_q_mode)5, (ap_o_mode)3, 0>, softmax_config24>(ap_fixed<31, 13, (ap_q_mode)5, (ap_o_mode)3, 0>*, ap_fixed<16, 6, (ap_q_mode)5, (ap_o_mode)3, 0>*)', Pragma conflict happens on 'INLINE' and DATAFLOW pragmas: Inline into dataflow region may break the canonical form (firmware/nnet_utils/nnet_activation.h:379:0)
INFO: [HLS 214-131] Inlining function 'nnet::product::mult<ap_fixed<16, 6, (ap_q_mode)5, (ap_o_mode)3, 0>, ap_fixed<16, 6, (ap_q_mode)5, (ap_o_mode)3, 0> >::product(ap_fixed<16, 6, (ap_q_mode)5, (ap_o_mode)3, 0>, ap_fixed<16, 6, (ap_q_mode)5, (ap_o_mode)3, 0>)' into 'void nnet::normalize<ap_fixed<16, 6, (ap_q_mode)5, (ap_o_mode)3, 0>, ap_fixed<33, 13, (ap_q_mode)5, (ap_o_mode)3, 0>, config2>(ap_fixed<16, 6, (ap_q_mode)5, (ap_o_mode)3, 0>*, ap_fixed<33, 13, (ap_q_mode)5, (ap_o_mode)3, 0>*, config2::scale_t*, config2::bias_t*)' (firmware/nnet_utils/nnet_batchnorm.h:59:17)
INFO: [HLS 214-131] Inlining function 'nnet::product::mult<ap_fixed<33, 13, (ap_q_mode)5, (ap_o_mode)3, 0>, ap_fixed<9, 3, (ap_q_mode)5, (ap_o_mode)3, 0> >::product(ap_fixed<33, 13, (ap_q_mode)5, (ap_o_mode)3, 0>, ap_fixed<9, 3, (ap_q_mode)5, (ap_o_mode)3, 0>)' into 'void nnet::conv_1d_latency_cl<ap_fixed<33, 13, (ap_q_mode)5, (ap_o_mode)3, 0>, ap_fixed<48, 22, (ap_q_mode)5, (ap_o_mode)3, 0>, config28>(ap_fixed<33, 13, (ap_q_mode)5, (ap_o_mode)3, 0>*, ap_fixed<48, 22, (ap_q_mode)5, (ap_o_mode)3, 0>*, config28::weight_t*, config28::bias_t*)' (firmware/nnet_utils/nnet_conv1d_latency.h:54:25)
INFO: [HLS 214-131] Inlining function 'nnet::product::mult<ap_ufixed<9, 0, (ap_q_mode)4, (ap_o_mode)0, 0>, ap_fixed<9, 3, (ap_q_mode)5, (ap_o_mode)3, 0> >::product(ap_ufixed<9, 0, (ap_q_mode)4, (ap_o_mode)0, 0>, ap_fixed<9, 3, (ap_q_mode)5, (ap_o_mode)3, 0>)' into 'void nnet::conv_1d_latency_cl<ap_ufixed<9, 0, (ap_q_mode)4, (ap_o_mode)0, 0>, ap_fixed<24, 9, (ap_q_mode)5, (ap_o_mode)3, 0>, config29>(ap_ufixed<9, 0, (ap_q_mode)4, (ap_o_mode)0, 0>*, ap_fixed<24, 9, (ap_q_mode)5, (ap_o_mode)3, 0>*, config29::weight_t*, config29::bias_t*)' (firmware/nnet_utils/nnet_conv1d_latency.h:54:25)
INFO: [HLS 214-131] Inlining function 'nnet::product::mult<ap_fixed<16, 6, (ap_q_mode)5, (ap_o_mode)3, 0>, ap_fixed<9, 3, (ap_q_mode)5, (ap_o_mode)3, 0> >::product(ap_fixed<16, 6, (ap_q_mode)5, (ap_o_mode)3, 0>, ap_fixed<9, 3, (ap_q_mode)5, (ap_o_mode)3, 0>)' into 'void nnet::dense_latency<ap_fixed<16, 6, (ap_q_mode)5, (ap_o_mode)3, 0>, ap_fixed<31, 15, (ap_q_mode)5, (ap_o_mode)3, 0>, config11>(ap_fixed<16, 6, (ap_q_mode)5, (ap_o_mode)3, 0>*, ap_fixed<31, 15, (ap_q_mode)5, (ap_o_mode)3, 0>*, config11::weight_t*, config11::bias_t*)' (firmware/nnet_utils/nnet_dense_latency.h:42:27)
INFO: [HLS 214-131] Inlining function 'nnet::product::mult<ap_ufixed<9, 0, (ap_q_mode)4, (ap_o_mode)0, 0>, ap_fixed<9, 3, (ap_q_mode)5, (ap_o_mode)3, 0> >::product(ap_ufixed<9, 0, (ap_q_mode)4, (ap_o_mode)0, 0>, ap_fixed<9, 3, (ap_q_mode)5, (ap_o_mode)3, 0>)' into 'void nnet::dense_latency<ap_ufixed<9, 0, (ap_q_mode)4, (ap_o_mode)0, 0>, ap_fixed<24, 9, (ap_q_mode)5, (ap_o_mode)3, 0>, config14>(ap_ufixed<9, 0, (ap_q_mode)4, (ap_o_mode)0, 0>*, ap_fixed<24, 9, (ap_q_mode)5, (ap_o_mode)3, 0>*, config14::weight_t*, config14::bias_t*)' (firmware/nnet_utils/nnet_dense_latency.h:42:27)
INFO: [HLS 214-131] Inlining function 'nnet::product::mult<ap_ufixed<9, 0, (ap_q_mode)4, (ap_o_mode)0, 0>, ap_fixed<9, 3, (ap_q_mode)5, (ap_o_mode)3, 0> >::product(ap_ufixed<9, 0, (ap_q_mode)4, (ap_o_mode)0, 0>, ap_fixed<9, 3, (ap_q_mode)5, (ap_o_mode)3, 0>)' into 'void nnet::dense_latency<ap_ufixed<9, 0, (ap_q_mode)4, (ap_o_mode)0, 0>, ap_fixed<24, 9, (ap_q_mode)5, (ap_o_mode)3, 0>, config16>(ap_ufixed<9, 0, (ap_q_mode)4, (ap_o_mode)0, 0>*, ap_fixed<24, 9, (ap_q_mode)5, (ap_o_mode)3, 0>*, config16::weight_t*, config16::bias_t*)' (firmware/nnet_utils/nnet_dense_latency.h:42:27)
INFO: [HLS 214-131] Inlining function 'nnet::product::mult<ap_ufixed<9, 0, (ap_q_mode)4, (ap_o_mode)0, 0>, ap_fixed<16, 7, (ap_q_mode)5, (ap_o_mode)3, 0> >::product(ap_ufixed<9, 0, (ap_q_mode)4, (ap_o_mode)0, 0>, ap_fixed<16, 7, (ap_q_mode)5, (ap_o_mode)3, 0>)' into 'void nnet::dense_latency<ap_ufixed<9, 0, (ap_q_mode)4, (ap_o_mode)0, 0>, ap_fixed<31, 13, (ap_q_mode)5, (ap_o_mode)3, 0>, config20>(ap_ufixed<9, 0, (ap_q_mode)4, (ap_o_mode)0, 0>*, ap_fixed<31, 13, (ap_q_mode)5, (ap_o_mode)3, 0>*, config20::weight_t*, config20::bias_t*)' (firmware/nnet_utils/nnet_dense_latency.h:42:27)
INFO: [HLS 214-131] Inlining function 'nnet::product::mult<ap_ufixed<9, 0, (ap_q_mode)4, (ap_o_mode)0, 0>, ap_fixed<16, 7, (ap_q_mode)5, (ap_o_mode)3, 0> >::product(ap_ufixed<9, 0, (ap_q_mode)4, (ap_o_mode)0, 0>, ap_fixed<16, 7, (ap_q_mode)5, (ap_o_mode)3, 0>)' into 'void nnet::dense_latency<ap_ufixed<9, 0, (ap_q_mode)4, (ap_o_mode)0, 0>, ap_fixed<31, 13, (ap_q_mode)5, (ap_o_mode)3, 0>, config22>(ap_ufixed<9, 0, (ap_q_mode)4, (ap_o_mode)0, 0>*, ap_fixed<31, 13, (ap_q_mode)5, (ap_o_mode)3, 0>*, config22::weight_t*, config22::bias_t*)' (firmware/nnet_utils/nnet_dense_latency.h:42:27)
INFO: [HLS 214-131] Inlining function 'void nnet::dense<ap_fixed<16, 6, (ap_q_mode)5, (ap_o_mode)3, 0>, ap_fixed<31, 15, (ap_q_mode)5, (ap_o_mode)3, 0>, config11>(ap_fixed<16, 6, (ap_q_mode)5, (ap_o_mode)3, 0>*, ap_fixed<31, 15, (ap_q_mode)5, (ap_o_mode)3, 0>*, config11::weight_t*, config11::bias_t*)' into 'JetTagger(ap_fixed<16, 6, (ap_q_mode)5, (ap_o_mode)3, 0>*, ap_fixed<31, 13, (ap_q_mode)5, (ap_o_mode)3, 0>*, ap_fixed<16, 6, (ap_q_mode)5, (ap_o_mode)3, 0>*)' (firmware/JetTagger.cpp:77:2)
INFO: [HLS 214-131] Inlining function 'void nnet::dense<ap_ufixed<9, 0, (ap_q_mode)4, (ap_o_mode)0, 0>, ap_fixed<24, 9, (ap_q_mode)5, (ap_o_mode)3, 0>, config14>(ap_ufixed<9, 0, (ap_q_mode)4, (ap_o_mode)0, 0>*, ap_fixed<24, 9, (ap_q_mode)5, (ap_o_mode)3, 0>*, config14::weight_t*, config14::bias_t*)' into 'JetTagger(ap_fixed<16, 6, (ap_q_mode)5, (ap_o_mode)3, 0>*, ap_fixed<31, 13, (ap_q_mode)5, (ap_o_mode)3, 0>*, ap_fixed<16, 6, (ap_q_mode)5, (ap_o_mode)3, 0>*)' (firmware/JetTagger.cpp:85:2)
INFO: [HLS 214-131] Inlining function 'void nnet::dense<ap_ufixed<9, 0, (ap_q_mode)4, (ap_o_mode)0, 0>, ap_fixed<24, 9, (ap_q_mode)5, (ap_o_mode)3, 0>, config16>(ap_ufixed<9, 0, (ap_q_mode)4, (ap_o_mode)0, 0>*, ap_fixed<24, 9, (ap_q_mode)5, (ap_o_mode)3, 0>*, config16::weight_t*, config16::bias_t*)' into 'JetTagger(ap_fixed<16, 6, (ap_q_mode)5, (ap_o_mode)3, 0>*, ap_fixed<31, 13, (ap_q_mode)5, (ap_o_mode)3, 0>*, ap_fixed<16, 6, (ap_q_mode)5, (ap_o_mode)3, 0>*)' (firmware/JetTagger.cpp:89:2)
INFO: [HLS 214-131] Inlining function 'void nnet::dense<ap_ufixed<9, 0, (ap_q_mode)4, (ap_o_mode)0, 0>, ap_fixed<31, 13, (ap_q_mode)5, (ap_o_mode)3, 0>, config20>(ap_ufixed<9, 0, (ap_q_mode)4, (ap_o_mode)0, 0>*, ap_fixed<31, 13, (ap_q_mode)5, (ap_o_mode)3, 0>*, config20::weight_t*, config20::bias_t*)' into 'JetTagger(ap_fixed<16, 6, (ap_q_mode)5, (ap_o_mode)3, 0>*, ap_fixed<31, 13, (ap_q_mode)5, (ap_o_mode)3, 0>*, ap_fixed<16, 6, (ap_q_mode)5, (ap_o_mode)3, 0>*)' (firmware/JetTagger.cpp:101:2)
INFO: [HLS 214-131] Inlining function 'void nnet::dense<ap_ufixed<9, 0, (ap_q_mode)4, (ap_o_mode)0, 0>, ap_fixed<31, 13, (ap_q_mode)5, (ap_o_mode)3, 0>, config22>(ap_ufixed<9, 0, (ap_q_mode)4, (ap_o_mode)0, 0>*, ap_fixed<31, 13, (ap_q_mode)5, (ap_o_mode)3, 0>*, config22::weight_t*, config22::bias_t*)' into 'JetTagger(ap_fixed<16, 6, (ap_q_mode)5, (ap_o_mode)3, 0>*, ap_fixed<31, 13, (ap_q_mode)5, (ap_o_mode)3, 0>*, ap_fixed<16, 6, (ap_q_mode)5, (ap_o_mode)3, 0>*)' (firmware/JetTagger.cpp:103:5)
INFO: [HLS 214-131] Inlining function 'void nnet::softmax<ap_fixed<31, 13, (ap_q_mode)5, (ap_o_mode)3, 0>, ap_fixed<16, 6, (ap_q_mode)5, (ap_o_mode)3, 0>, softmax_config24>(ap_fixed<31, 13, (ap_q_mode)5, (ap_o_mode)3, 0>*, ap_fixed<16, 6, (ap_q_mode)5, (ap_o_mode)3, 0>*)' into 'JetTagger(ap_fixed<16, 6, (ap_q_mode)5, (ap_o_mode)3, 0>*, ap_fixed<31, 13, (ap_q_mode)5, (ap_o_mode)3, 0>*, ap_fixed<16, 6, (ap_q_mode)5, (ap_o_mode)3, 0>*)' (firmware/JetTagger.cpp:105:5)
INFO: [HLS 214-291] Loop 'VITIS_LOOP_266_3' is marked as complete unroll implied by the pipeline pragma (firmware/nnet_utils/nnet_activation.h:266:23)
INFO: [HLS 214-291] Loop 'VITIS_LOOP_252_2' is marked as complete unroll implied by the pipeline pragma (firmware/nnet_utils/nnet_activation.h:252:23)
INFO: [HLS 214-291] Loop 'VITIS_LOOP_243_1' is marked as complete unroll implied by the pipeline pragma (firmware/nnet_utils/nnet_activation.h:243:23)
INFO: [HLS 214-291] Loop 'VITIS_LOOP_151_1' is marked as complete unroll implied by the pipeline pragma (firmware/nnet_utils/nnet_activation.h:151:23)
INFO: [HLS 214-291] Loop 'Result' is marked as complete unroll implied by the pipeline pragma (firmware/nnet_utils/nnet_dense_latency.h:64:5)
INFO: [HLS 214-291] Loop 'Accum1' is marked as complete unroll implied by the pipeline pragma (firmware/nnet_utils/nnet_dense_latency.h:54:5)
INFO: [HLS 214-291] Loop 'Accum2' is marked as complete unroll implied by the pipeline pragma (firmware/nnet_utils/nnet_dense_latency.h:56:9)
INFO: [HLS 214-291] Loop 'ResetAccum' is marked as complete unroll implied by the pipeline pragma (firmware/nnet_utils/nnet_dense_latency.h:48:5)
INFO: [HLS 214-291] Loop 'Product1' is marked as complete unroll implied by the pipeline pragma (firmware/nnet_utils/nnet_dense_latency.h:37:5)
INFO: [HLS 214-291] Loop 'Product2' is marked as complete unroll implied by the pipeline pragma (firmware/nnet_utils/nnet_dense_latency.h:40:9)
INFO: [HLS 214-291] Loop 'VITIS_LOOP_43_1' is marked as complete unroll implied by the pipeline pragma (firmware/nnet_utils/nnet_activation.h:43:22)
INFO: [HLS 214-291] Loop 'VITIS_LOOP_131_1' is marked as complete unroll implied by the pipeline pragma (firmware/nnet_utils/nnet_pooling.h:131:20)
INFO: [HLS 214-291] Loop 'VITIS_LOOP_134_2' is marked as complete unroll implied by the pipeline pragma (firmware/nnet_utils/nnet_pooling.h:134:20)
INFO: [HLS 214-291] Loop 'VITIS_LOOP_22_1' is marked as complete unroll implied by the pipeline pragma (firmware/nnet_utils/nnet_pooling.h:22:22)
INFO: [HLS 214-291] Loop 'VITIS_LOOP_31_1' is marked as complete unroll implied by the pipeline pragma (firmware/nnet_utils/nnet_activation.h:31:19)
INFO: [HLS 214-291] Loop 'PixelLoop' is marked as complete unroll implied by the pipeline pragma (firmware/nnet_utils/nnet_conv1d_latency.h:40:9)
INFO: [HLS 214-291] Loop 'Product1' is marked as complete unroll implied by the pipeline pragma (firmware/nnet_utils/nnet_conv1d_latency.h:47:13)
INFO: [HLS 214-291] Loop 'Product2' is marked as complete unroll implied by the pipeline pragma (firmware/nnet_utils/nnet_conv1d_latency.h:51:17)
INFO: [HLS 214-291] Loop 'ResetAccum' is marked as complete unroll implied by the pipeline pragma (firmware/nnet_utils/nnet_conv1d_latency.h:61:13)
INFO: [HLS 214-291] Loop 'Accum1' is marked as complete unroll implied by the pipeline pragma (firmware/nnet_utils/nnet_conv1d_latency.h:68:13)
INFO: [HLS 214-291] Loop 'Accum2' is marked as complete unroll implied by the pipeline pragma (firmware/nnet_utils/nnet_conv1d_latency.h:71:17)
INFO: [HLS 214-291] Loop 'Result' is marked as complete unroll implied by the pipeline pragma (firmware/nnet_utils/nnet_conv1d_latency.h:79:13)
INFO: [HLS 214-291] Loop 'Result' is marked as complete unroll implied by the pipeline pragma (firmware/nnet_utils/nnet_batchnorm.h:52:5)
INFO: [HLS 214-186] Unrolling loop 'VITIS_LOOP_266_3' (firmware/nnet_utils/nnet_activation.h:266:23) in function 'nnet::softmax_stable<ap_fixed<31, 13, (ap_q_mode)5, (ap_o_mode)3, 0>, ap_fixed<16, 6, (ap_q_mode)5, (ap_o_mode)3, 0>, softmax_config24>' completely with a factor of 8 (firmware/nnet_utils/nnet_activation.h:216:0)
INFO: [HLS 214-186] Unrolling loop 'VITIS_LOOP_252_2' (firmware/nnet_utils/nnet_activation.h:252:23) in function 'nnet::softmax_stable<ap_fixed<31, 13, (ap_q_mode)5, (ap_o_mode)3, 0>, ap_fixed<16, 6, (ap_q_mode)5, (ap_o_mode)3, 0>, softmax_config24>' completely with a factor of 8 (firmware/nnet_utils/nnet_activation.h:216:0)
INFO: [HLS 214-186] Unrolling loop 'VITIS_LOOP_243_1' (firmware/nnet_utils/nnet_activation.h:243:23) in function 'nnet::softmax_stable<ap_fixed<31, 13, (ap_q_mode)5, (ap_o_mode)3, 0>, ap_fixed<16, 6, (ap_q_mode)5, (ap_o_mode)3, 0>, softmax_config24>' completely with a factor of 8 (firmware/nnet_utils/nnet_activation.h:216:0)
INFO: [HLS 214-186] Unrolling loop 'VITIS_LOOP_151_1' (firmware/nnet_utils/nnet_activation.h:151:23) in function 'nnet::init_exp_table<ap_fixed<31, 13, (ap_q_mode)5, (ap_o_mode)3, 0>, softmax_config24>' completely with a factor of 1024 (firmware/nnet_utils/nnet_activation.h:149:0)
INFO: [HLS 214-186] Unrolling loop 'Result' (firmware/nnet_utils/nnet_dense_latency.h:64:5) in function 'nnet::dense_latency<ap_ufixed<9, 0, (ap_q_mode)4, (ap_o_mode)0, 0>, ap_fixed<31, 13, (ap_q_mode)5, (ap_o_mode)3, 0>, config22>' completely with a factor of 1 (firmware/nnet_utils/nnet_dense_latency.h:15:0)
INFO: [HLS 214-186] Unrolling loop 'Accum1' (firmware/nnet_utils/nnet_dense_latency.h:54:5) in function 'nnet::dense_latency<ap_ufixed<9, 0, (ap_q_mode)4, (ap_o_mode)0, 0>, ap_fixed<31, 13, (ap_q_mode)5, (ap_o_mode)3, 0>, config22>' completely with a factor of 32 (firmware/nnet_utils/nnet_dense_latency.h:15:0)
INFO: [HLS 214-186] Unrolling loop 'Accum2' (firmware/nnet_utils/nnet_dense_latency.h:56:9) in function 'nnet::dense_latency<ap_ufixed<9, 0, (ap_q_mode)4, (ap_o_mode)0, 0>, ap_fixed<31, 13, (ap_q_mode)5, (ap_o_mode)3, 0>, config22>' completely with a factor of 1 (firmware/nnet_utils/nnet_dense_latency.h:15:0)
INFO: [HLS 214-186] Unrolling loop 'ResetAccum' (firmware/nnet_utils/nnet_dense_latency.h:48:5) in function 'nnet::dense_latency<ap_ufixed<9, 0, (ap_q_mode)4, (ap_o_mode)0, 0>, ap_fixed<31, 13, (ap_q_mode)5, (ap_o_mode)3, 0>, config22>' completely with a factor of 1 (firmware/nnet_utils/nnet_dense_latency.h:15:0)
INFO: [HLS 214-186] Unrolling loop 'Product1' (firmware/nnet_utils/nnet_dense_latency.h:37:5) in function 'nnet::dense_latency<ap_ufixed<9, 0, (ap_q_mode)4, (ap_o_mode)0, 0>, ap_fixed<31, 13, (ap_q_mode)5, (ap_o_mode)3, 0>, config22>' completely with a factor of 32 (firmware/nnet_utils/nnet_dense_latency.h:15:0)
INFO: [HLS 214-186] Unrolling loop 'Product2' (firmware/nnet_utils/nnet_dense_latency.h:40:9) in function 'nnet::dense_latency<ap_ufixed<9, 0, (ap_q_mode)4, (ap_o_mode)0, 0>, ap_fixed<31, 13, (ap_q_mode)5, (ap_o_mode)3, 0>, config22>' completely with a factor of 1 (firmware/nnet_utils/nnet_dense_latency.h:15:0)
INFO: [HLS 214-186] Unrolling loop 'Result' (firmware/nnet_utils/nnet_dense_latency.h:64:5) in function 'nnet::dense_latency<ap_ufixed<9, 0, (ap_q_mode)4, (ap_o_mode)0, 0>, ap_fixed<31, 13, (ap_q_mode)5, (ap_o_mode)3, 0>, config20>' completely with a factor of 8 (firmware/nnet_utils/nnet_dense_latency.h:15:0)
INFO: [HLS 214-186] Unrolling loop 'Accum1' (firmware/nnet_utils/nnet_dense_latency.h:54:5) in function 'nnet::dense_latency<ap_ufixed<9, 0, (ap_q_mode)4, (ap_o_mode)0, 0>, ap_fixed<31, 13, (ap_q_mode)5, (ap_o_mode)3, 0>, config20>' completely with a factor of 32 (firmware/nnet_utils/nnet_dense_latency.h:15:0)
INFO: [HLS 214-186] Unrolling loop 'Accum2' (firmware/nnet_utils/nnet_dense_latency.h:56:9) in function 'nnet::dense_latency<ap_ufixed<9, 0, (ap_q_mode)4, (ap_o_mode)0, 0>, ap_fixed<31, 13, (ap_q_mode)5, (ap_o_mode)3, 0>, config20>' completely with a factor of 8 (firmware/nnet_utils/nnet_dense_latency.h:15:0)
INFO: [HLS 214-186] Unrolling loop 'ResetAccum' (firmware/nnet_utils/nnet_dense_latency.h:48:5) in function 'nnet::dense_latency<ap_ufixed<9, 0, (ap_q_mode)4, (ap_o_mode)0, 0>, ap_fixed<31, 13, (ap_q_mode)5, (ap_o_mode)3, 0>, config20>' completely with a factor of 8 (firmware/nnet_utils/nnet_dense_latency.h:15:0)
INFO: [HLS 214-186] Unrolling loop 'Product1' (firmware/nnet_utils/nnet_dense_latency.h:37:5) in function 'nnet::dense_latency<ap_ufixed<9, 0, (ap_q_mode)4, (ap_o_mode)0, 0>, ap_fixed<31, 13, (ap_q_mode)5, (ap_o_mode)3, 0>, config20>' completely with a factor of 32 (firmware/nnet_utils/nnet_dense_latency.h:15:0)
INFO: [HLS 214-186] Unrolling loop 'Product2' (firmware/nnet_utils/nnet_dense_latency.h:40:9) in function 'nnet::dense_latency<ap_ufixed<9, 0, (ap_q_mode)4, (ap_o_mode)0, 0>, ap_fixed<31, 13, (ap_q_mode)5, (ap_o_mode)3, 0>, config20>' completely with a factor of 8 (firmware/nnet_utils/nnet_dense_latency.h:15:0)
INFO: [HLS 214-186] Unrolling loop 'VITIS_LOOP_43_1' (firmware/nnet_utils/nnet_activation.h:43:22) in function 'nnet::relu<ap_fixed<24, 9, (ap_q_mode)5, (ap_o_mode)3, 0>, ap_ufixed<9, 0, (ap_q_mode)4, (ap_o_mode)0, 0>, relu_config19>' completely with a factor of 32 (firmware/nnet_utils/nnet_activation.h:39:0)
INFO: [HLS 214-186] Unrolling loop 'VITIS_LOOP_43_1' (firmware/nnet_utils/nnet_activation.h:43:22) in function 'nnet::relu<ap_fixed<24, 9, (ap_q_mode)5, (ap_o_mode)3, 0>, ap_ufixed<9, 0, (ap_q_mode)4, (ap_o_mode)0, 0>, relu_config18>' completely with a factor of 32 (firmware/nnet_utils/nnet_activation.h:39:0)
INFO: [HLS 214-186] Unrolling loop 'Result' (firmware/nnet_utils/nnet_dense_latency.h:64:5) in function 'nnet::dense_latency<ap_ufixed<9, 0, (ap_q_mode)4, (ap_o_mode)0, 0>, ap_fixed<24, 9, (ap_q_mode)5, (ap_o_mode)3, 0>, config16>' completely with a factor of 32 (firmware/nnet_utils/nnet_dense_latency.h:15:0)
INFO: [HLS 214-186] Unrolling loop 'Accum1' (firmware/nnet_utils/nnet_dense_latency.h:54:5) in function 'nnet::dense_latency<ap_ufixed<9, 0, (ap_q_mode)4, (ap_o_mode)0, 0>, ap_fixed<24, 9, (ap_q_mode)5, (ap_o_mode)3, 0>, config16>' completely with a factor of 32 (firmware/nnet_utils/nnet_dense_latency.h:15:0)
INFO: [HLS 214-186] Unrolling loop 'Accum2' (firmware/nnet_utils/nnet_dense_latency.h:56:9) in function 'nnet::dense_latency<ap_ufixed<9, 0, (ap_q_mode)4, (ap_o_mode)0, 0>, ap_fixed<24, 9, (ap_q_mode)5, (ap_o_mode)3, 0>, config16>' completely with a factor of 32 (firmware/nnet_utils/nnet_dense_latency.h:15:0)
INFO: [HLS 214-186] Unrolling loop 'ResetAccum' (firmware/nnet_utils/nnet_dense_latency.h:48:5) in function 'nnet::dense_latency<ap_ufixed<9, 0, (ap_q_mode)4, (ap_o_mode)0, 0>, ap_fixed<24, 9, (ap_q_mode)5, (ap_o_mode)3, 0>, config16>' completely with a factor of 32 (firmware/nnet_utils/nnet_dense_latency.h:15:0)
INFO: [HLS 214-186] Unrolling loop 'Product1' (firmware/nnet_utils/nnet_dense_latency.h:37:5) in function 'nnet::dense_latency<ap_ufixed<9, 0, (ap_q_mode)4, (ap_o_mode)0, 0>, ap_fixed<24, 9, (ap_q_mode)5, (ap_o_mode)3, 0>, config16>' completely with a factor of 32 (firmware/nnet_utils/nnet_dense_latency.h:15:0)
INFO: [HLS 214-186] Unrolling loop 'Product2' (firmware/nnet_utils/nnet_dense_latency.h:40:9) in function 'nnet::dense_latency<ap_ufixed<9, 0, (ap_q_mode)4, (ap_o_mode)0, 0>, ap_fixed<24, 9, (ap_q_mode)5, (ap_o_mode)3, 0>, config16>' completely with a factor of 32 (firmware/nnet_utils/nnet_dense_latency.h:15:0)
INFO: [HLS 214-186] Unrolling loop 'Result' (firmware/nnet_utils/nnet_dense_latency.h:64:5) in function 'nnet::dense_latency<ap_ufixed<9, 0, (ap_q_mode)4, (ap_o_mode)0, 0>, ap_fixed<24, 9, (ap_q_mode)5, (ap_o_mode)3, 0>, config14>' completely with a factor of 32 (firmware/nnet_utils/nnet_dense_latency.h:15:0)
INFO: [HLS 214-186] Unrolling loop 'Accum1' (firmware/nnet_utils/nnet_dense_latency.h:54:5) in function 'nnet::dense_latency<ap_ufixed<9, 0, (ap_q_mode)4, (ap_o_mode)0, 0>, ap_fixed<24, 9, (ap_q_mode)5, (ap_o_mode)3, 0>, config14>' completely with a factor of 32 (firmware/nnet_utils/nnet_dense_latency.h:15:0)
INFO: [HLS 214-186] Unrolling loop 'Accum2' (firmware/nnet_utils/nnet_dense_latency.h:56:9) in function 'nnet::dense_latency<ap_ufixed<9, 0, (ap_q_mode)4, (ap_o_mode)0, 0>, ap_fixed<24, 9, (ap_q_mode)5, (ap_o_mode)3, 0>, config14>' completely with a factor of 32 (firmware/nnet_utils/nnet_dense_latency.h:15:0)
INFO: [HLS 214-186] Unrolling loop 'ResetAccum' (firmware/nnet_utils/nnet_dense_latency.h:48:5) in function 'nnet::dense_latency<ap_ufixed<9, 0, (ap_q_mode)4, (ap_o_mode)0, 0>, ap_fixed<24, 9, (ap_q_mode)5, (ap_o_mode)3, 0>, config14>' completely with a factor of 32 (firmware/nnet_utils/nnet_dense_latency.h:15:0)
INFO: [HLS 214-186] Unrolling loop 'Product1' (firmware/nnet_utils/nnet_dense_latency.h:37:5) in function 'nnet::dense_latency<ap_ufixed<9, 0, (ap_q_mode)4, (ap_o_mode)0, 0>, ap_fixed<24, 9, (ap_q_mode)5, (ap_o_mode)3, 0>, config14>' completely with a factor of 32 (firmware/nnet_utils/nnet_dense_latency.h:15:0)
INFO: [HLS 214-186] Unrolling loop 'Product2' (firmware/nnet_utils/nnet_dense_latency.h:40:9) in function 'nnet::dense_latency<ap_ufixed<9, 0, (ap_q_mode)4, (ap_o_mode)0, 0>, ap_fixed<24, 9, (ap_q_mode)5, (ap_o_mode)3, 0>, config14>' completely with a factor of 32 (firmware/nnet_utils/nnet_dense_latency.h:15:0)
INFO: [HLS 214-186] Unrolling loop 'VITIS_LOOP_43_1' (firmware/nnet_utils/nnet_activation.h:43:22) in function 'nnet::relu<ap_fixed<31, 15, (ap_q_mode)5, (ap_o_mode)3, 0>, ap_ufixed<9, 0, (ap_q_mode)4, (ap_o_mode)0, 0>, relu_config13>' completely with a factor of 32 (firmware/nnet_utils/nnet_activation.h:39:0)
INFO: [HLS 214-186] Unrolling loop 'Result' (firmware/nnet_utils/nnet_dense_latency.h:64:5) in function 'nnet::dense_latency<ap_fixed<16, 6, (ap_q_mode)5, (ap_o_mode)3, 0>, ap_fixed<31, 15, (ap_q_mode)5, (ap_o_mode)3, 0>, config11>' completely with a factor of 32 (firmware/nnet_utils/nnet_dense_latency.h:15:0)
INFO: [HLS 214-186] Unrolling loop 'Accum1' (firmware/nnet_utils/nnet_dense_latency.h:54:5) in function 'nnet::dense_latency<ap_fixed<16, 6, (ap_q_mode)5, (ap_o_mode)3, 0>, ap_fixed<31, 15, (ap_q_mode)5, (ap_o_mode)3, 0>, config11>' completely with a factor of 32 (firmware/nnet_utils/nnet_dense_latency.h:15:0)
INFO: [HLS 214-186] Unrolling loop 'Accum2' (firmware/nnet_utils/nnet_dense_latency.h:56:9) in function 'nnet::dense_latency<ap_fixed<16, 6, (ap_q_mode)5, (ap_o_mode)3, 0>, ap_fixed<31, 15, (ap_q_mode)5, (ap_o_mode)3, 0>, config11>' completely with a factor of 32 (firmware/nnet_utils/nnet_dense_latency.h:15:0)
INFO: [HLS 214-186] Unrolling loop 'ResetAccum' (firmware/nnet_utils/nnet_dense_latency.h:48:5) in function 'nnet::dense_latency<ap_fixed<16, 6, (ap_q_mode)5, (ap_o_mode)3, 0>, ap_fixed<31, 15, (ap_q_mode)5, (ap_o_mode)3, 0>, config11>' completely with a factor of 32 (firmware/nnet_utils/nnet_dense_latency.h:15:0)
INFO: [HLS 214-186] Unrolling loop 'Product1' (firmware/nnet_utils/nnet_dense_latency.h:37:5) in function 'nnet::dense_latency<ap_fixed<16, 6, (ap_q_mode)5, (ap_o_mode)3, 0>, ap_fixed<31, 15, (ap_q_mode)5, (ap_o_mode)3, 0>, config11>' completely with a factor of 32 (firmware/nnet_utils/nnet_dense_latency.h:15:0)
INFO: [HLS 214-186] Unrolling loop 'Product2' (firmware/nnet_utils/nnet_dense_latency.h:40:9) in function 'nnet::dense_latency<ap_fixed<16, 6, (ap_q_mode)5, (ap_o_mode)3, 0>, ap_fixed<31, 15, (ap_q_mode)5, (ap_o_mode)3, 0>, config11>' completely with a factor of 32 (firmware/nnet_utils/nnet_dense_latency.h:15:0)
INFO: [HLS 214-186] Unrolling loop 'VITIS_LOOP_131_1' (firmware/nnet_utils/nnet_pooling.h:131:20) in function 'nnet::global_pooling1d_cl<ap_fixed<18, 9, (ap_q_mode)4, (ap_o_mode)0, 0>, ap_fixed<16, 6, (ap_q_mode)5, (ap_o_mode)3, 0>, config10>' completely with a factor of 32 (firmware/nnet_utils/nnet_pooling.h:120:0)
INFO: [HLS 214-186] Unrolling loop 'VITIS_LOOP_134_2' (firmware/nnet_utils/nnet_pooling.h:134:20) in function 'nnet::global_pooling1d_cl<ap_fixed<18, 9, (ap_q_mode)4, (ap_o_mode)0, 0>, ap_fixed<16, 6, (ap_q_mode)5, (ap_o_mode)3, 0>, config10>' completely with a factor of 16 (firmware/nnet_utils/nnet_pooling.h:120:0)
INFO: [HLS 214-186] Unrolling loop 'VITIS_LOOP_22_1' (firmware/nnet_utils/nnet_pooling.h:22:22) in function 'nnet::avg<ap_fixed<18, 9, (ap_q_mode)4, (ap_o_mode)0, 0>, 16, ap_fixed<16, 6, (ap_q_mode)5, (ap_o_mode)3, 0> >' completely with a factor of 16 (firmware/nnet_utils/nnet_pooling.h:20:0)
INFO: [HLS 214-186] Unrolling loop 'VITIS_LOOP_31_1' (firmware/nnet_utils/nnet_activation.h:31:19) in function 'nnet::linear<ap_ufixed<9, 0, (ap_q_mode)4, (ap_o_mode)0, 0>, ap_fixed<18, 9, (ap_q_mode)4, (ap_o_mode)0, 0>, linear_config9>' completely with a factor of 512 (firmware/nnet_utils/nnet_activation.h:28:0)
INFO: [HLS 214-186] Unrolling loop 'VITIS_LOOP_43_1' (firmware/nnet_utils/nnet_activation.h:43:22) in function 'nnet::relu<ap_fixed<24, 9, (ap_q_mode)5, (ap_o_mode)3, 0>, ap_ufixed<9, 0, (ap_q_mode)4, (ap_o_mode)0, 0>, relu_config8>' completely with a factor of 512 (firmware/nnet_utils/nnet_activation.h:39:0)
INFO: [HLS 214-186] Unrolling loop 'PixelLoop' (firmware/nnet_utils/nnet_conv1d_latency.h:40:9) in function 'nnet::conv_1d_latency_cl<ap_ufixed<9, 0, (ap_q_mode)4, (ap_o_mode)0, 0>, ap_fixed<24, 9, (ap_q_mode)5, (ap_o_mode)3, 0>, config29>' completely with a factor of 1 (firmware/nnet_utils/nnet_conv1d_latency.h:14:0)
INFO: [HLS 214-186] Unrolling loop 'Result' (firmware/nnet_utils/nnet_conv1d_latency.h:79:13) in function 'nnet::conv_1d_latency_cl<ap_ufixed<9, 0, (ap_q_mode)4, (ap_o_mode)0, 0>, ap_fixed<24, 9, (ap_q_mode)5, (ap_o_mode)3, 0>, config29>' completely with a factor of 32 (firmware/nnet_utils/nnet_conv1d_latency.h:14:0)
INFO: [HLS 214-186] Unrolling loop 'Accum1' (firmware/nnet_utils/nnet_conv1d_latency.h:68:13) in function 'nnet::conv_1d_latency_cl<ap_ufixed<9, 0, (ap_q_mode)4, (ap_o_mode)0, 0>, ap_fixed<24, 9, (ap_q_mode)5, (ap_o_mode)3, 0>, config29>' completely with a factor of 32 (firmware/nnet_utils/nnet_conv1d_latency.h:14:0)
INFO: [HLS 214-186] Unrolling loop 'Accum2' (firmware/nnet_utils/nnet_conv1d_latency.h:71:17) in function 'nnet::conv_1d_latency_cl<ap_ufixed<9, 0, (ap_q_mode)4, (ap_o_mode)0, 0>, ap_fixed<24, 9, (ap_q_mode)5, (ap_o_mode)3, 0>, config29>' completely with a factor of 32 (firmware/nnet_utils/nnet_conv1d_latency.h:14:0)
INFO: [HLS 214-186] Unrolling loop 'ResetAccum' (firmware/nnet_utils/nnet_conv1d_latency.h:61:13) in function 'nnet::conv_1d_latency_cl<ap_ufixed<9, 0, (ap_q_mode)4, (ap_o_mode)0, 0>, ap_fixed<24, 9, (ap_q_mode)5, (ap_o_mode)3, 0>, config29>' completely with a factor of 32 (firmware/nnet_utils/nnet_conv1d_latency.h:14:0)
INFO: [HLS 214-186] Unrolling loop 'Product1' (firmware/nnet_utils/nnet_conv1d_latency.h:47:13) in function 'nnet::conv_1d_latency_cl<ap_ufixed<9, 0, (ap_q_mode)4, (ap_o_mode)0, 0>, ap_fixed<24, 9, (ap_q_mode)5, (ap_o_mode)3, 0>, config29>' completely with a factor of 32 (firmware/nnet_utils/nnet_conv1d_latency.h:14:0)
INFO: [HLS 214-186] Unrolling loop 'Product2' (firmware/nnet_utils/nnet_conv1d_latency.h:51:17) in function 'nnet::conv_1d_latency_cl<ap_ufixed<9, 0, (ap_q_mode)4, (ap_o_mode)0, 0>, ap_fixed<24, 9, (ap_q_mode)5, (ap_o_mode)3, 0>, config29>' completely with a factor of 32 (firmware/nnet_utils/nnet_conv1d_latency.h:14:0)
INFO: [HLS 214-186] Unrolling loop 'VITIS_LOOP_43_1' (firmware/nnet_utils/nnet_activation.h:43:22) in function 'nnet::relu<ap_fixed<48, 22, (ap_q_mode)5, (ap_o_mode)3, 0>, ap_ufixed<9, 0, (ap_q_mode)4, (ap_o_mode)0, 0>, relu_config5>' completely with a factor of 512 (firmware/nnet_utils/nnet_activation.h:39:0)
INFO: [HLS 214-186] Unrolling loop 'PixelLoop' (firmware/nnet_utils/nnet_conv1d_latency.h:40:9) in function 'nnet::conv_1d_latency_cl<ap_fixed<33, 13, (ap_q_mode)5, (ap_o_mode)3, 0>, ap_fixed<48, 22, (ap_q_mode)5, (ap_o_mode)3, 0>, config28>' completely with a factor of 1 (firmware/nnet_utils/nnet_conv1d_latency.h:14:0)
INFO: [HLS 214-186] Unrolling loop 'Result' (firmware/nnet_utils/nnet_conv1d_latency.h:79:13) in function 'nnet::conv_1d_latency_cl<ap_fixed<33, 13, (ap_q_mode)5, (ap_o_mode)3, 0>, ap_fixed<48, 22, (ap_q_mode)5, (ap_o_mode)3, 0>, config28>' completely with a factor of 32 (firmware/nnet_utils/nnet_conv1d_latency.h:14:0)
INFO: [HLS 214-186] Unrolling loop 'Accum1' (firmware/nnet_utils/nnet_conv1d_latency.h:68:13) in function 'nnet::conv_1d_latency_cl<ap_fixed<33, 13, (ap_q_mode)5, (ap_o_mode)3, 0>, ap_fixed<48, 22, (ap_q_mode)5, (ap_o_mode)3, 0>, config28>' completely with a factor of 21 (firmware/nnet_utils/nnet_conv1d_latency.h:14:0)
INFO: [HLS 214-186] Unrolling loop 'Accum2' (firmware/nnet_utils/nnet_conv1d_latency.h:71:17) in function 'nnet::conv_1d_latency_cl<ap_fixed<33, 13, (ap_q_mode)5, (ap_o_mode)3, 0>, ap_fixed<48, 22, (ap_q_mode)5, (ap_o_mode)3, 0>, config28>' completely with a factor of 32 (firmware/nnet_utils/nnet_conv1d_latency.h:14:0)
INFO: [HLS 214-186] Unrolling loop 'ResetAccum' (firmware/nnet_utils/nnet_conv1d_latency.h:61:13) in function 'nnet::conv_1d_latency_cl<ap_fixed<33, 13, (ap_q_mode)5, (ap_o_mode)3, 0>, ap_fixed<48, 22, (ap_q_mode)5, (ap_o_mode)3, 0>, config28>' completely with a factor of 32 (firmware/nnet_utils/nnet_conv1d_latency.h:14:0)
INFO: [HLS 214-186] Unrolling loop 'Product1' (firmware/nnet_utils/nnet_conv1d_latency.h:47:13) in function 'nnet::conv_1d_latency_cl<ap_fixed<33, 13, (ap_q_mode)5, (ap_o_mode)3, 0>, ap_fixed<48, 22, (ap_q_mode)5, (ap_o_mode)3, 0>, config28>' completely with a factor of 21 (firmware/nnet_utils/nnet_conv1d_latency.h:14:0)
INFO: [HLS 214-186] Unrolling loop 'Product2' (firmware/nnet_utils/nnet_conv1d_latency.h:51:17) in function 'nnet::conv_1d_latency_cl<ap_fixed<33, 13, (ap_q_mode)5, (ap_o_mode)3, 0>, ap_fixed<48, 22, (ap_q_mode)5, (ap_o_mode)3, 0>, config28>' completely with a factor of 32 (firmware/nnet_utils/nnet_conv1d_latency.h:14:0)
INFO: [HLS 214-186] Unrolling loop 'Result' (firmware/nnet_utils/nnet_batchnorm.h:52:5) in function 'nnet::normalize<ap_fixed<16, 6, (ap_q_mode)5, (ap_o_mode)3, 0>, ap_fixed<33, 13, (ap_q_mode)5, (ap_o_mode)3, 0>, config2>' completely with a factor of 336 (firmware/nnet_utils/nnet_batchnorm.h:33:0)
INFO: [HLS 214-178] Inlining function 'ap_fixed<16, 6, (ap_q_mode)5, (ap_o_mode)3, 0> nnet::avg<ap_fixed<18, 9, (ap_q_mode)4, (ap_o_mode)0, 0>, 16, ap_fixed<16, 6, (ap_q_mode)5, (ap_o_mode)3, 0> >(ap_fixed<18, 9, (ap_q_mode)4, (ap_o_mode)0, 0> (&) [16], unsigned int)' into 'ap_fixed<16, 6, (ap_q_mode)5, (ap_o_mode)3, 0> nnet::pool_op<ap_fixed<18, 9, (ap_q_mode)4, (ap_o_mode)0, 0>, 16, (nnet::Pool_Op)1, ap_fixed<16, 6, (ap_q_mode)5, (ap_o_mode)3, 0> >(ap_fixed<18, 9, (ap_q_mode)4, (ap_o_mode)0, 0> (&) [16], unsigned int)' (firmware/nnet_utils/nnet_pooling.h:31:0)
INFO: [HLS 214-178] Inlining function 'ap_fixed<16, 6, (ap_q_mode)5, (ap_o_mode)3, 0> nnet::pool_op<ap_fixed<18, 9, (ap_q_mode)4, (ap_o_mode)0, 0>, 16, (nnet::Pool_Op)1, ap_fixed<16, 6, (ap_q_mode)5, (ap_o_mode)3, 0> >(ap_fixed<18, 9, (ap_q_mode)4, (ap_o_mode)0, 0> (&) [16], unsigned int)' into 'ap_fixed<16, 6, (ap_q_mode)5, (ap_o_mode)3, 0> nnet::pool_op<ap_fixed<18, 9, (ap_q_mode)4, (ap_o_mode)0, 0>, 16, (nnet::Pool_Op)1, ap_fixed<16, 6, (ap_q_mode)5, (ap_o_mode)3, 0> >(ap_fixed<18, 9, (ap_q_mode)4, (ap_o_mode)0, 0> (&) [16])' (firmware/nnet_utils/nnet_pooling.h:41:0)
INFO: [HLS 214-178] Inlining function 'std::enable_if<!(std::is_same<ap_ufixed<9, 0, (ap_q_mode)4, (ap_o_mode)0, 0>, ap_uint<1> >::value), ap_fixed<31, 13, (ap_q_mode)5, (ap_o_mode)3, 0> >::type nnet::cast<ap_ufixed<9, 0, (ap_q_mode)4, (ap_o_mode)0, 0>, ap_fixed<31, 13, (ap_q_mode)5, (ap_o_mode)3, 0>, config20>(config20::accum_t)' into 'void nnet::dense_latency<ap_ufixed<9, 0, (ap_q_mode)4, (ap_o_mode)0, 0>, ap_fixed<31, 13, (ap_q_mode)5, (ap_o_mode)3, 0>, config20>(ap_ufixed<9, 0, (ap_q_mode)4, (ap_o_mode)0, 0>*, ap_fixed<31, 13, (ap_q_mode)5, (ap_o_mode)3, 0>*, config20::weight_t*, config20::bias_t*)' (firmware/nnet_utils/nnet_dense_latency.h:15:0)
INFO: [HLS 214-178] Inlining function 'std::enable_if<!(std::is_same<ap_ufixed<9, 0, (ap_q_mode)4, (ap_o_mode)0, 0>, ap_uint<1> >::value), ap_fixed<31, 13, (ap_q_mode)5, (ap_o_mode)3, 0> >::type nnet::cast<ap_ufixed<9, 0, (ap_q_mode)4, (ap_o_mode)0, 0>, ap_fixed<31, 13, (ap_q_mode)5, (ap_o_mode)3, 0>, config22>(config22::accum_t)' into 'void nnet::dense_latency<ap_ufixed<9, 0, (ap_q_mode)4, (ap_o_mode)0, 0>, ap_fixed<31, 13, (ap_q_mode)5, (ap_o_mode)3, 0>, config22>(ap_ufixed<9, 0, (ap_q_mode)4, (ap_o_mode)0, 0>*, ap_fixed<31, 13, (ap_q_mode)5, (ap_o_mode)3, 0>*, config22::weight_t*, config22::bias_t*)' (firmware/nnet_utils/nnet_dense_latency.h:15:0)
INFO: [HLS 214-178] Inlining function 'nnet::Op_max<ap_fixed<31, 13, (ap_q_mode)5, (ap_o_mode)3, 0> >::operator()(ap_fixed<31, 13, (ap_q_mode)5, (ap_o_mode)3, 0>, ap_fixed<31, 13, (ap_q_mode)5, (ap_o_mode)3, 0>)' into 'ap_fixed<31, 13, (ap_q_mode)5, (ap_o_mode)3, 0> nnet::reduce<ap_fixed<31, 13, (ap_q_mode)5, (ap_o_mode)3, 0>, 2, nnet::Op_max<ap_fixed<31, 13, (ap_q_mode)5, (ap_o_mode)3, 0> > >(ap_fixed<31, 13, (ap_q_mode)5, (ap_o_mode)3, 0> const*, nnet::Op_max<ap_fixed<31, 13, (ap_q_mode)5, (ap_o_mode)3, 0> >) (.133)' (firmware/nnet_utils/nnet_common.h:36:0)
INFO: [HLS 214-178] Inlining function 'ap_fixed<31, 13, (ap_q_mode)5, (ap_o_mode)3, 0> nnet::reduce<ap_fixed<31, 13, (ap_q_mode)5, (ap_o_mode)3, 0>, 2, nnet::Op_max<ap_fixed<31, 13, (ap_q_mode)5, (ap_o_mode)3, 0> > >(ap_fixed<31, 13, (ap_q_mode)5, (ap_o_mode)3, 0> const*, nnet::Op_max<ap_fixed<31, 13, (ap_q_mode)5, (ap_o_mode)3, 0> >) (.133)' into 'ap_fixed<31, 13, (ap_q_mode)5, (ap_o_mode)3, 0> nnet::reduce<ap_fixed<31, 13, (ap_q_mode)5, (ap_o_mode)3, 0>, 4, nnet::Op_max<ap_fixed<31, 13, (ap_q_mode)5, (ap_o_mode)3, 0> > >(ap_fixed<31, 13, (ap_q_mode)5, (ap_o_mode)3, 0> const*, nnet::Op_max<ap_fixed<31, 13, (ap_q_mode)5, (ap_o_mode)3, 0> >)' (firmware/nnet_utils/nnet_common.h:36:0)
INFO: [HLS 214-178] Inlining function 'nnet::Op_max<ap_fixed<31, 13, (ap_q_mode)5, (ap_o_mode)3, 0> >::operator()(ap_fixed<31, 13, (ap_q_mode)5, (ap_o_mode)3, 0>, ap_fixed<31, 13, (ap_q_mode)5, (ap_o_mode)3, 0>)' into 'ap_fixed<31, 13, (ap_q_mode)5, (ap_o_mode)3, 0> nnet::reduce<ap_fixed<31, 13, (ap_q_mode)5, (ap_o_mode)3, 0>, 4, nnet::Op_max<ap_fixed<31, 13, (ap_q_mode)5, (ap_o_mode)3, 0> > >(ap_fixed<31, 13, (ap_q_mode)5, (ap_o_mode)3, 0> const*, nnet::Op_max<ap_fixed<31, 13, (ap_q_mode)5, (ap_o_mode)3, 0> >)' (firmware/nnet_utils/nnet_common.h:36:0)
INFO: [HLS 214-178] Inlining function 'ap_fixed<31, 13, (ap_q_mode)5, (ap_o_mode)3, 0> nnet::reduce<ap_fixed<31, 13, (ap_q_mode)5, (ap_o_mode)3, 0>, 4, nnet::Op_max<ap_fixed<31, 13, (ap_q_mode)5, (ap_o_mode)3, 0> > >(ap_fixed<31, 13, (ap_q_mode)5, (ap_o_mode)3, 0> const*, nnet::Op_max<ap_fixed<31, 13, (ap_q_mode)5, (ap_o_mode)3, 0> >)' into 'ap_fixed<31, 13, (ap_q_mode)5, (ap_o_mode)3, 0> nnet::reduce<ap_fixed<31, 13, (ap_q_mode)5, (ap_o_mode)3, 0>, 8, nnet::Op_max<ap_fixed<31, 13, (ap_q_mode)5, (ap_o_mode)3, 0> > >(ap_fixed<31, 13, (ap_q_mode)5, (ap_o_mode)3, 0> const*, nnet::Op_max<ap_fixed<31, 13, (ap_q_mode)5, (ap_o_mode)3, 0> >)' (firmware/nnet_utils/nnet_common.h:36:0)
INFO: [HLS 214-178] Inlining function 'nnet::Op_max<ap_fixed<31, 13, (ap_q_mode)5, (ap_o_mode)3, 0> >::operator()(ap_fixed<31, 13, (ap_q_mode)5, (ap_o_mode)3, 0>, ap_fixed<31, 13, (ap_q_mode)5, (ap_o_mode)3, 0>) (.124)' into 'ap_fixed<31, 13, (ap_q_mode)5, (ap_o_mode)3, 0> nnet::reduce<ap_fixed<31, 13, (ap_q_mode)5, (ap_o_mode)3, 0>, 8, nnet::Op_max<ap_fixed<31, 13, (ap_q_mode)5, (ap_o_mode)3, 0> > >(ap_fixed<31, 13, (ap_q_mode)5, (ap_o_mode)3, 0> const*, nnet::Op_max<ap_fixed<31, 13, (ap_q_mode)5, (ap_o_mode)3, 0> >)' (firmware/nnet_utils/nnet_common.h:36:0)
INFO: [HLS 214-178] Inlining function 'nnet::Op_add<ap_fixed<18, 8, (ap_q_mode)0, (ap_o_mode)0, 0> >::operator()(ap_fixed<18, 8, (ap_q_mode)0, (ap_o_mode)0, 0>, ap_fixed<18, 8, (ap_q_mode)0, (ap_o_mode)0, 0>) (.92.101)' into 'ap_fixed<18, 8, (ap_q_mode)0, (ap_o_mode)0, 0> nnet::reduce<ap_fixed<18, 8, (ap_q_mode)0, (ap_o_mode)0, 0>, 2, nnet::Op_add<ap_fixed<18, 8, (ap_q_mode)0, (ap_o_mode)0, 0> > >(ap_fixed<18, 8, (ap_q_mode)0, (ap_o_mode)0, 0> const*, nnet::Op_add<ap_fixed<18, 8, (ap_q_mode)0, (ap_o_mode)0, 0> >) (.119)' (firmware/nnet_utils/nnet_common.h:36:0)
INFO: [HLS 214-178] Inlining function 'ap_fixed<18, 8, (ap_q_mode)0, (ap_o_mode)0, 0> nnet::reduce<ap_fixed<18, 8, (ap_q_mode)0, (ap_o_mode)0, 0>, 2, nnet::Op_add<ap_fixed<18, 8, (ap_q_mode)0, (ap_o_mode)0, 0> > >(ap_fixed<18, 8, (ap_q_mode)0, (ap_o_mode)0, 0> const*, nnet::Op_add<ap_fixed<18, 8, (ap_q_mode)0, (ap_o_mode)0, 0> >) (.119)' into 'ap_fixed<18, 8, (ap_q_mode)0, (ap_o_mode)0, 0> nnet::reduce<ap_fixed<18, 8, (ap_q_mode)0, (ap_o_mode)0, 0>, 4, nnet::Op_add<ap_fixed<18, 8, (ap_q_mode)0, (ap_o_mode)0, 0> > >(ap_fixed<18, 8, (ap_q_mode)0, (ap_o_mode)0, 0> const*, nnet::Op_add<ap_fixed<18, 8, (ap_q_mode)0, (ap_o_mode)0, 0> >)' (firmware/nnet_utils/nnet_common.h:36:0)
INFO: [HLS 214-178] Inlining function 'nnet::Op_add<ap_fixed<18, 8, (ap_q_mode)0, (ap_o_mode)0, 0> >::operator()(ap_fixed<18, 8, (ap_q_mode)0, (ap_o_mode)0, 0>, ap_fixed<18, 8, (ap_q_mode)0, (ap_o_mode)0, 0>) (.92.101)' into 'ap_fixed<18, 8, (ap_q_mode)0, (ap_o_mode)0, 0> nnet::reduce<ap_fixed<18, 8, (ap_q_mode)0, (ap_o_mode)0, 0>, 4, nnet::Op_add<ap_fixed<18, 8, (ap_q_mode)0, (ap_o_mode)0, 0> > >(ap_fixed<18, 8, (ap_q_mode)0, (ap_o_mode)0, 0> const*, nnet::Op_add<ap_fixed<18, 8, (ap_q_mode)0, (ap_o_mode)0, 0> >)' (firmware/nnet_utils/nnet_common.h:36:0)
INFO: [HLS 214-178] Inlining function 'nnet::Op_add<ap_fixed<18, 8, (ap_q_mode)0, (ap_o_mode)0, 0> >::operator()(ap_fixed<18, 8, (ap_q_mode)0, (ap_o_mode)0, 0>, ap_fixed<18, 8, (ap_q_mode)0, (ap_o_mode)0, 0>) (.92.101)' into 'ap_fixed<18, 8, (ap_q_mode)0, (ap_o_mode)0, 0> nnet::reduce<ap_fixed<18, 8, (ap_q_mode)0, (ap_o_mode)0, 0>, 8, nnet::Op_add<ap_fixed<18, 8, (ap_q_mode)0, (ap_o_mode)0, 0> > >(ap_fixed<18, 8, (ap_q_mode)0, (ap_o_mode)0, 0> const*, nnet::Op_add<ap_fixed<18, 8, (ap_q_mode)0, (ap_o_mode)0, 0> >)' (firmware/nnet_utils/nnet_common.h:36:0)
INFO: [HLS 214-178] Inlining function 'unsigned int nnet::softmax_idx_from_real_val<ap_fixed<31, 13, (ap_q_mode)5, (ap_o_mode)3, 0>, softmax_config24>(ap_fixed<31, 13, (ap_q_mode)5, (ap_o_mode)3, 0>)' into 'void nnet::softmax_stable<ap_fixed<31, 13, (ap_q_mode)5, (ap_o_mode)3, 0>, ap_fixed<16, 6, (ap_q_mode)5, (ap_o_mode)3, 0>, softmax_config24>(ap_fixed<31, 13, (ap_q_mode)5, (ap_o_mode)3, 0>*, ap_fixed<16, 6, (ap_q_mode)5, (ap_o_mode)3, 0>*)' (firmware/nnet_utils/nnet_activation.h:216:0)
INFO: [HLS 214-178] Inlining function 'ap_fixed<18, 8, (ap_q_mode)0, (ap_o_mode)0, 0> nnet::reduce<ap_fixed<18, 8, (ap_q_mode)0, (ap_o_mode)0, 0>, 8, nnet::Op_add<ap_fixed<18, 8, (ap_q_mode)0, (ap_o_mode)0, 0> > >(ap_fixed<18, 8, (ap_q_mode)0, (ap_o_mode)0, 0> const*, nnet::Op_add<ap_fixed<18, 8, (ap_q_mode)0, (ap_o_mode)0, 0> >)' into 'void nnet::softmax_stable<ap_fixed<31, 13, (ap_q_mode)5, (ap_o_mode)3, 0>, ap_fixed<16, 6, (ap_q_mode)5, (ap_o_mode)3, 0>, softmax_config24>(ap_fixed<31, 13, (ap_q_mode)5, (ap_o_mode)3, 0>*, ap_fixed<16, 6, (ap_q_mode)5, (ap_o_mode)3, 0>*)' (firmware/nnet_utils/nnet_activation.h:216:0)
INFO: [HLS 214-178] Inlining function 'unsigned int nnet::softmax_idx_from_real_val<ap_fixed<18, 8, (ap_q_mode)0, (ap_o_mode)0, 0>, softmax_config24>(ap_fixed<18, 8, (ap_q_mode)0, (ap_o_mode)0, 0>)' into 'void nnet::softmax_stable<ap_fixed<31, 13, (ap_q_mode)5, (ap_o_mode)3, 0>, ap_fixed<16, 6, (ap_q_mode)5, (ap_o_mode)3, 0>, softmax_config24>(ap_fixed<31, 13, (ap_q_mode)5, (ap_o_mode)3, 0>*, ap_fixed<16, 6, (ap_q_mode)5, (ap_o_mode)3, 0>*)' (firmware/nnet_utils/nnet_activation.h:216:0)
INFO: [HLS 214-248] Applying array_partition to 'b22': Complete partitioning on dimension 1. (firmware/weights/b22.h:12:0)
INFO: [HLS 214-248] Applying array_partition to 'b20': Complete partitioning on dimension 1. (firmware/weights/b20.h:12:0)
INFO: [HLS 214-248] Applying array_partition to 'b16': Complete partitioning on dimension 1. (firmware/weights/b16.h:12:0)
INFO: [HLS 214-248] Applying array_partition to 'b14': Complete partitioning on dimension 1. (firmware/weights/b14.h:12:0)
INFO: [HLS 214-248] Applying array_partition to 'b11': Complete partitioning on dimension 1. (firmware/weights/b11.h:12:0)
INFO: [HLS 214-248] Applying array_partition to 'b29': Complete partitioning on dimension 1. (firmware/weights/b29.h:12:0)
INFO: [HLS 214-248] Applying array_partition to 'w29': Complete partitioning on dimension 1. (firmware/weights/w29.h:12:0)
INFO: [HLS 214-248] Applying array_partition to 'b28': Complete partitioning on dimension 1. (firmware/weights/b28.h:12:0)
INFO: [HLS 214-248] Applying array_partition to 'w28': Complete partitioning on dimension 1. (firmware/weights/w28.h:12:0)
INFO: [HLS 214-248] Applying array_partition to 'b2': Complete partitioning on dimension 1. (firmware/weights/b2.h:12:0)
INFO: [HLS 214-248] Applying array_partition to 's2': Complete partitioning on dimension 1. (firmware/weights/s2.h:12:0)
INFO: [HLS 214-248] Applying array_partition to 'data_buf': Complete partitioning on dimension 1. Complete partitioning on dimension 2. (firmware/nnet_utils/nnet_conv1d_latency.h:18:12)
INFO: [HLS 214-248] Applying array_partition to 'pool': Complete partitioning on dimension 1.
INFO: [HLS 214-248] Applying array_partition to 'mult': Complete partitioning on dimension 1. (firmware/nnet_utils/nnet_dense_latency.h:17:32)
INFO: [HLS 214-248] Applying array_partition to 'exp_res': Complete partitioning on dimension 1. (firmware/nnet_utils/nnet_activation.h:249:36)
INFO: [HLS 214-248] Applying array_partition to 'layer2_out': Complete partitioning on dimension 1. (firmware/JetTagger.cpp:47:28)
INFO: [HLS 214-248] Applying array_partition to 'layer28_out': Complete partitioning on dimension 1. (firmware/JetTagger.cpp:51:27)
INFO: [HLS 214-248] Applying array_partition to 'layer5_out': Complete partitioning on dimension 1. (firmware/JetTagger.cpp:55:14)
INFO: [HLS 214-248] Applying array_partition to 'layer29_out': Complete partitioning on dimension 1. (firmware/JetTagger.cpp:59:27)
INFO: [HLS 214-248] Applying array_partition to 'layer8_out': Complete partitioning on dimension 1. (firmware/JetTagger.cpp:63:14)
INFO: [HLS 214-248] Applying array_partition to 'layer9_out': Complete partitioning on dimension 1. (firmware/JetTagger.cpp:67:14)
INFO: [HLS 214-248] Applying array_partition to 'layer10_out': Complete partitioning on dimension 1. (firmware/JetTagger.cpp:71:15)
INFO: [HLS 214-248] Applying array_partition to 'layer11_out': Complete partitioning on dimension 1. (firmware/JetTagger.cpp:75:27)
INFO: [HLS 214-248] Applying array_partition to 'layer13_out': Complete partitioning on dimension 1. (firmware/JetTagger.cpp:79:15)
INFO: [HLS 214-248] Applying array_partition to 'layer14_out': Complete partitioning on dimension 1. (firmware/JetTagger.cpp:83:29)
INFO: [HLS 214-248] Applying array_partition to 'layer16_out': Complete partitioning on dimension 1. (firmware/JetTagger.cpp:87:27)
INFO: [HLS 214-248] Applying array_partition to 'layer18_out': Complete partitioning on dimension 1. (firmware/JetTagger.cpp:91:15)
INFO: [HLS 214-248] Applying array_partition to 'layer19_out': Complete partitioning on dimension 1. (firmware/JetTagger.cpp:95:15)
INFO: [HLS 214-248] Applying array_partition to 'layer20_out': Complete partitioning on dimension 1. (firmware/JetTagger.cpp:99:31)
INFO: [HLS 214-248] Applying array_partition to 'layer22_out': Complete partitioning on dimension 1. (firmware/JetTagger.cpp:10:0)
INFO: [HLS 214-248] Applying array_partition to 'layer24_out': Complete partitioning on dimension 1. (firmware/JetTagger.cpp:10:0)
INFO: [HLS 214-248] Applying array_reshape to 'inputs': Complete reshaping on dimension 1. (firmware/JetTagger.cpp:10:0)
INFO: [HLS 214-364] Automatically inlining function 'ap_fixed<16, 6, (ap_q_mode)5, (ap_o_mode)3, 0> nnet::pool_op<ap_fixed<18, 9, (ap_q_mode)4, (ap_o_mode)0, 0>, 16, (nnet::Pool_Op)1, ap_fixed<16, 6, (ap_q_mode)5, (ap_o_mode)3, 0> >(ap_fixed<18, 9, (ap_q_mode)4, (ap_o_mode)0, 0> (&) [16])' to improve effectiveness of pipeline pragma in function 'void nnet::global_pooling1d_cl<ap_fixed<18, 9, (ap_q_mode)4, (ap_o_mode)0, 0>, ap_fixed<16, 6, (ap_q_mode)5, (ap_o_mode)3, 0>, config10>(ap_fixed<18, 9, (ap_q_mode)4, (ap_o_mode)0, 0>*, ap_fixed<16, 6, (ap_q_mode)5, (ap_o_mode)3, 0>*)' (firmware/nnet_utils/nnet_pooling.h:138:19)
INFO: [HLS 214-364] Automatically inlining function 'std::enable_if<!(std::is_same<ap_fixed<16, 6, (ap_q_mode)5, (ap_o_mode)3, 0>, ap_uint<1> >::value), ap_fixed<31, 15, (ap_q_mode)5, (ap_o_mode)3, 0> >::type nnet::cast<ap_fixed<16, 6, (ap_q_mode)5, (ap_o_mode)3, 0>, ap_fixed<31, 15, (ap_q_mode)5, (ap_o_mode)3, 0>, config11>(config11::accum_t)' to improve effectiveness of pipeline pragma in function 'void nnet::dense_latency<ap_fixed<16, 6, (ap_q_mode)5, (ap_o_mode)3, 0>, ap_fixed<31, 15, (ap_q_mode)5, (ap_o_mode)3, 0>, config11>(ap_fixed<16, 6, (ap_q_mode)5, (ap_o_mode)3, 0>*, ap_fixed<31, 15, (ap_q_mode)5, (ap_o_mode)3, 0>*, config11::weight_t*, config11::bias_t*)' (firmware/nnet_utils/nnet_dense_latency.h:66:21)
INFO: [HLS 214-364] Automatically inlining function 'std::enable_if<!(std::is_same<ap_ufixed<9, 0, (ap_q_mode)4, (ap_o_mode)0, 0>, ap_uint<1> >::value), ap_fixed<24, 9, (ap_q_mode)5, (ap_o_mode)3, 0> >::type nnet::cast<ap_ufixed<9, 0, (ap_q_mode)4, (ap_o_mode)0, 0>, ap_fixed<24, 9, (ap_q_mode)5, (ap_o_mode)3, 0>, config14>(config14::accum_t)' to improve effectiveness of pipeline pragma in function 'void nnet::dense_latency<ap_ufixed<9, 0, (ap_q_mode)4, (ap_o_mode)0, 0>, ap_fixed<24, 9, (ap_q_mode)5, (ap_o_mode)3, 0>, config14>(ap_ufixed<9, 0, (ap_q_mode)4, (ap_o_mode)0, 0>*, ap_fixed<24, 9, (ap_q_mode)5, (ap_o_mode)3, 0>*, config14::weight_t*, config14::bias_t*)' (firmware/nnet_utils/nnet_dense_latency.h:66:21)
INFO: [HLS 214-364] Automatically inlining function 'std::enable_if<!(std::is_same<ap_ufixed<9, 0, (ap_q_mode)4, (ap_o_mode)0, 0>, ap_uint<1> >::value), ap_fixed<24, 9, (ap_q_mode)5, (ap_o_mode)3, 0> >::type nnet::cast<ap_ufixed<9, 0, (ap_q_mode)4, (ap_o_mode)0, 0>, ap_fixed<24, 9, (ap_q_mode)5, (ap_o_mode)3, 0>, config16>(config16::accum_t)' to improve effectiveness of pipeline pragma in function 'void nnet::dense_latency<ap_ufixed<9, 0, (ap_q_mode)4, (ap_o_mode)0, 0>, ap_fixed<24, 9, (ap_q_mode)5, (ap_o_mode)3, 0>, config16>(ap_ufixed<9, 0, (ap_q_mode)4, (ap_o_mode)0, 0>*, ap_fixed<24, 9, (ap_q_mode)5, (ap_o_mode)3, 0>*, config16::weight_t*, config16::bias_t*)' (firmware/nnet_utils/nnet_dense_latency.h:66:21)
INFO: [HLS 214-364] Automatically inlining function 'nnet::fill_buffer_28<ap_fixed<33, 13, (ap_q_mode)5, (ap_o_mode)3, 0>, config28>::fill_buffer(ap_fixed<33, 13, (ap_q_mode)5, (ap_o_mode)3, 0>*, ap_fixed<33, 13, (ap_q_mode)5, (ap_o_mode)3, 0> (*) [21], unsigned int) (.279.280)' to improve effectiveness of pipeline pragma in function 'void nnet::conv_1d_latency_cl<ap_fixed<33, 13, (ap_q_mode)5, (ap_o_mode)3, 0>, ap_fixed<48, 22, (ap_q_mode)5, (ap_o_mode)3, 0>, config28>(ap_fixed<33, 13, (ap_q_mode)5, (ap_o_mode)3, 0>*, ap_fixed<48, 22, (ap_q_mode)5, (ap_o_mode)3, 0>*, config28::weight_t*, config28::bias_t*)' (firmware/nnet_utils/nnet_conv1d_latency.h:37:2)
INFO: [HLS 214-364] Automatically inlining function 'std::enable_if<!(std::is_same<ap_fixed<33, 13, (ap_q_mode)5, (ap_o_mode)3, 0>, ap_uint<1> >::value), ap_fixed<48, 22, (ap_q_mode)5, (ap_o_mode)3, 0> >::type nnet::cast<ap_fixed<33, 13, (ap_q_mode)5, (ap_o_mode)3, 0>, ap_fixed<48, 22, (ap_q_mode)5, (ap_o_mode)3, 0>, config28_mult>(config28_mult::accum_t)' to improve effectiveness of pipeline pragma in function 'void nnet::conv_1d_latency_cl<ap_fixed<33, 13, (ap_q_mode)5, (ap_o_mode)3, 0>, ap_fixed<48, 22, (ap_q_mode)5, (ap_o_mode)3, 0>, config28>(ap_fixed<33, 13, (ap_q_mode)5, (ap_o_mode)3, 0>*, ap_fixed<48, 22, (ap_q_mode)5, (ap_o_mode)3, 0>*, config28::weight_t*, config28::bias_t*)' (firmware/nnet_utils/nnet_conv1d_latency.h:82:21)
INFO: [HLS 214-364] Automatically inlining function 'nnet::fill_buffer_29<ap_ufixed<9, 0, (ap_q_mode)4, (ap_o_mode)0, 0>, config29>::fill_buffer(ap_ufixed<9, 0, (ap_q_mode)4, (ap_o_mode)0, 0>*, ap_ufixed<9, 0, (ap_q_mode)4, (ap_o_mode)0, 0> (*) [32], unsigned int) (.287.288)' to improve effectiveness of pipeline pragma in function 'void nnet::conv_1d_latency_cl<ap_ufixed<9, 0, (ap_q_mode)4, (ap_o_mode)0, 0>, ap_fixed<24, 9, (ap_q_mode)5, (ap_o_mode)3, 0>, config29>(ap_ufixed<9, 0, (ap_q_mode)4, (ap_o_mode)0, 0>*, ap_fixed<24, 9, (ap_q_mode)5, (ap_o_mode)3, 0>*, config29::weight_t*, config29::bias_t*)' (firmware/nnet_utils/nnet_conv1d_latency.h:37:2)
INFO: [HLS 214-364] Automatically inlining function 'std::enable_if<!(std::is_same<ap_ufixed<9, 0, (ap_q_mode)4, (ap_o_mode)0, 0>, ap_uint<1> >::value), ap_fixed<24, 9, (ap_q_mode)5, (ap_o_mode)3, 0> >::type nnet::cast<ap_ufixed<9, 0, (ap_q_mode)4, (ap_o_mode)0, 0>, ap_fixed<24, 9, (ap_q_mode)5, (ap_o_mode)3, 0>, config29_mult>(config29_mult::accum_t)' to improve effectiveness of pipeline pragma in function 'void nnet::conv_1d_latency_cl<ap_ufixed<9, 0, (ap_q_mode)4, (ap_o_mode)0, 0>, ap_fixed<24, 9, (ap_q_mode)5, (ap_o_mode)3, 0>, config29>(ap_ufixed<9, 0, (ap_q_mode)4, (ap_o_mode)0, 0>*, ap_fixed<24, 9, (ap_q_mode)5, (ap_o_mode)3, 0>*, config29::weight_t*, config29::bias_t*)' (firmware/nnet_utils/nnet_conv1d_latency.h:82:21)
INFO: [HLS 200-111] Finished Compiling Optimization and Transform: CPU user time: 245.45 seconds. CPU system time: 1.06 seconds. Elapsed time: 249.07 seconds; current allocated memory: 282.781 MB.
INFO: [HLS 200-111] Finished Checking Pragmas: CPU user time: 0 seconds. CPU system time: 0 seconds. Elapsed time: 0 seconds; current allocated memory: 282.781 MB.
INFO: [HLS 200-10] Starting code transformations ...
INFO: [HLS 200-111] Finished Standard Transforms: CPU user time: 45.48 seconds. CPU system time: 0.24 seconds. Elapsed time: 46.07 seconds; current allocated memory: 750.270 MB.
INFO: [HLS 200-10] Checking synthesizability ...
INFO: [XFORM 203-602] Inlining function 'nnet::exp_fcn_float' into 'nnet::init_exp_table<ap_fixed<31, 13, (ap_q_mode)5, (ap_o_mode)3, 0>, softmax_config24>' (firmware/nnet_utils/nnet_activation.h:154) automatically.
INFO: [XFORM 203-602] Inlining function 'nnet::reduce<ap_fixed<31, 13, (ap_q_mode)5, (ap_o_mode)3, 0>, 8, nnet::Op_max<ap_fixed<31, 13, (ap_q_mode)5, (ap_o_mode)3, 0> > >' into 'nnet::softmax_stable<ap_fixed<31, 13, (ap_q_mode)5, (ap_o_mode)3, 0>, ap_fixed<16, 6, (ap_q_mode)5, (ap_o_mode)3, 0>, softmax_config24>' (firmware/nnet_utils/nnet_activation.h:239) automatically.
WARNING: [SYNCHK 200-23] firmware/nnet_utils/nnet_activation.h:138: variable-indexed range selection may cause suboptimal QoR.
INFO: [SYNCHK 200-10] 0 error(s), 1 warning(s).
INFO: [HLS 200-111] Finished Checking Synthesizability: CPU user time: 16.78 seconds. CPU system time: 0.03 seconds. Elapsed time: 16.89 seconds; current allocated memory: 823.012 MB.
INFO: [XFORM 203-602] Inlining function 'nnet::exp_fcn_float' into 'nnet::init_exp_table<ap_fixed<31, 13, (ap_q_mode)5, (ap_o_mode)3, 0>, softmax_config24>' (firmware/nnet_utils/nnet_activation.h:154) automatically.
INFO: [XFORM 203-602] Inlining function 'nnet::reduce<ap_fixed<31, 13, (ap_q_mode)5, (ap_o_mode)3, 0>, 8, nnet::Op_max<ap_fixed<31, 13, (ap_q_mode)5, (ap_o_mode)3, 0> > >' into 'nnet::softmax_stable<ap_fixed<31, 13, (ap_q_mode)5, (ap_o_mode)3, 0>, ap_fixed<16, 6, (ap_q_mode)5, (ap_o_mode)3, 0>, softmax_config24>' (firmware/nnet_utils/nnet_activation.h:239) automatically.
INFO: [XFORM 203-712] Applying dataflow to function 'JetTagger' (firmware/JetTagger.cpp:47), detected/extracted 16 process function(s): 
	 'nnet::normalize<ap_fixed<16, 6, (ap_q_mode)5, (ap_o_mode)3, 0>, ap_fixed<33, 13, (ap_q_mode)5, (ap_o_mode)3, 0>, config2>'
	 'nnet::pointwise_conv_1d_cl<ap_fixed<33, 13, (ap_q_mode)5, (ap_o_mode)3, 0>, ap_fixed<48, 22, (ap_q_mode)5, (ap_o_mode)3, 0>, config28>'
	 'nnet::relu<ap_fixed<48, 22, (ap_q_mode)5, (ap_o_mode)3, 0>, ap_ufixed<9, 0, (ap_q_mode)4, (ap_o_mode)0, 0>, relu_config5>'
	 'nnet::pointwise_conv_1d_cl<ap_ufixed<9, 0, (ap_q_mode)4, (ap_o_mode)0, 0>, ap_fixed<24, 9, (ap_q_mode)5, (ap_o_mode)3, 0>, config29>'
	 'nnet::relu<ap_fixed<24, 9, (ap_q_mode)5, (ap_o_mode)3, 0>, ap_ufixed<9, 0, (ap_q_mode)4, (ap_o_mode)0, 0>, relu_config8>'
	 'nnet::linear<ap_ufixed<9, 0, (ap_q_mode)4, (ap_o_mode)0, 0>, ap_fixed<18, 9, (ap_q_mode)4, (ap_o_mode)0, 0>, linear_config9>'
	 'nnet::global_pooling1d_cl<ap_fixed<18, 9, (ap_q_mode)4, (ap_o_mode)0, 0>, ap_fixed<16, 6, (ap_q_mode)5, (ap_o_mode)3, 0>, config10>'
	 'nnet::dense_latency<ap_fixed<16, 6, (ap_q_mode)5, (ap_o_mode)3, 0>, ap_fixed<31, 15, (ap_q_mode)5, (ap_o_mode)3, 0>, config11>'
	 'nnet::relu<ap_fixed<31, 15, (ap_q_mode)5, (ap_o_mode)3, 0>, ap_ufixed<9, 0, (ap_q_mode)4, (ap_o_mode)0, 0>, relu_config13>'
	 'nnet::dense_latency<ap_ufixed<9, 0, (ap_q_mode)4, (ap_o_mode)0, 0>, ap_fixed<24, 9, (ap_q_mode)5, (ap_o_mode)3, 0>, config14>'
	 'nnet::dense_latency<ap_ufixed<9, 0, (ap_q_mode)4, (ap_o_mode)0, 0>, ap_fixed<24, 9, (ap_q_mode)5, (ap_o_mode)3, 0>, config16>'
	 'nnet::relu<ap_fixed<24, 9, (ap_q_mode)5, (ap_o_mode)3, 0>, ap_ufixed<9, 0, (ap_q_mode)4, (ap_o_mode)0, 0>, relu_config18>'
	 'nnet::relu<ap_fixed<24, 9, (ap_q_mode)5, (ap_o_mode)3, 0>, ap_ufixed<9, 0, (ap_q_mode)4, (ap_o_mode)0, 0>, relu_config19>'
	 'nnet::dense_latency<ap_ufixed<9, 0, (ap_q_mode)4, (ap_o_mode)0, 0>, ap_fixed<31, 13, (ap_q_mode)5, (ap_o_mode)3, 0>, config20>'
	 'nnet::dense_latency<ap_ufixed<9, 0, (ap_q_mode)4, (ap_o_mode)0, 0>, ap_fixed<31, 13, (ap_q_mode)5, (ap_o_mode)3, 0>, config22>'
	 'nnet::softmax_stable<ap_fixed<31, 13, (ap_q_mode)5, (ap_o_mode)3, 0>, ap_fixed<16, 6, (ap_q_mode)5, (ap_o_mode)3, 0>, softmax_config24>'.
INFO: [XFORM 203-401] Performing if-conversion on hyperblock from (firmware/nnet_utils/nnet_activation.h:133:92) to (firmware/nnet_utils/nnet_activation.h:138:5) in function 'nnet::softmax_real_val_from_idx<ap_fixed<31, 13, (ap_q_mode)5, (ap_o_mode)3, 0>, softmax_config24>'... converting 10 basic blocks.
INFO: [XFORM 203-401] Performing if-conversion on hyperblock from (firmware/nnet_utils/nnet_activation.h:40:9) to (firmware/nnet_utils/nnet_activation.h:50:1) in function 'nnet::relu<ap_fixed<48, 22, (ap_q_mode)5, (ap_o_mode)3, 0>, ap_ufixed<9, 0, (ap_q_mode)4, (ap_o_mode)0, 0>, relu_config5>'... converting 3073 basic blocks.
INFO: [XFORM 203-401] Performing if-conversion on hyperblock from (firmware/nnet_utils/nnet_activation.h:40:9) to (firmware/nnet_utils/nnet_activation.h:50:1) in function 'nnet::relu<ap_fixed<31, 15, (ap_q_mode)5, (ap_o_mode)3, 0>, ap_ufixed<9, 0, (ap_q_mode)4, (ap_o_mode)0, 0>, relu_config13>'... converting 85 basic blocks.
INFO: [XFORM 203-401] Performing if-conversion on hyperblock from (firmware/nnet_utils/nnet_activation.h:40:9) to (firmware/nnet_utils/nnet_activation.h:50:1) in function 'nnet::relu<ap_fixed<24, 9, (ap_q_mode)5, (ap_o_mode)3, 0>, ap_ufixed<9, 0, (ap_q_mode)4, (ap_o_mode)0, 0>, relu_config8>'... converting 2689 basic blocks.
INFO: [XFORM 203-401] Performing if-conversion on hyperblock from (firmware/nnet_utils/nnet_activation.h:40:9) to (firmware/nnet_utils/nnet_activation.h:50:1) in function 'nnet::relu<ap_fixed<24, 9, (ap_q_mode)5, (ap_o_mode)3, 0>, ap_ufixed<9, 0, (ap_q_mode)4, (ap_o_mode)0, 0>, relu_config19>'... converting 117 basic blocks.
INFO: [XFORM 203-401] Performing if-conversion on hyperblock from (firmware/nnet_utils/nnet_activation.h:40:9) to (firmware/nnet_utils/nnet_activation.h:50:1) in function 'nnet::relu<ap_fixed<24, 9, (ap_q_mode)5, (ap_o_mode)3, 0>, ap_ufixed<9, 0, (ap_q_mode)4, (ap_o_mode)0, 0>, relu_config18>'... converting 145 basic blocks.
INFO: [XFORM 203-401] Performing if-conversion on hyperblock to (firmware/nnet_utils/nnet_common.h:45:5) in function 'nnet::reduce<ap_fixed<18, 8, (ap_q_mode)0, (ap_o_mode)0, 0>, 4, nnet::Op_add<ap_fixed<18, 8, (ap_q_mode)0, (ap_o_mode)0, 0> > >'... converting 3 basic blocks.
INFO: [XFORM 203-401] Performing if-conversion on hyperblock from (firmware/nnet_utils/nnet_activation.h:149:52) to (firmware/nnet_utils/nnet_activation.h:157:1) in function 'nnet::init_exp_table<ap_fixed<31, 13, (ap_q_mode)5, (ap_o_mode)3, 0>, softmax_config24>'... converting 27649 basic blocks.
INFO: [XFORM 203-602] Inlining function 'nnet::reduce<ap_fixed<18, 8, (ap_q_mode)0, (ap_o_mode)0, 0>, 4, nnet::Op_add<ap_fixed<18, 8, (ap_q_mode)0, (ap_o_mode)0, 0> > >' into 'nnet::softmax_stable<ap_fixed<31, 13, (ap_q_mode)5, (ap_o_mode)3, 0>, ap_fixed<16, 6, (ap_q_mode)5, (ap_o_mode)3, 0>, softmax_config24>' (firmware/nnet_utils/nnet_common.h:45->firmware/nnet_utils/nnet_activation.h:262) automatically.
INFO: [XFORM 203-11] Balancing expressions in function 'nnet::global_pooling1d_cl<ap_fixed<18, 9, (ap_q_mode)4, (ap_o_mode)0, 0>, ap_fixed<16, 6, (ap_q_mode)5, (ap_o_mode)3, 0>, config10>' (firmware/nnet_utils/nnet_pooling.h:23:1)...312 expression(s) balanced.
INFO: [XFORM 203-11] Balancing expressions in function 'nnet::dense_latency<ap_ufixed<9, 0, (ap_q_mode)4, (ap_o_mode)0, 0>, ap_fixed<31, 13, (ap_q_mode)5, (ap_o_mode)3, 0>, config22>' (firmware/nnet_utils/nnet_dense_latency.h:33:1)...31 expression(s) balanced.
INFO: [XFORM 203-11] Balancing expressions in function 'nnet::dense_latency<ap_ufixed<9, 0, (ap_q_mode)4, (ap_o_mode)0, 0>, ap_fixed<31, 13, (ap_q_mode)5, (ap_o_mode)3, 0>, config20>' (firmware/nnet_utils/nnet_dense_latency.h:17:27)...246 expression(s) balanced.
INFO: [XFORM 203-11] Balancing expressions in function 'nnet::dense_latency<ap_ufixed<9, 0, (ap_q_mode)4, (ap_o_mode)0, 0>, ap_fixed<24, 9, (ap_q_mode)5, (ap_o_mode)3, 0>, config16>' (firmware/nnet_utils/nnet_dense_latency.h:17:27)...137 expression(s) balanced.
INFO: [XFORM 203-11] Balancing expressions in function 'nnet::dense_latency<ap_ufixed<9, 0, (ap_q_mode)4, (ap_o_mode)0, 0>, ap_fixed<24, 9, (ap_q_mode)5, (ap_o_mode)3, 0>, config14>' (firmware/nnet_utils/nnet_dense_latency.h:17:27)...227 expression(s) balanced.
INFO: [XFORM 203-11] Balancing expressions in function 'nnet::dense_latency<ap_fixed<16, 6, (ap_q_mode)5, (ap_o_mode)3, 0>, ap_fixed<31, 15, (ap_q_mode)5, (ap_o_mode)3, 0>, config11>' (firmware/nnet_utils/nnet_dense_latency.h:17:27)...348 expression(s) balanced.
INFO: [XFORM 203-11] Balancing expressions in function 'nnet::conv_1d_latency_cl<ap_ufixed<9, 0, (ap_q_mode)4, (ap_o_mode)0, 0>, ap_fixed<24, 9, (ap_q_mode)5, (ap_o_mode)3, 0>, config29>' (firmware/nnet_utils/nnet_conv1d_latency.h:18:5)...430 expression(s) balanced.
INFO: [XFORM 203-11] Balancing expressions in function 'nnet::conv_1d_latency_cl<ap_fixed<33, 13, (ap_q_mode)5, (ap_o_mode)3, 0>, ap_fixed<48, 22, (ap_q_mode)5, (ap_o_mode)3, 0>, config28>' (firmware/nnet_utils/nnet_conv1d_latency.h:18:5)...334 expression(s) balanced.
INFO: [HLS 200-111] Finished Loop, function and other optimizations: CPU user time: 567.83 seconds. CPU system time: 0.45 seconds. Elapsed time: 570.03 seconds; current allocated memory: 1.143 GB.
INFO: [XFORM 203-603] Evaluating the output(s) of a call to function 'nnet::softmax_real_val_from_idx<ap_fixed<31, 13, (ap_q_mode)5, (ap_o_mode)3, 0>, softmax_config24>' (firmware/nnet_utils/nnet_activation.h:153:19) in function 'nnet::init_exp_table<ap_fixed<31, 13, (ap_q_mode)5, (ap_o_mode)3, 0>, softmax_config24>' and propagating its result(s) since all actual argument(s) to the function are constants.
WARNING: [HLS 200-1992] Performance of loop 'PartitionLoop'(firmware/nnet_utils/nnet_conv1d_latency.h:34:5) in function 'conv_1d_latency_cl<ap_ufixed<9, 0, 4, 0, 0>, ap_fixed<24, 9, 5, 3, 0>, config29>' can be improved with loop rewind inference if the loop is called from a region that can be executed in overlapped fashion such as a dataflow region or the top function.
WARNING: [HLS 200-1992] Performance of loop 'PartitionLoop'(firmware/nnet_utils/nnet_conv1d_latency.h:34:5) in function 'conv_1d_latency_cl<ap_fixed,ap_fixed<48,22,5,3,0>,config28>' can be improved with loop rewind inference if the loop is called from a region that can be executed in overlapped fashion such as a dataflow region or the top function.
INFO: [XFORM 203-603] Evaluating the output(s) of a call to function 'softmax_real_val_from_idx<ap_fixed<31, 13, 5, 3, 0>, softmax_config24>' (firmware/nnet_utils/nnet_activation.h:153:19) in function 'init_exp_table<ap_fixed<31, 13, 5, 3, 0>, softmax_config24>' and propagating its result(s) since all actual argument(s) to the function are constants.
INFO: [XFORM 203-531] Rewinding loop 'PartitionLoop' (firmware/nnet_utils/nnet_conv1d_latency.h:34) in function 'conv_1d_latency_cl<ap_fixed,ap_fixed<48,22,5,3,0>,config28>'.
INFO: [XFORM 203-531] Rewinding loop 'PartitionLoop' (firmware/nnet_utils/nnet_conv1d_latency.h:34) in function 'conv_1d_latency_cl<ap_ufixed<9, 0, 4, 0, 0>, ap_fixed<24, 9, 5, 3, 0>, config29>'.
INFO: [HLS 200-111] Finished Architecture Synthesis: CPU user time: 657.38 seconds. CPU system time: 0.44 seconds. Elapsed time: 659.91 seconds; current allocated memory: 1.946 GB.
INFO: [HLS 200-10] Starting hardware synthesis ...
INFO: [HLS 200-10] Synthesizing 'JetTagger' ...
WARNING: [SYN 201-103] Legalizing function name 'normalize<ap_fixed<16, 6, 5, 3, 0>, ap_fixed<33, 13, 5, 3, 0>, config2>' to 'normalize_ap_fixed_16_6_5_3_0_ap_fixed_33_13_5_3_0_config2_s'.
WARNING: [SYN 201-103] Legalizing function name 'conv_1d_latency_cl<ap_fixed,ap_fixed<48,22,5,3,0>,config28>' to 'conv_1d_latency_cl_ap_fixed_ap_fixed_48_22_5_3_0_config28_s'.
WARNING: [SYN 201-103] Legalizing function name 'pointwise_conv_1d_cl<ap_fixed,ap_fixed<48,22,5,3,0>,config28>' to 'pointwise_conv_1d_cl_ap_fixed_ap_fixed_48_22_5_3_0_config28_s'.
WARNING: [SYN 201-103] Legalizing function name 'relu<ap_fixed<48, 22, 5, 3, 0>, ap_ufixed<9, 0, 4, 0, 0>, relu_config5>' to 'relu_ap_fixed_48_22_5_3_0_ap_ufixed_9_0_4_0_0_relu_config5_s'.
WARNING: [SYN 201-103] Legalizing function name 'conv_1d_latency_cl<ap_ufixed<9, 0, 4, 0, 0>, ap_fixed<24, 9, 5, 3, 0>, config29>' to 'conv_1d_latency_cl_ap_ufixed_9_0_4_0_0_ap_fixed_24_9_5_3_0_config29_s'.
WARNING: [SYN 201-103] Legalizing function name 'pointwise_conv_1d_cl<ap_ufixed,ap_fixed<24,9,5,3,0>,config29>' to 'pointwise_conv_1d_cl_ap_ufixed_ap_fixed_24_9_5_3_0_config29_s'.
WARNING: [SYN 201-103] Legalizing function name 'relu<ap_fixed<24, 9, 5, 3, 0>, ap_ufixed<9, 0, 4, 0, 0>, relu_config8>' to 'relu_ap_fixed_24_9_5_3_0_ap_ufixed_9_0_4_0_0_relu_config8_s'.
WARNING: [SYN 201-103] Legalizing function name 'linear<ap_ufixed<9, 0, 4, 0, 0>, ap_fixed<18, 9, 4, 0, 0>, linear_config9>' to 'linear_ap_ufixed_9_0_4_0_0_ap_fixed_18_9_4_0_0_linear_config9_s'.
WARNING: [SYN 201-103] Legalizing function name 'global_pooling1d_cl<ap_fixed,ap_fixed<16,6,5,3,0>,config10>' to 'global_pooling1d_cl_ap_fixed_ap_fixed_16_6_5_3_0_config10_s'.
WARNING: [SYN 201-103] Legalizing function name 'dense_latency<ap_fixed<16, 6, 5, 3, 0>, ap_fixed<31, 15, 5, 3, 0>, config11>' to 'dense_latency_ap_fixed_16_6_5_3_0_ap_fixed_31_15_5_3_0_config11_s'.
WARNING: [SYN 201-103] Legalizing function name 'relu<ap_fixed<31, 15, 5, 3, 0>, ap_ufixed<9, 0, 4, 0, 0>, relu_config13>' to 'relu_ap_fixed_31_15_5_3_0_ap_ufixed_9_0_4_0_0_relu_config13_s'.
WARNING: [SYN 201-103] Legalizing function name 'dense_latency<ap_ufixed<9, 0, 4, 0, 0>, ap_fixed<24, 9, 5, 3, 0>, config14>' to 'dense_latency_ap_ufixed_9_0_4_0_0_ap_fixed_24_9_5_3_0_config14_s'.
WARNING: [SYN 201-103] Legalizing function name 'dense_latency<ap_ufixed<9, 0, 4, 0, 0>, ap_fixed<24, 9, 5, 3, 0>, config16>' to 'dense_latency_ap_ufixed_9_0_4_0_0_ap_fixed_24_9_5_3_0_config16_s'.
WARNING: [SYN 201-103] Legalizing function name 'relu<ap_fixed<24, 9, 5, 3, 0>, ap_ufixed<9, 0, 4, 0, 0>, relu_config18>' to 'relu_ap_fixed_24_9_5_3_0_ap_ufixed_9_0_4_0_0_relu_config18_s'.
WARNING: [SYN 201-103] Legalizing function name 'relu<ap_fixed<24, 9, 5, 3, 0>, ap_ufixed<9, 0, 4, 0, 0>, relu_config19>' to 'relu_ap_fixed_24_9_5_3_0_ap_ufixed_9_0_4_0_0_relu_config19_s'.
WARNING: [SYN 201-103] Legalizing function name 'dense_latency<ap_ufixed<9, 0, 4, 0, 0>, ap_fixed<31, 13, 5, 3, 0>, config20>' to 'dense_latency_ap_ufixed_9_0_4_0_0_ap_fixed_31_13_5_3_0_config20_s'.
WARNING: [SYN 201-103] Legalizing function name 'dense_latency<ap_ufixed<9, 0, 4, 0, 0>, ap_fixed<31, 13, 5, 3, 0>, config22>' to 'dense_latency_ap_ufixed_9_0_4_0_0_ap_fixed_31_13_5_3_0_config22_s'.
WARNING: [SYN 201-103] Legalizing function name 'init_exp_table<ap_fixed<31, 13, 5, 3, 0>, softmax_config24>' to 'init_exp_table_ap_fixed_31_13_5_3_0_softmax_config24_s'.
WARNING: [SYN 201-103] Legalizing function name 'softmax_stable<ap_fixed,ap_fixed<16,6,5,3,0>,softmax_config24>' to 'softmax_stable_ap_fixed_ap_fixed_16_6_5_3_0_softmax_config24_s'.
INFO: [HLS 200-10] ----------------------------------------------------------------
INFO: [HLS 200-42] -- Implementing module 'normalize_ap_fixed_16_6_5_3_0_ap_fixed_33_13_5_3_0_config2_s' 
INFO: [HLS 200-10] ----------------------------------------------------------------
INFO: [SCHED 204-11] Starting scheduling ...
INFO: [SCHED 204-61] Pipelining function 'normalize<ap_fixed<16, 6, 5, 3, 0>, ap_fixed<33, 13, 5, 3, 0>, config2>'.
INFO: [HLS 200-1470] Pipelining result : Target II = 1, Final II = 1, Depth = 2, function 'normalize<ap_fixed<16, 6, 5, 3, 0>, ap_fixed<33, 13, 5, 3, 0>, config2>'
INFO: [SCHED 204-11] Finished scheduling.
INFO: [HLS 200-111] Finished Scheduling: CPU user time: 3.73 seconds. CPU system time: 0.15 seconds. Elapsed time: 3.95 seconds; current allocated memory: 1.987 GB.
INFO: [BIND 205-100] Starting micro-architecture generation ...
INFO: [BIND 205-101] Performing variable lifetime analysis.
INFO: [BIND 205-101] Exploring resource sharing.
INFO: [BIND 205-101] Binding ...
INFO: [BIND 205-100] Starting global binding ...
INFO: [BIND 205-100] Finished micro-architecture generation.
INFO: [HLS 200-111] Finished Binding: CPU user time: 0.77 seconds. CPU system time: 0.01 seconds. Elapsed time: 0.78 seconds; current allocated memory: 2.017 GB.
INFO: [HLS 200-10] ----------------------------------------------------------------
INFO: [HLS 200-42] -- Implementing module 'conv_1d_latency_cl_ap_fixed_ap_fixed_48_22_5_3_0_config28_s' 
INFO: [HLS 200-10] ----------------------------------------------------------------
INFO: [SCHED 204-11] Starting scheduling ...
INFO: [SCHED 204-61] Pipelining loop 'PartitionLoop'.
INFO: [HLS 200-1470] Pipelining result : Target II = 1, Final II = 1, Depth = 8, loop 'PartitionLoop'
INFO: [SCHED 204-11] Finished scheduling.
INFO: [HLS 200-111] Finished Scheduling: CPU user time: 7.26 seconds. CPU system time: 0.05 seconds. Elapsed time: 7.33 seconds; current allocated memory: 2.112 GB.
INFO: [BIND 205-100] Starting micro-architecture generation ...
INFO: [BIND 205-101] Performing variable lifetime analysis.
INFO: [BIND 205-101] Exploring resource sharing.
INFO: [BIND 205-101] Binding ...
INFO: [BIND 205-100] Starting global binding ...
INFO: [BIND 205-100] Finished micro-architecture generation.
INFO: [HLS 200-111] Finished Binding: CPU user time: 0.79 seconds. CPU system time: 0.01 seconds. Elapsed time: 0.8 seconds; current allocated memory: 2.112 GB.
INFO: [HLS 200-10] ----------------------------------------------------------------
INFO: [HLS 200-42] -- Implementing module 'pointwise_conv_1d_cl_ap_fixed_ap_fixed_48_22_5_3_0_config28_s' 
INFO: [HLS 200-10] ----------------------------------------------------------------
INFO: [SCHED 204-11] Starting scheduling ...
INFO: [SCHED 204-11] Finished scheduling.
INFO: [HLS 200-111] Finished Scheduling: CPU user time: 1.27 seconds. CPU system time: 0.01 seconds. Elapsed time: 1.28 seconds; current allocated memory: 2.112 GB.
INFO: [BIND 205-100] Starting micro-architecture generation ...
INFO: [BIND 205-101] Performing variable lifetime analysis.
INFO: [BIND 205-101] Exploring resource sharing.
INFO: [BIND 205-101] Binding ...
INFO: [BIND 205-100] Finished micro-architecture generation.
INFO: [HLS 200-111] Finished Binding: CPU user time: 0.35 seconds. CPU system time: 0 seconds. Elapsed time: 0.36 seconds; current allocated memory: 2.112 GB.
INFO: [HLS 200-10] ----------------------------------------------------------------
INFO: [HLS 200-42] -- Implementing module 'relu_ap_fixed_48_22_5_3_0_ap_ufixed_9_0_4_0_0_relu_config5_s' 
INFO: [HLS 200-10] ----------------------------------------------------------------
INFO: [SCHED 204-11] Starting scheduling ...
INFO: [SCHED 204-61] Pipelining function 'relu<ap_fixed<48, 22, 5, 3, 0>, ap_ufixed<9, 0, 4, 0, 0>, relu_config5>'.
INFO: [HLS 200-1470] Pipelining result : Target II = NA, Final II = 1, Depth = 2, function 'relu<ap_fixed<48, 22, 5, 3, 0>, ap_ufixed<9, 0, 4, 0, 0>, relu_config5>'
INFO: [SCHED 204-11] Finished scheduling.
INFO: [HLS 200-111] Finished Scheduling: CPU user time: 39.33 seconds. CPU system time: 0.1 seconds. Elapsed time: 39.54 seconds; current allocated memory: 2.270 GB.
INFO: [BIND 205-100] Starting micro-architecture generation ...
INFO: [BIND 205-101] Performing variable lifetime analysis.
INFO: [BIND 205-101] Exploring resource sharing.
INFO: [BIND 205-101] Binding ...
INFO: [BIND 205-100] Finished micro-architecture generation.
INFO: [HLS 200-111] Finished Binding: CPU user time: 13.35 seconds. CPU system time: 0.05 seconds. Elapsed time: 13.45 seconds; current allocated memory: 2.270 GB.
INFO: [HLS 200-10] ----------------------------------------------------------------
INFO: [HLS 200-42] -- Implementing module 'conv_1d_latency_cl_ap_ufixed_9_0_4_0_0_ap_fixed_24_9_5_3_0_config29_s' 
INFO: [HLS 200-10] ----------------------------------------------------------------
INFO: [SCHED 204-11] Starting scheduling ...
INFO: [SCHED 204-61] Pipelining loop 'PartitionLoop'.
INFO: [HLS 200-1470] Pipelining result : Target II = 1, Final II = 1, Depth = 6, loop 'PartitionLoop'
INFO: [SCHED 204-11] Finished scheduling.
INFO: [HLS 200-111] Finished Scheduling: CPU user time: 23.15 seconds. CPU system time: 0.14 seconds. Elapsed time: 23.37 seconds; current allocated memory: 2.450 GB.
INFO: [BIND 205-100] Starting micro-architecture generation ...
INFO: [BIND 205-101] Performing variable lifetime analysis.
INFO: [BIND 205-101] Exploring resource sharing.
INFO: [BIND 205-101] Binding ...
INFO: [BIND 205-100] Starting global binding ...
INFO: [BIND 205-100] Finished micro-architecture generation.
INFO: [HLS 200-111] Finished Binding: CPU user time: 1.59 seconds. CPU system time: 0.02 seconds. Elapsed time: 1.62 seconds; current allocated memory: 2.450 GB.
INFO: [HLS 200-10] ----------------------------------------------------------------
INFO: [HLS 200-42] -- Implementing module 'pointwise_conv_1d_cl_ap_ufixed_ap_fixed_24_9_5_3_0_config29_s' 
INFO: [HLS 200-10] ----------------------------------------------------------------
INFO: [SCHED 204-11] Starting scheduling ...
INFO: [SCHED 204-11] Finished scheduling.
INFO: [HLS 200-111] Finished Scheduling: CPU user time: 1.64 seconds. CPU system time: 0.02 seconds. Elapsed time: 1.65 seconds; current allocated memory: 2.450 GB.
INFO: [BIND 205-100] Starting micro-architecture generation ...
INFO: [BIND 205-101] Performing variable lifetime analysis.
INFO: [BIND 205-101] Exploring resource sharing.
INFO: [BIND 205-101] Binding ...
INFO: [BIND 205-100] Finished micro-architecture generation.
INFO: [HLS 200-111] Finished Binding: CPU user time: 0.36 seconds. CPU system time: 0 seconds. Elapsed time: 0.38 seconds; current allocated memory: 2.450 GB.
INFO: [HLS 200-10] ----------------------------------------------------------------
INFO: [HLS 200-42] -- Implementing module 'relu_ap_fixed_24_9_5_3_0_ap_ufixed_9_0_4_0_0_relu_config8_s' 
INFO: [HLS 200-10] ----------------------------------------------------------------
INFO: [SCHED 204-11] Starting scheduling ...
INFO: [SCHED 204-61] Pipelining function 'relu<ap_fixed<24, 9, 5, 3, 0>, ap_ufixed<9, 0, 4, 0, 0>, relu_config8>'.
INFO: [HLS 200-1470] Pipelining result : Target II = NA, Final II = 1, Depth = 2, function 'relu<ap_fixed<24, 9, 5, 3, 0>, ap_ufixed<9, 0, 4, 0, 0>, relu_config8>'
INFO: [SCHED 204-11] Finished scheduling.
INFO: [HLS 200-111] Finished Scheduling: CPU user time: 24.37 seconds. CPU system time: 0.03 seconds. Elapsed time: 24.49 seconds; current allocated memory: 2.472 GB.
INFO: [BIND 205-100] Starting micro-architecture generation ...
INFO: [BIND 205-101] Performing variable lifetime analysis.
INFO: [BIND 205-101] Exploring resource sharing.
INFO: [BIND 205-101] Binding ...
INFO: [BIND 205-100] Finished micro-architecture generation.
INFO: [HLS 200-111] Finished Binding: CPU user time: 8.46 seconds. CPU system time: 0.03 seconds. Elapsed time: 8.51 seconds; current allocated memory: 2.472 GB.
INFO: [HLS 200-10] ----------------------------------------------------------------
INFO: [HLS 200-42] -- Implementing module 'linear_ap_ufixed_9_0_4_0_0_ap_fixed_18_9_4_0_0_linear_config9_s' 
INFO: [HLS 200-10] ----------------------------------------------------------------
INFO: [SCHED 204-11] Starting scheduling ...
INFO: [SCHED 204-61] Pipelining function 'linear<ap_ufixed<9, 0, 4, 0, 0>, ap_fixed<18, 9, 4, 0, 0>, linear_config9>'.
INFO: [HLS 200-1470] Pipelining result : Target II = NA, Final II = 1, Depth = 1, function 'linear<ap_ufixed<9, 0, 4, 0, 0>, ap_fixed<18, 9, 4, 0, 0>, linear_config9>'
INFO: [SCHED 204-11] Finished scheduling.
INFO: [HLS 200-111] Finished Scheduling: CPU user time: 5.78 seconds. CPU system time: 0.05 seconds. Elapsed time: 5.84 seconds; current allocated memory: 2.472 GB.
INFO: [BIND 205-100] Starting micro-architecture generation ...
INFO: [BIND 205-101] Performing variable lifetime analysis.
INFO: [BIND 205-101] Exploring resource sharing.
INFO: [BIND 205-101] Binding ...
INFO: [BIND 205-100] Finished micro-architecture generation.
INFO: [HLS 200-111] Finished Binding: CPU user time: 0.13 seconds. CPU system time: 0 seconds. Elapsed time: 0.14 seconds; current allocated memory: 2.472 GB.
INFO: [HLS 200-10] ----------------------------------------------------------------
INFO: [HLS 200-42] -- Implementing module 'global_pooling1d_cl_ap_fixed_ap_fixed_16_6_5_3_0_config10_s' 
INFO: [HLS 200-10] ----------------------------------------------------------------
INFO: [SCHED 204-11] Starting scheduling ...
INFO: [SCHED 204-61] Pipelining function 'global_pooling1d_cl<ap_fixed,ap_fixed<16,6,5,3,0>,config10>'.
INFO: [HLS 200-1470] Pipelining result : Target II = 1, Final II = 1, Depth = 3, function 'global_pooling1d_cl<ap_fixed,ap_fixed<16,6,5,3,0>,config10>'
INFO: [SCHED 204-11] Finished scheduling.
INFO: [HLS 200-111] Finished Scheduling: CPU user time: 0.76 seconds. CPU system time: 0.01 seconds. Elapsed time: 0.77 seconds; current allocated memory: 2.472 GB.
INFO: [BIND 205-100] Starting micro-architecture generation ...
INFO: [BIND 205-101] Performing variable lifetime analysis.
INFO: [BIND 205-101] Exploring resource sharing.
INFO: [BIND 205-101] Binding ...
INFO: [BIND 205-100] Finished micro-architecture generation.
INFO: [HLS 200-111] Finished Binding: CPU user time: 0.27 seconds. CPU system time: 0.01 seconds. Elapsed time: 0.28 seconds; current allocated memory: 2.472 GB.
INFO: [HLS 200-10] ----------------------------------------------------------------
INFO: [HLS 200-42] -- Implementing module 'dense_latency_ap_fixed_16_6_5_3_0_ap_fixed_31_15_5_3_0_config11_s' 
INFO: [HLS 200-10] ----------------------------------------------------------------
INFO: [SCHED 204-11] Starting scheduling ...
INFO: [SCHED 204-61] Pipelining function 'dense_latency<ap_fixed<16, 6, 5, 3, 0>, ap_fixed<31, 15, 5, 3, 0>, config11>'.
INFO: [HLS 200-1470] Pipelining result : Target II = 1, Final II = 1, Depth = 5, function 'dense_latency<ap_fixed<16, 6, 5, 3, 0>, ap_fixed<31, 15, 5, 3, 0>, config11>'
INFO: [SCHED 204-11] Finished scheduling.
INFO: [HLS 200-111] Finished Scheduling: CPU user time: 1.71 seconds. CPU system time: 0.01 seconds. Elapsed time: 1.73 seconds; current allocated memory: 2.472 GB.
INFO: [BIND 205-100] Starting micro-architecture generation ...
INFO: [BIND 205-101] Performing variable lifetime analysis.
INFO: [BIND 205-101] Exploring resource sharing.
INFO: [BIND 205-101] Binding ...
INFO: [BIND 205-100] Starting global binding ...
INFO: [BIND 205-100] Finished micro-architecture generation.
INFO: [HLS 200-111] Finished Binding: CPU user time: 0.62 seconds. CPU system time: 0.01 seconds. Elapsed time: 0.63 seconds; current allocated memory: 2.485 GB.
INFO: [HLS 200-10] ----------------------------------------------------------------
INFO: [HLS 200-42] -- Implementing module 'relu_ap_fixed_31_15_5_3_0_ap_ufixed_9_0_4_0_0_relu_config13_s' 
INFO: [HLS 200-10] ----------------------------------------------------------------
INFO: [SCHED 204-11] Starting scheduling ...
INFO: [SCHED 204-61] Pipelining function 'relu<ap_fixed<31, 15, 5, 3, 0>, ap_ufixed<9, 0, 4, 0, 0>, relu_config13>'.
INFO: [HLS 200-1470] Pipelining result : Target II = NA, Final II = 1, Depth = 2, function 'relu<ap_fixed<31, 15, 5, 3, 0>, ap_ufixed<9, 0, 4, 0, 0>, relu_config13>'
INFO: [SCHED 204-11] Finished scheduling.
INFO: [HLS 200-111] Finished Scheduling: CPU user time: 0.36 seconds. CPU system time: 0.01 seconds. Elapsed time: 0.37 seconds; current allocated memory: 2.485 GB.
INFO: [BIND 205-100] Starting micro-architecture generation ...
INFO: [BIND 205-101] Performing variable lifetime analysis.
INFO: [BIND 205-101] Exploring resource sharing.
INFO: [BIND 205-101] Binding ...
INFO: [BIND 205-100] Finished micro-architecture generation.
INFO: [HLS 200-111] Finished Binding: CPU user time: 0.09 seconds. CPU system time: 0 seconds. Elapsed time: 0.1 seconds; current allocated memory: 2.485 GB.
INFO: [HLS 200-10] ----------------------------------------------------------------
INFO: [HLS 200-42] -- Implementing module 'dense_latency_ap_ufixed_9_0_4_0_0_ap_fixed_24_9_5_3_0_config14_s' 
INFO: [HLS 200-10] ----------------------------------------------------------------
INFO: [SCHED 204-11] Starting scheduling ...
INFO: [SCHED 204-61] Pipelining function 'dense_latency<ap_ufixed<9, 0, 4, 0, 0>, ap_fixed<24, 9, 5, 3, 0>, config14>'.
INFO: [HLS 200-1470] Pipelining result : Target II = 1, Final II = 1, Depth = 5, function 'dense_latency<ap_ufixed<9, 0, 4, 0, 0>, ap_fixed<24, 9, 5, 3, 0>, config14>'
INFO: [SCHED 204-11] Finished scheduling.
INFO: [HLS 200-111] Finished Scheduling: CPU user time: 1.17 seconds. CPU system time: 0.01 seconds. Elapsed time: 1.18 seconds; current allocated memory: 2.485 GB.
INFO: [BIND 205-100] Starting micro-architecture generation ...
INFO: [BIND 205-101] Performing variable lifetime analysis.
INFO: [BIND 205-101] Exploring resource sharing.
INFO: [BIND 205-101] Binding ...
INFO: [BIND 205-100] Starting global binding ...
INFO: [BIND 205-100] Finished micro-architecture generation.
INFO: [HLS 200-111] Finished Binding: CPU user time: 0.36 seconds. CPU system time: 0 seconds. Elapsed time: 0.36 seconds; current allocated memory: 2.488 GB.
INFO: [HLS 200-10] ----------------------------------------------------------------
INFO: [HLS 200-42] -- Implementing module 'dense_latency_ap_ufixed_9_0_4_0_0_ap_fixed_24_9_5_3_0_config16_s' 
INFO: [HLS 200-10] ----------------------------------------------------------------
INFO: [SCHED 204-11] Starting scheduling ...
INFO: [SCHED 204-61] Pipelining function 'dense_latency<ap_ufixed<9, 0, 4, 0, 0>, ap_fixed<24, 9, 5, 3, 0>, config16>'.
INFO: [HLS 200-1470] Pipelining result : Target II = 1, Final II = 1, Depth = 5, function 'dense_latency<ap_ufixed<9, 0, 4, 0, 0>, ap_fixed<24, 9, 5, 3, 0>, config16>'
INFO: [SCHED 204-11] Finished scheduling.
INFO: [HLS 200-111] Finished Scheduling: CPU user time: 0.88 seconds. CPU system time: 0.01 seconds. Elapsed time: 0.88 seconds; current allocated memory: 2.493 GB.
INFO: [BIND 205-100] Starting micro-architecture generation ...
INFO: [BIND 205-101] Performing variable lifetime analysis.
INFO: [BIND 205-101] Exploring resource sharing.
INFO: [BIND 205-101] Binding ...
INFO: [BIND 205-100] Starting global binding ...
INFO: [BIND 205-100] Finished micro-architecture generation.
INFO: [HLS 200-111] Finished Binding: CPU user time: 0.2 seconds. CPU system time: 0 seconds. Elapsed time: 0.21 seconds; current allocated memory: 2.494 GB.
INFO: [HLS 200-10] ----------------------------------------------------------------
INFO: [HLS 200-42] -- Implementing module 'relu_ap_fixed_24_9_5_3_0_ap_ufixed_9_0_4_0_0_relu_config18_s' 
INFO: [HLS 200-10] ----------------------------------------------------------------
INFO: [SCHED 204-11] Starting scheduling ...
INFO: [SCHED 204-61] Pipelining function 'relu<ap_fixed<24, 9, 5, 3, 0>, ap_ufixed<9, 0, 4, 0, 0>, relu_config18>'.
INFO: [HLS 200-1470] Pipelining result : Target II = NA, Final II = 1, Depth = 2, function 'relu<ap_fixed<24, 9, 5, 3, 0>, ap_ufixed<9, 0, 4, 0, 0>, relu_config18>'
INFO: [SCHED 204-11] Finished scheduling.
INFO: [HLS 200-111] Finished Scheduling: CPU user time: 0.28 seconds. CPU system time: 0.01 seconds. Elapsed time: 0.29 seconds; current allocated memory: 2.499 GB.
INFO: [BIND 205-100] Starting micro-architecture generation ...
INFO: [BIND 205-101] Performing variable lifetime analysis.
INFO: [BIND 205-101] Exploring resource sharing.
INFO: [BIND 205-101] Binding ...
INFO: [BIND 205-100] Finished micro-architecture generation.
INFO: [HLS 200-111] Finished Binding: CPU user time: 0.09 seconds. CPU system time: 0 seconds. Elapsed time: 0.09 seconds; current allocated memory: 2.501 GB.
INFO: [HLS 200-10] ----------------------------------------------------------------
INFO: [HLS 200-42] -- Implementing module 'relu_ap_fixed_24_9_5_3_0_ap_ufixed_9_0_4_0_0_relu_config19_s' 
INFO: [HLS 200-10] ----------------------------------------------------------------
INFO: [SCHED 204-11] Starting scheduling ...
INFO: [SCHED 204-61] Pipelining function 'relu<ap_fixed<24, 9, 5, 3, 0>, ap_ufixed<9, 0, 4, 0, 0>, relu_config19>'.
INFO: [HLS 200-1470] Pipelining result : Target II = NA, Final II = 1, Depth = 2, function 'relu<ap_fixed<24, 9, 5, 3, 0>, ap_ufixed<9, 0, 4, 0, 0>, relu_config19>'
INFO: [SCHED 204-11] Finished scheduling.
INFO: [HLS 200-111] Finished Scheduling: CPU user time: 0.19 seconds. CPU system time: 0 seconds. Elapsed time: 0.19 seconds; current allocated memory: 2.504 GB.
INFO: [BIND 205-100] Starting micro-architecture generation ...
INFO: [BIND 205-101] Performing variable lifetime analysis.
INFO: [BIND 205-101] Exploring resource sharing.
INFO: [BIND 205-101] Binding ...
INFO: [BIND 205-100] Finished micro-architecture generation.
INFO: [HLS 200-111] Finished Binding: CPU user time: 0.05 seconds. CPU system time: 0.01 seconds. Elapsed time: 0.06 seconds; current allocated memory: 2.505 GB.
INFO: [HLS 200-10] ----------------------------------------------------------------
INFO: [HLS 200-42] -- Implementing module 'dense_latency_ap_ufixed_9_0_4_0_0_ap_fixed_31_13_5_3_0_config20_s' 
INFO: [HLS 200-10] ----------------------------------------------------------------
INFO: [SCHED 204-11] Starting scheduling ...
INFO: [SCHED 204-61] Pipelining function 'dense_latency<ap_ufixed<9, 0, 4, 0, 0>, ap_fixed<31, 13, 5, 3, 0>, config20>'.
INFO: [HLS 200-1470] Pipelining result : Target II = 1, Final II = 1, Depth = 5, function 'dense_latency<ap_ufixed<9, 0, 4, 0, 0>, ap_fixed<31, 13, 5, 3, 0>, config20>'
INFO: [SCHED 204-11] Finished scheduling.
INFO: [HLS 200-111] Finished Scheduling: CPU user time: 0.95 seconds. CPU system time: 0.01 seconds. Elapsed time: 0.96 seconds; current allocated memory: 2.511 GB.
INFO: [BIND 205-100] Starting micro-architecture generation ...
INFO: [BIND 205-101] Performing variable lifetime analysis.
INFO: [BIND 205-101] Exploring resource sharing.
INFO: [BIND 205-101] Binding ...
INFO: [BIND 205-100] Starting global binding ...
INFO: [BIND 205-100] Finished micro-architecture generation.
INFO: [HLS 200-111] Finished Binding: CPU user time: 0.27 seconds. CPU system time: 0.01 seconds. Elapsed time: 0.28 seconds; current allocated memory: 2.523 GB.
INFO: [HLS 200-10] ----------------------------------------------------------------
INFO: [HLS 200-42] -- Implementing module 'dense_latency_ap_ufixed_9_0_4_0_0_ap_fixed_31_13_5_3_0_config22_s' 
INFO: [HLS 200-10] ----------------------------------------------------------------
INFO: [SCHED 204-11] Starting scheduling ...
INFO: [SCHED 204-61] Pipelining function 'dense_latency<ap_ufixed<9, 0, 4, 0, 0>, ap_fixed<31, 13, 5, 3, 0>, config22>'.
INFO: [HLS 200-1470] Pipelining result : Target II = 1, Final II = 1, Depth = 5, function 'dense_latency<ap_ufixed<9, 0, 4, 0, 0>, ap_fixed<31, 13, 5, 3, 0>, config22>'
INFO: [SCHED 204-11] Finished scheduling.
INFO: [HLS 200-111] Finished Scheduling: CPU user time: 0.16 seconds. CPU system time: 0 seconds. Elapsed time: 0.17 seconds; current allocated memory: 2.523 GB.
INFO: [BIND 205-100] Starting micro-architecture generation ...
INFO: [BIND 205-101] Performing variable lifetime analysis.
INFO: [BIND 205-101] Exploring resource sharing.
INFO: [BIND 205-101] Binding ...
INFO: [BIND 205-100] Starting global binding ...
INFO: [BIND 205-100] Finished micro-architecture generation.
INFO: [HLS 200-111] Finished Binding: CPU user time: 0.04 seconds. CPU system time: 0 seconds. Elapsed time: 0.03 seconds; current allocated memory: 2.523 GB.
INFO: [HLS 200-10] ----------------------------------------------------------------
INFO: [HLS 200-42] -- Implementing module 'init_exp_table_ap_fixed_31_13_5_3_0_softmax_config24_s' 
INFO: [HLS 200-10] ----------------------------------------------------------------
INFO: [SCHED 204-11] Starting scheduling ...
INFO: [SCHED 204-61] Pipelining function 'init_exp_table<ap_fixed<31, 13, 5, 3, 0>, softmax_config24>'.
WARNING: [HLS 200-885] The II Violation in module 'init_exp_table_ap_fixed_31_13_5_3_0_softmax_config24_s' (function 'init_exp_table<ap_fixed<31, 13, 5, 3, 0>, softmax_config24>'): Unable to schedule 'store' operation 0 bit ('table_out_addr_17_write_ln155', firmware/nnet_utils/nnet_activation.h:155) of constant 131071 on array 'table_out' due to limited memory ports (II = 1). Please consider using a memory core with more ports or partitioning the array 'table_out'.
WARNING: [HLS 200-885] The II Violation in module 'init_exp_table_ap_fixed_31_13_5_3_0_softmax_config24_s' (function 'init_exp_table<ap_fixed<31, 13, 5, 3, 0>, softmax_config24>'): Unable to schedule 'store' operation 0 bit ('table_out_addr_19_write_ln155', firmware/nnet_utils/nnet_activation.h:155) of constant 131071 on array 'table_out' due to limited memory ports (II = 2). Please consider using a memory core with more ports or partitioning the array 'table_out'.
WARNING: 