

================================================================
== Vitis HLS Report for 'dense_latency_ap_ufixed_9_0_4_0_0_ap_fixed_31_13_5_3_0_config22_s'
================================================================
* Date:           Tue Oct  1 08:16:48 2024

* Version:        2023.2 (Build 4023990 on Oct 11 2023)
* Project:        JetTagger_prj
* Solution:       solution1 (Vivado IP Flow Target)
* Product family: virtexuplus
* Target device:  xcvu9p-flga2104-2L-e


================================================================
== Performance Estimates
================================================================
+ Timing: 
    * Summary: 
    +--------+---------+----------+------------+
    |  Clock |  Target | Estimated| Uncertainty|
    +--------+---------+----------+------------+
    |ap_clk  |  2.80 ns|  1.860 ns|     0.76 ns|
    +--------+---------+----------+------------+

+ Latency: 
    * Summary: 
    +---------+---------+-----------+-----------+-----+-----+---------+
    |  Latency (cycles) |   Latency (absolute)  |  Interval | Pipeline|
    |   min   |   max   |    min    |    max    | min | max |   Type  |
    +---------+---------+-----------+-----------+-----+-----+---------+
    |        4|        4|  11.200 ns|  11.200 ns|    1|    1|      yes|
    +---------+---------+-----------+-----------+-----+-----+---------+

    + Detail: 
        * Instance: 
        N/A

        * Loop: 
        N/A

============================================================
+ Verbose Summary: Synthesis Manager
============================================================
InlineROM: 1
ExposeGlobal: 0
============================================================
+ Verbose Summary: CDFG Model
============================================================
IsTopModel: 0
ResetActiveHigh: 1
IsCombinational: 2
IsDatapathOnly: 0
HasWiredReturn: 1
HasMFsm: 2
HasVarLatency: 0
IsPipeline: 1
IsRtlPipelined: 1
IsInstanceOverlapped: 0
IsDontTouch: 0
HasImplIP: 0
IsGatedGlobalClock: 0

+ Individual pipeline summary: 
  * Pipeline-0: initiation interval (II) = 1, depth = 5


============================================================
+ Verbose Summary: Schedule
============================================================
* Number of FSM states : 5
* Pipeline : 1
  Pipeline-0 : II = 1, D = 5, States = { 1 2 3 4 5 }
* Dataflow Pipeline: 0

* FSM state transitions: 
1 --> 2 
2 --> 3 
3 --> 4 
4 --> 5 
5 --> 

* FSM state operations: 

State 1 <SV = 0> <Delay = 1.02>
ST_1 : Operation 6 [1/1] (1.02ns)   --->   "%p_read3122 = read i9 @_ssdm_op_Read.ap_auto.i9, i9 %p_read31" [firmware/nnet_utils/nnet_mult.h:70->firmware/nnet_utils/nnet_dense_latency.h:42]   --->   Operation 6 'read' 'p_read3122' <Predicate = true> <Delay = 1.02> <CoreInst = "FIFO_SRL">   --->   Core 81 'FIFO_SRL' <Latency = 0> <II = 1> <Delay = 1.42> <Storage> <Opcode : 'read' 'write' 'nbread' 'nbwrite'> <Ports = 0> <Width = -1> <Depth = -1> <FIFO>
ST_1 : Operation 7 [1/1] (1.02ns)   --->   "%p_read2821 = read i9 @_ssdm_op_Read.ap_auto.i9, i9 %p_read28" [firmware/nnet_utils/nnet_mult.h:70->firmware/nnet_utils/nnet_dense_latency.h:42]   --->   Operation 7 'read' 'p_read2821' <Predicate = true> <Delay = 1.02> <CoreInst = "FIFO_SRL">   --->   Core 81 'FIFO_SRL' <Latency = 0> <II = 1> <Delay = 1.42> <Storage> <Opcode : 'read' 'write' 'nbread' 'nbwrite'> <Ports = 0> <Width = -1> <Depth = -1> <FIFO>
ST_1 : Operation 8 [1/1] (1.02ns)   --->   "%p_read2520 = read i9 @_ssdm_op_Read.ap_auto.i9, i9 %p_read25" [firmware/nnet_utils/nnet_mult.h:70->firmware/nnet_utils/nnet_dense_latency.h:42]   --->   Operation 8 'read' 'p_read2520' <Predicate = true> <Delay = 1.02> <CoreInst = "FIFO_SRL">   --->   Core 81 'FIFO_SRL' <Latency = 0> <II = 1> <Delay = 1.42> <Storage> <Opcode : 'read' 'write' 'nbread' 'nbwrite'> <Ports = 0> <Width = -1> <Depth = -1> <FIFO>
ST_1 : Operation 9 [1/1] (1.02ns)   --->   "%p_read2219 = read i9 @_ssdm_op_Read.ap_auto.i9, i9 %p_read22" [firmware/nnet_utils/nnet_mult.h:70->firmware/nnet_utils/nnet_dense_latency.h:42]   --->   Operation 9 'read' 'p_read2219' <Predicate = true> <Delay = 1.02> <CoreInst = "FIFO_SRL">   --->   Core 81 'FIFO_SRL' <Latency = 0> <II = 1> <Delay = 1.42> <Storage> <Opcode : 'read' 'write' 'nbread' 'nbwrite'> <Ports = 0> <Width = -1> <Depth = -1> <FIFO>
ST_1 : Operation 10 [1/1] (1.02ns)   --->   "%p_read1918 = read i9 @_ssdm_op_Read.ap_auto.i9, i9 %p_read19" [firmware/nnet_utils/nnet_mult.h:70->firmware/nnet_utils/nnet_dense_latency.h:42]   --->   Operation 10 'read' 'p_read1918' <Predicate = true> <Delay = 1.02> <CoreInst = "FIFO_SRL">   --->   Core 81 'FIFO_SRL' <Latency = 0> <II = 1> <Delay = 1.42> <Storage> <Opcode : 'read' 'write' 'nbread' 'nbwrite'> <Ports = 0> <Width = -1> <Depth = -1> <FIFO>
ST_1 : Operation 11 [1/1] (1.02ns)   --->   "%p_read1817 = read i9 @_ssdm_op_Read.ap_auto.i9, i9 %p_read18" [firmware/nnet_utils/nnet_mult.h:70->firmware/nnet_utils/nnet_dense_latency.h:42]   --->   Operation 11 'read' 'p_read1817' <Predicate = true> <Delay = 1.02> <CoreInst = "FIFO_SRL">   --->   Core 81 'FIFO_SRL' <Latency = 0> <II = 1> <Delay = 1.42> <Storage> <Opcode : 'read' 'write' 'nbread' 'nbwrite'> <Ports = 0> <Width = -1> <Depth = -1> <FIFO>
ST_1 : Operation 12 [1/1] (1.02ns)   --->   "%p_read1516 = read i9 @_ssdm_op_Read.ap_auto.i9, i9 %p_read15" [firmware/nnet_utils/nnet_mult.h:70->firmware/nnet_utils/nnet_dense_latency.h:42]   --->   Operation 12 'read' 'p_read1516' <Predicate = true> <Delay = 1.02> <CoreInst = "FIFO_SRL">   --->   Core 81 'FIFO_SRL' <Latency = 0> <II = 1> <Delay = 1.42> <Storage> <Opcode : 'read' 'write' 'nbread' 'nbwrite'> <Ports = 0> <Width = -1> <Depth = -1> <FIFO>
ST_1 : Operation 13 [1/1] (1.02ns)   --->   "%p_read1115 = read i9 @_ssdm_op_Read.ap_auto.i9, i9 %p_read11" [firmware/nnet_utils/nnet_mult.h:70->firmware/nnet_utils/nnet_dense_latency.h:42]   --->   Operation 13 'read' 'p_read1115' <Predicate = true> <Delay = 1.02> <CoreInst = "FIFO_SRL">   --->   Core 81 'FIFO_SRL' <Latency = 0> <II = 1> <Delay = 1.42> <Storage> <Opcode : 'read' 'write' 'nbread' 'nbwrite'> <Ports = 0> <Width = -1> <Depth = -1> <FIFO>
ST_1 : Operation 14 [1/1] (1.02ns)   --->   "%p_read914 = read i9 @_ssdm_op_Read.ap_auto.i9, i9 %p_read9" [firmware/nnet_utils/nnet_mult.h:70->firmware/nnet_utils/nnet_dense_latency.h:42]   --->   Operation 14 'read' 'p_read914' <Predicate = true> <Delay = 1.02> <CoreInst = "FIFO_SRL">   --->   Core 81 'FIFO_SRL' <Latency = 0> <II = 1> <Delay = 1.42> <Storage> <Opcode : 'read' 'write' 'nbread' 'nbwrite'> <Ports = 0> <Width = -1> <Depth = -1> <FIFO>
ST_1 : Operation 15 [1/1] (1.02ns)   --->   "%p_read613 = read i9 @_ssdm_op_Read.ap_auto.i9, i9 %p_read6" [firmware/nnet_utils/nnet_mult.h:70->firmware/nnet_utils/nnet_dense_latency.h:42]   --->   Operation 15 'read' 'p_read613' <Predicate = true> <Delay = 1.02> <CoreInst = "FIFO_SRL">   --->   Core 81 'FIFO_SRL' <Latency = 0> <II = 1> <Delay = 1.42> <Storage> <Opcode : 'read' 'write' 'nbread' 'nbwrite'> <Ports = 0> <Width = -1> <Depth = -1> <FIFO>
ST_1 : Operation 16 [1/1] (1.02ns)   --->   "%p_read412 = read i9 @_ssdm_op_Read.ap_auto.i9, i9 %p_read4" [firmware/nnet_utils/nnet_mult.h:70->firmware/nnet_utils/nnet_dense_latency.h:42]   --->   Operation 16 'read' 'p_read412' <Predicate = true> <Delay = 1.02> <CoreInst = "FIFO_SRL">   --->   Core 81 'FIFO_SRL' <Latency = 0> <II = 1> <Delay = 1.42> <Storage> <Opcode : 'read' 'write' 'nbread' 'nbwrite'> <Ports = 0> <Width = -1> <Depth = -1> <FIFO>
ST_1 : Operation 17 [1/1] (1.02ns)   --->   "%p_read311 = read i9 @_ssdm_op_Read.ap_auto.i9, i9 %p_read3" [firmware/nnet_utils/nnet_mult.h:70->firmware/nnet_utils/nnet_dense_latency.h:42]   --->   Operation 17 'read' 'p_read311' <Predicate = true> <Delay = 1.02> <CoreInst = "FIFO_SRL">   --->   Core 81 'FIFO_SRL' <Latency = 0> <II = 1> <Delay = 1.42> <Storage> <Opcode : 'read' 'write' 'nbread' 'nbwrite'> <Ports = 0> <Width = -1> <Depth = -1> <FIFO>
ST_1 : Operation 18 [1/1] (1.02ns)   --->   "%p_read_2493 = read i9 @_ssdm_op_Read.ap_auto.i9, i9 %p_read" [firmware/nnet_utils/nnet_mult.h:70->firmware/nnet_utils/nnet_dense_latency.h:42]   --->   Operation 18 'read' 'p_read_2493' <Predicate = true> <Delay = 1.02> <CoreInst = "FIFO_SRL">   --->   Core 81 'FIFO_SRL' <Latency = 0> <II = 1> <Delay = 1.42> <Storage> <Opcode : 'read' 'write' 'nbread' 'nbwrite'> <Ports = 0> <Width = -1> <Depth = -1> <FIFO>

State 2 <SV = 1> <Delay = 1.86>
ST_2 : Operation 19 [1/1] (0.00ns)   --->   "%zext_ln70 = zext i9 %p_read_2493" [firmware/nnet_utils/nnet_mult.h:70->firmware/nnet_utils/nnet_dense_latency.h:42]   --->   Operation 19 'zext' 'zext_ln70' <Predicate = true> <Delay = 0.00>
ST_2 : Operation 20 [1/1] (1.46ns)   --->   "%mul_ln73 = mul i17 %zext_ln70, i17 172" [firmware/nnet_utils/nnet_mult.h:73->firmware/nnet_utils/nnet_dense_latency.h:42]   --->   Operation 20 'mul' 'mul_ln73' <Predicate = true> <Delay = 1.46> <CoreInst = "Multiplier">   --->   Core 3 'Multiplier' <Latency = 0> <II = 1> <Delay = 1.46> <FuncUnit> <Opcode : 'mul'> <InPorts = 2> <OutPorts = 1>
ST_2 : Operation 21 [1/1] (0.00ns)   --->   "%tmp = partselect i9 @_ssdm_op_PartSelect.i9.i17.i32.i32, i17 %mul_ln73, i32 8, i32 16" [firmware/nnet_utils/nnet_mult.h:73->firmware/nnet_utils/nnet_dense_latency.h:42]   --->   Operation 21 'partselect' 'tmp' <Predicate = true> <Delay = 0.00>
ST_2 : Operation 22 [1/1] (0.00ns)   --->   "%zext_ln70_1 = zext i9 %p_read311" [firmware/nnet_utils/nnet_mult.h:70->firmware/nnet_utils/nnet_dense_latency.h:42]   --->   Operation 22 'zext' 'zext_ln70_1' <Predicate = true> <Delay = 0.00>
ST_2 : Operation 23 [1/1] (1.46ns)   --->   "%mul_ln73_1 = mul i18 %zext_ln70_1, i18 261987" [firmware/nnet_utils/nnet_mult.h:73->firmware/nnet_utils/nnet_dense_latency.h:42]   --->   Operation 23 'mul' 'mul_ln73_1' <Predicate = true> <Delay = 1.46> <CoreInst = "Multiplier">   --->   Core 3 'Multiplier' <Latency = 0> <II = 1> <Delay = 1.46> <FuncUnit> <Opcode : 'mul'> <InPorts = 2> <OutPorts = 1>
ST_2 : Operation 24 [1/1] (0.00ns)   --->   "%trunc_ln42_s = partselect i10 @_ssdm_op_PartSelect.i10.i18.i32.i32, i18 %mul_ln73_1, i32 8, i32 17" [firmware/nnet_utils/nnet_dense_latency.h:42]   --->   Operation 24 'partselect' 'trunc_ln42_s' <Predicate = true> <Delay = 0.00>
ST_2 : Operation 25 [1/1] (0.00ns)   --->   "%zext_ln70_2 = zext i9 %p_read412" [firmware/nnet_utils/nnet_mult.h:70->firmware/nnet_utils/nnet_dense_latency.h:42]   --->   Operation 25 'zext' 'zext_ln70_2' <Predicate = true> <Delay = 0.00>
ST_2 : Operation 26 [1/1] (1.46ns)   --->   "%mul_ln73_2 = mul i17 %zext_ln70_2, i17 238" [firmware/nnet_utils/nnet_mult.h:73->firmware/nnet_utils/nnet_dense_latency.h:42]   --->   Operation 26 'mul' 'mul_ln73_2' <Predicate = true> <Delay = 1.46> <CoreInst = "Multiplier">   --->   Core 3 'Multiplier' <Latency = 0> <II = 1> <Delay = 1.46> <FuncUnit> <Opcode : 'mul'> <InPorts = 2> <OutPorts = 1>
ST_2 : Operation 27 [1/1] (0.00ns)   --->   "%tmp_48 = partselect i9 @_ssdm_op_PartSelect.i9.i17.i32.i32, i17 %mul_ln73_2, i32 8, i32 16" [firmware/nnet_utils/nnet_mult.h:70->firmware/nnet_utils/nnet_dense_latency.h:42]   --->   Operation 27 'partselect' 'tmp_48' <Predicate = true> <Delay = 0.00>
ST_2 : Operation 28 [1/1] (0.00ns)   --->   "%zext_ln70_3 = zext i9 %p_read613" [firmware/nnet_utils/nnet_mult.h:70->firmware/nnet_utils/nnet_dense_latency.h:42]   --->   Operation 28 'zext' 'zext_ln70_3' <Predicate = true> <Delay = 0.00>
ST_2 : Operation 29 [1/1] (1.46ns)   --->   "%mul_ln73_3 = mul i18 %zext_ln70_3, i18 261980" [firmware/nnet_utils/nnet_mult.h:73->firmware/nnet_utils/nnet_dense_latency.h:42]   --->   Operation 29 'mul' 'mul_ln73_3' <Predicate = true> <Delay = 1.46> <CoreInst = "Multiplier">   --->   Core 3 'Multiplier' <Latency = 0> <II = 1> <Delay = 1.46> <FuncUnit> <Opcode : 'mul'> <InPorts = 2> <OutPorts = 1>
ST_2 : Operation 30 [1/1] (0.00ns)   --->   "%trunc_ln42_1 = partselect i10 @_ssdm_op_PartSelect.i10.i18.i32.i32, i18 %mul_ln73_3, i32 8, i32 17" [firmware/nnet_utils/nnet_dense_latency.h:42]   --->   Operation 30 'partselect' 'trunc_ln42_1' <Predicate = true> <Delay = 0.00>
ST_2 : Operation 31 [1/1] (0.00ns)   --->   "%zext_ln70_4 = zext i9 %p_read914" [firmware/nnet_utils/nnet_mult.h:70->firmware/nnet_utils/nnet_dense_latency.h:42]   --->   Operation 31 'zext' 'zext_ln70_4' <Predicate = true> <Delay = 0.00>
ST_2 : Operation 32 [1/1] (1.46ns)   --->   "%mul_ln73_4 = mul i17 %zext_ln70_4, i17 130995" [firmware/nnet_utils/nnet_mult.h:73->firmware/nnet_utils/nnet_dense_latency.h:42]   --->   Operation 32 'mul' 'mul_ln73_4' <Predicate = true> <Delay = 1.46> <CoreInst = "Multiplier">   --->   Core 3 'Multiplier' <Latency = 0> <II = 1> <Delay = 1.46> <FuncUnit> <Opcode : 'mul'> <InPorts = 2> <OutPorts = 1>
ST_2 : Operation 33 [1/1] (0.00ns)   --->   "%trunc_ln42_2 = partselect i9 @_ssdm_op_PartSelect.i9.i17.i32.i32, i17 %mul_ln73_4, i32 8, i32 16" [firmware/nnet_utils/nnet_dense_latency.h:42]   --->   Operation 33 'partselect' 'trunc_ln42_2' <Predicate = true> <Delay = 0.00>
ST_2 : Operation 34 [1/1] (0.00ns)   --->   "%zext_ln70_5 = zext i9 %p_read1115" [firmware/nnet_utils/nnet_mult.h:70->firmware/nnet_utils/nnet_dense_latency.h:42]   --->   Operation 34 'zext' 'zext_ln70_5' <Predicate = true> <Delay = 0.00>
ST_2 : Operation 35 [1/1] (1.46ns)   --->   "%mul_ln73_5 = mul i17 %zext_ln70_5, i17 131" [firmware/nnet_utils/nnet_mult.h:73->firmware/nnet_utils/nnet_dense_latency.h:42]   --->   Operation 35 'mul' 'mul_ln73_5' <Predicate = true> <Delay = 1.46> <CoreInst = "Multiplier">   --->   Core 3 'Multiplier' <Latency = 0> <II = 1> <Delay = 1.46> <FuncUnit> <Opcode : 'mul'> <InPorts = 2> <OutPorts = 1>
ST_2 : Operation 36 [1/1] (0.00ns)   --->   "%tmp_49 = partselect i9 @_ssdm_op_PartSelect.i9.i17.i32.i32, i17 %mul_ln73_5, i32 8, i32 16" [firmware/nnet_utils/nnet_mult.h:70->firmware/nnet_utils/nnet_dense_latency.h:42]   --->   Operation 36 'partselect' 'tmp_49' <Predicate = true> <Delay = 0.00>
ST_2 : Operation 37 [1/1] (0.00ns)   --->   "%zext_ln70_6 = zext i9 %p_read1516" [firmware/nnet_utils/nnet_mult.h:70->firmware/nnet_utils/nnet_dense_latency.h:42]   --->   Operation 37 'zext' 'zext_ln70_6' <Predicate = true> <Delay = 0.00>
ST_2 : Operation 38 [1/1] (1.46ns)   --->   "%mul_ln73_6 = mul i17 %zext_ln70_6, i17 133" [firmware/nnet_utils/nnet_mult.h:73->firmware/nnet_utils/nnet_dense_latency.h:42]   --->   Operation 38 'mul' 'mul_ln73_6' <Predicate = true> <Delay = 1.46> <CoreInst = "Multiplier">   --->   Core 3 'Multiplier' <Latency = 0> <II = 1> <Delay = 1.46> <FuncUnit> <Opcode : 'mul'> <InPorts = 2> <OutPorts = 1>
ST_2 : Operation 39 [1/1] (0.00ns)   --->   "%trunc_ln70_2 = partselect i9 @_ssdm_op_PartSelect.i9.i17.i32.i32, i17 %mul_ln73_6, i32 8, i32 16" [firmware/nnet_utils/nnet_mult.h:70->firmware/nnet_utils/nnet_dense_latency.h:42]   --->   Operation 39 'partselect' 'trunc_ln70_2' <Predicate = true> <Delay = 0.00>
ST_2 : Operation 40 [1/1] (0.00ns)   --->   "%shl_ln = bitconcatenate i17 @_ssdm_op_BitConcatenate.i17.i9.i8, i9 %p_read1817, i8 0" [firmware/nnet_utils/nnet_mult.h:73->firmware/nnet_utils/nnet_dense_latency.h:42]   --->   Operation 40 'bitconcatenate' 'shl_ln' <Predicate = true> <Delay = 0.00>
ST_2 : Operation 41 [1/1] (0.00ns)   --->   "%zext_ln73 = zext i17 %shl_ln" [firmware/nnet_utils/nnet_mult.h:73->firmware/nnet_utils/nnet_dense_latency.h:42]   --->   Operation 41 'zext' 'zext_ln73' <Predicate = true> <Delay = 0.00>
ST_2 : Operation 42 [1/1] (0.00ns)   --->   "%shl_ln73_s = bitconcatenate i10 @_ssdm_op_BitConcatenate.i10.i9.i1, i9 %p_read1817, i1 0" [firmware/nnet_utils/nnet_mult.h:73->firmware/nnet_utils/nnet_dense_latency.h:42]   --->   Operation 42 'bitconcatenate' 'shl_ln73_s' <Predicate = true> <Delay = 0.00>
ST_2 : Operation 43 [1/1] (0.00ns)   --->   "%zext_ln73_1 = zext i10 %shl_ln73_s" [firmware/nnet_utils/nnet_mult.h:73->firmware/nnet_utils/nnet_dense_latency.h:42]   --->   Operation 43 'zext' 'zext_ln73_1' <Predicate = true> <Delay = 0.00>
ST_2 : Operation 44 [1/1] (0.79ns)   --->   "%add_ln73 = add i18 %zext_ln73, i18 %zext_ln73_1" [firmware/nnet_utils/nnet_mult.h:73->firmware/nnet_utils/nnet_dense_latency.h:42]   --->   Operation 44 'add' 'add_ln73' <Predicate = true> <Delay = 0.79> <CoreInst = "Adder">   --->   Core 1 'Adder' <Latency = 0> <II = 1> <Delay = 0.79> <FuncUnit> <Opcode : 'add' 'sub'> <InPorts = 2> <OutPorts = 1>
ST_2 : Operation 45 [1/1] (0.00ns)   --->   "%trunc_ln42_3 = partselect i10 @_ssdm_op_PartSelect.i10.i18.i32.i32, i18 %add_ln73, i32 8, i32 17" [firmware/nnet_utils/nnet_dense_latency.h:42]   --->   Operation 45 'partselect' 'trunc_ln42_3' <Predicate = true> <Delay = 0.00>
ST_2 : Operation 46 [1/1] (0.00ns)   --->   "%zext_ln42 = zext i9 %p_read1918" [firmware/nnet_utils/nnet_dense_latency.h:42]   --->   Operation 46 'zext' 'zext_ln42' <Predicate = true> <Delay = 0.00>
ST_2 : Operation 47 [1/1] (1.46ns)   --->   "%mul_ln42 = mul i16 %zext_ln42, i16 100" [firmware/nnet_utils/nnet_dense_latency.h:42]   --->   Operation 47 'mul' 'mul_ln42' <Predicate = true> <Delay = 1.46> <CoreInst = "Multiplier">   --->   Core 3 'Multiplier' <Latency = 0> <II = 1> <Delay = 1.46> <FuncUnit> <Opcode : 'mul'> <InPorts = 2> <OutPorts = 1>
ST_2 : Operation 48 [1/1] (0.00ns)   --->   "%tmp_50 = partselect i8 @_ssdm_op_PartSelect.i8.i16.i32.i32, i16 %mul_ln42, i32 8, i32 15" [firmware/nnet_utils/nnet_mult.h:70->firmware/nnet_utils/nnet_dense_latency.h:42]   --->   Operation 48 'partselect' 'tmp_50' <Predicate = true> <Delay = 0.00>
ST_2 : Operation 49 [1/1] (0.00ns)   --->   "%zext_ln70_7 = zext i9 %p_read2219" [firmware/nnet_utils/nnet_mult.h:70->firmware/nnet_utils/nnet_dense_latency.h:42]   --->   Operation 49 'zext' 'zext_ln70_7' <Predicate = true> <Delay = 0.00>
ST_2 : Operation 50 [1/1] (1.86ns)   --->   "%mul_ln73_7 = mul i19 %zext_ln70_7, i19 673" [firmware/nnet_utils/nnet_mult.h:73->firmware/nnet_utils/nnet_dense_latency.h:42]   --->   Operation 50 'mul' 'mul_ln73_7' <Predicate = true> <Delay = 1.86> <CoreInst = "Multiplier">   --->   Core 3 'Multiplier' <Latency = 0> <II = 1> <Delay = 1.86> <FuncUnit> <Opcode : 'mul'> <InPorts = 2> <OutPorts = 1>
ST_2 : Operation 51 [1/1] (0.00ns)   --->   "%tmp_51 = partselect i11 @_ssdm_op_PartSelect.i11.i19.i32.i32, i19 %mul_ln73_7, i32 8, i32 18" [firmware/nnet_utils/nnet_mult.h:70->firmware/nnet_utils/nnet_dense_latency.h:42]   --->   Operation 51 'partselect' 'tmp_51' <Predicate = true> <Delay = 0.00>
ST_2 : Operation 52 [1/1] (0.00ns)   --->   "%zext_ln70_8 = zext i9 %p_read2520" [firmware/nnet_utils/nnet_mult.h:70->firmware/nnet_utils/nnet_dense_latency.h:42]   --->   Operation 52 'zext' 'zext_ln70_8' <Predicate = true> <Delay = 0.00>
ST_2 : Operation 53 [1/1] (1.46ns)   --->   "%mul_ln73_8 = mul i17 %zext_ln70_8, i17 175" [firmware/nnet_utils/nnet_mult.h:73->firmware/nnet_utils/nnet_dense_latency.h:42]   --->   Operation 53 'mul' 'mul_ln73_8' <Predicate = true> <Delay = 1.46> <CoreInst = "Multiplier">   --->   Core 3 'Multiplier' <Latency = 0> <II = 1> <Delay = 1.46> <FuncUnit> <Opcode : 'mul'> <InPorts = 2> <OutPorts = 1>
ST_2 : Operation 54 [1/1] (0.00ns)   --->   "%trunc_ln70_6 = partselect i9 @_ssdm_op_PartSelect.i9.i17.i32.i32, i17 %mul_ln73_8, i32 8, i32 16" [firmware/nnet_utils/nnet_mult.h:70->firmware/nnet_utils/nnet_dense_latency.h:42]   --->   Operation 54 'partselect' 'trunc_ln70_6' <Predicate = true> <Delay = 0.00>
ST_2 : Operation 55 [1/1] (0.00ns)   --->   "%zext_ln42_1 = zext i9 %p_read2821" [firmware/nnet_utils/nnet_dense_latency.h:42]   --->   Operation 55 'zext' 'zext_ln42_1' <Predicate = true> <Delay = 0.00>
ST_2 : Operation 56 [1/1] (1.46ns)   --->   "%mul_ln42_1 = mul i16 %zext_ln42_1, i16 109" [firmware/nnet_utils/nnet_dense_latency.h:42]   --->   Operation 56 'mul' 'mul_ln42_1' <Predicate = true> <Delay = 1.46> <CoreInst = "Multiplier">   --->   Core 3 'Multiplier' <Latency = 0> <II = 1> <Delay = 1.46> <FuncUnit> <Opcode : 'mul'> <InPorts = 2> <OutPorts = 1>
ST_2 : Operation 57 [1/1] (0.00ns)   --->   "%tmp_53 = partselect i8 @_ssdm_op_PartSelect.i8.i16.i32.i32, i16 %mul_ln42_1, i32 8, i32 15" [firmware/nnet_utils/nnet_mult.h:70->firmware/nnet_utils/nnet_dense_latency.h:42]   --->   Operation 57 'partselect' 'tmp_53' <Predicate = true> <Delay = 0.00>
ST_2 : Operation 58 [1/1] (0.00ns)   --->   "%zext_ln42_2 = zext i9 %p_read3122" [firmware/nnet_utils/nnet_dense_latency.h:42]   --->   Operation 58 'zext' 'zext_ln42_2' <Predicate = true> <Delay = 0.00>
ST_2 : Operation 59 [1/1] (1.46ns)   --->   "%mul_ln42_2 = mul i16 %zext_ln42_2, i16 106" [firmware/nnet_utils/nnet_dense_latency.h:42]   --->   Operation 59 'mul' 'mul_ln42_2' <Predicate = true> <Delay = 1.46> <CoreInst = "Multiplier">   --->   Core 3 'Multiplier' <Latency = 0> <II = 1> <Delay = 1.46> <FuncUnit> <Opcode : 'mul'> <InPorts = 2> <OutPorts = 1>
ST_2 : Operation 60 [1/1] (0.00ns)   --->   "%tmp_55 = partselect i8 @_ssdm_op_PartSelect.i8.i16.i32.i32, i16 %mul_ln42_2, i32 8, i32 15" [firmware/nnet_utils/nnet_dense_latency.h:58]   --->   Operation 60 'partselect' 'tmp_55' <Predicate = true> <Delay = 0.00>

State 3 <SV = 2> <Delay = 1.49>
ST_3 : Operation 61 [1/1] (0.00ns)   --->   "%lshr_ln42_cast = zext i9 %tmp" [firmware/nnet_utils/nnet_mult.h:73->firmware/nnet_utils/nnet_dense_latency.h:42]   --->   Operation 61 'zext' 'lshr_ln42_cast' <Predicate = true> <Delay = 0.00>
ST_3 : Operation 62 [1/1] (0.00ns)   --->   "%sext_ln70 = sext i10 %trunc_ln42_s" [firmware/nnet_utils/nnet_mult.h:70->firmware/nnet_utils/nnet_dense_latency.h:42]   --->   Operation 62 'sext' 'sext_ln70' <Predicate = true> <Delay = 0.00>
ST_3 : Operation 63 [1/1] (0.00ns)   --->   "%sext_ln70_1 = sext i10 %trunc_ln42_1" [firmware/nnet_utils/nnet_mult.h:70->firmware/nnet_utils/nnet_dense_latency.h:42]   --->   Operation 63 'sext' 'sext_ln70_1' <Predicate = true> <Delay = 0.00>
ST_3 : Operation 64 [1/1] (0.71ns)   --->   "%add_ln58 = add i10 %lshr_ln42_cast, i10 996" [firmware/nnet_utils/nnet_dense_latency.h:58]   --->   Operation 64 'add' 'add_ln58' <Predicate = true> <Delay = 0.71> <CoreInst = "Adder">   --->   Core 1 'Adder' <Latency = 0> <II = 1> <Delay = 0.71> <FuncUnit> <Opcode : 'add' 'sub'> <InPorts = 2> <OutPorts = 1>
ST_3 : Operation 65 [1/1] (0.00ns)   --->   "%zext_ln58_1 = zext i9 %tmp_48" [firmware/nnet_utils/nnet_dense_latency.h:58]   --->   Operation 65 'zext' 'zext_ln58_1' <Predicate = true> <Delay = 0.00>
ST_3 : Operation 66 [1/1] (0.00ns)   --->   "%zext_ln58_2 = zext i9 %tmp_49" [firmware/nnet_utils/nnet_dense_latency.h:58]   --->   Operation 66 'zext' 'zext_ln58_2' <Predicate = true> <Delay = 0.00>
ST_3 : Operation 67 [1/1] (0.71ns)   --->   "%add_ln58_1 = add i10 %zext_ln58_2, i10 %zext_ln58_1" [firmware/nnet_utils/nnet_dense_latency.h:58]   --->   Operation 67 'add' 'add_ln58_1' <Predicate = true> <Delay = 0.71> <CoreInst = "Adder">   --->   Core 1 'Adder' <Latency = 0> <II = 1> <Delay = 0.71> <FuncUnit> <Opcode : 'add' 'sub'> <InPorts = 2> <OutPorts = 1>
ST_3 : Operation 68 [1/1] (0.00ns)   --->   "%zext_ln58_6 = zext i10 %add_ln58_1" [firmware/nnet_utils/nnet_dense_latency.h:58]   --->   Operation 68 'zext' 'zext_ln58_6' <Predicate = true> <Delay = 0.00>
ST_3 : Operation 69 [1/1] (0.00ns)   --->   "%zext_ln58 = zext i9 %trunc_ln70_2" [firmware/nnet_utils/nnet_dense_latency.h:58]   --->   Operation 69 'zext' 'zext_ln58' <Predicate = true> <Delay = 0.00>
ST_3 : Operation 70 [1/1] (0.72ns)   --->   "%add_ln58_2 = add i10 %trunc_ln42_3, i10 %zext_ln58" [firmware/nnet_utils/nnet_dense_latency.h:58]   --->   Operation 70 'add' 'add_ln58_2' <Predicate = true> <Delay = 0.72> <CoreInst = "Adder">   --->   Core 1 'Adder' <Latency = 0> <II = 1> <Delay = 0.72> <FuncUnit> <Opcode : 'add' 'sub'> <InPorts = 2> <OutPorts = 1>
ST_3 : Operation 71 [1/1] (0.00ns)   --->   "%zext_ln58_7 = zext i10 %add_ln58_2" [firmware/nnet_utils/nnet_dense_latency.h:58]   --->   Operation 71 'zext' 'zext_ln58_7' <Predicate = true> <Delay = 0.00>
ST_3 : Operation 72 [1/1] (0.00ns)   --->   "%zext_ln58_8 = zext i8 %tmp_50" [firmware/nnet_utils/nnet_dense_latency.h:58]   --->   Operation 72 'zext' 'zext_ln58_8' <Predicate = true> <Delay = 0.00>
ST_3 : Operation 73 [1/1] (0.73ns)   --->   "%add_ln58_3 = add i11 %tmp_51, i11 %zext_ln58_8" [firmware/nnet_utils/nnet_dense_latency.h:58]   --->   Operation 73 'add' 'add_ln58_3' <Predicate = true> <Delay = 0.73> <CoreInst = "Adder">   --->   Core 1 'Adder' <Latency = 0> <II = 1> <Delay = 0.73> <FuncUnit> <Opcode : 'add' 'sub'> <InPorts = 2> <OutPorts = 1>
ST_3 : Operation 74 [1/1] (0.00ns)   --->   "%zext_ln58_9 = zext i11 %add_ln58_3" [firmware/nnet_utils/nnet_dense_latency.h:58]   --->   Operation 74 'zext' 'zext_ln58_9' <Predicate = true> <Delay = 0.00>
ST_3 : Operation 75 [1/1] (0.00ns) (grouped into TernaryAdder)   --->   "%add_ln58_4 = add i12 %zext_ln58_9, i12 %zext_ln58_7" [firmware/nnet_utils/nnet_dense_latency.h:58]   --->   Operation 75 'add' 'add_ln58_4' <Predicate = true> <Delay = 0.00> <CoreInst = "TAddSub">   --->   Core 10 'TAddSub' <Latency = 0> <II = 1> <Delay = 0.37> <IPBlock> <Opcode : '' 'add' 'sub'> <InPorts = 3> <OutPorts = 1> <Sync> <CReg>
ST_3 : Operation 76 [1/1] (0.75ns) (root node of TernaryAdder)   --->   "%add_ln58_5 = add i12 %add_ln58_4, i12 %zext_ln58_6" [firmware/nnet_utils/nnet_dense_latency.h:58]   --->   Operation 76 'add' 'add_ln58_5' <Predicate = true> <Delay = 0.75> <CoreInst = "TAddSub">   --->   Core 10 'TAddSub' <Latency = 0> <II = 1> <Delay = 0.37> <IPBlock> <Opcode : '' 'add' 'sub'> <InPorts = 3> <OutPorts = 1> <Sync> <CReg>
ST_3 : Operation 77 [1/1] (0.00ns)   --->   "%zext_ln58_3 = zext i9 %trunc_ln70_6" [firmware/nnet_utils/nnet_dense_latency.h:58]   --->   Operation 77 'zext' 'zext_ln58_3' <Predicate = true> <Delay = 0.00>
ST_3 : Operation 78 [1/1] (0.00ns)   --->   "%zext_ln58_4 = zext i8 %tmp_53" [firmware/nnet_utils/nnet_dense_latency.h:58]   --->   Operation 78 'zext' 'zext_ln58_4' <Predicate = true> <Delay = 0.00>
ST_3 : Operation 79 [1/1] (0.71ns)   --->   "%add_ln58_6 = add i10 %zext_ln58_4, i10 %zext_ln58_3" [firmware/nnet_utils/nnet_dense_latency.h:58]   --->   Operation 79 'add' 'add_ln58_6' <Predicate = true> <Delay = 0.71> <CoreInst = "Adder">   --->   Core 1 'Adder' <Latency = 0> <II = 1> <Delay = 0.71> <FuncUnit> <Opcode : 'add' 'sub'> <InPorts = 2> <OutPorts = 1>
ST_3 : Operation 80 [1/1] (0.00ns)   --->   "%zext_ln58_11 = zext i8 %tmp_55" [firmware/nnet_utils/nnet_dense_latency.h:58]   --->   Operation 80 'zext' 'zext_ln58_11' <Predicate = true> <Delay = 0.00>
ST_3 : Operation 81 [1/1] (0.00ns)   --->   "%sext_ln58 = sext i10 %add_ln58" [firmware/nnet_utils/nnet_dense_latency.h:58]   --->   Operation 81 'sext' 'sext_ln58' <Predicate = true> <Delay = 0.00>
ST_3 : Operation 82 [1/1] (0.72ns)   --->   "%add_ln58_7 = add i11 %sext_ln58, i11 %zext_ln58_11" [firmware/nnet_utils/nnet_dense_latency.h:58]   --->   Operation 82 'add' 'add_ln58_7' <Predicate = true> <Delay = 0.72> <CoreInst = "Adder">   --->   Core 1 'Adder' <Latency = 0> <II = 1> <Delay = 0.72> <FuncUnit> <Opcode : 'add' 'sub'> <InPorts = 2> <OutPorts = 1>
ST_3 : Operation 83 [1/1] (0.72ns)   --->   "%add_ln58_9 = add i11 %sext_ln70, i11 %sext_ln70_1" [firmware/nnet_utils/nnet_dense_latency.h:58]   --->   Operation 83 'add' 'add_ln58_9' <Predicate = true> <Delay = 0.72> <CoreInst = "Adder">   --->   Core 1 'Adder' <Latency = 0> <II = 1> <Delay = 0.72> <FuncUnit> <Opcode : 'add' 'sub'> <InPorts = 2> <OutPorts = 1>
ST_3 : Operation 84 [1/1] (0.00ns)   --->   "%sext_ln58_3 = sext i11 %add_ln58_9" [firmware/nnet_utils/nnet_dense_latency.h:58]   --->   Operation 84 'sext' 'sext_ln58_3' <Predicate = true> <Delay = 0.00>
ST_3 : Operation 85 [1/1] (0.00ns)   --->   "%sext_ln58_4 = sext i9 %trunc_ln42_2" [firmware/nnet_utils/nnet_dense_latency.h:58]   --->   Operation 85 'sext' 'sext_ln58_4' <Predicate = true> <Delay = 0.00>
ST_3 : Operation 86 [1/1] (0.73ns)   --->   "%add_ln58_10 = add i12 %sext_ln58_4, i12 %sext_ln58_3" [firmware/nnet_utils/nnet_dense_latency.h:58]   --->   Operation 86 'add' 'add_ln58_10' <Predicate = true> <Delay = 0.73> <CoreInst = "Adder">   --->   Core 1 'Adder' <Latency = 0> <II = 1> <Delay = 0.73> <FuncUnit> <Opcode : 'add' 'sub'> <InPorts = 2> <OutPorts = 1>

State 4 <SV = 3> <Delay = 1.48>
ST_4 : Operation 87 [1/1] (0.00ns)   --->   "%zext_ln58_5 = zext i10 %add_ln58_6" [firmware/nnet_utils/nnet_dense_latency.h:58]   --->   Operation 87 'zext' 'zext_ln58_5' <Predicate = true> <Delay = 0.00>
ST_4 : Operation 88 [1/1] (0.00ns)   --->   "%sext_ln58_1 = sext i11 %add_ln58_7" [firmware/nnet_utils/nnet_dense_latency.h:58]   --->   Operation 88 'sext' 'sext_ln58_1' <Predicate = true> <Delay = 0.00>
ST_4 : Operation 89 [1/1] (0.73ns)   --->   "%add_ln58_8 = add i12 %sext_ln58_1, i12 %zext_ln58_5" [firmware/nnet_utils/nnet_dense_latency.h:58]   --->   Operation 89 'add' 'add_ln58_8' <Predicate = true> <Delay = 0.73> <CoreInst = "Adder">   --->   Core 1 'Adder' <Latency = 0> <II = 1> <Delay = 0.73> <FuncUnit> <Opcode : 'add' 'sub'> <InPorts = 2> <OutPorts = 1>
ST_4 : Operation 90 [1/1] (0.00ns)   --->   "%sext_ln58_2 = sext i12 %add_ln58_8" [firmware/nnet_utils/nnet_dense_latency.h:58]   --->   Operation 90 'sext' 'sext_ln58_2' <Predicate = true> <Delay = 0.00>
ST_4 : Operation 91 [1/1] (0.00ns)   --->   "%sext_ln58_5 = sext i12 %add_ln58_10" [firmware/nnet_utils/nnet_dense_latency.h:58]   --->   Operation 91 'sext' 'sext_ln58_5' <Predicate = true> <Delay = 0.00>
ST_4 : Operation 92 [1/1] (0.74ns)   --->   "%add_ln58_11 = add i13 %sext_ln58_5, i13 %sext_ln58_2" [firmware/nnet_utils/nnet_dense_latency.h:58]   --->   Operation 92 'add' 'add_ln58_11' <Predicate = true> <Delay = 0.74> <CoreInst = "Adder">   --->   Core 1 'Adder' <Latency = 0> <II = 1> <Delay = 0.74> <FuncUnit> <Opcode : 'add' 'sub'> <InPorts = 2> <OutPorts = 1>

State 5 <SV = 4> <Delay = 0.75>
ST_5 : Operation 93 [1/1] (0.00ns)   --->   "%specpipeline_ln33 = specpipeline void @_ssdm_op_SpecPipeline, i32 1, i32 0, i32 0, i32 0, void @empty_0" [firmware/nnet_utils/nnet_dense_latency.h:33]   --->   Operation 93 'specpipeline' 'specpipeline_ln33' <Predicate = true> <Delay = 0.00>
ST_5 : Operation 94 [1/1] (0.00ns)   --->   "%specresourcelimit_ln33 = specresourcelimit void @_ssdm_op_SpecResourceLimit, i64 32, void @empty_1, void @empty_0, void @empty_0, void @empty_0" [firmware/nnet_utils/nnet_dense_latency.h:33]   --->   Operation 94 'specresourcelimit' 'specresourcelimit_ln33' <Predicate = true> <Delay = 0.00>
ST_5 : Operation 95 [1/1] (0.00ns)   --->   "%zext_ln58_10 = zext i12 %add_ln58_5" [firmware/nnet_utils/nnet_dense_latency.h:58]   --->   Operation 95 'zext' 'zext_ln58_10' <Predicate = true> <Delay = 0.00>
ST_5 : Operation 96 [1/1] (0.00ns)   --->   "%sext_ln58_6 = sext i13 %add_ln58_11" [firmware/nnet_utils/nnet_dense_latency.h:58]   --->   Operation 96 'sext' 'sext_ln58_6' <Predicate = true> <Delay = 0.00>
ST_5 : Operation 97 [1/1] (0.75ns)   --->   "%x = add i14 %sext_ln58_6, i14 %zext_ln58_10" [firmware/nnet_utils/nnet_dense_latency.h:58]   --->   Operation 97 'add' 'x' <Predicate = true> <Delay = 0.75> <CoreInst = "Adder">   --->   Core 1 'Adder' <Latency = 0> <II = 1> <Delay = 0.75> <FuncUnit> <Opcode : 'add' 'sub'> <InPorts = 2> <OutPorts = 1>
ST_5 : Operation 98 [1/1] (0.00ns)   --->   "%tmp_56 = bitconcatenate i22 @_ssdm_op_BitConcatenate.i22.i14.i8, i14 %x, i8 0" [firmware/nnet_utils/nnet_mult.h:111->firmware/nnet_utils/nnet_dense_latency.h:66]   --->   Operation 98 'bitconcatenate' 'tmp_56' <Predicate = true> <Delay = 0.00>
ST_5 : Operation 99 [1/1] (0.00ns)   --->   "%sext_ln66 = sext i22 %tmp_56" [firmware/nnet_utils/nnet_dense_latency.h:66]   --->   Operation 99 'sext' 'sext_ln66' <Predicate = true> <Delay = 0.00>
ST_5 : Operation 100 [1/1] (0.00ns)   --->   "%write_ln66 = write void @_ssdm_op_Write.ap_auto.i31P0A, i31 %layer22_out, i31 %sext_ln66" [firmware/nnet_utils/nnet_dense_latency.h:66]   --->   Operation 100 'write' 'write_ln66' <Predicate = true> <Delay = 0.00>
ST_5 : Operation 101 [1/1] (0.00ns)   --->   "%ret_ln68 = ret" [firmware/nnet_utils/nnet_dense_latency.h:68]   --->   Operation 101 'ret' 'ret_ln68' <Predicate = true> <Delay = 0.00>


============================================================
+ Verbose Summary: Timing violations
============================================================
Target clock period: 2.800ns, clock uncertainty: 0.756ns.

 <State 1>: 1.022ns
The critical path consists of the following:
	wire read operation ('p_read3122', firmware/nnet_utils/nnet_mult.h:70->firmware/nnet_utils/nnet_dense_latency.h:42) on port 'p_read31' (firmware/nnet_utils/nnet_mult.h:70->firmware/nnet_utils/nnet_dense_latency.h:42) [17]  (1.022 ns)

 <State 2>: 1.860ns
The critical path consists of the following:
	'mul' operation 19 bit ('mul_ln73_7', firmware/nnet_utils/nnet_mult.h:73->firmware/nnet_utils/nnet_dense_latency.h:42) [64]  (1.860 ns)

 <State 3>: 1.491ns
The critical path consists of the following:
	'add' operation 11 bit ('add_ln58_3', firmware/nnet_utils/nnet_dense_latency.h:58) [84]  (0.735 ns)
	'add' operation 12 bit ('add_ln58_4', firmware/nnet_utils/nnet_dense_latency.h:58) [86]  (0.000 ns)
	'add' operation 12 bit ('add_ln58_5', firmware/nnet_utils/nnet_dense_latency.h:58) [87]  (0.756 ns)

 <State 4>: 1.480ns
The critical path consists of the following:
	'add' operation 12 bit ('add_ln58_8', firmware/nnet_utils/nnet_dense_latency.h:58) [97]  (0.735 ns)
	'add' operation 13 bit ('add_ln58_11', firmware/nnet_utils/nnet_dense_latency.h:58) [104]  (0.745 ns)

 <State 5>: 0.755ns
The critical path consists of the following:
	'add' operation 14 bit ('x', firmware/nnet_utils/nnet_dense_latency.h:58) [106]  (0.755 ns)


============================================================
+ Verbose Summary: Binding
============================================================
N/A
* FSMD analyzer results:
  - Output states:
 - Input state : 
  - Chain level:
	State 1
	State 2
	State 3
	State 4
	State 5


============================================================
+ Verbose Summary: Datapath Resource usage 
============================================================
N/A
